running develop
/usr/lib/python3/dist-packages/setuptools/command/easy_install.py:158: EasyInstallDeprecationWarning: easy_install command is deprecated. Use build and pip and other standards-based tools.
  warnings.warn(
/usr/lib/python3/dist-packages/setuptools/command/install.py:34: SetuptoolsDeprecationWarning: setup.py install is deprecated. Use build and pip and other standards-based tools.
  warnings.warn(
/usr/lib/python3/dist-packages/pkg_resources/__init__.py:116: PkgResourcesDeprecationWarning: 0.1.43ubuntu1 is an invalid version and will not be supported in a future release
  warnings.warn(
/usr/lib/python3/dist-packages/pkg_resources/__init__.py:116: PkgResourcesDeprecationWarning: 1.1build1 is an invalid version and will not be supported in a future release
  warnings.warn(
running egg_info
creating mapr_5_student.egg-info
writing mapr_5_student.egg-info/PKG-INFO
writing dependency_links to mapr_5_student.egg-info/dependency_links.txt
writing entry points to mapr_5_student.egg-info/entry_points.txt
writing requirements to mapr_5_student.egg-info/requires.txt
writing top-level names to mapr_5_student.egg-info/top_level.txt
writing manifest file 'mapr_5_student.egg-info/SOURCES.txt'
reading manifest file 'mapr_5_student.egg-info/SOURCES.txt'
writing manifest file 'mapr_5_student.egg-info/SOURCES.txt'
running build_ext
Creating /home/krawus/Studies/MAPR/lab5/install/mapr_5_student/lib/python3.10/site-packages/mapr-5-student.egg-link (link to .)
Installing astar script to /home/krawus/Studies/MAPR/lab5/install/mapr_5_student/lib/mapr_5_student
Installing points script to /home/krawus/Studies/MAPR/lab5/install/mapr_5_student/lib/mapr_5_student

Installed /home/krawus/Studies/MAPR/lab5/build/mapr_5_student
running install_data
creating /home/krawus/Studies/MAPR/lab5/install/mapr_5_student/share/mapr_5_student/launch
copying launch/astar_launch.py -> /home/krawus/Studies/MAPR/lab5/install/mapr_5_student/share/mapr_5_student/launch
copying launch/map_launch.py -> /home/krawus/Studies/MAPR/lab5/install/mapr_5_student/share/mapr_5_student/launch
creating /home/krawus/Studies/MAPR/lab5/install/mapr_5_student/share/mapr_5_student/maps
copying maps/map.pgm -> /home/krawus/Studies/MAPR/lab5/install/mapr_5_student/share/mapr_5_student/maps
copying maps/map.yaml -> /home/krawus/Studies/MAPR/lab5/install/mapr_5_student/share/mapr_5_student/maps
copying maps/map_small.pgm -> /home/krawus/Studies/MAPR/lab5/install/mapr_5_student/share/mapr_5_student/maps
copying maps/map_small.yaml -> /home/krawus/Studies/MAPR/lab5/install/mapr_5_student/share/mapr_5_student/maps
creating /home/krawus/Studies/MAPR/lab5/install/mapr_5_student/share/mapr_5_student/rviz
copying rviz/rviz_cfg.rviz -> /home/krawus/Studies/MAPR/lab5/install/mapr_5_student/share/mapr_5_student/rviz
creating /home/krawus/Studies/MAPR/lab5/install/mapr_5_student/share/ament_index
creating /home/krawus/Studies/MAPR/lab5/install/mapr_5_student/share/ament_index/resource_index
creating /home/krawus/Studies/MAPR/lab5/install/mapr_5_student/share/ament_index/resource_index/packages
copying resource/mapr_5_student -> /home/krawus/Studies/MAPR/lab5/install/mapr_5_student/share/ament_index/resource_index/packages
copying package.xml -> /home/krawus/Studies/MAPR/lab5/install/mapr_5_student/share/mapr_5_student
