[0.013s] Invoking command in '/home/krawus/Studies/MAPR/lab3/ros2_ws/build/octomap_msgs': /usr/bin/cmake /home/krawus/Studies/MAPR/lab3/ros2_ws/src/octomap_msgs -DCMAKE_INSTALL_PREFIX=/home/krawus/Studies/MAPR/lab3/ros2_ws/install/octomap_msgs
[0.039s] [31mCMake Error at CMakeLists.txt:16 (find_package):
[0.040s]   By not providing "Findament_cmake.cmake" in CMAKE_MODULE_PATH this project
[0.040s]   has asked CMake to find a package configuration file provided by
[0.040s]   "ament_cmake", but CMake did not find one.
[0.040s] 
[0.041s]   Could not find a package configuration file provided by "ament_cmake" with
[0.042s]   any of the following names:
[0.042s] 
[0.043s]     ament_cmakeConfig.cmake
[0.043s]     ament_cmake-config.cmake
[0.044s] 
[0.044s]   Add the installation prefix of "ament_cmake" to CMAKE_PREFIX_PATH or set
[0.045s] -- Configuring incomplete, errors occurred!
[0.045s] See also "/home/krawus/Studies/MAPR/lab3/ros2_ws/build/octomap_msgs/CMakeFiles/CMakeOutput.log".
[0.045s]   "ament_cmake_DIR" to a directory containing one of the above files.  If
[0.046s]   "ament_cmake" provides a separate development package or SDK, be sure it
[0.046s]   has been installed.
[0.046s] 
[0.046s] [0m
[0.046s] Invoked command in '/home/krawus/Studies/MAPR/lab3/ros2_ws/build/octomap_msgs' returned '1': /usr/bin/cmake /home/krawus/Studies/MAPR/lab3/ros2_ws/src/octomap_msgs -DCMAKE_INSTALL_PREFIX=/home/krawus/Studies/MAPR/lab3/ros2_ws/install/octomap_msgs
