[0.037s] Invoking command in '/home/krawus/Studies/MAPR/lab3/ros2_ws/build/example_maps': CMAKE_PREFIX_PATH=${CMAKE_PREFIX_PATH}:/opt/ros/humble:/home/krawus/Studies/MAPR/lab3/ros2_ws/install/octomap_manipulation /usr/bin/cmake --build /home/krawus/Studies/MAPR/lab3/ros2_ws/build/example_maps -- -j8 -l8
[0.544s] Invoked command in '/home/krawus/Studies/MAPR/lab3/ros2_ws/build/example_maps' returned '0': CMAKE_PREFIX_PATH=${CMAKE_PREFIX_PATH}:/opt/ros/humble:/home/krawus/Studies/MAPR/lab3/ros2_ws/install/octomap_manipulation /usr/bin/cmake --build /home/krawus/Studies/MAPR/lab3/ros2_ws/build/example_maps -- -j8 -l8
[0.848s] Invoking command in '/home/krawus/Studies/MAPR/lab3/ros2_ws/build/example_maps': CMAKE_PREFIX_PATH=${CMAKE_PREFIX_PATH}:/opt/ros/humble:/home/krawus/Studies/MAPR/lab3/ros2_ws/install/octomap_manipulation /usr/bin/cmake --install /home/krawus/Studies/MAPR/lab3/ros2_ws/build/example_maps
[0.860s] -- Install configuration: ""
[0.860s] -- Up-to-date: /home/krawus/Studies/MAPR/lab3/ros2_ws/install/example_maps/share/example_maps/launch
[0.860s] -- Up-to-date: /home/krawus/Studies/MAPR/lab3/ros2_ws/install/example_maps/share/example_maps/launch/turtlesim3_waffle_octomap.launch.py
[0.861s] -- Up-to-date: /home/krawus/Studies/MAPR/lab3/ros2_ws/install/example_maps/share/example_maps/rviz
[0.861s] -- Up-to-date: /home/krawus/Studies/MAPR/lab3/ros2_ws/install/example_maps/share/example_maps/rviz/rviz_cfg.rviz
[0.861s] -- Up-to-date: /home/krawus/Studies/MAPR/lab3/ros2_ws/install/example_maps/share/ament_index/resource_index/package_run_dependencies/example_maps
[0.862s] -- Up-to-date: /home/krawus/Studies/MAPR/lab3/ros2_ws/install/example_maps/share/ament_index/resource_index/parent_prefix_path/example_maps
[0.862s] -- Up-to-date: /home/krawus/Studies/MAPR/lab3/ros2_ws/install/example_maps/share/example_maps/environment/ament_prefix_path.sh
[0.862s] -- Up-to-date: /home/krawus/Studies/MAPR/lab3/ros2_ws/install/example_maps/share/example_maps/environment/ament_prefix_path.dsv
[0.862s] -- Up-to-date: /home/krawus/Studies/MAPR/lab3/ros2_ws/install/example_maps/share/example_maps/environment/path.sh
[0.862s] -- Up-to-date: /home/krawus/Studies/MAPR/lab3/ros2_ws/install/example_maps/share/example_maps/environment/path.dsv
[0.862s] -- Up-to-date: /home/krawus/Studies/MAPR/lab3/ros2_ws/install/example_maps/share/example_maps/local_setup.bash
[0.862s] -- Up-to-date: /home/krawus/Studies/MAPR/lab3/ros2_ws/install/example_maps/share/example_maps/local_setup.sh
[0.862s] -- Up-to-date: /home/krawus/Studies/MAPR/lab3/ros2_ws/install/example_maps/share/example_maps/local_setup.zsh
[0.863s] -- Up-to-date: /home/krawus/Studies/MAPR/lab3/ros2_ws/install/example_maps/share/example_maps/local_setup.dsv
[0.863s] -- Installing: /home/krawus/Studies/MAPR/lab3/ros2_ws/install/example_maps/share/example_maps/package.dsv
[0.863s] -- Up-to-date: /home/krawus/Studies/MAPR/lab3/ros2_ws/install/example_maps/share/ament_index/resource_index/packages/example_maps
[0.863s] -- Up-to-date: /home/krawus/Studies/MAPR/lab3/ros2_ws/install/example_maps/share/example_maps/cmake/example_mapsConfig.cmake
[0.863s] -- Up-to-date: /home/krawus/Studies/MAPR/lab3/ros2_ws/install/example_maps/share/example_maps/cmake/example_mapsConfig-version.cmake
[0.864s] -- Up-to-date: /home/krawus/Studies/MAPR/lab3/ros2_ws/install/example_maps/share/example_maps/package.xml
[0.866s] Invoked command in '/home/krawus/Studies/MAPR/lab3/ros2_ws/build/example_maps' returned '0': CMAKE_PREFIX_PATH=${CMAKE_PREFIX_PATH}:/opt/ros/humble:/home/krawus/Studies/MAPR/lab3/ros2_ws/install/octomap_manipulation /usr/bin/cmake --install /home/krawus/Studies/MAPR/lab3/ros2_ws/build/example_maps
