[0.525s] Invoking command in '/home/krawus/Studies/MAPR/lab4_5/ros2_ws/src/mapr_4_student': PYTHONPATH=/home/krawus/Studies/MAPR/lab4_5/ros2_ws/build/mapr_4_student/prefix_override:/home/krawus/Studies/MAPR/lab4_5/ros2_ws/install/mapr_4_student/lib/python3.10/site-packages:${PYTHONPATH} /usr/bin/python3 setup.py egg_info --egg-base ../../build/mapr_4_student build --build-base /home/krawus/Studies/MAPR/lab4_5/ros2_ws/build/mapr_4_student/build install --record /home/krawus/Studies/MAPR/lab4_5/ros2_ws/build/mapr_4_student/install.log --single-version-externally-managed
[0.719s] running egg_info
[0.720s] writing ../../build/mapr_4_student/mapr_4_student.egg-info/PKG-INFO
[0.727s] writing dependency_links to ../../build/mapr_4_student/mapr_4_student.egg-info/dependency_links.txt
[0.728s] writing entry points to ../../build/mapr_4_student/mapr_4_student.egg-info/entry_points.txt
[0.728s] writing requirements to ../../build/mapr_4_student/mapr_4_student.egg-info/requires.txt
[0.728s] writing top-level names to ../../build/mapr_4_student/mapr_4_student.egg-info/top_level.txt
[0.730s] reading manifest file '../../build/mapr_4_student/mapr_4_student.egg-info/SOURCES.txt'
[0.731s] writing manifest file '../../build/mapr_4_student/mapr_4_student.egg-info/SOURCES.txt'
[0.731s] running build
[0.731s] running build_py
[0.732s] running install
[0.732s] /usr/lib/python3/dist-packages/setuptools/command/install.py:34: SetuptoolsDeprecationWarning: setup.py install is deprecated. Use build and pip and other standards-based tools.
[0.732s]   warnings.warn(
[0.732s] running install_lib
[0.733s] running install_data
[0.734s] running install_egg_info
[0.736s] removing '/home/krawus/Studies/MAPR/lab4_5/ros2_ws/install/mapr_4_student/lib/python3.10/site-packages/mapr_4_student-1.0.0-py3.10.egg-info' (and everything under it)
[0.736s] Copying ../../build/mapr_4_student/mapr_4_student.egg-info to /home/krawus/Studies/MAPR/lab4_5/ros2_ws/install/mapr_4_student/lib/python3.10/site-packages/mapr_4_student-1.0.0-py3.10.egg-info
[0.737s] running install_scripts
[0.753s] Installing bfs script to /home/krawus/Studies/MAPR/lab4_5/ros2_ws/install/mapr_4_student/lib/mapr_4_student
[0.753s] Installing bfs_backtrace script to /home/krawus/Studies/MAPR/lab4_5/ros2_ws/install/mapr_4_student/lib/mapr_4_student
[0.754s] Installing dfs script to /home/krawus/Studies/MAPR/lab4_5/ros2_ws/install/mapr_4_student/lib/mapr_4_student
[0.754s] Installing dfs_backtrace script to /home/krawus/Studies/MAPR/lab4_5/ros2_ws/install/mapr_4_student/lib/mapr_4_student
[0.754s] Installing points script to /home/krawus/Studies/MAPR/lab4_5/ros2_ws/install/mapr_4_student/lib/mapr_4_student
[0.754s] writing list of installed files to '/home/krawus/Studies/MAPR/lab4_5/ros2_ws/build/mapr_4_student/install.log'
[0.772s] Invoked command in '/home/krawus/Studies/MAPR/lab4_5/ros2_ws/src/mapr_4_student' returned '0': PYTHONPATH=/home/krawus/Studies/MAPR/lab4_5/ros2_ws/build/mapr_4_student/prefix_override:/home/krawus/Studies/MAPR/lab4_5/ros2_ws/install/mapr_4_student/lib/python3.10/site-packages:${PYTHONPATH} /usr/bin/python3 setup.py egg_info --egg-base ../../build/mapr_4_student build --build-base /home/krawus/Studies/MAPR/lab4_5/ros2_ws/build/mapr_4_student/build install --record /home/krawus/Studies/MAPR/lab4_5/ros2_ws/build/mapr_4_student/install.log --single-version-externally-managed
