[0.668s] Invoking command in '/home/krawus/Studies/MAPR/lab2/ros2_ws/src/map_manipulation': PYTHONPATH=/home/krawus/Studies/MAPR/lab2/ros2_ws/build/map_manipulation/prefix_override:/home/krawus/Studies/MAPR/lab2/ros2_ws/install/map_manipulation/lib/python3.10/site-packages:${PYTHONPATH} /usr/bin/python3 setup.py egg_info --egg-base ../../build/map_manipulation build --build-base /home/krawus/Studies/MAPR/lab2/ros2_ws/build/map_manipulation/build install --record /home/krawus/Studies/MAPR/lab2/ros2_ws/build/map_manipulation/install.log --single-version-externally-managed
[0.900s] running egg_info
[0.901s] creating ../../build/map_manipulation/map_manipulation.egg-info
[0.901s] writing ../../build/map_manipulation/map_manipulation.egg-info/PKG-INFO
[0.901s] writing dependency_links to ../../build/map_manipulation/map_manipulation.egg-info/dependency_links.txt
[0.902s] writing entry points to ../../build/map_manipulation/map_manipulation.egg-info/entry_points.txt
[0.902s] writing requirements to ../../build/map_manipulation/map_manipulation.egg-info/requires.txt
[0.902s] writing top-level names to ../../build/map_manipulation/map_manipulation.egg-info/top_level.txt
[0.902s] writing manifest file '../../build/map_manipulation/map_manipulation.egg-info/SOURCES.txt'
[0.905s] reading manifest file '../../build/map_manipulation/map_manipulation.egg-info/SOURCES.txt'
[0.906s] writing manifest file '../../build/map_manipulation/map_manipulation.egg-info/SOURCES.txt'
[0.907s] running build
[0.907s] running build_py
[0.907s] creating /home/krawus/Studies/MAPR/lab2/ros2_ws/build/map_manipulation/build
[0.907s] creating /home/krawus/Studies/MAPR/lab2/ros2_ws/build/map_manipulation/build/lib
[0.907s] creating /home/krawus/Studies/MAPR/lab2/ros2_ws/build/map_manipulation/build/lib/map_manipulation
[0.908s] copying map_manipulation/__init__.py -> /home/krawus/Studies/MAPR/lab2/ros2_ws/build/map_manipulation/build/lib/map_manipulation
[0.908s] copying map_manipulation/publisher_member_function.py -> /home/krawus/Studies/MAPR/lab2/ros2_ws/build/map_manipulation/build/lib/map_manipulation
[0.908s] running install
[0.908s] /usr/lib/python3/dist-packages/setuptools/command/install.py:34: SetuptoolsDeprecationWarning: setup.py install is deprecated. Use build and pip and other standards-based tools.
[0.909s]   warnings.warn(
[0.909s] running install_lib
[0.910s] creating /home/krawus/Studies/MAPR/lab2/ros2_ws/install/map_manipulation/lib/python3.10/site-packages/map_manipulation
[0.910s] copying /home/krawus/Studies/MAPR/lab2/ros2_ws/build/map_manipulation/build/lib/map_manipulation/__init__.py -> /home/krawus/Studies/MAPR/lab2/ros2_ws/install/map_manipulation/lib/python3.10/site-packages/map_manipulation
[0.910s] copying /home/krawus/Studies/MAPR/lab2/ros2_ws/build/map_manipulation/build/lib/map_manipulation/publisher_member_function.py -> /home/krawus/Studies/MAPR/lab2/ros2_ws/install/map_manipulation/lib/python3.10/site-packages/map_manipulation
[0.911s] byte-compiling /home/krawus/Studies/MAPR/lab2/ros2_ws/install/map_manipulation/lib/python3.10/site-packages/map_manipulation/__init__.py to __init__.cpython-310.pyc
[0.911s] byte-compiling /home/krawus/Studies/MAPR/lab2/ros2_ws/install/map_manipulation/lib/python3.10/site-packages/map_manipulation/publisher_member_function.py to publisher_member_function.cpython-310.pyc
[0.912s] running install_data
[0.912s] creating /home/krawus/Studies/MAPR/lab2/ros2_ws/install/map_manipulation/share/ament_index
[0.912s] creating /home/krawus/Studies/MAPR/lab2/ros2_ws/install/map_manipulation/share/ament_index/resource_index
[0.913s] creating /home/krawus/Studies/MAPR/lab2/ros2_ws/install/map_manipulation/share/ament_index/resource_index/packages
[0.913s] copying resource/map_manipulation -> /home/krawus/Studies/MAPR/lab2/ros2_ws/install/map_manipulation/share/ament_index/resource_index/packages
[0.913s] copying package.xml -> /home/krawus/Studies/MAPR/lab2/ros2_ws/install/map_manipulation/share/map_manipulation
[0.913s] running install_egg_info
[0.915s] Copying ../../build/map_manipulation/map_manipulation.egg-info to /home/krawus/Studies/MAPR/lab2/ros2_ws/install/map_manipulation/lib/python3.10/site-packages/map_manipulation-0.0.0-py3.10.egg-info
[0.916s] running install_scripts
[0.938s] writing list of installed files to '/home/krawus/Studies/MAPR/lab2/ros2_ws/build/map_manipulation/install.log'
[0.961s] Invoked command in '/home/krawus/Studies/MAPR/lab2/ros2_ws/src/map_manipulation' returned '0': PYTHONPATH=/home/krawus/Studies/MAPR/lab2/ros2_ws/build/map_manipulation/prefix_override:/home/krawus/Studies/MAPR/lab2/ros2_ws/install/map_manipulation/lib/python3.10/site-packages:${PYTHONPATH} /usr/bin/python3 setup.py egg_info --egg-base ../../build/map_manipulation build --build-base /home/krawus/Studies/MAPR/lab2/ros2_ws/build/map_manipulation/build install --record /home/krawus/Studies/MAPR/lab2/ros2_ws/build/map_manipulation/install.log --single-version-externally-managed
