running egg_info
creating ../../build/octomap_manipulation/octomap_manipulation.egg-info
writing ../../build/octomap_manipulation/octomap_manipulation.egg-info/PKG-INFO
writing dependency_links to ../../build/octomap_manipulation/octomap_manipulation.egg-info/dependency_links.txt
writing entry points to ../../build/octomap_manipulation/octomap_manipulation.egg-info/entry_points.txt
writing requirements to ../../build/octomap_manipulation/octomap_manipulation.egg-info/requires.txt
writing top-level names to ../../build/octomap_manipulation/octomap_manipulation.egg-info/top_level.txt
writing manifest file '../../build/octomap_manipulation/octomap_manipulation.egg-info/SOURCES.txt'
reading manifest file '../../build/octomap_manipulation/octomap_manipulation.egg-info/SOURCES.txt'
writing manifest file '../../build/octomap_manipulation/octomap_manipulation.egg-info/SOURCES.txt'
running build
running build_py
creating /home/krawus/Studies/MAPR/lab3/ros2_ws/build/octomap_manipulation/build
creating /home/krawus/Studies/MAPR/lab3/ros2_ws/build/octomap_manipulation/build/lib
creating /home/krawus/Studies/MAPR/lab3/ros2_ws/build/octomap_manipulation/build/lib/octomap_manipulation
copying octomap_manipulation/octomap_manipulation_function.py -> /home/krawus/Studies/MAPR/lab3/ros2_ws/build/octomap_manipulation/build/lib/octomap_manipulation
copying octomap_manipulation/__init__.py -> /home/krawus/Studies/MAPR/lab3/ros2_ws/build/octomap_manipulation/build/lib/octomap_manipulation
running install
running install_lib
creating /home/krawus/Studies/MAPR/lab3/ros2_ws/install/octomap_manipulation/lib/python3.10/site-packages/octomap_manipulation
copying /home/krawus/Studies/MAPR/lab3/ros2_ws/build/octomap_manipulation/build/lib/octomap_manipulation/octomap_manipulation_function.py -> /home/krawus/Studies/MAPR/lab3/ros2_ws/install/octomap_manipulation/lib/python3.10/site-packages/octomap_manipulation
copying /home/krawus/Studies/MAPR/lab3/ros2_ws/build/octomap_manipulation/build/lib/octomap_manipulation/__init__.py -> /home/krawus/Studies/MAPR/lab3/ros2_ws/install/octomap_manipulation/lib/python3.10/site-packages/octomap_manipulation
byte-compiling /home/krawus/Studies/MAPR/lab3/ros2_ws/install/octomap_manipulation/lib/python3.10/site-packages/octomap_manipulation/octomap_manipulation_function.py to octomap_manipulation_function.cpython-310.pyc
byte-compiling /home/krawus/Studies/MAPR/lab3/ros2_ws/install/octomap_manipulation/lib/python3.10/site-packages/octomap_manipulation/__init__.py to __init__.cpython-310.pyc
running install_data
creating /home/krawus/Studies/MAPR/lab3/ros2_ws/install/octomap_manipulation/share/ament_index
creating /home/krawus/Studies/MAPR/lab3/ros2_ws/install/octomap_manipulation/share/ament_index/resource_index
creating /home/krawus/Studies/MAPR/lab3/ros2_ws/install/octomap_manipulation/share/ament_index/resource_index/packages
copying resource/octomap_manipulation -> /home/krawus/Studies/MAPR/lab3/ros2_ws/install/octomap_manipulation/share/ament_index/resource_index/packages
copying package.xml -> /home/krawus/Studies/MAPR/lab3/ros2_ws/install/octomap_manipulation/share/octomap_manipulation
running install_egg_info
Copying ../../build/octomap_manipulation/octomap_manipulation.egg-info to /home/krawus/Studies/MAPR/lab3/ros2_ws/install/octomap_manipulation/lib/python3.10/site-packages/octomap_manipulation-0.0.0-py3.10.egg-info
running install_scripts
writing list of installed files to '/home/krawus/Studies/MAPR/lab3/ros2_ws/build/octomap_manipulation/install.log'
