running develop
/home/krawus/.local/lib/python3.10/site-packages/setuptools/command/easy_install.py:144: EasyInstallDeprecationWarning: easy_install command is deprecated. Use build and pip and other standards-based tools.
  warnings.warn(
/home/krawus/.local/lib/python3.10/site-packages/setuptools/command/install.py:34: SetuptoolsDeprecationWarning: setup.py install is deprecated. Use build and pip and other standards-based tools.
  warnings.warn(
running egg_info
writing ../../build/mapr_5_student/mapr_5_student.egg-info/PKG-INFO
writing dependency_links to ../../build/mapr_5_student/mapr_5_student.egg-info/dependency_links.txt
writing entry points to ../../build/mapr_5_student/mapr_5_student.egg-info/entry_points.txt
writing requirements to ../../build/mapr_5_student/mapr_5_student.egg-info/requires.txt
writing top-level names to ../../build/mapr_5_student/mapr_5_student.egg-info/top_level.txt
reading manifest file '../../build/mapr_5_student/mapr_5_student.egg-info/SOURCES.txt'
writing manifest file '../../build/mapr_5_student/mapr_5_student.egg-info/SOURCES.txt'
running build
running build_py
copying mapr_5_student/astar.py -> /home/krawus/Studies/MAPR/lab5/build/mapr_5_student/build/lib/mapr_5_student
running install
/home/krawus/.local/lib/python3.10/site-packages/setuptools/command/install.py:34: SetuptoolsDeprecationWarning: setup.py install is deprecated. Use build and pip and other standards-based tools.
  warnings.warn(
running install_lib
copying /home/krawus/Studies/MAPR/lab5/build/mapr_5_student/build/lib/mapr_5_student/astar.py -> /home/krawus/Studies/MAPR/lab5/install/mapr_5_student/lib/python3.10/site-packages/mapr_5_student
byte-compiling /home/krawus/Studies/MAPR/lab5/install/mapr_5_student/lib/python3.10/site-packages/mapr_5_student/astar.py to astar.cpython-310.pyc
running install_data
running install_egg_info
removing '/home/krawus/Studies/MAPR/lab5/install/mapr_5_student/lib/python3.10/site-packages/mapr_5_student-1.0.0-py3.10.egg-info' (and everything under it)
Copying ../../build/mapr_5_student/mapr_5_student.egg-info to /home/krawus/Studies/MAPR/lab5/install/mapr_5_student/lib/python3.10/site-packages/mapr_5_student-1.0.0-py3.10.egg-info
running install_scripts
Installing astar script to /home/krawus/Studies/MAPR/lab5/install/mapr_5_student/lib/mapr_5_student
Installing points script to /home/krawus/Studies/MAPR/lab5/install/mapr_5_student/lib/mapr_5_student
writing list of installed files to '/home/krawus/Studies/MAPR/lab5/build/mapr_5_student/install.log'
