[0.333s] Invoking command in '/home/krawus/Studies/MAPR/lab3/ros2_ws/build/octomap_msgs': CMAKE_PREFIX_PATH=${CMAKE_PREFIX_PATH}:/home/krawus/Studies/MAPR/lab3/ros2_ws/install/path_drawing:/home/krawus/Studies/MAPR/lab3/ros2_ws/install/octomap_manipulation:/opt/ros/humble /usr/bin/cmake --build /home/krawus/Studies/MAPR/lab3/ros2_ws/build/octomap_msgs -- -j8 -l8
[2.502s] [ 10%] Built target ament_cmake_python_symlink_octomap_msgs
[2.506s] [ 10%] Built target octomap_msgs__rosidl_generator_c
[2.517s] [ 12%] Built target octomap_msgs__cpp
[2.518s] [ 23%] Built target octomap_msgs__rosidl_typesupport_fastrtps_c
[2.518s] [ 34%] Built target octomap_msgs__rosidl_typesupport_c
[2.534s] [ 45%] Built target octomap_msgs__rosidl_typesupport_fastrtps_cpp
[2.536s] [ 56%] Built target octomap_msgs__rosidl_typesupport_introspection_c
[2.537s] [ 67%] Built target octomap_msgs__rosidl_typesupport_cpp
[2.538s] [ 78%] Built target octomap_msgs__rosidl_typesupport_introspection_cpp
[2.539s] [ 78%] Built target octomap_msgs
[2.540s] [ 80%] Built target octomap_msgs__py
[2.541s] [ 89%] Built target octomap_msgs__rosidl_generator_py
[2.677s] [ 92%] Built target octomap_msgs__rosidl_typesupport_fastrtps_c__pyext
[2.870s] [ 96%] Built target octomap_msgs__rosidl_typesupport_c__pyext
[2.935s] running egg_info
[2.942s] writing octomap_msgs.egg-info/PKG-INFO
[2.947s] writing dependency_links to octomap_msgs.egg-info/dependency_links.txt
[2.948s] writing top-level names to octomap_msgs.egg-info/top_level.txt
[2.966s] reading manifest file 'octomap_msgs.egg-info/SOURCES.txt'
[2.969s] writing manifest file 'octomap_msgs.egg-info/SOURCES.txt'
[3.066s] [100%] Built target octomap_msgs__rosidl_typesupport_introspection_c__pyext
[3.235s] [100%] Built target ament_cmake_python_build_octomap_msgs_egg
[4.895s] Invoked command in '/home/krawus/Studies/MAPR/lab3/ros2_ws/build/octomap_msgs' returned '0': CMAKE_PREFIX_PATH=${CMAKE_PREFIX_PATH}:/home/krawus/Studies/MAPR/lab3/ros2_ws/install/path_drawing:/home/krawus/Studies/MAPR/lab3/ros2_ws/install/octomap_manipulation:/opt/ros/humble /usr/bin/cmake --build /home/krawus/Studies/MAPR/lab3/ros2_ws/build/octomap_msgs -- -j8 -l8
[7.143s] Invoking command in '/home/krawus/Studies/MAPR/lab3/ros2_ws/build/octomap_msgs': CMAKE_PREFIX_PATH=${CMAKE_PREFIX_PATH}:/home/krawus/Studies/MAPR/lab3/ros2_ws/install/path_drawing:/home/krawus/Studies/MAPR/lab3/ros2_ws/install/octomap_manipulation:/opt/ros/humble /usr/bin/cmake --install /home/krawus/Studies/MAPR/lab3/ros2_ws/build/octomap_msgs
[7.272s] -- Install configuration: ""
[7.278s] -- Execute custom install script
[7.287s] -- Up-to-date symlink: /home/krawus/Studies/MAPR/lab3/ros2_ws/install/octomap_msgs/share/ament_index/resource_index/rosidl_interfaces/octomap_msgs
[7.298s] -- Up-to-date symlink: /home/krawus/Studies/MAPR/lab3/ros2_ws/install/octomap_msgs/include/octomap_msgs/octomap_msgs/msg/detail/octomap__functions.h
[7.303s] -- Up-to-date symlink: /home/krawus/Studies/MAPR/lab3/ros2_ws/install/octomap_msgs/include/octomap_msgs/octomap_msgs/msg/detail/octomap__struct.h
[7.303s] -- Up-to-date symlink: /home/krawus/Studies/MAPR/lab3/ros2_ws/install/octomap_msgs/include/octomap_msgs/octomap_msgs/msg/detail/octomap__type_support.h
[7.305s] -- Up-to-date symlink: /home/krawus/Studies/MAPR/lab3/ros2_ws/install/octomap_msgs/include/octomap_msgs/octomap_msgs/msg/detail/octomap_with_pose__functions.h
[7.306s] -- Up-to-date symlink: /home/krawus/Studies/MAPR/lab3/ros2_ws/install/octomap_msgs/include/octomap_msgs/octomap_msgs/msg/detail/octomap_with_pose__struct.h
[7.306s] -- Up-to-date symlink: /home/krawus/Studies/MAPR/lab3/ros2_ws/install/octomap_msgs/include/octomap_msgs/octomap_msgs/msg/detail/octomap_with_pose__type_support.h
[7.307s] -- Up-to-date symlink: /home/krawus/Studies/MAPR/lab3/ros2_ws/install/octomap_msgs/include/octomap_msgs/octomap_msgs/msg/octomap.h
[7.308s] -- Up-to-date symlink: /home/krawus/Studies/MAPR/lab3/ros2_ws/install/octomap_msgs/include/octomap_msgs/octomap_msgs/msg/octomap_with_pose.h
[7.313s] -- Up-to-date symlink: /home/krawus/Studies/MAPR/lab3/ros2_ws/install/octomap_msgs/include/octomap_msgs/octomap_msgs/msg/rosidl_generator_c__visibility_control.h
[7.314s] -- Up-to-date symlink: /home/krawus/Studies/MAPR/lab3/ros2_ws/install/octomap_msgs/include/octomap_msgs/octomap_msgs/srv/bounding_box_query.h
[7.316s] -- Up-to-date symlink: /home/krawus/Studies/MAPR/lab3/ros2_ws/install/octomap_msgs/include/octomap_msgs/octomap_msgs/srv/detail/bounding_box_query__functions.h
[7.317s] -- Up-to-date symlink: /home/krawus/Studies/MAPR/lab3/ros2_ws/install/octomap_msgs/include/octomap_msgs/octomap_msgs/srv/detail/bounding_box_query__struct.h
[7.323s] -- Up-to-date symlink: /home/krawus/Studies/MAPR/lab3/ros2_ws/install/octomap_msgs/include/octomap_msgs/octomap_msgs/srv/detail/bounding_box_query__type_support.h
[7.324s] -- Up-to-date symlink: /home/krawus/Studies/MAPR/lab3/ros2_ws/install/octomap_msgs/include/octomap_msgs/octomap_msgs/srv/detail/get_octomap__functions.h
[7.337s] -- Up-to-date symlink: /home/krawus/Studies/MAPR/lab3/ros2_ws/install/octomap_msgs/include/octomap_msgs/octomap_msgs/srv/detail/get_octomap__struct.h
[7.337s] -- Up-to-date symlink: /home/krawus/Studies/MAPR/lab3/ros2_ws/install/octomap_msgs/include/octomap_msgs/octomap_msgs/srv/detail/get_octomap__type_support.h
[7.337s] -- Up-to-date symlink: /home/krawus/Studies/MAPR/lab3/ros2_ws/install/octomap_msgs/include/octomap_msgs/octomap_msgs/srv/get_octomap.h
[7.338s] -- Up-to-date symlink: /home/krawus/Studies/MAPR/lab3/ros2_ws/install/octomap_msgs/share/octomap_msgs/environment/library_path.sh
[7.338s] -- Up-to-date symlink: /home/krawus/Studies/MAPR/lab3/ros2_ws/install/octomap_msgs/share/octomap_msgs/environment/library_path.dsv
[7.338s] -- Up-to-date symlink: /home/krawus/Studies/MAPR/lab3/ros2_ws/install/octomap_msgs/include/octomap_msgs/octomap_msgs/msg/detail/octomap__rosidl_typesupport_fastrtps_c.h
[7.339s] -- Up-to-date symlink: /home/krawus/Studies/MAPR/lab3/ros2_ws/install/octomap_msgs/include/octomap_msgs/octomap_msgs/msg/detail/octomap_with_pose__rosidl_typesupport_fastrtps_c.h
[7.339s] -- Up-to-date symlink: /home/krawus/Studies/MAPR/lab3/ros2_ws/install/octomap_msgs/include/octomap_msgs/octomap_msgs/msg/rosidl_typesupport_fastrtps_c__visibility_control.h
[7.340s] -- Up-to-date symlink: /home/krawus/Studies/MAPR/lab3/ros2_ws/install/octomap_msgs/include/octomap_msgs/octomap_msgs/srv/detail/bounding_box_query__rosidl_typesupport_fastrtps_c.h
[7.344s] -- Up-to-date symlink: /home/krawus/Studies/MAPR/lab3/ros2_ws/install/octomap_msgs/include/octomap_msgs/octomap_msgs/srv/detail/get_octomap__rosidl_typesupport_fastrtps_c.h
[7.345s] -- Up-to-date symlink: /home/krawus/Studies/MAPR/lab3/ros2_ws/install/octomap_msgs/include/octomap_msgs/octomap_msgs/msg/detail/octomap__rosidl_typesupport_introspection_c.h
[7.367s] -- Up-to-date symlink: /home/krawus/Studies/MAPR/lab3/ros2_ws/install/octomap_msgs/include/octomap_msgs/octomap_msgs/msg/detail/octomap_with_pose__rosidl_typesupport_introspection_c.h
[7.368s] -- Up-to-date symlink: /home/krawus/Studies/MAPR/lab3/ros2_ws/install/octomap_msgs/include/octomap_msgs/octomap_msgs/msg/rosidl_typesupport_introspection_c__visibility_control.h
[7.369s] -- Up-to-date symlink: /home/krawus/Studies/MAPR/lab3/ros2_ws/install/octomap_msgs/include/octomap_msgs/octomap_msgs/srv/detail/bounding_box_query__rosidl_typesupport_introspection_c.h
[7.369s] -- Up-to-date symlink: /home/krawus/Studies/MAPR/lab3/ros2_ws/install/octomap_msgs/include/octomap_msgs/octomap_msgs/srv/detail/get_octomap__rosidl_typesupport_introspection_c.h
[7.369s] -- Up-to-date symlink: /home/krawus/Studies/MAPR/lab3/ros2_ws/install/octomap_msgs/include/octomap_msgs/octomap_msgs/msg/detail/octomap__builder.hpp
[7.369s] -- Up-to-date symlink: /home/krawus/Studies/MAPR/lab3/ros2_ws/install/octomap_msgs/include/octomap_msgs/octomap_msgs/msg/detail/octomap__struct.hpp
[7.385s] -- Up-to-date symlink: /home/krawus/Studies/MAPR/lab3/ros2_ws/install/octomap_msgs/include/octomap_msgs/octomap_msgs/msg/detail/octomap__traits.hpp
[7.385s] -- Up-to-date symlink: /home/krawus/Studies/MAPR/lab3/ros2_ws/install/octomap_msgs/include/octomap_msgs/octomap_msgs/msg/detail/octomap_with_pose__builder.hpp
[7.386s] -- Up-to-date symlink: /home/krawus/Studies/MAPR/lab3/ros2_ws/install/octomap_msgs/include/octomap_msgs/octomap_msgs/msg/detail/octomap_with_pose__struct.hpp
[7.391s] -- Up-to-date symlink: /home/krawus/Studies/MAPR/lab3/ros2_ws/install/octomap_msgs/include/octomap_msgs/octomap_msgs/msg/detail/octomap_with_pose__traits.hpp
[7.392s] -- Up-to-date symlink: /home/krawus/Studies/MAPR/lab3/ros2_ws/install/octomap_msgs/include/octomap_msgs/octomap_msgs/msg/octomap.hpp
[7.396s] -- Up-to-date symlink: /home/krawus/Studies/MAPR/lab3/ros2_ws/install/octomap_msgs/include/octomap_msgs/octomap_msgs/msg/octomap_with_pose.hpp
[7.398s] -- Up-to-date symlink: /home/krawus/Studies/MAPR/lab3/ros2_ws/install/octomap_msgs/include/octomap_msgs/octomap_msgs/srv/bounding_box_query.hpp
[7.399s] -- Up-to-date symlink: /home/krawus/Studies/MAPR/lab3/ros2_ws/install/octomap_msgs/include/octomap_msgs/octomap_msgs/srv/detail/bounding_box_query__builder.hpp
[7.408s] -- Up-to-date symlink: /home/krawus/Studies/MAPR/lab3/ros2_ws/install/octomap_msgs/include/octomap_msgs/octomap_msgs/srv/detail/bounding_box_query__struct.hpp
[7.423s] -- Up-to-date symlink: /home/krawus/Studies/MAPR/lab3/ros2_ws/install/octomap_msgs/include/octomap_msgs/octomap_msgs/srv/detail/bounding_box_query__traits.hpp
[7.425s] -- Up-to-date symlink: /home/krawus/Studies/MAPR/lab3/ros2_ws/install/octomap_msgs/include/octomap_msgs/octomap_msgs/srv/detail/get_octomap__builder.hpp
[7.426s] -- Up-to-date symlink: /home/krawus/Studies/MAPR/lab3/ros2_ws/install/octomap_msgs/include/octomap_msgs/octomap_msgs/srv/detail/get_octomap__struct.hpp
[7.430s] -- Up-to-date symlink: /home/krawus/Studies/MAPR/lab3/ros2_ws/install/octomap_msgs/include/octomap_msgs/octomap_msgs/srv/detail/get_octomap__traits.hpp
[7.430s] -- Up-to-date symlink: /home/krawus/Studies/MAPR/lab3/ros2_ws/install/octomap_msgs/include/octomap_msgs/octomap_msgs/srv/get_octomap.hpp
[7.431s] -- Up-to-date symlink: /home/krawus/Studies/MAPR/lab3/ros2_ws/install/octomap_msgs/include/octomap_msgs/octomap_msgs/msg/detail/octomap__rosidl_typesupport_fastrtps_cpp.hpp
[7.431s] -- Up-to-date symlink: /home/krawus/Studies/MAPR/lab3/ros2_ws/install/octomap_msgs/include/octomap_msgs/octomap_msgs/msg/detail/octomap_with_pose__rosidl_typesupport_fastrtps_cpp.hpp
[7.437s] -- Up-to-date symlink: /home/krawus/Studies/MAPR/lab3/ros2_ws/install/octomap_msgs/include/octomap_msgs/octomap_msgs/msg/rosidl_typesupport_fastrtps_cpp__visibility_control.h
[7.439s] -- Up-to-date symlink: /home/krawus/Studies/MAPR/lab3/ros2_ws/install/octomap_msgs/include/octomap_msgs/octomap_msgs/srv/detail/bounding_box_query__rosidl_typesupport_fastrtps_cpp.hpp
[7.441s] -- Up-to-date symlink: /home/krawus/Studies/MAPR/lab3/ros2_ws/install/octomap_msgs/include/octomap_msgs/octomap_msgs/srv/detail/get_octomap__rosidl_typesupport_fastrtps_cpp.hpp
[7.442s] -- Up-to-date symlink: /home/krawus/Studies/MAPR/lab3/ros2_ws/install/octomap_msgs/include/octomap_msgs/octomap_msgs/msg/detail/octomap__rosidl_typesupport_introspection_cpp.hpp
[7.443s] -- Up-to-date symlink: /home/krawus/Studies/MAPR/lab3/ros2_ws/install/octomap_msgs/include/octomap_msgs/octomap_msgs/msg/detail/octomap_with_pose__rosidl_typesupport_introspection_cpp.hpp
[7.444s] -- Up-to-date symlink: /home/krawus/Studies/MAPR/lab3/ros2_ws/install/octomap_msgs/include/octomap_msgs/octomap_msgs/srv/detail/bounding_box_query__rosidl_typesupport_introspection_cpp.hpp
[7.444s] -- Up-to-date symlink: /home/krawus/Studies/MAPR/lab3/ros2_ws/install/octomap_msgs/include/octomap_msgs/octomap_msgs/srv/detail/get_octomap__rosidl_typesupport_introspection_cpp.hpp
[7.447s] -- Up-to-date symlink: /home/krawus/Studies/MAPR/lab3/ros2_ws/install/octomap_msgs/share/octomap_msgs/environment/pythonpath.sh
[7.449s] -- Up-to-date symlink: /home/krawus/Studies/MAPR/lab3/ros2_ws/install/octomap_msgs/share/octomap_msgs/environment/pythonpath.dsv
[7.450s] -- Up-to-date symlink: /home/krawus/Studies/MAPR/lab3/ros2_ws/install/octomap_msgs/local/lib/python3.10/dist-packages/octomap_msgs-2.0.0-py3.10.egg-info/PKG-INFO
[7.450s] -- Up-to-date symlink: /home/krawus/Studies/MAPR/lab3/ros2_ws/install/octomap_msgs/local/lib/python3.10/dist-packages/octomap_msgs-2.0.0-py3.10.egg-info/SOURCES.txt
[7.450s] -- Up-to-date symlink: /home/krawus/Studies/MAPR/lab3/ros2_ws/install/octomap_msgs/local/lib/python3.10/dist-packages/octomap_msgs-2.0.0-py3.10.egg-info/dependency_links.txt
[7.450s] -- Up-to-date symlink: /home/krawus/Studies/MAPR/lab3/ros2_ws/install/octomap_msgs/local/lib/python3.10/dist-packages/octomap_msgs-2.0.0-py3.10.egg-info/top_level.txt
[7.451s] -- Up-to-date symlink: /home/krawus/Studies/MAPR/lab3/ros2_ws/install/octomap_msgs/local/lib/python3.10/dist-packages/octomap_msgs/__init__.py
[7.451s] -- Up-to-date symlink: /home/krawus/Studies/MAPR/lab3/ros2_ws/install/octomap_msgs/local/lib/python3.10/dist-packages/octomap_msgs/_octomap_msgs_s.ep.rosidl_typesupport_c.c
[7.451s] -- Up-to-date symlink: /home/krawus/Studies/MAPR/lab3/ros2_ws/install/octomap_msgs/local/lib/python3.10/dist-packages/octomap_msgs/_octomap_msgs_s.ep.rosidl_typesupport_fastrtps_c.c
[7.452s] -- Up-to-date symlink: /home/krawus/Studies/MAPR/lab3/ros2_ws/install/octomap_msgs/local/lib/python3.10/dist-packages/octomap_msgs/_octomap_msgs_s.ep.rosidl_typesupport_introspection_c.c
[7.452s] -- Up-to-date symlink: /home/krawus/Studies/MAPR/lab3/ros2_ws/install/octomap_msgs/local/lib/python3.10/dist-packages/octomap_msgs/liboctomap_msgs__rosidl_generator_py.so
[7.452s] -- Up-to-date symlink: /home/krawus/Studies/MAPR/lab3/ros2_ws/install/octomap_msgs/local/lib/python3.10/dist-packages/octomap_msgs/msg/__init__.py
[7.459s] -- Up-to-date symlink: /home/krawus/Studies/MAPR/lab3/ros2_ws/install/octomap_msgs/local/lib/python3.10/dist-packages/octomap_msgs/msg/_octomap.py
[7.461s] -- Up-to-date symlink: /home/krawus/Studies/MAPR/lab3/ros2_ws/install/octomap_msgs/local/lib/python3.10/dist-packages/octomap_msgs/msg/_octomap_s.c
[7.462s] -- Up-to-date symlink: /home/krawus/Studies/MAPR/lab3/ros2_ws/install/octomap_msgs/local/lib/python3.10/dist-packages/octomap_msgs/msg/_octomap_with_pose.py
[7.463s] -- Up-to-date symlink: /home/krawus/Studies/MAPR/lab3/ros2_ws/install/octomap_msgs/local/lib/python3.10/dist-packages/octomap_msgs/msg/_octomap_with_pose_s.c
[7.464s] -- Up-to-date symlink: /home/krawus/Studies/MAPR/lab3/ros2_ws/install/octomap_msgs/local/lib/python3.10/dist-packages/octomap_msgs/octomap_msgs_s__rosidl_typesupport_c.cpython-310-x86_64-linux-gnu.so
[7.464s] -- Up-to-date symlink: /home/krawus/Studies/MAPR/lab3/ros2_ws/install/octomap_msgs/local/lib/python3.10/dist-packages/octomap_msgs/octomap_msgs_s__rosidl_typesupport_fastrtps_c.cpython-310-x86_64-linux-gnu.so
[7.465s] -- Up-to-date symlink: /home/krawus/Studies/MAPR/lab3/ros2_ws/install/octomap_msgs/local/lib/python3.10/dist-packages/octomap_msgs/octomap_msgs_s__rosidl_typesupport_introspection_c.cpython-310-x86_64-linux-gnu.so
[7.465s] -- Up-to-date symlink: /home/krawus/Studies/MAPR/lab3/ros2_ws/install/octomap_msgs/local/lib/python3.10/dist-packages/octomap_msgs/srv/__init__.py
[7.465s] -- Up-to-date symlink: /home/krawus/Studies/MAPR/lab3/ros2_ws/install/octomap_msgs/local/lib/python3.10/dist-packages/octomap_msgs/srv/_bounding_box_query.py
[7.466s] -- Up-to-date symlink: /home/krawus/Studies/MAPR/lab3/ros2_ws/install/octomap_msgs/local/lib/python3.10/dist-packages/octomap_msgs/srv/_bounding_box_query_s.c
[7.466s] -- Up-to-date symlink: /home/krawus/Studies/MAPR/lab3/ros2_ws/install/octomap_msgs/local/lib/python3.10/dist-packages/octomap_msgs/srv/_get_octomap.py
[7.477s] -- Up-to-date symlink: /home/krawus/Studies/MAPR/lab3/ros2_ws/install/octomap_msgs/local/lib/python3.10/dist-packages/octomap_msgs/srv/_get_octomap_s.c
[7.483s] -- Up-to-date symlink: /home/krawus/Studies/MAPR/lab3/ros2_ws/install/octomap_msgs/local/lib/python3.10/dist-packages/octomap_msgs/octomap_msgs_s__rosidl_typesupport_fastrtps_c.cpython-310-x86_64-linux-gnu.so
[7.483s] -- Up-to-date symlink: /home/krawus/Studies/MAPR/lab3/ros2_ws/install/octomap_msgs/local/lib/python3.10/dist-packages/octomap_msgs/octomap_msgs_s__rosidl_typesupport_introspection_c.cpython-310-x86_64-linux-gnu.so
[7.484s] -- Up-to-date symlink: /home/krawus/Studies/MAPR/lab3/ros2_ws/install/octomap_msgs/local/lib/python3.10/dist-packages/octomap_msgs/octomap_msgs_s__rosidl_typesupport_c.cpython-310-x86_64-linux-gnu.so
[7.484s] -- Up-to-date symlink: /home/krawus/Studies/MAPR/lab3/ros2_ws/install/octomap_msgs/share/octomap_msgs/msg/Octomap.idl
[7.484s] -- Up-to-date symlink: /home/krawus/Studies/MAPR/lab3/ros2_ws/install/octomap_msgs/share/octomap_msgs/msg/OctomapWithPose.idl
[7.484s] -- Up-to-date symlink: /home/krawus/Studies/MAPR/lab3/ros2_ws/install/octomap_msgs/share/octomap_msgs/srv/BoundingBoxQuery.idl
[7.485s] -- Up-to-date symlink: /home/krawus/Studies/MAPR/lab3/ros2_ws/install/octomap_msgs/share/octomap_msgs/srv/GetOctomap.idl
[7.485s] -- Up-to-date symlink: /home/krawus/Studies/MAPR/lab3/ros2_ws/install/octomap_msgs/share/octomap_msgs/msg/Octomap.msg
[7.485s] -- Up-to-date symlink: /home/krawus/Studies/MAPR/lab3/ros2_ws/install/octomap_msgs/share/octomap_msgs/msg/OctomapWithPose.msg
[7.485s] -- Up-to-date symlink: /home/krawus/Studies/MAPR/lab3/ros2_ws/install/octomap_msgs/share/octomap_msgs/srv/BoundingBoxQuery.srv
[7.486s] -- Up-to-date symlink: /home/krawus/Studies/MAPR/lab3/ros2_ws/install/octomap_msgs/share/octomap_msgs/srv/BoundingBoxQuery_Request.msg
[7.486s] -- Up-to-date symlink: /home/krawus/Studies/MAPR/lab3/ros2_ws/install/octomap_msgs/share/octomap_msgs/srv/BoundingBoxQuery_Response.msg
[7.486s] -- Up-to-date symlink: /home/krawus/Studies/MAPR/lab3/ros2_ws/install/octomap_msgs/share/octomap_msgs/srv/GetOctomap.srv
[7.486s] -- Up-to-date symlink: /home/krawus/Studies/MAPR/lab3/ros2_ws/install/octomap_msgs/share/octomap_msgs/srv/GetOctomap_Request.msg
[7.490s] -- Up-to-date symlink: /home/krawus/Studies/MAPR/lab3/ros2_ws/install/octomap_msgs/share/octomap_msgs/srv/GetOctomap_Response.msg
[7.490s] -- Up-to-date symlink: /home/krawus/Studies/MAPR/lab3/ros2_ws/install/octomap_msgs/share/ament_index/resource_index/package_run_dependencies/octomap_msgs
[7.491s] -- Up-to-date symlink: /home/krawus/Studies/MAPR/lab3/ros2_ws/install/octomap_msgs/share/ament_index/resource_index/parent_prefix_path/octomap_msgs
[7.491s] -- Up-to-date symlink: /home/krawus/Studies/MAPR/lab3/ros2_ws/install/octomap_msgs/share/octomap_msgs/environment/ament_prefix_path.sh
[7.491s] -- Up-to-date symlink: /home/krawus/Studies/MAPR/lab3/ros2_ws/install/octomap_msgs/share/octomap_msgs/environment/ament_prefix_path.dsv
[7.491s] -- Up-to-date symlink: /home/krawus/Studies/MAPR/lab3/ros2_ws/install/octomap_msgs/share/octomap_msgs/environment/path.sh
[7.492s] -- Up-to-date symlink: /home/krawus/Studies/MAPR/lab3/ros2_ws/install/octomap_msgs/share/octomap_msgs/environment/path.dsv
[7.492s] -- Up-to-date symlink: /home/krawus/Studies/MAPR/lab3/ros2_ws/install/octomap_msgs/share/octomap_msgs/local_setup.bash
[7.492s] -- Up-to-date symlink: /home/krawus/Studies/MAPR/lab3/ros2_ws/install/octomap_msgs/share/octomap_msgs/local_setup.sh
[7.492s] -- Up-to-date symlink: /home/krawus/Studies/MAPR/lab3/ros2_ws/install/octomap_msgs/share/octomap_msgs/local_setup.zsh
[7.493s] -- Up-to-date symlink: /home/krawus/Studies/MAPR/lab3/ros2_ws/install/octomap_msgs/share/octomap_msgs/local_setup.dsv
[7.493s] -- Symlinking: /home/krawus/Studies/MAPR/lab3/ros2_ws/install/octomap_msgs/share/octomap_msgs/package.dsv
[7.557s] -- Up-to-date symlink: /home/krawus/Studies/MAPR/lab3/ros2_ws/install/octomap_msgs/share/ament_index/resource_index/packages/octomap_msgs
[7.561s] -- Up-to-date symlink: /home/krawus/Studies/MAPR/lab3/ros2_ws/install/octomap_msgs/share/octomap_msgs/cmake/rosidl_cmake-extras.cmake
[7.564s] -- Up-to-date symlink: /home/krawus/Studies/MAPR/lab3/ros2_ws/install/octomap_msgs/share/octomap_msgs/cmake/ament_cmake_export_dependencies-extras.cmake
[7.565s] -- Up-to-date symlink: /home/krawus/Studies/MAPR/lab3/ros2_ws/install/octomap_msgs/share/octomap_msgs/cmake/ament_cmake_export_include_directories-extras.cmake
[7.566s] -- Up-to-date symlink: /home/krawus/Studies/MAPR/lab3/ros2_ws/install/octomap_msgs/share/octomap_msgs/cmake/ament_cmake_export_libraries-extras.cmake
[7.568s] -- Up-to-date symlink: /home/krawus/Studies/MAPR/lab3/ros2_ws/install/octomap_msgs/share/octomap_msgs/cmake/ament_cmake_export_targets-extras.cmake
[7.574s] -- Up-to-date symlink: /home/krawus/Studies/MAPR/lab3/ros2_ws/install/octomap_msgs/share/octomap_msgs/cmake/rosidl_cmake_export_typesupport_targets-extras.cmake
[7.578s] -- Up-to-date symlink: /home/krawus/Studies/MAPR/lab3/ros2_ws/install/octomap_msgs/share/octomap_msgs/cmake/rosidl_cmake_export_typesupport_libraries-extras.cmake
[7.583s] -- Up-to-date symlink: /home/krawus/Studies/MAPR/lab3/ros2_ws/install/octomap_msgs/share/octomap_msgs/cmake/octomap_msgsConfig.cmake
[7.585s] -- Up-to-date symlink: /home/krawus/Studies/MAPR/lab3/ros2_ws/install/octomap_msgs/share/octomap_msgs/cmake/octomap_msgsConfig-version.cmake
[7.586s] -- Up-to-date symlink: /home/krawus/Studies/MAPR/lab3/ros2_ws/install/octomap_msgs/share/octomap_msgs/package.xml
[7.594s] -- Up-to-date: /home/krawus/Studies/MAPR/lab3/ros2_ws/install/octomap_msgs/lib/liboctomap_msgs__rosidl_generator_c.so
[7.599s] -- Up-to-date: /home/krawus/Studies/MAPR/lab3/ros2_ws/install/octomap_msgs/lib/liboctomap_msgs__rosidl_typesupport_fastrtps_c.so
[7.605s] -- Up-to-date: /home/krawus/Studies/MAPR/lab3/ros2_ws/install/octomap_msgs/lib/liboctomap_msgs__rosidl_typesupport_introspection_c.so
[7.611s] -- Up-to-date: /home/krawus/Studies/MAPR/lab3/ros2_ws/install/octomap_msgs/lib/liboctomap_msgs__rosidl_typesupport_c.so
[7.615s] -- Up-to-date: /home/krawus/Studies/MAPR/lab3/ros2_ws/install/octomap_msgs/lib/liboctomap_msgs__rosidl_typesupport_fastrtps_cpp.so
[7.626s] -- Up-to-date: /home/krawus/Studies/MAPR/lab3/ros2_ws/install/octomap_msgs/lib/liboctomap_msgs__rosidl_typesupport_introspection_cpp.so
[7.628s] -- Up-to-date: /home/krawus/Studies/MAPR/lab3/ros2_ws/install/octomap_msgs/lib/liboctomap_msgs__rosidl_typesupport_cpp.so
[7.931s] Listing '/home/krawus/Studies/MAPR/lab3/ros2_ws/install/octomap_msgs/local/lib/python3.10/dist-packages/octomap_msgs'...
[7.934s] Listing '/home/krawus/Studies/MAPR/lab3/ros2_ws/install/octomap_msgs/local/lib/python3.10/dist-packages/octomap_msgs/msg'...
[7.936s] Listing '/home/krawus/Studies/MAPR/lab3/ros2_ws/install/octomap_msgs/local/lib/python3.10/dist-packages/octomap_msgs/srv'...
[7.993s] -- Up-to-date: /home/krawus/Studies/MAPR/lab3/ros2_ws/install/octomap_msgs/lib/liboctomap_msgs__rosidl_generator_py.so
[8.008s] -- Up-to-date: /home/krawus/Studies/MAPR/lab3/ros2_ws/install/octomap_msgs/include/octomap_msgs
[8.021s] -- Up-to-date: /home/krawus/Studies/MAPR/lab3/ros2_ws/install/octomap_msgs/include/octomap_msgs/octomap_msgs
[8.023s] -- Up-to-date: /home/krawus/Studies/MAPR/lab3/ros2_ws/install/octomap_msgs/include/octomap_msgs/octomap_msgs/conversions.h
[8.029s] -- Up-to-date: /home/krawus/Studies/MAPR/lab3/ros2_ws/install/octomap_msgs/share/octomap_msgs/cmake/export_octomap_msgs__rosidl_generator_cExport.cmake
[8.045s] -- Up-to-date: /home/krawus/Studies/MAPR/lab3/ros2_ws/install/octomap_msgs/share/octomap_msgs/cmake/export_octomap_msgs__rosidl_generator_cExport-noconfig.cmake
[8.052s] -- Up-to-date: /home/krawus/Studies/MAPR/lab3/ros2_ws/install/octomap_msgs/share/octomap_msgs/cmake/export_octomap_msgs__rosidl_typesupport_fastrtps_cExport.cmake
[8.052s] -- Up-to-date: /home/krawus/Studies/MAPR/lab3/ros2_ws/install/octomap_msgs/share/octomap_msgs/cmake/export_octomap_msgs__rosidl_typesupport_fastrtps_cExport-noconfig.cmake
[8.052s] -- Up-to-date: /home/krawus/Studies/MAPR/lab3/ros2_ws/install/octomap_msgs/share/octomap_msgs/cmake/octomap_msgs__rosidl_typesupport_introspection_cExport.cmake
[8.053s] -- Up-to-date: /home/krawus/Studies/MAPR/lab3/ros2_ws/install/octomap_msgs/share/octomap_msgs/cmake/octomap_msgs__rosidl_typesupport_introspection_cExport-noconfig.cmake
[8.093s] -- Up-to-date: /home/krawus/Studies/MAPR/lab3/ros2_ws/install/octomap_msgs/share/octomap_msgs/cmake/octomap_msgs__rosidl_typesupport_cExport.cmake
[8.094s] -- Up-to-date: /home/krawus/Studies/MAPR/lab3/ros2_ws/install/octomap_msgs/share/octomap_msgs/cmake/octomap_msgs__rosidl_typesupport_cExport-noconfig.cmake
[8.094s] -- Up-to-date: /home/krawus/Studies/MAPR/lab3/ros2_ws/install/octomap_msgs/share/octomap_msgs/cmake/export_octomap_msgs__rosidl_generator_cppExport.cmake
[8.095s] -- Up-to-date: /home/krawus/Studies/MAPR/lab3/ros2_ws/install/octomap_msgs/share/octomap_msgs/cmake/export_octomap_msgs__rosidl_typesupport_fastrtps_cppExport.cmake
[8.095s] -- Up-to-date: /home/krawus/Studies/MAPR/lab3/ros2_ws/install/octomap_msgs/share/octomap_msgs/cmake/export_octomap_msgs__rosidl_typesupport_fastrtps_cppExport-noconfig.cmake
[8.095s] -- Up-to-date: /home/krawus/Studies/MAPR/lab3/ros2_ws/install/octomap_msgs/share/octomap_msgs/cmake/octomap_msgs__rosidl_typesupport_introspection_cppExport.cmake
[8.096s] -- Up-to-date: /home/krawus/Studies/MAPR/lab3/ros2_ws/install/octomap_msgs/share/octomap_msgs/cmake/octomap_msgs__rosidl_typesupport_introspection_cppExport-noconfig.cmake
[8.096s] -- Up-to-date: /home/krawus/Studies/MAPR/lab3/ros2_ws/install/octomap_msgs/share/octomap_msgs/cmake/octomap_msgs__rosidl_typesupport_cppExport.cmake
[8.096s] -- Up-to-date: /home/krawus/Studies/MAPR/lab3/ros2_ws/install/octomap_msgs/share/octomap_msgs/cmake/octomap_msgs__rosidl_typesupport_cppExport-noconfig.cmake
[8.096s] -- Up-to-date: /home/krawus/Studies/MAPR/lab3/ros2_ws/install/octomap_msgs/share/octomap_msgs/cmake/export_octomap_msgs__rosidl_generator_pyExport.cmake
[8.097s] -- Up-to-date: /home/krawus/Studies/MAPR/lab3/ros2_ws/install/octomap_msgs/share/octomap_msgs/cmake/export_octomap_msgs__rosidl_generator_pyExport-noconfig.cmake
[8.104s] Invoked command in '/home/krawus/Studies/MAPR/lab3/ros2_ws/build/octomap_msgs' returned '0': CMAKE_PREFIX_PATH=${CMAKE_PREFIX_PATH}:/home/krawus/Studies/MAPR/lab3/ros2_ws/install/path_drawing:/home/krawus/Studies/MAPR/lab3/ros2_ws/install/octomap_manipulation:/opt/ros/humble /usr/bin/cmake --install /home/krawus/Studies/MAPR/lab3/ros2_ws/build/octomap_msgs
