[0.014s] Invoking command in '/home/krawus/Studies/MAPR/lab3/ros2_ws/build/perception_pcl': AMENT_PREFIX_PATH=/home/krawus/Studies/MAPR/lab3/ros2_ws/install/pcl_ros:/home/krawus/Studies/MAPR/lab3/ros2_ws/install/pcl_conversions:/home/krawus/Studies/MAPR/lab3/ros2_ws/install/pcl_msgs CMAKE_PREFIX_PATH=/home/krawus/Studies/MAPR/lab3/ros2_ws/install/pcl_ros:/home/krawus/Studies/MAPR/lab3/ros2_ws/install/pcl_conversions:/home/krawus/Studies/MAPR/lab3/ros2_ws/install/pcl_msgs LD_LIBRARY_PATH=/home/krawus/Studies/MAPR/lab3/ros2_ws/install/pcl_ros/lib:/home/krawus/Studies/MAPR/lab3/ros2_ws/install/pcl_msgs/lib PYTHONPATH=/home/krawus/Studies/MAPR/lab3/ros2_ws/install/pcl_msgs/local/lib/python3.10/dist-packages /usr/bin/cmake --build /home/krawus/Studies/MAPR/lab3/ros2_ws/build/perception_pcl -- -j8 -l8
[0.082s] Invoked command in '/home/krawus/Studies/MAPR/lab3/ros2_ws/build/perception_pcl' returned '0': AMENT_PREFIX_PATH=/home/krawus/Studies/MAPR/lab3/ros2_ws/install/pcl_ros:/home/krawus/Studies/MAPR/lab3/ros2_ws/install/pcl_conversions:/home/krawus/Studies/MAPR/lab3/ros2_ws/install/pcl_msgs CMAKE_PREFIX_PATH=/home/krawus/Studies/MAPR/lab3/ros2_ws/install/pcl_ros:/home/krawus/Studies/MAPR/lab3/ros2_ws/install/pcl_conversions:/home/krawus/Studies/MAPR/lab3/ros2_ws/install/pcl_msgs LD_LIBRARY_PATH=/home/krawus/Studies/MAPR/lab3/ros2_ws/install/pcl_ros/lib:/home/krawus/Studies/MAPR/lab3/ros2_ws/install/pcl_msgs/lib PYTHONPATH=/home/krawus/Studies/MAPR/lab3/ros2_ws/install/pcl_msgs/local/lib/python3.10/dist-packages /usr/bin/cmake --build /home/krawus/Studies/MAPR/lab3/ros2_ws/build/perception_pcl -- -j8 -l8
[0.109s] Invoking command in '/home/krawus/Studies/MAPR/lab3/ros2_ws/build/perception_pcl': AMENT_PREFIX_PATH=/home/krawus/Studies/MAPR/lab3/ros2_ws/install/pcl_ros:/home/krawus/Studies/MAPR/lab3/ros2_ws/install/pcl_conversions:/home/krawus/Studies/MAPR/lab3/ros2_ws/install/pcl_msgs CMAKE_PREFIX_PATH=/home/krawus/Studies/MAPR/lab3/ros2_ws/install/pcl_ros:/home/krawus/Studies/MAPR/lab3/ros2_ws/install/pcl_conversions:/home/krawus/Studies/MAPR/lab3/ros2_ws/install/pcl_msgs LD_LIBRARY_PATH=/home/krawus/Studies/MAPR/lab3/ros2_ws/install/pcl_ros/lib:/home/krawus/Studies/MAPR/lab3/ros2_ws/install/pcl_msgs/lib PYTHONPATH=/home/krawus/Studies/MAPR/lab3/ros2_ws/install/pcl_msgs/local/lib/python3.10/dist-packages /usr/bin/cmake --install /home/krawus/Studies/MAPR/lab3/ros2_ws/build/perception_pcl
[0.117s] -- Install configuration: ""
[0.118s] -- Up-to-date: /home/krawus/Studies/MAPR/lab3/ros2_ws/install/perception_pcl/share/ament_index/resource_index/package_run_dependencies/perception_pcl
[0.118s] -- Up-to-date: /home/krawus/Studies/MAPR/lab3/ros2_ws/install/perception_pcl/share/ament_index/resource_index/parent_prefix_path/perception_pcl
[0.118s] -- Up-to-date: /home/krawus/Studies/MAPR/lab3/ros2_ws/install/perception_pcl/share/perception_pcl/environment/ament_prefix_path.sh
[0.118s] -- Up-to-date: /home/krawus/Studies/MAPR/lab3/ros2_ws/install/perception_pcl/share/perception_pcl/environment/ament_prefix_path.dsv
[0.119s] -- Up-to-date: /home/krawus/Studies/MAPR/lab3/ros2_ws/install/perception_pcl/share/perception_pcl/environment/path.sh
[0.119s] -- Up-to-date: /home/krawus/Studies/MAPR/lab3/ros2_ws/install/perception_pcl/share/perception_pcl/environment/path.dsv
[0.119s] -- Up-to-date: /home/krawus/Studies/MAPR/lab3/ros2_ws/install/perception_pcl/share/perception_pcl/local_setup.bash
[0.119s] -- Up-to-date: /home/krawus/Studies/MAPR/lab3/ros2_ws/install/perception_pcl/share/perception_pcl/local_setup.sh
[0.119s] -- Up-to-date: /home/krawus/Studies/MAPR/lab3/ros2_ws/install/perception_pcl/share/perception_pcl/local_setup.zsh
[0.120s] -- Up-to-date: /home/krawus/Studies/MAPR/lab3/ros2_ws/install/perception_pcl/share/perception_pcl/local_setup.dsv
[0.120s] -- Installing: /home/krawus/Studies/MAPR/lab3/ros2_ws/install/perception_pcl/share/perception_pcl/package.dsv
[0.120s] -- Up-to-date: /home/krawus/Studies/MAPR/lab3/ros2_ws/install/perception_pcl/share/ament_index/resource_index/packages/perception_pcl
[0.120s] -- Up-to-date: /home/krawus/Studies/MAPR/lab3/ros2_ws/install/perception_pcl/share/perception_pcl/cmake/perception_pclConfig.cmake
[0.120s] -- Up-to-date: /home/krawus/Studies/MAPR/lab3/ros2_ws/install/perception_pcl/share/perception_pcl/cmake/perception_pclConfig-version.cmake
[0.120s] -- Up-to-date: /home/krawus/Studies/MAPR/lab3/ros2_ws/install/perception_pcl/share/perception_pcl/package.xml
[0.126s] Invoked command in '/home/krawus/Studies/MAPR/lab3/ros2_ws/build/perception_pcl' returned '0': AMENT_PREFIX_PATH=/home/krawus/Studies/MAPR/lab3/ros2_ws/install/pcl_ros:/home/krawus/Studies/MAPR/lab3/ros2_ws/install/pcl_conversions:/home/krawus/Studies/MAPR/lab3/ros2_ws/install/pcl_msgs CMAKE_PREFIX_PATH=/home/krawus/Studies/MAPR/lab3/ros2_ws/install/pcl_ros:/home/krawus/Studies/MAPR/lab3/ros2_ws/install/pcl_conversions:/home/krawus/Studies/MAPR/lab3/ros2_ws/install/pcl_msgs LD_LIBRARY_PATH=/home/krawus/Studies/MAPR/lab3/ros2_ws/install/pcl_ros/lib:/home/krawus/Studies/MAPR/lab3/ros2_ws/install/pcl_msgs/lib PYTHONPATH=/home/krawus/Studies/MAPR/lab3/ros2_ws/install/pcl_msgs/local/lib/python3.10/dist-packages /usr/bin/cmake --install /home/krawus/Studies/MAPR/lab3/ros2_ws/build/perception_pcl
