[0.128s] Invoking command in '/home/krawus/Studies/MAPR/lab3/ros2_ws/build/octomap_server2': CMAKE_PREFIX_PATH=/home/krawus/Studies/MAPR/lab3/ros2_ws/install/pcl_conversions:/home/krawus/Studies/MAPR/lab3/ros2_ws/install/pcl_msgs:/home/krawus/Studies/MAPR/lab3/ros2_ws/install/octomap_msgs:/home/krawus/Studies/MAPR/lab3/ros2_ws/install/perception_pcl:/home/krawus/Studies/MAPR/lab3/ros2_ws/install/pcl_ros:/home/krawus/Studies/MAPR/lab3/ros2_ws/install/octomap_server2:/home/krawus/Studies/MAPR/lab3/ros2_ws/install/example_maps:/home/krawus/Studies/MAPR/lab3/ros2_ws/install/octomap_manipulation:/opt/ros/humble LD_LIBRARY_PATH=/home/krawus/Studies/MAPR/lab3/ros2_ws/install/pcl_msgs/lib:/home/krawus/Studies/MAPR/lab3/ros2_ws/install/octomap_msgs/lib:/home/krawus/Studies/MAPR/lab3/ros2_ws/install/pcl_ros/lib:/home/krawus/Studies/MAPR/lab3/ros2_ws/install/octomap_server2/lib:/usr/lib/x86_64-linux-gnu/gazebo-11/plugins:/opt/ros/humble/opt/rviz_ogre_vendor/lib:/opt/ros/humble/lib/x86_64-linux-gnu:/opt/ros/humble/lib /usr/bin/cmake --build /home/krawus/Studies/MAPR/lab3/ros2_ws/build/octomap_server2 -- -j8 -l8
[0.477s] [ 33%] Built target octomap_server
[0.583s] [100%] Built target octomap_server2
[0.677s] Invoked command in '/home/krawus/Studies/MAPR/lab3/ros2_ws/build/octomap_server2' returned '0': CMAKE_PREFIX_PATH=/home/krawus/Studies/MAPR/lab3/ros2_ws/install/pcl_conversions:/home/krawus/Studies/MAPR/lab3/ros2_ws/install/pcl_msgs:/home/krawus/Studies/MAPR/lab3/ros2_ws/install/octomap_msgs:/home/krawus/Studies/MAPR/lab3/ros2_ws/install/perception_pcl:/home/krawus/Studies/MAPR/lab3/ros2_ws/install/pcl_ros:/home/krawus/Studies/MAPR/lab3/ros2_ws/install/octomap_server2:/home/krawus/Studies/MAPR/lab3/ros2_ws/install/example_maps:/home/krawus/Studies/MAPR/lab3/ros2_ws/install/octomap_manipulation:/opt/ros/humble LD_LIBRARY_PATH=/home/krawus/Studies/MAPR/lab3/ros2_ws/install/pcl_msgs/lib:/home/krawus/Studies/MAPR/lab3/ros2_ws/install/octomap_msgs/lib:/home/krawus/Studies/MAPR/lab3/ros2_ws/install/pcl_ros/lib:/home/krawus/Studies/MAPR/lab3/ros2_ws/install/octomap_server2/lib:/usr/lib/x86_64-linux-gnu/gazebo-11/plugins:/opt/ros/humble/opt/rviz_ogre_vendor/lib:/opt/ros/humble/lib/x86_64-linux-gnu:/opt/ros/humble/lib /usr/bin/cmake --build /home/krawus/Studies/MAPR/lab3/ros2_ws/build/octomap_server2 -- -j8 -l8
[1.114s] Invoking command in '/home/krawus/Studies/MAPR/lab3/ros2_ws/build/octomap_server2': CMAKE_PREFIX_PATH=/home/krawus/Studies/MAPR/lab3/ros2_ws/install/pcl_conversions:/home/krawus/Studies/MAPR/lab3/ros2_ws/install/pcl_msgs:/home/krawus/Studies/MAPR/lab3/ros2_ws/install/octomap_msgs:/home/krawus/Studies/MAPR/lab3/ros2_ws/install/perception_pcl:/home/krawus/Studies/MAPR/lab3/ros2_ws/install/pcl_ros:/home/krawus/Studies/MAPR/lab3/ros2_ws/install/octomap_server2:/home/krawus/Studies/MAPR/lab3/ros2_ws/install/example_maps:/home/krawus/Studies/MAPR/lab3/ros2_ws/install/octomap_manipulation:/opt/ros/humble LD_LIBRARY_PATH=/home/krawus/Studies/MAPR/lab3/ros2_ws/install/pcl_msgs/lib:/home/krawus/Studies/MAPR/lab3/ros2_ws/install/octomap_msgs/lib:/home/krawus/Studies/MAPR/lab3/ros2_ws/install/pcl_ros/lib:/home/krawus/Studies/MAPR/lab3/ros2_ws/install/octomap_server2/lib:/usr/lib/x86_64-linux-gnu/gazebo-11/plugins:/opt/ros/humble/opt/rviz_ogre_vendor/lib:/opt/ros/humble/lib/x86_64-linux-gnu:/opt/ros/humble/lib /usr/bin/cmake --install /home/krawus/Studies/MAPR/lab3/ros2_ws/build/octomap_server2
[1.155s] -- Install configuration: ""
[1.158s] -- Up-to-date: /home/krawus/Studies/MAPR/lab3/ros2_ws/install/octomap_server2/lib/octomap_server2/octomap_server
[1.165s] -- Up-to-date: /home/krawus/Studies/MAPR/lab3/ros2_ws/install/octomap_server2/lib/liboctomap_server2.so
[1.169s] -- Up-to-date: /home/krawus/Studies/MAPR/lab3/ros2_ws/install/octomap_server2/share/octomap_server2//launch
[1.171s] -- Up-to-date: /home/krawus/Studies/MAPR/lab3/ros2_ws/install/octomap_server2/share/octomap_server2//launch/octomap_server_launch.py
[1.172s] -- Up-to-date: /home/krawus/Studies/MAPR/lab3/ros2_ws/install/octomap_server2/share/ament_index/resource_index/package_run_dependencies/octomap_server2
[1.172s] -- Up-to-date: /home/krawus/Studies/MAPR/lab3/ros2_ws/install/octomap_server2/share/ament_index/resource_index/parent_prefix_path/octomap_server2
[1.173s] -- Up-to-date: /home/krawus/Studies/MAPR/lab3/ros2_ws/install/octomap_server2/share/octomap_server2/environment/ament_prefix_path.sh
[1.174s] -- Up-to-date: /home/krawus/Studies/MAPR/lab3/ros2_ws/install/octomap_server2/share/octomap_server2/environment/ament_prefix_path.dsv
[1.174s] -- Up-to-date: /home/krawus/Studies/MAPR/lab3/ros2_ws/install/octomap_server2/share/octomap_server2/environment/path.sh
[1.175s] -- Up-to-date: /home/krawus/Studies/MAPR/lab3/ros2_ws/install/octomap_server2/share/octomap_server2/environment/path.dsv
[1.176s] -- Up-to-date: /home/krawus/Studies/MAPR/lab3/ros2_ws/install/octomap_server2/share/octomap_server2/local_setup.bash
[1.176s] -- Up-to-date: /home/krawus/Studies/MAPR/lab3/ros2_ws/install/octomap_server2/share/octomap_server2/local_setup.sh
[1.177s] -- Up-to-date: /home/krawus/Studies/MAPR/lab3/ros2_ws/install/octomap_server2/share/octomap_server2/local_setup.zsh
[1.177s] -- Up-to-date: /home/krawus/Studies/MAPR/lab3/ros2_ws/install/octomap_server2/share/octomap_server2/local_setup.dsv
[1.178s] -- Installing: /home/krawus/Studies/MAPR/lab3/ros2_ws/install/octomap_server2/share/octomap_server2/package.dsv
[1.179s] -- Up-to-date: /home/krawus/Studies/MAPR/lab3/ros2_ws/install/octomap_server2/share/ament_index/resource_index/packages/octomap_server2
[1.180s] -- Up-to-date: /home/krawus/Studies/MAPR/lab3/ros2_ws/install/octomap_server2/share/ament_index/resource_index/rclcpp_components/octomap_server2
[1.180s] -- Up-to-date: /home/krawus/Studies/MAPR/lab3/ros2_ws/install/octomap_server2/share/octomap_server2/cmake/octomap_server2Config.cmake
[1.181s] -- Up-to-date: /home/krawus/Studies/MAPR/lab3/ros2_ws/install/octomap_server2/share/octomap_server2/cmake/octomap_server2Config-version.cmake
[1.181s] -- Up-to-date: /home/krawus/Studies/MAPR/lab3/ros2_ws/install/octomap_server2/share/octomap_server2/package.xml
[1.188s] Invoked command in '/home/krawus/Studies/MAPR/lab3/ros2_ws/build/octomap_server2' returned '0': CMAKE_PREFIX_PATH=/home/krawus/Studies/MAPR/lab3/ros2_ws/install/pcl_conversions:/home/krawus/Studies/MAPR/lab3/ros2_ws/install/pcl_msgs:/home/krawus/Studies/MAPR/lab3/ros2_ws/install/octomap_msgs:/home/krawus/Studies/MAPR/lab3/ros2_ws/install/perception_pcl:/home/krawus/Studies/MAPR/lab3/ros2_ws/install/pcl_ros:/home/krawus/Studies/MAPR/lab3/ros2_ws/install/octomap_server2:/home/krawus/Studies/MAPR/lab3/ros2_ws/install/example_maps:/home/krawus/Studies/MAPR/lab3/ros2_ws/install/octomap_manipulation:/opt/ros/humble LD_LIBRARY_PATH=/home/krawus/Studies/MAPR/lab3/ros2_ws/install/pcl_msgs/lib:/home/krawus/Studies/MAPR/lab3/ros2_ws/install/octomap_msgs/lib:/home/krawus/Studies/MAPR/lab3/ros2_ws/install/pcl_ros/lib:/home/krawus/Studies/MAPR/lab3/ros2_ws/install/octomap_server2/lib:/usr/lib/x86_64-linux-gnu/gazebo-11/plugins:/opt/ros/humble/opt/rviz_ogre_vendor/lib:/opt/ros/humble/lib/x86_64-linux-gnu:/opt/ros/humble/lib /usr/bin/cmake --install /home/krawus/Studies/MAPR/lab3/ros2_ws/build/octomap_server2
