[0.268s] DEBUG:colcon:Command line arguments: ['/usr/bin/colcon', 'build']
[0.269s] DEBUG:colcon:Parsed command line arguments: Namespace(log_base=None, log_level=None, verb_name='build', build_base='build', install_base='install', merge_install=False, symlink_install=False, test_result_base=None, continue_on_error=False, executor='parallel', parallel_workers=8, event_handlers=None, ignore_user_meta=False, metas=['./colcon.meta'], base_paths=['.'], packages_ignore=None, packages_ignore_regex=None, paths=None, packages_up_to=None, packages_up_to_regex=None, packages_above=None, packages_above_and_dependencies=None, packages_above_depth=None, packages_select_by_dep=None, packages_skip_by_dep=None, packages_skip_up_to=None, packages_select_build_failed=False, packages_skip_build_finished=False, packages_select_test_failures=False, packages_skip_test_passed=False, packages_select=None, packages_skip=None, packages_select_regex=None, packages_skip_regex=None, packages_start=None, packages_end=None, allow_overriding=[], cmake_args=None, cmake_target=None, cmake_target_skip_unavailable=False, cmake_clean_cache=False, cmake_clean_first=False, cmake_force_configure=False, ament_cmake_args=None, catkin_cmake_args=None, catkin_skip_building_tests=False, verb_parser=<colcon_defaults.argument_parser.defaults.DefaultArgumentsDecorator object at 0x7f32043ae4d0>, verb_extension=<colcon_core.verb.build.BuildVerb object at 0x7f3204c3fd90>, main=<bound method BuildVerb.main of <colcon_core.verb.build.BuildVerb object at 0x7f3204c3fd90>>)
[0.297s] Level 1:colcon.colcon_core.package_discovery:discover_packages(colcon_meta) check parameters
[0.297s] Level 1:colcon.colcon_core.package_discovery:discover_packages(recursive) check parameters
[0.297s] Level 1:colcon.colcon_core.package_discovery:discover_packages(ignore) check parameters
[0.297s] Level 1:colcon.colcon_core.package_discovery:discover_packages(path) check parameters
[0.297s] Level 1:colcon.colcon_core.package_discovery:discover_packages(colcon_meta) discover
[0.298s] Level 1:colcon.colcon_core.package_discovery:discover_packages(recursive) discover
[0.298s] INFO:colcon.colcon_core.package_discovery:Crawling recursively for packages in '/home/krawus/Studies/MAPR/lab2/ros2_ws'
[0.298s] Level 1:colcon.colcon_core.package_identification:_identify(.) by extensions ['ignore', 'ignore_ament_install']
[0.298s] Level 1:colcon.colcon_core.package_identification:_identify(.) by extension 'ignore'
[0.298s] Level 1:colcon.colcon_core.package_identification:_identify(.) by extension 'ignore_ament_install'
[0.298s] Level 1:colcon.colcon_core.package_identification:_identify(.) by extensions ['colcon_pkg']
[0.298s] Level 1:colcon.colcon_core.package_identification:_identify(.) by extension 'colcon_pkg'
[0.298s] Level 1:colcon.colcon_core.package_identification:_identify(.) by extensions ['colcon_meta']
[0.298s] Level 1:colcon.colcon_core.package_identification:_identify(.) by extension 'colcon_meta'
[0.298s] Level 1:colcon.colcon_core.package_identification:_identify(.) by extensions ['ros']
[0.298s] Level 1:colcon.colcon_core.package_identification:_identify(.) by extension 'ros'
[0.308s] Level 1:colcon.colcon_core.package_identification:_identify(.) by extensions ['cmake', 'python']
[0.308s] Level 1:colcon.colcon_core.package_identification:_identify(.) by extension 'cmake'
[0.308s] Level 1:colcon.colcon_core.package_identification:_identify(.) by extension 'python'
[0.308s] Level 1:colcon.colcon_core.package_identification:_identify(.) by extensions ['python_setup_py']
[0.308s] Level 1:colcon.colcon_core.package_identification:_identify(.) by extension 'python_setup_py'
[0.308s] Level 1:colcon.colcon_core.package_identification:_identify(build) by extensions ['ignore', 'ignore_ament_install']
[0.308s] Level 1:colcon.colcon_core.package_identification:_identify(build) by extension 'ignore'
[0.308s] Level 1:colcon.colcon_core.package_identification:_identify(build) ignored
[0.309s] Level 1:colcon.colcon_core.package_identification:_identify(install) by extensions ['ignore', 'ignore_ament_install']
[0.309s] Level 1:colcon.colcon_core.package_identification:_identify(install) by extension 'ignore'
[0.309s] Level 1:colcon.colcon_core.package_identification:_identify(install) ignored
[0.309s] Level 1:colcon.colcon_core.package_identification:_identify(log) by extensions ['ignore', 'ignore_ament_install']
[0.309s] Level 1:colcon.colcon_core.package_identification:_identify(log) by extension 'ignore'
[0.309s] Level 1:colcon.colcon_core.package_identification:_identify(log) ignored
[0.309s] Level 1:colcon.colcon_core.package_identification:_identify(src) by extensions ['ignore', 'ignore_ament_install']
[0.309s] Level 1:colcon.colcon_core.package_identification:_identify(src) by extension 'ignore'
[0.309s] Level 1:colcon.colcon_core.package_identification:_identify(src) by extension 'ignore_ament_install'
[0.309s] Level 1:colcon.colcon_core.package_identification:_identify(src) by extensions ['colcon_pkg']
[0.309s] Level 1:colcon.colcon_core.package_identification:_identify(src) by extension 'colcon_pkg'
[0.310s] Level 1:colcon.colcon_core.package_identification:_identify(src) by extensions ['colcon_meta']
[0.310s] Level 1:colcon.colcon_core.package_identification:_identify(src) by extension 'colcon_meta'
[0.310s] Level 1:colcon.colcon_core.package_identification:_identify(src) by extensions ['ros']
[0.310s] Level 1:colcon.colcon_core.package_identification:_identify(src) by extension 'ros'
[0.310s] Level 1:colcon.colcon_core.package_identification:_identify(src) by extensions ['cmake', 'python']
[0.310s] Level 1:colcon.colcon_core.package_identification:_identify(src) by extension 'cmake'
[0.310s] Level 1:colcon.colcon_core.package_identification:_identify(src) by extension 'python'
[0.310s] Level 1:colcon.colcon_core.package_identification:_identify(src) by extensions ['python_setup_py']
[0.310s] Level 1:colcon.colcon_core.package_identification:_identify(src) by extension 'python_setup_py'
[0.310s] Level 1:colcon.colcon_core.package_identification:_identify(src/example_maps) by extensions ['ignore', 'ignore_ament_install']
[0.310s] Level 1:colcon.colcon_core.package_identification:_identify(src/example_maps) by extension 'ignore'
[0.310s] Level 1:colcon.colcon_core.package_identification:_identify(src/example_maps) by extension 'ignore_ament_install'
[0.310s] Level 1:colcon.colcon_core.package_identification:_identify(src/example_maps) by extensions ['colcon_pkg']
[0.310s] Level 1:colcon.colcon_core.package_identification:_identify(src/example_maps) by extension 'colcon_pkg'
[0.310s] Level 1:colcon.colcon_core.package_identification:_identify(src/example_maps) by extensions ['colcon_meta']
[0.310s] Level 1:colcon.colcon_core.package_identification:_identify(src/example_maps) by extension 'colcon_meta'
[0.311s] Level 1:colcon.colcon_core.package_identification:_identify(src/example_maps) by extensions ['ros']
[0.311s] Level 1:colcon.colcon_core.package_identification:_identify(src/example_maps) by extension 'ros'
[0.313s] DEBUG:colcon.colcon_core.package_identification:Package 'src/example_maps' with type 'ros.ament_cmake' and name 'example_maps'
[0.313s] Level 1:colcon.colcon_core.package_identification:_identify(src/map_manipulation) by extensions ['ignore', 'ignore_ament_install']
[0.313s] Level 1:colcon.colcon_core.package_identification:_identify(src/map_manipulation) by extension 'ignore'
[0.313s] Level 1:colcon.colcon_core.package_identification:_identify(src/map_manipulation) by extension 'ignore_ament_install'
[0.313s] Level 1:colcon.colcon_core.package_identification:_identify(src/map_manipulation) by extensions ['colcon_pkg']
[0.313s] Level 1:colcon.colcon_core.package_identification:_identify(src/map_manipulation) by extension 'colcon_pkg'
[0.313s] Level 1:colcon.colcon_core.package_identification:_identify(src/map_manipulation) by extensions ['colcon_meta']
[0.313s] Level 1:colcon.colcon_core.package_identification:_identify(src/map_manipulation) by extension 'colcon_meta'
[0.313s] Level 1:colcon.colcon_core.package_identification:_identify(src/map_manipulation) by extensions ['ros']
[0.313s] Level 1:colcon.colcon_core.package_identification:_identify(src/map_manipulation) by extension 'ros'
[0.314s] DEBUG:colcon.colcon_core.package_identification:Package 'src/map_manipulation' with type 'ros.ament_python' and name 'map_manipulation'
[0.314s] Level 1:colcon.colcon_core.package_discovery:discover_packages(recursive) using defaults
[0.314s] Level 1:colcon.colcon_core.package_discovery:discover_packages(ignore) discover
[0.314s] Level 1:colcon.colcon_core.package_discovery:discover_packages(ignore) using defaults
[0.314s] Level 1:colcon.colcon_core.package_discovery:discover_packages(path) discover
[0.314s] Level 1:colcon.colcon_core.package_discovery:discover_packages(path) using defaults
[0.334s] Level 1:colcon.colcon_core.package_discovery:discover_packages(prefix_path) check parameters
[0.334s] Level 1:colcon.colcon_core.package_discovery:discover_packages(prefix_path) discover
[0.336s] DEBUG:colcon.colcon_installed_package_information.package_discovery:Found 2 installed packages in /home/krawus/Studies/MAPR/lab2/ros2_ws/install
[0.338s] DEBUG:colcon.colcon_installed_package_information.package_discovery:Found 314 installed packages in /opt/ros/humble
[0.339s] Level 1:colcon.colcon_core.package_discovery:discover_packages(prefix_path) using defaults
[0.395s] Level 5:colcon.colcon_core.verb:set package 'example_maps' build argument 'cmake_args' from command line to 'None'
[0.395s] Level 5:colcon.colcon_core.verb:set package 'example_maps' build argument 'cmake_target' from command line to 'None'
[0.396s] Level 5:colcon.colcon_core.verb:set package 'example_maps' build argument 'cmake_target_skip_unavailable' from command line to 'False'
[0.396s] Level 5:colcon.colcon_core.verb:set package 'example_maps' build argument 'cmake_clean_cache' from command line to 'False'
[0.396s] Level 5:colcon.colcon_core.verb:set package 'example_maps' build argument 'cmake_clean_first' from command line to 'False'
[0.396s] Level 5:colcon.colcon_core.verb:set package 'example_maps' build argument 'cmake_force_configure' from command line to 'False'
[0.396s] Level 5:colcon.colcon_core.verb:set package 'example_maps' build argument 'ament_cmake_args' from command line to 'None'
[0.396s] Level 5:colcon.colcon_core.verb:set package 'example_maps' build argument 'catkin_cmake_args' from command line to 'None'
[0.396s] Level 5:colcon.colcon_core.verb:set package 'example_maps' build argument 'catkin_skip_building_tests' from command line to 'False'
[0.396s] DEBUG:colcon.colcon_core.verb:Building package 'example_maps' with the following arguments: {'ament_cmake_args': None, 'build_base': '/home/krawus/Studies/MAPR/lab2/ros2_ws/build/example_maps', 'catkin_cmake_args': None, 'catkin_skip_building_tests': False, 'cmake_args': None, 'cmake_clean_cache': False, 'cmake_clean_first': False, 'cmake_force_configure': False, 'cmake_target': None, 'cmake_target_skip_unavailable': False, 'install_base': '/home/krawus/Studies/MAPR/lab2/ros2_ws/install/example_maps', 'merge_install': False, 'path': '/home/krawus/Studies/MAPR/lab2/ros2_ws/src/example_maps', 'symlink_install': False, 'test_result_base': None}
[0.396s] Level 5:colcon.colcon_core.verb:set package 'map_manipulation' build argument 'cmake_args' from command line to 'None'
[0.397s] Level 5:colcon.colcon_core.verb:set package 'map_manipulation' build argument 'cmake_target' from command line to 'None'
[0.397s] Level 5:colcon.colcon_core.verb:set package 'map_manipulation' build argument 'cmake_target_skip_unavailable' from command line to 'False'
[0.397s] Level 5:colcon.colcon_core.verb:set package 'map_manipulation' build argument 'cmake_clean_cache' from command line to 'False'
[0.397s] Level 5:colcon.colcon_core.verb:set package 'map_manipulation' build argument 'cmake_clean_first' from command line to 'False'
[0.397s] Level 5:colcon.colcon_core.verb:set package 'map_manipulation' build argument 'cmake_force_configure' from command line to 'False'
[0.397s] Level 5:colcon.colcon_core.verb:set package 'map_manipulation' build argument 'ament_cmake_args' from command line to 'None'
[0.397s] Level 5:colcon.colcon_core.verb:set package 'map_manipulation' build argument 'catkin_cmake_args' from command line to 'None'
[0.397s] Level 5:colcon.colcon_core.verb:set package 'map_manipulation' build argument 'catkin_skip_building_tests' from command line to 'False'
[0.397s] DEBUG:colcon.colcon_core.verb:Building package 'map_manipulation' with the following arguments: {'ament_cmake_args': None, 'build_base': '/home/krawus/Studies/MAPR/lab2/ros2_ws/build/map_manipulation', 'catkin_cmake_args': None, 'catkin_skip_building_tests': False, 'cmake_args': None, 'cmake_clean_cache': False, 'cmake_clean_first': False, 'cmake_force_configure': False, 'cmake_target': None, 'cmake_target_skip_unavailable': False, 'install_base': '/home/krawus/Studies/MAPR/lab2/ros2_ws/install/map_manipulation', 'merge_install': False, 'path': '/home/krawus/Studies/MAPR/lab2/ros2_ws/src/map_manipulation', 'symlink_install': False, 'test_result_base': None}
[0.397s] INFO:colcon.colcon_core.executor:Executing jobs using 'parallel' executor
[0.400s] DEBUG:colcon.colcon_parallel_executor.executor.parallel:run_until_complete
[0.400s] INFO:colcon.colcon_ros.task.ament_cmake.build:Building ROS package in '/home/krawus/Studies/MAPR/lab2/ros2_ws/src/example_maps' with build type 'ament_cmake'
[0.400s] INFO:colcon.colcon_cmake.task.cmake.build:Building CMake package in '/home/krawus/Studies/MAPR/lab2/ros2_ws/src/example_maps'
[0.404s] INFO:colcon.colcon_core.plugin_system:Skipping extension 'colcon_core.shell.bat': Not used on non-Windows systems
[0.404s] INFO:colcon.colcon_core.shell:Skip shell extension 'powershell' for command environment: Not usable outside of PowerShell
[0.404s] DEBUG:colcon.colcon_core.shell:Skip shell extension 'dsv' for command environment
[0.408s] INFO:colcon.colcon_ros.task.ament_python.build:Building ROS package in '/home/krawus/Studies/MAPR/lab2/ros2_ws/src/map_manipulation' with build type 'ament_python'
[0.408s] Level 1:colcon.colcon_core.shell:create_environment_hook('map_manipulation', 'ament_prefix_path')
[0.409s] INFO:colcon.colcon_core.shell:Creating environment hook '/home/krawus/Studies/MAPR/lab2/ros2_ws/install/map_manipulation/share/map_manipulation/hook/ament_prefix_path.ps1'
[0.410s] INFO:colcon.colcon_core.shell:Creating environment descriptor '/home/krawus/Studies/MAPR/lab2/ros2_ws/install/map_manipulation/share/map_manipulation/hook/ament_prefix_path.dsv'
[0.411s] INFO:colcon.colcon_core.shell:Creating environment hook '/home/krawus/Studies/MAPR/lab2/ros2_ws/install/map_manipulation/share/map_manipulation/hook/ament_prefix_path.sh'
[0.412s] INFO:colcon.colcon_core.shell:Skip shell extension 'powershell' for command environment: Not usable outside of PowerShell
[0.412s] DEBUG:colcon.colcon_core.shell:Skip shell extension 'dsv' for command environment
[0.424s] DEBUG:colcon.colcon_core.event_handler.log_command:Invoking command in '/home/krawus/Studies/MAPR/lab2/ros2_ws/build/example_maps': CMAKE_PREFIX_PATH=${CMAKE_PREFIX_PATH}:/home/krawus/Studies/MAPR/lab2/ros2_ws/install/map_manipulation:/opt/ros/humble /usr/bin/cmake --build /home/krawus/Studies/MAPR/lab2/ros2_ws/build/example_maps -- -j8 -l8
[0.646s] INFO:colcon.colcon_core.task.python.build:Building Python package in '/home/krawus/Studies/MAPR/lab2/ros2_ws/src/map_manipulation'
[0.647s] INFO:colcon.colcon_core.shell:Skip shell extension 'powershell' for command environment: Not usable outside of PowerShell
[0.647s] DEBUG:colcon.colcon_core.shell:Skip shell extension 'dsv' for command environment
[0.653s] DEBUG:colcon.colcon_core.event_handler.log_command:Invoked command in '/home/krawus/Studies/MAPR/lab2/ros2_ws/build/example_maps' returned '0': CMAKE_PREFIX_PATH=${CMAKE_PREFIX_PATH}:/home/krawus/Studies/MAPR/lab2/ros2_ws/install/map_manipulation:/opt/ros/humble /usr/bin/cmake --build /home/krawus/Studies/MAPR/lab2/ros2_ws/build/example_maps -- -j8 -l8
[0.687s] DEBUG:colcon.colcon_core.event_handler.log_command:Invoking command in '/home/krawus/Studies/MAPR/lab2/ros2_ws/build/example_maps': CMAKE_PREFIX_PATH=${CMAKE_PREFIX_PATH}:/home/krawus/Studies/MAPR/lab2/ros2_ws/install/map_manipulation:/opt/ros/humble /usr/bin/cmake --install /home/krawus/Studies/MAPR/lab2/ros2_ws/build/example_maps
[0.712s] Level 1:colcon.colcon_core.environment:create_environment_scripts_only(example_maps)
[0.714s] DEBUG:colcon.colcon_core.event_handler.log_command:Invoked command in '/home/krawus/Studies/MAPR/lab2/ros2_ws/build/example_maps' returned '0': CMAKE_PREFIX_PATH=${CMAKE_PREFIX_PATH}:/home/krawus/Studies/MAPR/lab2/ros2_ws/install/map_manipulation:/opt/ros/humble /usr/bin/cmake --install /home/krawus/Studies/MAPR/lab2/ros2_ws/build/example_maps
[0.718s] Level 1:colcon.colcon_core.environment:checking '/home/krawus/Studies/MAPR/lab2/ros2_ws/install/example_maps' for CMake module files
[0.719s] Level 1:colcon.colcon_core.environment:checking '/home/krawus/Studies/MAPR/lab2/ros2_ws/install/example_maps' for CMake config files
[0.719s] Level 1:colcon.colcon_core.shell:create_environment_hook('example_maps', 'cmake_prefix_path')
[0.721s] INFO:colcon.colcon_core.shell:Creating environment hook '/home/krawus/Studies/MAPR/lab2/ros2_ws/install/example_maps/share/example_maps/hook/cmake_prefix_path.ps1'
[0.721s] INFO:colcon.colcon_core.shell:Creating environment descriptor '/home/krawus/Studies/MAPR/lab2/ros2_ws/install/example_maps/share/example_maps/hook/cmake_prefix_path.dsv'
[0.721s] INFO:colcon.colcon_core.shell:Creating environment hook '/home/krawus/Studies/MAPR/lab2/ros2_ws/install/example_maps/share/example_maps/hook/cmake_prefix_path.sh'
[0.722s] Level 1:colcon.colcon_core.environment:checking '/home/krawus/Studies/MAPR/lab2/ros2_ws/install/example_maps/bin'
[0.722s] Level 1:colcon.colcon_core.environment:checking '/home/krawus/Studies/MAPR/lab2/ros2_ws/install/example_maps/lib/pkgconfig/example_maps.pc'
[0.722s] Level 1:colcon.colcon_core.environment:checking '/home/krawus/Studies/MAPR/lab2/ros2_ws/install/example_maps/lib/python3.10/site-packages'
[0.723s] Level 1:colcon.colcon_core.environment:checking '/home/krawus/Studies/MAPR/lab2/ros2_ws/install/example_maps/bin'
[0.724s] INFO:colcon.colcon_core.shell:Creating package script '/home/krawus/Studies/MAPR/lab2/ros2_ws/install/example_maps/share/example_maps/package.ps1'
[0.725s] INFO:colcon.colcon_core.shell:Creating package descriptor '/home/krawus/Studies/MAPR/lab2/ros2_ws/install/example_maps/share/example_maps/package.dsv'
[0.726s] INFO:colcon.colcon_core.shell:Creating package script '/home/krawus/Studies/MAPR/lab2/ros2_ws/install/example_maps/share/example_maps/package.sh'
[0.727s] INFO:colcon.colcon_core.shell:Creating package script '/home/krawus/Studies/MAPR/lab2/ros2_ws/install/example_maps/share/example_maps/package.bash'
[0.728s] INFO:colcon.colcon_core.shell:Creating package script '/home/krawus/Studies/MAPR/lab2/ros2_ws/install/example_maps/share/example_maps/package.zsh'
[0.729s] Level 1:colcon.colcon_core.environment:create_file_with_runtime_dependencies(/home/krawus/Studies/MAPR/lab2/ros2_ws/install/example_maps/share/colcon-core/packages/example_maps)
[0.753s] Level 1:colcon.colcon_core.environment:create_environment_scripts_only(example_maps)
[0.755s] Level 1:colcon.colcon_core.environment:checking '/home/krawus/Studies/MAPR/lab2/ros2_ws/install/example_maps' for CMake module files
[0.756s] Level 1:colcon.colcon_core.environment:checking '/home/krawus/Studies/MAPR/lab2/ros2_ws/install/example_maps' for CMake config files
[0.756s] Level 1:colcon.colcon_core.shell:create_environment_hook('example_maps', 'cmake_prefix_path')
[0.757s] INFO:colcon.colcon_core.shell:Creating environment hook '/home/krawus/Studies/MAPR/lab2/ros2_ws/install/example_maps/share/example_maps/hook/cmake_prefix_path.ps1'
[0.758s] INFO:colcon.colcon_core.shell:Creating environment descriptor '/home/krawus/Studies/MAPR/lab2/ros2_ws/install/example_maps/share/example_maps/hook/cmake_prefix_path.dsv'
[0.758s] INFO:colcon.colcon_core.shell:Creating environment hook '/home/krawus/Studies/MAPR/lab2/ros2_ws/install/example_maps/share/example_maps/hook/cmake_prefix_path.sh'
[0.758s] Level 1:colcon.colcon_core.environment:checking '/home/krawus/Studies/MAPR/lab2/ros2_ws/install/example_maps/bin'
[0.758s] Level 1:colcon.colcon_core.environment:checking '/home/krawus/Studies/MAPR/lab2/ros2_ws/install/example_maps/lib/pkgconfig/example_maps.pc'
[0.759s] Level 1:colcon.colcon_core.environment:checking '/home/krawus/Studies/MAPR/lab2/ros2_ws/install/example_maps/lib/python3.10/site-packages'
[0.759s] Level 1:colcon.colcon_core.environment:checking '/home/krawus/Studies/MAPR/lab2/ros2_ws/install/example_maps/bin'
[0.760s] INFO:colcon.colcon_core.shell:Creating package script '/home/krawus/Studies/MAPR/lab2/ros2_ws/install/example_maps/share/example_maps/package.ps1'
[0.760s] INFO:colcon.colcon_core.shell:Creating package descriptor '/home/krawus/Studies/MAPR/lab2/ros2_ws/install/example_maps/share/example_maps/package.dsv'
[0.761s] INFO:colcon.colcon_core.shell:Creating package script '/home/krawus/Studies/MAPR/lab2/ros2_ws/install/example_maps/share/example_maps/package.sh'
[0.761s] INFO:colcon.colcon_core.shell:Creating package script '/home/krawus/Studies/MAPR/lab2/ros2_ws/install/example_maps/share/example_maps/package.bash'
[0.762s] INFO:colcon.colcon_core.shell:Creating package script '/home/krawus/Studies/MAPR/lab2/ros2_ws/install/example_maps/share/example_maps/package.zsh'
[0.763s] Level 1:colcon.colcon_core.environment:create_file_with_runtime_dependencies(/home/krawus/Studies/MAPR/lab2/ros2_ws/install/example_maps/share/colcon-core/packages/example_maps)
[0.983s] DEBUG:colcon.colcon_core.event_handler.log_command:Invoking command in '/home/krawus/Studies/MAPR/lab2/ros2_ws/build/map_manipulation': PYTHONPATH=/home/krawus/Studies/MAPR/lab2/ros2_ws/build/map_manipulation/prefix_override:/home/krawus/Studies/MAPR/lab2/ros2_ws/install/map_manipulation/lib/python3.10/site-packages:${PYTHONPATH} /usr/bin/python3 setup.py develop --uninstall --editable --build-directory /home/krawus/Studies/MAPR/lab2/ros2_ws/build/map_manipulation/build
[1.370s] DEBUG:colcon.colcon_core.event_handler.log_command:Invoked command in '/home/krawus/Studies/MAPR/lab2/ros2_ws/build/map_manipulation' returned '0': PYTHONPATH=/home/krawus/Studies/MAPR/lab2/ros2_ws/build/map_manipulation/prefix_override:/home/krawus/Studies/MAPR/lab2/ros2_ws/install/map_manipulation/lib/python3.10/site-packages:${PYTHONPATH} /usr/bin/python3 setup.py develop --uninstall --editable --build-directory /home/krawus/Studies/MAPR/lab2/ros2_ws/build/map_manipulation/build
[1.372s] DEBUG:colcon.colcon_core.event_handler.log_command:Invoking command in '/home/krawus/Studies/MAPR/lab2/ros2_ws/src/map_manipulation': PYTHONPATH=/home/krawus/Studies/MAPR/lab2/ros2_ws/build/map_manipulation/prefix_override:/home/krawus/Studies/MAPR/lab2/ros2_ws/install/map_manipulation/lib/python3.10/site-packages:${PYTHONPATH} /usr/bin/python3 setup.py egg_info --egg-base ../../build/map_manipulation build --build-base /home/krawus/Studies/MAPR/lab2/ros2_ws/build/map_manipulation/build install --record /home/krawus/Studies/MAPR/lab2/ros2_ws/build/map_manipulation/install.log --single-version-externally-managed
[1.632s] Level 1:colcon.colcon_core.environment:checking '/home/krawus/Studies/MAPR/lab2/ros2_ws/install/map_manipulation' for CMake module files
[1.633s] DEBUG:colcon.colcon_core.event_handler.log_command:Invoked command in '/home/krawus/Studies/MAPR/lab2/ros2_ws/src/map_manipulation' returned '0': PYTHONPATH=/home/krawus/Studies/MAPR/lab2/ros2_ws/build/map_manipulation/prefix_override:/home/krawus/Studies/MAPR/lab2/ros2_ws/install/map_manipulation/lib/python3.10/site-packages:${PYTHONPATH} /usr/bin/python3 setup.py egg_info --egg-base ../../build/map_manipulation build --build-base /home/krawus/Studies/MAPR/lab2/ros2_ws/build/map_manipulation/build install --record /home/krawus/Studies/MAPR/lab2/ros2_ws/build/map_manipulation/install.log --single-version-externally-managed
[1.633s] Level 1:colcon.colcon_core.environment:checking '/home/krawus/Studies/MAPR/lab2/ros2_ws/install/map_manipulation' for CMake config files
[1.634s] Level 1:colcon.colcon_core.environment:checking '/home/krawus/Studies/MAPR/lab2/ros2_ws/install/map_manipulation/lib'
[1.634s] Level 1:colcon.colcon_core.environment:checking '/home/krawus/Studies/MAPR/lab2/ros2_ws/install/map_manipulation/bin'
[1.634s] Level 1:colcon.colcon_core.environment:checking '/home/krawus/Studies/MAPR/lab2/ros2_ws/install/map_manipulation/lib/pkgconfig/map_manipulation.pc'
[1.635s] Level 1:colcon.colcon_core.environment:checking '/home/krawus/Studies/MAPR/lab2/ros2_ws/install/map_manipulation/lib/python3.10/site-packages'
[1.635s] Level 1:colcon.colcon_core.shell:create_environment_hook('map_manipulation', 'pythonpath')
[1.636s] INFO:colcon.colcon_core.shell:Creating environment hook '/home/krawus/Studies/MAPR/lab2/ros2_ws/install/map_manipulation/share/map_manipulation/hook/pythonpath.ps1'
[1.636s] INFO:colcon.colcon_core.shell:Creating environment descriptor '/home/krawus/Studies/MAPR/lab2/ros2_ws/install/map_manipulation/share/map_manipulation/hook/pythonpath.dsv'
[1.636s] INFO:colcon.colcon_core.shell:Creating environment hook '/home/krawus/Studies/MAPR/lab2/ros2_ws/install/map_manipulation/share/map_manipulation/hook/pythonpath.sh'
[1.637s] Level 1:colcon.colcon_core.environment:checking '/home/krawus/Studies/MAPR/lab2/ros2_ws/install/map_manipulation/bin'
[1.637s] Level 1:colcon.colcon_core.environment:create_environment_scripts_only(map_manipulation)
[1.638s] INFO:colcon.colcon_core.shell:Creating package script '/home/krawus/Studies/MAPR/lab2/ros2_ws/install/map_manipulation/share/map_manipulation/package.ps1'
[1.639s] INFO:colcon.colcon_core.shell:Creating package descriptor '/home/krawus/Studies/MAPR/lab2/ros2_ws/install/map_manipulation/share/map_manipulation/package.dsv'
[1.639s] INFO:colcon.colcon_core.shell:Creating package script '/home/krawus/Studies/MAPR/lab2/ros2_ws/install/map_manipulation/share/map_manipulation/package.sh'
[1.639s] INFO:colcon.colcon_core.shell:Creating package script '/home/krawus/Studies/MAPR/lab2/ros2_ws/install/map_manipulation/share/map_manipulation/package.bash'
[1.639s] INFO:colcon.colcon_core.shell:Creating package script '/home/krawus/Studies/MAPR/lab2/ros2_ws/install/map_manipulation/share/map_manipulation/package.zsh'
[1.640s] Level 1:colcon.colcon_core.environment:create_file_with_runtime_dependencies(/home/krawus/Studies/MAPR/lab2/ros2_ws/install/map_manipulation/share/colcon-core/packages/map_manipulation)
[1.640s] DEBUG:colcon.colcon_parallel_executor.executor.parallel:closing loop
[1.640s] DEBUG:colcon.colcon_parallel_executor.executor.parallel:loop closed
[1.641s] DEBUG:colcon.colcon_parallel_executor.executor.parallel:run_until_complete finished with '0'
[1.641s] DEBUG:colcon.colcon_core.event_reactor:joining thread
[1.646s] INFO:colcon.colcon_core.plugin_system:Skipping extension 'colcon_notification.desktop_notification.notify_send': Could not find 'notify-send'
[1.646s] INFO:colcon.colcon_core.plugin_system:Skipping extension 'colcon_notification.desktop_notification.terminal_notifier': Not used on non-Darwin systems
[1.646s] INFO:colcon.colcon_core.plugin_system:Skipping extension 'colcon_notification.desktop_notification.win32': Not used on non-Windows systems
[1.646s] INFO:colcon.colcon_notification.desktop_notification:Sending desktop notification using 'notify2'
[1.655s] DEBUG:colcon.colcon_core.event_reactor:joined thread
[1.656s] INFO:colcon.colcon_core.shell:Creating prefix script '/home/krawus/Studies/MAPR/lab2/ros2_ws/install/local_setup.ps1'
[1.657s] INFO:colcon.colcon_core.shell:Creating prefix util module '/home/krawus/Studies/MAPR/lab2/ros2_ws/install/_local_setup_util_ps1.py'
[1.658s] INFO:colcon.colcon_core.shell:Creating prefix chain script '/home/krawus/Studies/MAPR/lab2/ros2_ws/install/setup.ps1'
[1.660s] INFO:colcon.colcon_core.shell:Creating prefix script '/home/krawus/Studies/MAPR/lab2/ros2_ws/install/local_setup.sh'
[1.660s] INFO:colcon.colcon_core.shell:Creating prefix util module '/home/krawus/Studies/MAPR/lab2/ros2_ws/install/_local_setup_util_sh.py'
[1.661s] INFO:colcon.colcon_core.shell:Creating prefix chain script '/home/krawus/Studies/MAPR/lab2/ros2_ws/install/setup.sh'
[1.662s] INFO:colcon.colcon_core.shell:Creating prefix script '/home/krawus/Studies/MAPR/lab2/ros2_ws/install/local_setup.bash'
[1.662s] INFO:colcon.colcon_core.shell:Creating prefix chain script '/home/krawus/Studies/MAPR/lab2/ros2_ws/install/setup.bash'
[1.663s] INFO:colcon.colcon_core.shell:Creating prefix script '/home/krawus/Studies/MAPR/lab2/ros2_ws/install/local_setup.zsh'
[1.664s] INFO:colcon.colcon_core.shell:Creating prefix chain script '/home/krawus/Studies/MAPR/lab2/ros2_ws/install/setup.zsh'
