[0.689s] Invoking command in '/home/krawus/Studies/MAPR/lab6-RRT/build/mapr_6_student': PYTHONPATH=/home/krawus/Studies/MAPR/lab6-RRT/build/mapr_6_student/prefix_override:/home/krawus/Studies/MAPR/lab6-RRT/install/mapr_6_student/lib/python3.10/site-packages:${PYTHONPATH} /usr/bin/python3 setup.py develop --uninstall --editable --build-directory /home/krawus/Studies/MAPR/lab6-RRT/build/mapr_6_student/build
[0.972s] running develop
[0.972s] /home/krawus/.local/lib/python3.10/site-packages/setuptools/command/easy_install.py:144: EasyInstallDeprecationWarning: easy_install command is deprecated. Use build and pip and other standards-based tools.
[0.972s]   warnings.warn(
[1.001s] /home/krawus/.local/lib/python3.10/site-packages/setuptools/command/install.py:34: SetuptoolsDeprecationWarning: setup.py install is deprecated. Use build and pip and other standards-based tools.
[1.001s]   warnings.warn(
[1.213s] Invoked command in '/home/krawus/Studies/MAPR/lab6-RRT/build/mapr_6_student' returned '0': PYTHONPATH=/home/krawus/Studies/MAPR/lab6-RRT/build/mapr_6_student/prefix_override:/home/krawus/Studies/MAPR/lab6-RRT/install/mapr_6_student/lib/python3.10/site-packages:${PYTHONPATH} /usr/bin/python3 setup.py develop --uninstall --editable --build-directory /home/krawus/Studies/MAPR/lab6-RRT/build/mapr_6_student/build
[1.214s] Invoking command in '/home/krawus/Studies/MAPR/lab6-RRT/src/mapr_6_student': PYTHONPATH=/home/krawus/Studies/MAPR/lab6-RRT/build/mapr_6_student/prefix_override:/home/krawus/Studies/MAPR/lab6-RRT/install/mapr_6_student/lib/python3.10/site-packages:${PYTHONPATH} /usr/bin/python3 setup.py egg_info --egg-base ../../build/mapr_6_student build --build-base /home/krawus/Studies/MAPR/lab6-RRT/build/mapr_6_student/build install --record /home/krawus/Studies/MAPR/lab6-RRT/build/mapr_6_student/install.log --single-version-externally-managed
[1.399s] running egg_info
[1.412s] writing ../../build/mapr_6_student/mapr_6_student.egg-info/PKG-INFO
[1.412s] writing dependency_links to ../../build/mapr_6_student/mapr_6_student.egg-info/dependency_links.txt
[1.413s] writing entry points to ../../build/mapr_6_student/mapr_6_student.egg-info/entry_points.txt
[1.413s] writing requirements to ../../build/mapr_6_student/mapr_6_student.egg-info/requires.txt
[1.413s] writing top-level names to ../../build/mapr_6_student/mapr_6_student.egg-info/top_level.txt
[1.441s] reading manifest file '../../build/mapr_6_student/mapr_6_student.egg-info/SOURCES.txt'
[1.441s] writing manifest file '../../build/mapr_6_student/mapr_6_student.egg-info/SOURCES.txt'
[1.442s] running build
[1.442s] running build_py
[1.442s] copying mapr_6_student/rrt_vertices.py -> /home/krawus/Studies/MAPR/lab6-RRT/build/mapr_6_student/build/lib/mapr_6_student
[1.442s] running install
[1.442s] /home/krawus/.local/lib/python3.10/site-packages/setuptools/command/install.py:34: SetuptoolsDeprecationWarning: setup.py install is deprecated. Use build and pip and other standards-based tools.
[1.442s]   warnings.warn(
[1.447s] running install_lib
[1.461s] copying /home/krawus/Studies/MAPR/lab6-RRT/build/mapr_6_student/build/lib/mapr_6_student/rrt_vertices.py -> /home/krawus/Studies/MAPR/lab6-RRT/install/mapr_6_student/lib/python3.10/site-packages/mapr_6_student
[1.461s] byte-compiling /home/krawus/Studies/MAPR/lab6-RRT/install/mapr_6_student/lib/python3.10/site-packages/mapr_6_student/rrt_vertices.py to rrt_vertices.cpython-310.pyc
[1.462s] running install_data
[1.476s] running install_egg_info
[1.489s] removing '/home/krawus/Studies/MAPR/lab6-RRT/install/mapr_6_student/lib/python3.10/site-packages/mapr_6_student-1.0.0-py3.10.egg-info' (and everything under it)
[1.489s] Copying ../../build/mapr_6_student/mapr_6_student.egg-info to /home/krawus/Studies/MAPR/lab6-RRT/install/mapr_6_student/lib/python3.10/site-packages/mapr_6_student-1.0.0-py3.10.egg-info
[1.490s] running install_scripts
[1.650s] Installing points script to /home/krawus/Studies/MAPR/lab6-RRT/install/mapr_6_student/lib/mapr_6_student
[1.650s] Installing rrt script to /home/krawus/Studies/MAPR/lab6-RRT/install/mapr_6_student/lib/mapr_6_student
[1.651s] Installing rrt_vertices script to /home/krawus/Studies/MAPR/lab6-RRT/install/mapr_6_student/lib/mapr_6_student
[1.651s] writing list of installed files to '/home/krawus/Studies/MAPR/lab6-RRT/build/mapr_6_student/install.log'
[1.673s] Invoked command in '/home/krawus/Studies/MAPR/lab6-RRT/src/mapr_6_student' returned '0': PYTHONPATH=/home/krawus/Studies/MAPR/lab6-RRT/build/mapr_6_student/prefix_override:/home/krawus/Studies/MAPR/lab6-RRT/install/mapr_6_student/lib/python3.10/site-packages:${PYTHONPATH} /usr/bin/python3 setup.py egg_info --egg-base ../../build/mapr_6_student build --build-base /home/krawus/Studies/MAPR/lab6-RRT/build/mapr_6_student/build install --record /home/krawus/Studies/MAPR/lab6-RRT/build/mapr_6_student/install.log --single-version-externally-managed
