running develop
/usr/lib/python3/dist-packages/setuptools/command/easy_install.py:158: EasyInstallDeprecationWarning: easy_install command is deprecated. Use build and pip and other standards-based tools.
  warnings.warn(
/usr/lib/python3/dist-packages/setuptools/command/install.py:34: SetuptoolsDeprecationWarning: setup.py install is deprecated. Use build and pip and other standards-based tools.
  warnings.warn(
/usr/lib/python3/dist-packages/pkg_resources/__init__.py:116: PkgResourcesDeprecationWarning: 0.1.43ubuntu1 is an invalid version and will not be supported in a future release
  warnings.warn(
/usr/lib/python3/dist-packages/pkg_resources/__init__.py:116: PkgResourcesDeprecationWarning: 1.1build1 is an invalid version and will not be supported in a future release
  warnings.warn(
running egg_info
writing ../../build/map_manipulation/map_manipulation.egg-info/PKG-INFO
writing dependency_links to ../../build/map_manipulation/map_manipulation.egg-info/dependency_links.txt
writing entry points to ../../build/map_manipulation/map_manipulation.egg-info/entry_points.txt
writing requirements to ../../build/map_manipulation/map_manipulation.egg-info/requires.txt
writing top-level names to ../../build/map_manipulation/map_manipulation.egg-info/top_level.txt
reading manifest file '../../build/map_manipulation/map_manipulation.egg-info/SOURCES.txt'
writing manifest file '../../build/map_manipulation/map_manipulation.egg-info/SOURCES.txt'
running build
running build_py
copying map_manipulation/publisher_member_function.py -> /home/krawus/Studies/MAPR/lab2/ros2_ws/build/map_manipulation/build/lib/map_manipulation
running install
/usr/lib/python3/dist-packages/setuptools/command/install.py:34: SetuptoolsDeprecationWarning: setup.py install is deprecated. Use build and pip and other standards-based tools.
  warnings.warn(
running install_lib
copying /home/krawus/Studies/MAPR/lab2/ros2_ws/build/map_manipulation/build/lib/map_manipulation/publisher_member_function.py -> /home/krawus/Studies/MAPR/lab2/ros2_ws/install/map_manipulation/lib/python3.10/site-packages/map_manipulation
byte-compiling /home/krawus/Studies/MAPR/lab2/ros2_ws/install/map_manipulation/lib/python3.10/site-packages/map_manipulation/publisher_member_function.py to publisher_member_function.cpython-310.pyc
running install_data
running install_egg_info
removing '/home/krawus/Studies/MAPR/lab2/ros2_ws/install/map_manipulation/lib/python3.10/site-packages/map_manipulation-0.0.0-py3.10.egg-info' (and everything under it)
Copying ../../build/map_manipulation/map_manipulation.egg-info to /home/krawus/Studies/MAPR/lab2/ros2_ws/install/map_manipulation/lib/python3.10/site-packages/map_manipulation-0.0.0-py3.10.egg-info
running install_scripts
Installing map_manipulator script to /home/krawus/Studies/MAPR/lab2/ros2_ws/install/map_manipulation/lib/map_manipulation
writing list of installed files to '/home/krawus/Studies/MAPR/lab2/ros2_ws/build/map_manipulation/install.log'
