[0.642s] Invoking command in '/home/krawus/Studies/MAPR/lab4/ros2_ws/src/mapr_4_student': PYTHONPATH=/home/krawus/Studies/MAPR/lab4/ros2_ws/build/mapr_4_student/prefix_override:/home/krawus/Studies/MAPR/lab4/ros2_ws/install/mapr_4_student/lib/python3.10/site-packages:${PYTHONPATH} /usr/bin/python3 setup.py egg_info --egg-base ../../build/mapr_4_student build --build-base /home/krawus/Studies/MAPR/lab4/ros2_ws/build/mapr_4_student/build install --record /home/krawus/Studies/MAPR/lab4/ros2_ws/build/mapr_4_student/install.log --single-version-externally-managed
[0.875s] running egg_info
[0.875s] writing ../../build/mapr_4_student/mapr_4_student.egg-info/PKG-INFO
[0.875s] writing dependency_links to ../../build/mapr_4_student/mapr_4_student.egg-info/dependency_links.txt
[0.875s] writing entry points to ../../build/mapr_4_student/mapr_4_student.egg-info/entry_points.txt
[0.875s] writing requirements to ../../build/mapr_4_student/mapr_4_student.egg-info/requires.txt
[0.876s] writing top-level names to ../../build/mapr_4_student/mapr_4_student.egg-info/top_level.txt
[0.877s] reading manifest file '../../build/mapr_4_student/mapr_4_student.egg-info/SOURCES.txt'
[0.878s] writing manifest file '../../build/mapr_4_student/mapr_4_student.egg-info/SOURCES.txt'
[0.878s] running build
[0.879s] running build_py
[0.879s] running install
[0.879s] /usr/lib/python3/dist-packages/setuptools/command/install.py:34: SetuptoolsDeprecationWarning: setup.py install is deprecated. Use build and pip and other standards-based tools.
[0.879s]   warnings.warn(
[0.879s] running install_lib
[0.881s] running install_data
[0.881s] running install_egg_info
[0.883s] removing '/home/krawus/Studies/MAPR/lab4/ros2_ws/install/mapr_4_student/lib/python3.10/site-packages/mapr_4_student-1.0.0-py3.10.egg-info' (and everything under it)
[0.883s] Copying ../../build/mapr_4_student/mapr_4_student.egg-info to /home/krawus/Studies/MAPR/lab4/ros2_ws/install/mapr_4_student/lib/python3.10/site-packages/mapr_4_student-1.0.0-py3.10.egg-info
[0.884s] running install_scripts
[0.903s] Installing bfs script to /home/krawus/Studies/MAPR/lab4/ros2_ws/install/mapr_4_student/lib/mapr_4_student
[0.903s] Installing bfs_backtrace script to /home/krawus/Studies/MAPR/lab4/ros2_ws/install/mapr_4_student/lib/mapr_4_student
[0.903s] Installing dfs script to /home/krawus/Studies/MAPR/lab4/ros2_ws/install/mapr_4_student/lib/mapr_4_student
[0.903s] Installing dfs_backtrace script to /home/krawus/Studies/MAPR/lab4/ros2_ws/install/mapr_4_student/lib/mapr_4_student
[0.903s] Installing points script to /home/krawus/Studies/MAPR/lab4/ros2_ws/install/mapr_4_student/lib/mapr_4_student
[0.904s] writing list of installed files to '/home/krawus/Studies/MAPR/lab4/ros2_ws/build/mapr_4_student/install.log'
[0.933s] Invoked command in '/home/krawus/Studies/MAPR/lab4/ros2_ws/src/mapr_4_student' returned '0': PYTHONPATH=/home/krawus/Studies/MAPR/lab4/ros2_ws/build/mapr_4_student/prefix_override:/home/krawus/Studies/MAPR/lab4/ros2_ws/install/mapr_4_student/lib/python3.10/site-packages:${PYTHONPATH} /usr/bin/python3 setup.py egg_info --egg-base ../../build/mapr_4_student build --build-base /home/krawus/Studies/MAPR/lab4/ros2_ws/build/mapr_4_student/build install --record /home/krawus/Studies/MAPR/lab4/ros2_ws/build/mapr_4_student/install.log --single-version-externally-managed
