[0.012s] Invoking command in '/home/krawus/Studies/MAPR/lab3/ros2_ws/build/pcl_ros': AMENT_PREFIX_PATH=/home/krawus/Studies/MAPR/lab3/ros2_ws/install/pcl_conversions:/home/krawus/Studies/MAPR/lab3/ros2_ws/install/pcl_msgs:${AMENT_PREFIX_PATH} CMAKE_PREFIX_PATH=/home/krawus/Studies/MAPR/lab3/ros2_ws/install/pcl_conversions:/home/krawus/Studies/MAPR/lab3/ros2_ws/install/pcl_msgs:/opt/ros/humble LD_LIBRARY_PATH=/home/krawus/Studies/MAPR/lab3/ros2_ws/install/pcl_msgs/lib:${LD_LIBRARY_PATH} PYTHONPATH=/home/krawus/Studies/MAPR/lab3/ros2_ws/install/pcl_msgs/local/lib/python3.10/dist-packages:${PYTHONPATH} /usr/bin/cmake /home/krawus/Studies/MAPR/lab3/ros2_ws/src/perception_pcl/pcl_ros -DCMAKE_INSTALL_PREFIX=/home/krawus/Studies/MAPR/lab3/ros2_ws/install/pcl_ros
[0.084s] -- The C compiler identification is GNU 11.3.0
[0.154s] -- The CXX compiler identification is GNU 11.3.0
[0.163s] -- Detecting C compiler ABI info
[0.245s] -- Detecting C compiler ABI info - done
[0.256s] -- Check for working C compiler: /usr/bin/cc - skipped
[0.256s] -- Detecting C compile features
[0.256s] -- Detecting C compile features - done
[0.261s] -- Detecting CXX compiler ABI info
[0.358s] -- Detecting CXX compiler ABI info - done
[0.377s] -- Check for working CXX compiler: /usr/bin/c++ - skipped
[0.378s] -- Detecting CXX compile features
[0.379s] -- Detecting CXX compile features - done
[0.413s] -- Checking for module 'eigen3'
[0.427s] --   Found eigen3, version 3.4.0
[0.462s] -- Found Eigen: /usr/include/eigen3 (Required is at least version "3.1") 
[0.462s] -- Eigen found (include: /usr/include/eigen3, version: 3.4.0)
[0.508s] -- Checking for module 'flann'
[0.523s] --   Found flann, version 1.9.1
[0.578s] -- Found FLANN: /usr/lib/x86_64-linux-gnu/libflann_cpp.so  
[0.579s] -- FLANN found (include: /usr/include, lib: /usr/lib/x86_64-linux-gnu/libflann_cpp.so)
[2.075s] -- Checking for module 'libusb-1.0'
[2.093s] --   Found libusb-1.0, version 1.0.25
[2.137s] -- Found libusb: /usr/lib/x86_64-linux-gnu/libusb-1.0.so  
[2.139s] -- OpenNI found (version: 1.5.4.0, include: /usr/include/ni, lib: /usr/lib/libOpenNI.so;libusb::libusb)
[2.203s] -- OpenNI2 found (version: 2.2.0.33, include: /usr/include/openni2, lib: /usr/lib/x86_64-linux-gnu/libOpenNI2.so;libusb::libusb)
[2.397s] -- Eigen found (include: /usr/include/eigen3, version: 3.4.0)
[2.401s] -- Found Qhull version 8.0.2
[2.578s] -- Found PCL_COMMON: /usr/lib/x86_64-linux-gnu/libpcl_common.so  
[2.579s] -- Could NOT find PCL_CORE (missing: PCL_CORE_LIBRARY PCL_CORE_INCLUDE_DIR) 
[2.580s] -- Found PCL_KDTREE: /usr/lib/x86_64-linux-gnu/libpcl_kdtree.so  
[2.581s] -- Found PCL_OCTREE: /usr/lib/x86_64-linux-gnu/libpcl_octree.so  
[2.582s] -- Found PCL_SEARCH: /usr/lib/x86_64-linux-gnu/libpcl_search.so  
[2.583s] -- Found PCL_2D: /usr/include/pcl-1.12  
[2.584s] -- Found PCL_FEATURES: /usr/lib/x86_64-linux-gnu/libpcl_features.so  
[2.585s] -- Found PCL_SAMPLE_CONSENSUS: /usr/lib/x86_64-linux-gnu/libpcl_sample_consensus.so  
[2.586s] -- Found PCL_FILTERS: /usr/lib/x86_64-linux-gnu/libpcl_filters.so  
[2.588s] -- Found PCL_IO: /usr/lib/x86_64-linux-gnu/libpcl_io.so  
[2.588s] -- Found PCL_GEOMETRY: /usr/include/pcl-1.12  
[2.590s] -- Found PCL_ML: /usr/lib/x86_64-linux-gnu/libpcl_ml.so  
[2.591s] -- Found PCL_SEGMENTATION: /usr/lib/x86_64-linux-gnu/libpcl_segmentation.so  
[2.592s] -- Found PCL_SURFACE: /usr/lib/x86_64-linux-gnu/libpcl_surface.so  
[2.595s] -- Found ament_cmake_ros: 0.10.0 (/opt/ros/humble/share/ament_cmake_ros/cmake)
[2.865s] -- Found Python3: /usr/bin/python3.10 (found version "3.10.6") found components: Interpreter 
[2.985s] -- Found pcl_conversions: 2.2.1 (/home/krawus/Studies/MAPR/lab3/ros2_ws/install/pcl_conversions/share/pcl_conversions/cmake)
[3.048s] -- Found rosidl_generator_c: 3.1.4 (/opt/ros/humble/share/rosidl_generator_c/cmake)
[3.055s] -- Found rosidl_adapter: 3.1.4 (/opt/ros/humble/share/rosidl_adapter/cmake)
[3.067s] -- Found rosidl_generator_cpp: 3.1.4 (/opt/ros/humble/share/rosidl_generator_cpp/cmake)
[3.085s] -- Using all available rosidl_typesupport_c: rosidl_typesupport_fastrtps_c;rosidl_typesupport_introspection_c
[3.111s] -- Using all available rosidl_typesupport_cpp: rosidl_typesupport_fastrtps_cpp;rosidl_typesupport_introspection_cpp
[3.237s] -- Found rmw_implementation_cmake: 6.1.1 (/opt/ros/humble/share/rmw_implementation_cmake/cmake)
[3.242s] -- Found rmw_fastrtps_cpp: 6.2.2 (/opt/ros/humble/share/rmw_fastrtps_cpp/cmake)
[3.381s] -- Found OpenSSL: /usr/lib/x86_64-linux-gnu/libcrypto.so (found version "3.0.2")  
[3.412s] -- Found FastRTPS: /opt/ros/humble/include  
[3.476s] -- Using RMW implementation 'rmw_fastrtps_cpp' as default
[3.490s] -- Found Threads: TRUE  
[4.119s] -- Found tf2: 0.25.2 (/opt/ros/humble/share/tf2/cmake)
[4.138s] -- Found tf2_geometry_msgs: 0.25.2 (/opt/ros/humble/share/tf2_geometry_msgs/cmake)
[4.152s] -- Found eigen3_cmake_module: 0.1.1 (/opt/ros/humble/share/eigen3_cmake_module/cmake)
[4.154s] -- Found Eigen3: TRUE (found version "3.4.0") 
[4.154s] -- Ensuring Eigen3 include directory is part of orocos-kdl CMake target
[4.828s] -- Found ament_lint_auto: 0.12.5 (/opt/ros/humble/share/ament_lint_auto/cmake)
[4.963s] -- Added test 'cppcheck' to perform static code analysis on C / C++ code
[4.963s] -- Configured cppcheck include dirs: /home/krawus/Studies/MAPR/lab3/ros2_ws/src/perception_pcl/pcl_ros/include
[4.963s] -- Configured cppcheck exclude dirs and/or files: 
[4.973s] -- Added test 'cpplint' to check C / C++ code against the Google style
[4.973s] -- Configured cpplint exclude dirs and/or files: 
[4.975s] -- Added test 'flake8' to check Python code syntax and style conventions
[4.978s] -- Added test 'lint_cmake' to check CMake code style
[4.981s] -- Added test 'pep257' to check Python code against some of the docstring style conventions in PEP 257
[4.990s] -- Added test 'uncrustify' to check C / C++ code style
[4.990s] -- Configured uncrustify additional arguments: 
[4.992s] -- Added test 'xmllint' to check XML markup files
[4.997s] -- Configuring done
[5.058s] -- Generating done
[5.061s] -- Build files have been written to: /home/krawus/Studies/MAPR/lab3/ros2_ws/build/pcl_ros
[5.082s] Invoked command in '/home/krawus/Studies/MAPR/lab3/ros2_ws/build/pcl_ros' returned '0': AMENT_PREFIX_PATH=/home/krawus/Studies/MAPR/lab3/ros2_ws/install/pcl_conversions:/home/krawus/Studies/MAPR/lab3/ros2_ws/install/pcl_msgs:${AMENT_PREFIX_PATH} CMAKE_PREFIX_PATH=/home/krawus/Studies/MAPR/lab3/ros2_ws/install/pcl_conversions:/home/krawus/Studies/MAPR/lab3/ros2_ws/install/pcl_msgs:/opt/ros/humble LD_LIBRARY_PATH=/home/krawus/Studies/MAPR/lab3/ros2_ws/install/pcl_msgs/lib:${LD_LIBRARY_PATH} PYTHONPATH=/home/krawus/Studies/MAPR/lab3/ros2_ws/install/pcl_msgs/local/lib/python3.10/dist-packages:${PYTHONPATH} /usr/bin/cmake /home/krawus/Studies/MAPR/lab3/ros2_ws/src/perception_pcl/pcl_ros -DCMAKE_INSTALL_PREFIX=/home/krawus/Studies/MAPR/lab3/ros2_ws/install/pcl_ros
[5.084s] Invoking command in '/home/krawus/Studies/MAPR/lab3/ros2_ws/build/pcl_ros': AMENT_PREFIX_PATH=/home/krawus/Studies/MAPR/lab3/ros2_ws/install/pcl_conversions:/home/krawus/Studies/MAPR/lab3/ros2_ws/install/pcl_msgs:${AMENT_PREFIX_PATH} CMAKE_PREFIX_PATH=/home/krawus/Studies/MAPR/lab3/ros2_ws/install/pcl_conversions:/home/krawus/Studies/MAPR/lab3/ros2_ws/install/pcl_msgs:/opt/ros/humble LD_LIBRARY_PATH=/home/krawus/Studies/MAPR/lab3/ros2_ws/install/pcl_msgs/lib:${LD_LIBRARY_PATH} PYTHONPATH=/home/krawus/Studies/MAPR/lab3/ros2_ws/install/pcl_msgs/local/lib/python3.10/dist-packages:${PYTHONPATH} /usr/bin/cmake --build /home/krawus/Studies/MAPR/lab3/ros2_ws/build/pcl_ros -- -j8 -l8
[5.149s] [ 50%] [32mBuilding CXX object CMakeFiles/pcl_ros_tf.dir/src/transforms.cpp.o[0m
[8.887s] In file included from [01m[K/home/krawus/Studies/MAPR/lab3/ros2_ws/src/perception_pcl/pcl_ros/include/pcl_ros/impl/transforms.hpp:48[m[K,
[8.887s]                  from [01m[K/home/krawus/Studies/MAPR/lab3/ros2_ws/src/perception_pcl/pcl_ros/src/transforms.cpp:38[m[K:
[8.888s] [01m[K/opt/ros/humble/include/tf2_geometry_msgs/tf2_geometry_msgs/tf2_geometry_msgs.h:35:2:[m[K [01;35m[Kwarning: [m[K#warning This header is obsolete, please include tf2_geometry_msgs/tf2_geometry_msgs.hpp instead [[01;35m[K]8;;https://gcc.gnu.org/onlinedocs/gcc/Warning-Options.html#index-Wcpp-Wcpp]8;;[m[K]
[8.888s]    35 | #[01;35m[Kwarning[m[K This header is obsolete, please include tf2_geometry_msgs/tf2_geometry_msgs.hpp instead
[8.888s]       |  [01;35m[K^~~~~~~[m[K
[18.117s] [100%] [32m[1mLinking CXX shared library libpcl_ros_tf.so[0m
[18.686s] [100%] Built target pcl_ros_tf
[18.700s] Invoked command in '/home/krawus/Studies/MAPR/lab3/ros2_ws/build/pcl_ros' returned '0': AMENT_PREFIX_PATH=/home/krawus/Studies/MAPR/lab3/ros2_ws/install/pcl_conversions:/home/krawus/Studies/MAPR/lab3/ros2_ws/install/pcl_msgs:${AMENT_PREFIX_PATH} CMAKE_PREFIX_PATH=/home/krawus/Studies/MAPR/lab3/ros2_ws/install/pcl_conversions:/home/krawus/Studies/MAPR/lab3/ros2_ws/install/pcl_msgs:/opt/ros/humble LD_LIBRARY_PATH=/home/krawus/Studies/MAPR/lab3/ros2_ws/install/pcl_msgs/lib:${LD_LIBRARY_PATH} PYTHONPATH=/home/krawus/Studies/MAPR/lab3/ros2_ws/install/pcl_msgs/local/lib/python3.10/dist-packages:${PYTHONPATH} /usr/bin/cmake --build /home/krawus/Studies/MAPR/lab3/ros2_ws/build/pcl_ros -- -j8 -l8
[18.734s] Invoking command in '/home/krawus/Studies/MAPR/lab3/ros2_ws/build/pcl_ros': AMENT_PREFIX_PATH=/home/krawus/Studies/MAPR/lab3/ros2_ws/install/pcl_conversions:/home/krawus/Studies/MAPR/lab3/ros2_ws/install/pcl_msgs:${AMENT_PREFIX_PATH} CMAKE_PREFIX_PATH=/home/krawus/Studies/MAPR/lab3/ros2_ws/install/pcl_conversions:/home/krawus/Studies/MAPR/lab3/ros2_ws/install/pcl_msgs:/opt/ros/humble LD_LIBRARY_PATH=/home/krawus/Studies/MAPR/lab3/ros2_ws/install/pcl_msgs/lib:${LD_LIBRARY_PATH} PYTHONPATH=/home/krawus/Studies/MAPR/lab3/ros2_ws/install/pcl_msgs/local/lib/python3.10/dist-packages:${PYTHONPATH} /usr/bin/cmake --install /home/krawus/Studies/MAPR/lab3/ros2_ws/build/pcl_ros
[18.743s] -- Install configuration: ""
[18.743s] -- Installing: /home/krawus/Studies/MAPR/lab3/ros2_ws/install/pcl_ros/include
[18.743s] -- Installing: /home/krawus/Studies/MAPR/lab3/ros2_ws/install/pcl_ros/include/pcl_ros
[18.743s] -- Installing: /home/krawus/Studies/MAPR/lab3/ros2_ws/install/pcl_ros/include/pcl_ros/features
[18.744s] -- Installing: /home/krawus/Studies/MAPR/lab3/ros2_ws/install/pcl_ros/include/pcl_ros/features/normal_3d.hpp
[18.744s] -- Installing: /home/krawus/Studies/MAPR/lab3/ros2_ws/install/pcl_ros/include/pcl_ros/features/boundary.hpp
[18.744s] -- Installing: /home/krawus/Studies/MAPR/lab3/ros2_ws/install/pcl_ros/include/pcl_ros/features/normal_3d_omp.hpp
[18.744s] -- Installing: /home/krawus/Studies/MAPR/lab3/ros2_ws/install/pcl_ros/include/pcl_ros/features/normal_3d_tbb.hpp
[18.744s] -- Installing: /home/krawus/Studies/MAPR/lab3/ros2_ws/install/pcl_ros/include/pcl_ros/features/feature.hpp
[18.745s] -- Installing: /home/krawus/Studies/MAPR/lab3/ros2_ws/install/pcl_ros/include/pcl_ros/features/fpfh.hpp
[18.745s] -- Installing: /home/krawus/Studies/MAPR/lab3/ros2_ws/install/pcl_ros/include/pcl_ros/features/vfh.hpp
[18.745s] -- Installing: /home/krawus/Studies/MAPR/lab3/ros2_ws/install/pcl_ros/include/pcl_ros/features/principal_curvatures.hpp
[18.745s] -- Installing: /home/krawus/Studies/MAPR/lab3/ros2_ws/install/pcl_ros/include/pcl_ros/features/pfh.hpp
[18.746s] -- Installing: /home/krawus/Studies/MAPR/lab3/ros2_ws/install/pcl_ros/include/pcl_ros/features/fpfh_omp.hpp
[18.746s] -- Installing: /home/krawus/Studies/MAPR/lab3/ros2_ws/install/pcl_ros/include/pcl_ros/features/shot.hpp
[18.746s] -- Installing: /home/krawus/Studies/MAPR/lab3/ros2_ws/install/pcl_ros/include/pcl_ros/features/shot_omp.hpp
[18.746s] -- Installing: /home/krawus/Studies/MAPR/lab3/ros2_ws/install/pcl_ros/include/pcl_ros/features/moment_invariants.hpp
[18.746s] -- Installing: /home/krawus/Studies/MAPR/lab3/ros2_ws/install/pcl_ros/include/pcl_ros/impl
[18.746s] -- Installing: /home/krawus/Studies/MAPR/lab3/ros2_ws/install/pcl_ros/include/pcl_ros/impl/transforms.hpp
[18.747s] -- Installing: /home/krawus/Studies/MAPR/lab3/ros2_ws/install/pcl_ros/include/pcl_ros/pcl_nodelet.hpp
[18.747s] -- Installing: /home/krawus/Studies/MAPR/lab3/ros2_ws/install/pcl_ros/include/pcl_ros/surface
[18.747s] -- Installing: /home/krawus/Studies/MAPR/lab3/ros2_ws/install/pcl_ros/include/pcl_ros/surface/convex_hull.hpp
[18.747s] -- Installing: /home/krawus/Studies/MAPR/lab3/ros2_ws/install/pcl_ros/include/pcl_ros/surface/moving_least_squares.hpp
[18.747s] -- Installing: /home/krawus/Studies/MAPR/lab3/ros2_ws/install/pcl_ros/include/pcl_ros/segmentation
[18.748s] -- Installing: /home/krawus/Studies/MAPR/lab3/ros2_ws/install/pcl_ros/include/pcl_ros/segmentation/extract_clusters.hpp
[18.748s] -- Installing: /home/krawus/Studies/MAPR/lab3/ros2_ws/install/pcl_ros/include/pcl_ros/segmentation/segment_differences.hpp
[18.748s] -- Installing: /home/krawus/Studies/MAPR/lab3/ros2_ws/install/pcl_ros/include/pcl_ros/segmentation/sac_segmentation.hpp
[18.748s] -- Installing: /home/krawus/Studies/MAPR/lab3/ros2_ws/install/pcl_ros/include/pcl_ros/segmentation/extract_polygonal_prism_data.hpp
[18.748s] -- Installing: /home/krawus/Studies/MAPR/lab3/ros2_ws/install/pcl_ros/include/pcl_ros/io
[18.749s] -- Installing: /home/krawus/Studies/MAPR/lab3/ros2_ws/install/pcl_ros/include/pcl_ros/io/pcd_io.hpp
[18.749s] -- Installing: /home/krawus/Studies/MAPR/lab3/ros2_ws/install/pcl_ros/include/pcl_ros/io/concatenate_fields.hpp
[18.749s] -- Installing: /home/krawus/Studies/MAPR/lab3/ros2_ws/install/pcl_ros/include/pcl_ros/io/concatenate_data.hpp
[18.749s] -- Installing: /home/krawus/Studies/MAPR/lab3/ros2_ws/install/pcl_ros/include/pcl_ros/io/bag_io.hpp
[18.749s] -- Installing: /home/krawus/Studies/MAPR/lab3/ros2_ws/install/pcl_ros/include/pcl_ros/filters
[18.750s] -- Installing: /home/krawus/Studies/MAPR/lab3/ros2_ws/install/pcl_ros/include/pcl_ros/filters/project_inliers.hpp
[18.750s] -- Installing: /home/krawus/Studies/MAPR/lab3/ros2_ws/install/pcl_ros/include/pcl_ros/filters/extract_indices.hpp
[18.750s] -- Installing: /home/krawus/Studies/MAPR/lab3/ros2_ws/install/pcl_ros/include/pcl_ros/filters/crop_box.hpp
[18.750s] -- Installing: /home/krawus/Studies/MAPR/lab3/ros2_ws/install/pcl_ros/include/pcl_ros/filters/voxel_grid.hpp
[18.750s] -- Installing: /home/krawus/Studies/MAPR/lab3/ros2_ws/install/pcl_ros/include/pcl_ros/filters/passthrough.hpp
[18.750s] -- Installing: /home/krawus/Studies/MAPR/lab3/ros2_ws/install/pcl_ros/include/pcl_ros/filters/radius_outlier_removal.hpp
[18.751s] -- Installing: /home/krawus/Studies/MAPR/lab3/ros2_ws/install/pcl_ros/include/pcl_ros/filters/filter.hpp
[18.751s] -- Installing: /home/krawus/Studies/MAPR/lab3/ros2_ws/install/pcl_ros/include/pcl_ros/filters/statistical_outlier_removal.hpp
[18.751s] -- Installing: /home/krawus/Studies/MAPR/lab3/ros2_ws/install/pcl_ros/include/pcl_ros/point_cloud.hpp
[18.751s] -- Installing: /home/krawus/Studies/MAPR/lab3/ros2_ws/install/pcl_ros/include/pcl_ros/transforms.hpp
[18.751s] -- Installing: /home/krawus/Studies/MAPR/lab3/ros2_ws/install/pcl_ros/include/pcl_ros/publisher.hpp
[18.751s] -- Installing: /home/krawus/Studies/MAPR/lab3/ros2_ws/install/pcl_ros/lib/libpcl_ros_tf.so
[18.752s] -- Set runtime path of "/home/krawus/Studies/MAPR/lab3/ros2_ws/install/pcl_ros/lib/libpcl_ros_tf.so" to ""
[18.753s] -- Installing: /home/krawus/Studies/MAPR/lab3/ros2_ws/install/pcl_ros/share/pcl_ros/plugins
[18.753s] -- Installing: /home/krawus/Studies/MAPR/lab3/ros2_ws/install/pcl_ros/share/pcl_ros/plugins/nodelet
[18.753s] -- Installing: /home/krawus/Studies/MAPR/lab3/ros2_ws/install/pcl_ros/share/pcl_ros/plugins/nodelet/libpcl_ros_filters.xml
[18.753s] -- Installing: /home/krawus/Studies/MAPR/lab3/ros2_ws/install/pcl_ros/share/pcl_ros/plugins/nodelet/libpcl_ros_io.xml
[18.753s] -- Installing: /home/krawus/Studies/MAPR/lab3/ros2_ws/install/pcl_ros/share/pcl_ros/plugins/nodelet/libpcl_ros_surface.xml
[18.754s] -- Installing: /home/krawus/Studies/MAPR/lab3/ros2_ws/install/pcl_ros/share/pcl_ros/plugins/nodelet/libpcl_ros_features.xml
[18.754s] -- Installing: /home/krawus/Studies/MAPR/lab3/ros2_ws/install/pcl_ros/share/pcl_ros/plugins/nodelet/libpcl_ros_segmentation.xml
[18.754s] -- Installing: /home/krawus/Studies/MAPR/lab3/ros2_ws/install/pcl_ros/share/pcl_ros/samples
[18.754s] -- Installing: /home/krawus/Studies/MAPR/lab3/ros2_ws/install/pcl_ros/share/pcl_ros/samples/data
[18.754s] -- Installing: /home/krawus/Studies/MAPR/lab3/ros2_ws/install/pcl_ros/share/pcl_ros/samples/data/.gitignore
[18.755s] -- Installing: /home/krawus/Studies/MAPR/lab3/ros2_ws/install/pcl_ros/share/pcl_ros/samples/pcl_ros
[18.755s] -- Installing: /home/krawus/Studies/MAPR/lab3/ros2_ws/install/pcl_ros/share/pcl_ros/samples/pcl_ros/features
[18.755s] -- Installing: /home/krawus/Studies/MAPR/lab3/ros2_ws/install/pcl_ros/share/pcl_ros/samples/pcl_ros/features/sample_normal_3d.launch
[18.755s] -- Installing: /home/krawus/Studies/MAPR/lab3/ros2_ws/install/pcl_ros/share/pcl_ros/samples/pcl_ros/surface
[18.755s] -- Installing: /home/krawus/Studies/MAPR/lab3/ros2_ws/install/pcl_ros/share/pcl_ros/samples/pcl_ros/surface/sample_convex_hull.launch
[18.756s] -- Installing: /home/krawus/Studies/MAPR/lab3/ros2_ws/install/pcl_ros/share/pcl_ros/samples/pcl_ros/segmentation
[18.756s] -- Installing: /home/krawus/Studies/MAPR/lab3/ros2_ws/install/pcl_ros/share/pcl_ros/samples/pcl_ros/segmentation/sample_extract_clusters.launch
[18.756s] -- Installing: /home/krawus/Studies/MAPR/lab3/ros2_ws/install/pcl_ros/share/pcl_ros/samples/pcl_ros/io
[18.756s] -- Installing: /home/krawus/Studies/MAPR/lab3/ros2_ws/install/pcl_ros/share/pcl_ros/samples/pcl_ros/io/sample_concatenate_data.launch
[18.756s] -- Installing: /home/krawus/Studies/MAPR/lab3/ros2_ws/install/pcl_ros/share/pcl_ros/samples/pcl_ros/filters
[18.756s] -- Installing: /home/krawus/Studies/MAPR/lab3/ros2_ws/install/pcl_ros/share/pcl_ros/samples/pcl_ros/filters/sample_voxel_grid.launch
[18.757s] -- Installing: /home/krawus/Studies/MAPR/lab3/ros2_ws/install/pcl_ros/share/pcl_ros/samples/pcl_ros/filters/sample_statistical_outlier_removal.launch
[18.757s] -- Installing: /home/krawus/Studies/MAPR/lab3/ros2_ws/install/pcl_ros/share/pcl_ros/samples/pcl_ros/filters/config
[18.757s] -- Installing: /home/krawus/Studies/MAPR/lab3/ros2_ws/install/pcl_ros/share/pcl_ros/samples/pcl_ros/filters/config/voxel_grid.rviz
[18.757s] -- Installing: /home/krawus/Studies/MAPR/lab3/ros2_ws/install/pcl_ros/share/pcl_ros/samples/pcl_ros/filters/config/statistical_outlier_removal.rviz
[18.757s] -- Installing: /home/krawus/Studies/MAPR/lab3/ros2_ws/install/pcl_ros/share/pcl_ros/environment/library_path.sh
[18.758s] -- Installing: /home/krawus/Studies/MAPR/lab3/ros2_ws/install/pcl_ros/share/pcl_ros/environment/library_path.dsv
[18.758s] -- Installing: /home/krawus/Studies/MAPR/lab3/ros2_ws/install/pcl_ros/share/ament_index/resource_index/package_run_dependencies/pcl_ros
[18.758s] -- Installing: /home/krawus/Studies/MAPR/lab3/ros2_ws/install/pcl_ros/share/ament_index/resource_index/parent_prefix_path/pcl_ros
[18.758s] -- Installing: /home/krawus/Studies/MAPR/lab3/ros2_ws/install/pcl_ros/share/pcl_ros/environment/ament_prefix_path.sh
[18.758s] -- Installing: /home/krawus/Studies/MAPR/lab3/ros2_ws/install/pcl_ros/share/pcl_ros/environment/ament_prefix_path.dsv
[18.759s] -- Installing: /home/krawus/Studies/MAPR/lab3/ros2_ws/install/pcl_ros/share/pcl_ros/environment/path.sh
[18.759s] -- Installing: /home/krawus/Studies/MAPR/lab3/ros2_ws/install/pcl_ros/share/pcl_ros/environment/path.dsv
[18.759s] -- Installing: /home/krawus/Studies/MAPR/lab3/ros2_ws/install/pcl_ros/share/pcl_ros/local_setup.bash
[18.759s] -- Installing: /home/krawus/Studies/MAPR/lab3/ros2_ws/install/pcl_ros/share/pcl_ros/local_setup.sh
[18.759s] -- Installing: /home/krawus/Studies/MAPR/lab3/ros2_ws/install/pcl_ros/share/pcl_ros/local_setup.zsh
[18.759s] -- Installing: /home/krawus/Studies/MAPR/lab3/ros2_ws/install/pcl_ros/share/pcl_ros/local_setup.dsv
[18.760s] -- Installing: /home/krawus/Studies/MAPR/lab3/ros2_ws/install/pcl_ros/share/pcl_ros/package.dsv
[18.760s] -- Installing: /home/krawus/Studies/MAPR/lab3/ros2_ws/install/pcl_ros/share/ament_index/resource_index/packages/pcl_ros
[18.760s] -- Installing: /home/krawus/Studies/MAPR/lab3/ros2_ws/install/pcl_ros/share/pcl_ros/cmake/export_pcl_rosExport.cmake
[18.760s] -- Installing: /home/krawus/Studies/MAPR/lab3/ros2_ws/install/pcl_ros/share/pcl_ros/cmake/export_pcl_rosExport-noconfig.cmake
[18.760s] -- Installing: /home/krawus/Studies/MAPR/lab3/ros2_ws/install/pcl_ros/share/pcl_ros/cmake/ament_cmake_export_include_directories-extras.cmake
[18.761s] -- Installing: /home/krawus/Studies/MAPR/lab3/ros2_ws/install/pcl_ros/share/pcl_ros/cmake/ament_cmake_export_libraries-extras.cmake
[18.761s] -- Installing: /home/krawus/Studies/MAPR/lab3/ros2_ws/install/pcl_ros/share/pcl_ros/cmake/ament_cmake_export_dependencies-extras.cmake
[18.761s] -- Installing: /home/krawus/Studies/MAPR/lab3/ros2_ws/install/pcl_ros/share/pcl_ros/cmake/ament_cmake_export_targets-extras.cmake
[18.761s] -- Installing: /home/krawus/Studies/MAPR/lab3/ros2_ws/install/pcl_ros/share/pcl_ros/cmake/pcl_rosConfig.cmake
[18.761s] -- Installing: /home/krawus/Studies/MAPR/lab3/ros2_ws/install/pcl_ros/share/pcl_ros/cmake/pcl_rosConfig-version.cmake
[18.761s] -- Installing: /home/krawus/Studies/MAPR/lab3/ros2_ws/install/pcl_ros/share/pcl_ros/package.xml
[18.763s] Invoked command in '/home/krawus/Studies/MAPR/lab3/ros2_ws/build/pcl_ros' returned '0': AMENT_PREFIX_PATH=/home/krawus/Studies/MAPR/lab3/ros2_ws/install/pcl_conversions:/home/krawus/Studies/MAPR/lab3/ros2_ws/install/pcl_msgs:${AMENT_PREFIX_PATH} CMAKE_PREFIX_PATH=/home/krawus/Studies/MAPR/lab3/ros2_ws/install/pcl_conversions:/home/krawus/Studies/MAPR/lab3/ros2_ws/install/pcl_msgs:/opt/ros/humble LD_LIBRARY_PATH=/home/krawus/Studies/MAPR/lab3/ros2_ws/install/pcl_msgs/lib:${LD_LIBRARY_PATH} PYTHONPATH=/home/krawus/Studies/MAPR/lab3/ros2_ws/install/pcl_msgs/local/lib/python3.10/dist-packages:${PYTHONPATH} /usr/bin/cmake --install /home/krawus/Studies/MAPR/lab3/ros2_ws/build/pcl_ros
