[1.230s] Invoking command in '/home/krawus/Studies/MAPR/lab3/ros2_ws/src/octomap_manipulation': PYTHONPATH=/home/krawus/Studies/MAPR/lab3/ros2_ws/build/octomap_manipulation/prefix_override:/home/krawus/Studies/MAPR/lab3/ros2_ws/install/octomap_manipulation/lib/python3.10/site-packages:${PYTHONPATH} /usr/bin/python3 setup.py egg_info --egg-base ../../build/octomap_manipulation build --build-base /home/krawus/Studies/MAPR/lab3/ros2_ws/build/octomap_manipulation/build install --record /home/krawus/Studies/MAPR/lab3/ros2_ws/build/octomap_manipulation/install.log --single-version-externally-managed
[1.525s] running egg_info
[1.525s] writing ../../build/octomap_manipulation/octomap_manipulation.egg-info/PKG-INFO
[1.525s] writing dependency_links to ../../build/octomap_manipulation/octomap_manipulation.egg-info/dependency_links.txt
[1.525s] writing entry points to ../../build/octomap_manipulation/octomap_manipulation.egg-info/entry_points.txt
[1.525s] writing requirements to ../../build/octomap_manipulation/octomap_manipulation.egg-info/requires.txt
[1.526s] writing top-level names to ../../build/octomap_manipulation/octomap_manipulation.egg-info/top_level.txt
[1.528s] reading manifest file '../../build/octomap_manipulation/octomap_manipulation.egg-info/SOURCES.txt'
[1.530s] writing manifest file '../../build/octomap_manipulation/octomap_manipulation.egg-info/SOURCES.txt'
[1.530s] running build
[1.530s] running build_py
[1.531s] running install
[1.531s] /usr/lib/python3/dist-packages/setuptools/command/install.py:34: SetuptoolsDeprecationWarning: setup.py install is deprecated. Use build and pip and other standards-based tools.
[1.531s]   warnings.warn(
[1.531s] running install_lib
[1.533s] running install_data
[1.533s] running install_egg_info
[1.535s] removing '/home/krawus/Studies/MAPR/lab3/ros2_ws/install/octomap_manipulation/lib/python3.10/site-packages/octomap_manipulation-0.0.0-py3.10.egg-info' (and everything under it)
[1.535s] Copying ../../build/octomap_manipulation/octomap_manipulation.egg-info to /home/krawus/Studies/MAPR/lab3/ros2_ws/install/octomap_manipulation/lib/python3.10/site-packages/octomap_manipulation-0.0.0-py3.10.egg-info
[1.537s] running install_scripts
[1.559s] Installing octomap_print script to /home/krawus/Studies/MAPR/lab3/ros2_ws/install/octomap_manipulation/lib/octomap_manipulation
[1.560s] writing list of installed files to '/home/krawus/Studies/MAPR/lab3/ros2_ws/build/octomap_manipulation/install.log'
[1.590s] Invoked command in '/home/krawus/Studies/MAPR/lab3/ros2_ws/src/octomap_manipulation' returned '0': PYTHONPATH=/home/krawus/Studies/MAPR/lab3/ros2_ws/build/octomap_manipulation/prefix_override:/home/krawus/Studies/MAPR/lab3/ros2_ws/install/octomap_manipulation/lib/python3.10/site-packages:${PYTHONPATH} /usr/bin/python3 setup.py egg_info --egg-base ../../build/octomap_manipulation build --build-base /home/krawus/Studies/MAPR/lab3/ros2_ws/build/octomap_manipulation/build install --record /home/krawus/Studies/MAPR/lab3/ros2_ws/build/octomap_manipulation/install.log --single-version-externally-managed
