[0.052s] Invoking command in '/home/krawus/Studies/MAPR/lab3/ros2_ws/build/perception_pcl': AMENT_PREFIX_PATH=/home/krawus/Studies/MAPR/lab3/ros2_ws/install/pcl_ros:/home/krawus/Studies/MAPR/lab3/ros2_ws/install/pcl_conversions:/home/krawus/Studies/MAPR/lab3/ros2_ws/install/pcl_msgs:${AMENT_PREFIX_PATH} CMAKE_PREFIX_PATH=/home/krawus/Studies/MAPR/lab3/ros2_ws/install/pcl_ros:/home/krawus/Studies/MAPR/lab3/ros2_ws/install/pcl_conversions:/home/krawus/Studies/MAPR/lab3/ros2_ws/install/pcl_msgs:/opt/ros/humble LD_LIBRARY_PATH=/home/krawus/Studies/MAPR/lab3/ros2_ws/install/pcl_ros/lib:/home/krawus/Studies/MAPR/lab3/ros2_ws/install/pcl_msgs/lib:${LD_LIBRARY_PATH} PYTHONPATH=/home/krawus/Studies/MAPR/lab3/ros2_ws/install/pcl_msgs/local/lib/python3.10/dist-packages:${PYTHONPATH} /usr/bin/cmake --build /home/krawus/Studies/MAPR/lab3/ros2_ws/build/perception_pcl -- -j8 -l8
[0.125s] Invoked command in '/home/krawus/Studies/MAPR/lab3/ros2_ws/build/perception_pcl' returned '0': AMENT_PREFIX_PATH=/home/krawus/Studies/MAPR/lab3/ros2_ws/install/pcl_ros:/home/krawus/Studies/MAPR/lab3/ros2_ws/install/pcl_conversions:/home/krawus/Studies/MAPR/lab3/ros2_ws/install/pcl_msgs:${AMENT_PREFIX_PATH} CMAKE_PREFIX_PATH=/home/krawus/Studies/MAPR/lab3/ros2_ws/install/pcl_ros:/home/krawus/Studies/MAPR/lab3/ros2_ws/install/pcl_conversions:/home/krawus/Studies/MAPR/lab3/ros2_ws/install/pcl_msgs:/opt/ros/humble LD_LIBRARY_PATH=/home/krawus/Studies/MAPR/lab3/ros2_ws/install/pcl_ros/lib:/home/krawus/Studies/MAPR/lab3/ros2_ws/install/pcl_msgs/lib:${LD_LIBRARY_PATH} PYTHONPATH=/home/krawus/Studies/MAPR/lab3/ros2_ws/install/pcl_msgs/local/lib/python3.10/dist-packages:${PYTHONPATH} /usr/bin/cmake --build /home/krawus/Studies/MAPR/lab3/ros2_ws/build/perception_pcl -- -j8 -l8
[0.157s] Invoking command in '/home/krawus/Studies/MAPR/lab3/ros2_ws/build/perception_pcl': AMENT_PREFIX_PATH=/home/krawus/Studies/MAPR/lab3/ros2_ws/install/pcl_ros:/home/krawus/Studies/MAPR/lab3/ros2_ws/install/pcl_conversions:/home/krawus/Studies/MAPR/lab3/ros2_ws/install/pcl_msgs:${AMENT_PREFIX_PATH} CMAKE_PREFIX_PATH=/home/krawus/Studies/MAPR/lab3/ros2_ws/install/pcl_ros:/home/krawus/Studies/MAPR/lab3/ros2_ws/install/pcl_conversions:/home/krawus/Studies/MAPR/lab3/ros2_ws/install/pcl_msgs:/opt/ros/humble LD_LIBRARY_PATH=/home/krawus/Studies/MAPR/lab3/ros2_ws/install/pcl_ros/lib:/home/krawus/Studies/MAPR/lab3/ros2_ws/install/pcl_msgs/lib:${LD_LIBRARY_PATH} PYTHONPATH=/home/krawus/Studies/MAPR/lab3/ros2_ws/install/pcl_msgs/local/lib/python3.10/dist-packages:${PYTHONPATH} /usr/bin/cmake --install /home/krawus/Studies/MAPR/lab3/ros2_ws/build/perception_pcl
[0.173s] -- Install configuration: ""
[0.173s] -- Up-to-date: /home/krawus/Studies/MAPR/lab3/ros2_ws/install/perception_pcl/share/ament_index/resource_index/package_run_dependencies/perception_pcl
[0.173s] -- Up-to-date: /home/krawus/Studies/MAPR/lab3/ros2_ws/install/perception_pcl/share/ament_index/resource_index/parent_prefix_path/perception_pcl
[0.173s] -- Up-to-date: /home/krawus/Studies/MAPR/lab3/ros2_ws/install/perception_pcl/share/perception_pcl/environment/ament_prefix_path.sh
[0.174s] -- Up-to-date: /home/krawus/Studies/MAPR/lab3/ros2_ws/install/perception_pcl/share/perception_pcl/environment/ament_prefix_path.dsv
[0.174s] -- Up-to-date: /home/krawus/Studies/MAPR/lab3/ros2_ws/install/perception_pcl/share/perception_pcl/environment/path.sh
[0.174s] -- Up-to-date: /home/krawus/Studies/MAPR/lab3/ros2_ws/install/perception_pcl/share/perception_pcl/environment/path.dsv
[0.174s] -- Up-to-date: /home/krawus/Studies/MAPR/lab3/ros2_ws/install/perception_pcl/share/perception_pcl/local_setup.bash
[0.174s] -- Up-to-date: /home/krawus/Studies/MAPR/lab3/ros2_ws/install/perception_pcl/share/perception_pcl/local_setup.sh
[0.174s] -- Up-to-date: /home/krawus/Studies/MAPR/lab3/ros2_ws/install/perception_pcl/share/perception_pcl/local_setup.zsh
[0.175s] -- Up-to-date: /home/krawus/Studies/MAPR/lab3/ros2_ws/install/perception_pcl/share/perception_pcl/local_setup.dsv
[0.175s] -- Installing: /home/krawus/Studies/MAPR/lab3/ros2_ws/install/perception_pcl/share/perception_pcl/package.dsv
[0.175s] -- Up-to-date: /home/krawus/Studies/MAPR/lab3/ros2_ws/install/perception_pcl/share/ament_index/resource_index/packages/perception_pcl
[0.175s] -- Up-to-date: /home/krawus/Studies/MAPR/lab3/ros2_ws/install/perception_pcl/share/perception_pcl/cmake/perception_pclConfig.cmake
[0.175s] -- Up-to-date: /home/krawus/Studies/MAPR/lab3/ros2_ws/install/perception_pcl/share/perception_pcl/cmake/perception_pclConfig-version.cmake
[0.175s] -- Up-to-date: /home/krawus/Studies/MAPR/lab3/ros2_ws/install/perception_pcl/share/perception_pcl/package.xml
[0.182s] Invoked command in '/home/krawus/Studies/MAPR/lab3/ros2_ws/build/perception_pcl' returned '0': AMENT_PREFIX_PATH=/home/krawus/Studies/MAPR/lab3/ros2_ws/install/pcl_ros:/home/krawus/Studies/MAPR/lab3/ros2_ws/install/pcl_conversions:/home/krawus/Studies/MAPR/lab3/ros2_ws/install/pcl_msgs:${AMENT_PREFIX_PATH} CMAKE_PREFIX_PATH=/home/krawus/Studies/MAPR/lab3/ros2_ws/install/pcl_ros:/home/krawus/Studies/MAPR/lab3/ros2_ws/install/pcl_conversions:/home/krawus/Studies/MAPR/lab3/ros2_ws/install/pcl_msgs:/opt/ros/humble LD_LIBRARY_PATH=/home/krawus/Studies/MAPR/lab3/ros2_ws/install/pcl_ros/lib:/home/krawus/Studies/MAPR/lab3/ros2_ws/install/pcl_msgs/lib:${LD_LIBRARY_PATH} PYTHONPATH=/home/krawus/Studies/MAPR/lab3/ros2_ws/install/pcl_msgs/local/lib/python3.10/dist-packages:${PYTHONPATH} /usr/bin/cmake --install /home/krawus/Studies/MAPR/lab3/ros2_ws/build/perception_pcl
