[0.165s] Invoking command in '/home/krawus/Studies/MAPR/lab3/ros2_ws/build/pcl_ros': CMAKE_PREFIX_PATH=/home/krawus/Studies/MAPR/lab3/ros2_ws/install/pcl_conversions:/home/krawus/Studies/MAPR/lab3/ros2_ws/install/pcl_msgs:/home/krawus/Studies/MAPR/lab3/ros2_ws/install/perception_pcl:/home/krawus/Studies/MAPR/lab3/ros2_ws/install/pcl_ros:/home/krawus/Studies/MAPR/lab3/ros2_ws/install/octomap_server2:/home/krawus/Studies/MAPR/lab3/ros2_ws/install/octomap_msgs:/home/krawus/Studies/MAPR/lab3/ros2_ws/install/example_maps:/home/krawus/Studies/MAPR/lab3/ros2_ws/install/path_drawing:/home/krawus/Studies/MAPR/lab3/ros2_ws/install/octomap_manipulation:/opt/ros/humble LD_LIBRARY_PATH=/home/krawus/Studies/MAPR/lab3/ros2_ws/install/pcl_msgs/lib:/home/krawus/Studies/MAPR/lab3/ros2_ws/install/pcl_ros/lib:/home/krawus/Studies/MAPR/lab3/ros2_ws/install/octomap_server2/lib:/home/krawus/Studies/MAPR/lab3/ros2_ws/install/octomap_msgs/lib:/usr/lib/x86_64-linux-gnu/gazebo-11/plugins:/opt/ros/humble/opt/rviz_ogre_vendor/lib:/opt/ros/humble/lib/x86_64-linux-gnu:/opt/ros/humble/lib /usr/bin/cmake --build /home/krawus/Studies/MAPR/lab3/ros2_ws/build/pcl_ros -- -j8 -l8
[0.729s] [100%] Built target pcl_ros_tf
[0.827s] Invoked command in '/home/krawus/Studies/MAPR/lab3/ros2_ws/build/pcl_ros' returned '0': CMAKE_PREFIX_PATH=/home/krawus/Studies/MAPR/lab3/ros2_ws/install/pcl_conversions:/home/krawus/Studies/MAPR/lab3/ros2_ws/install/pcl_msgs:/home/krawus/Studies/MAPR/lab3/ros2_ws/install/perception_pcl:/home/krawus/Studies/MAPR/lab3/ros2_ws/install/pcl_ros:/home/krawus/Studies/MAPR/lab3/ros2_ws/install/octomap_server2:/home/krawus/Studies/MAPR/lab3/ros2_ws/install/octomap_msgs:/home/krawus/Studies/MAPR/lab3/ros2_ws/install/example_maps:/home/krawus/Studies/MAPR/lab3/ros2_ws/install/path_drawing:/home/krawus/Studies/MAPR/lab3/ros2_ws/install/octomap_manipulation:/opt/ros/humble LD_LIBRARY_PATH=/home/krawus/Studies/MAPR/lab3/ros2_ws/install/pcl_msgs/lib:/home/krawus/Studies/MAPR/lab3/ros2_ws/install/pcl_ros/lib:/home/krawus/Studies/MAPR/lab3/ros2_ws/install/octomap_server2/lib:/home/krawus/Studies/MAPR/lab3/ros2_ws/install/octomap_msgs/lib:/usr/lib/x86_64-linux-gnu/gazebo-11/plugins:/opt/ros/humble/opt/rviz_ogre_vendor/lib:/opt/ros/humble/lib/x86_64-linux-gnu:/opt/ros/humble/lib /usr/bin/cmake --build /home/krawus/Studies/MAPR/lab3/ros2_ws/build/pcl_ros -- -j8 -l8
[1.083s] Invoking command in '/home/krawus/Studies/MAPR/lab3/ros2_ws/build/pcl_ros': CMAKE_PREFIX_PATH=/home/krawus/Studies/MAPR/lab3/ros2_ws/install/pcl_conversions:/home/krawus/Studies/MAPR/lab3/ros2_ws/install/pcl_msgs:/home/krawus/Studies/MAPR/lab3/ros2_ws/install/perception_pcl:/home/krawus/Studies/MAPR/lab3/ros2_ws/install/pcl_ros:/home/krawus/Studies/MAPR/lab3/ros2_ws/install/octomap_server2:/home/krawus/Studies/MAPR/lab3/ros2_ws/install/octomap_msgs:/home/krawus/Studies/MAPR/lab3/ros2_ws/install/example_maps:/home/krawus/Studies/MAPR/lab3/ros2_ws/install/path_drawing:/home/krawus/Studies/MAPR/lab3/ros2_ws/install/octomap_manipulation:/opt/ros/humble LD_LIBRARY_PATH=/home/krawus/Studies/MAPR/lab3/ros2_ws/install/pcl_msgs/lib:/home/krawus/Studies/MAPR/lab3/ros2_ws/install/pcl_ros/lib:/home/krawus/Studies/MAPR/lab3/ros2_ws/install/octomap_server2/lib:/home/krawus/Studies/MAPR/lab3/ros2_ws/install/octomap_msgs/lib:/usr/lib/x86_64-linux-gnu/gazebo-11/plugins:/opt/ros/humble/opt/rviz_ogre_vendor/lib:/opt/ros/humble/lib/x86_64-linux-gnu:/opt/ros/humble/lib /usr/bin/cmake --install /home/krawus/Studies/MAPR/lab3/ros2_ws/build/pcl_ros
[1.157s] -- Install configuration: ""
[1.160s] -- Up-to-date: /home/krawus/Studies/MAPR/lab3/ros2_ws/install/pcl_ros/include
[1.160s] -- Up-to-date: /home/krawus/Studies/MAPR/lab3/ros2_ws/install/pcl_ros/include/pcl_ros
[1.160s] -- Up-to-date: /home/krawus/Studies/MAPR/lab3/ros2_ws/install/pcl_ros/include/pcl_ros/features
[1.161s] -- Up-to-date: /home/krawus/Studies/MAPR/lab3/ros2_ws/install/pcl_ros/include/pcl_ros/features/normal_3d.hpp
[1.161s] -- Up-to-date: /home/krawus/Studies/MAPR/lab3/ros2_ws/install/pcl_ros/include/pcl_ros/features/boundary.hpp
[1.161s] -- Up-to-date: /home/krawus/Studies/MAPR/lab3/ros2_ws/install/pcl_ros/include/pcl_ros/features/normal_3d_omp.hpp
[1.162s] -- Up-to-date: /home/krawus/Studies/MAPR/lab3/ros2_ws/install/pcl_ros/include/pcl_ros/features/normal_3d_tbb.hpp
[1.162s] -- Up-to-date: /home/krawus/Studies/MAPR/lab3/ros2_ws/install/pcl_ros/include/pcl_ros/features/feature.hpp
[1.162s] -- Up-to-date: /home/krawus/Studies/MAPR/lab3/ros2_ws/install/pcl_ros/include/pcl_ros/features/fpfh.hpp
[1.162s] -- Up-to-date: /home/krawus/Studies/MAPR/lab3/ros2_ws/install/pcl_ros/include/pcl_ros/features/vfh.hpp
[1.163s] -- Up-to-date: /home/krawus/Studies/MAPR/lab3/ros2_ws/install/pcl_ros/include/pcl_ros/features/principal_curvatures.hpp
[1.177s] -- Up-to-date: /home/krawus/Studies/MAPR/lab3/ros2_ws/install/pcl_ros/include/pcl_ros/features/pfh.hpp
[1.177s] -- Up-to-date: /home/krawus/Studies/MAPR/lab3/ros2_ws/install/pcl_ros/include/pcl_ros/features/fpfh_omp.hpp
[1.178s] -- Up-to-date: /home/krawus/Studies/MAPR/lab3/ros2_ws/install/pcl_ros/include/pcl_ros/features/shot.hpp
[1.178s] -- Up-to-date: /home/krawus/Studies/MAPR/lab3/ros2_ws/install/pcl_ros/include/pcl_ros/features/shot_omp.hpp
[1.178s] -- Up-to-date: /home/krawus/Studies/MAPR/lab3/ros2_ws/install/pcl_ros/include/pcl_ros/features/moment_invariants.hpp
[1.179s] -- Up-to-date: /home/krawus/Studies/MAPR/lab3/ros2_ws/install/pcl_ros/include/pcl_ros/impl
[1.179s] -- Up-to-date: /home/krawus/Studies/MAPR/lab3/ros2_ws/install/pcl_ros/include/pcl_ros/impl/transforms.hpp
[1.179s] -- Up-to-date: /home/krawus/Studies/MAPR/lab3/ros2_ws/install/pcl_ros/include/pcl_ros/pcl_nodelet.hpp
[1.180s] -- Up-to-date: /home/krawus/Studies/MAPR/lab3/ros2_ws/install/pcl_ros/include/pcl_ros/surface
[1.185s] -- Up-to-date: /home/krawus/Studies/MAPR/lab3/ros2_ws/install/pcl_ros/include/pcl_ros/surface/convex_hull.hpp
[1.204s] -- Up-to-date: /home/krawus/Studies/MAPR/lab3/ros2_ws/install/pcl_ros/include/pcl_ros/surface/moving_least_squares.hpp
[1.204s] -- Up-to-date: /home/krawus/Studies/MAPR/lab3/ros2_ws/install/pcl_ros/include/pcl_ros/segmentation
[1.205s] -- Up-to-date: /home/krawus/Studies/MAPR/lab3/ros2_ws/install/pcl_ros/include/pcl_ros/segmentation/extract_clusters.hpp
[1.205s] -- Up-to-date: /home/krawus/Studies/MAPR/lab3/ros2_ws/install/pcl_ros/include/pcl_ros/segmentation/segment_differences.hpp
[1.205s] -- Up-to-date: /home/krawus/Studies/MAPR/lab3/ros2_ws/install/pcl_ros/include/pcl_ros/segmentation/sac_segmentation.hpp
[1.206s] -- Up-to-date: /home/krawus/Studies/MAPR/lab3/ros2_ws/install/pcl_ros/include/pcl_ros/segmentation/extract_polygonal_prism_data.hpp
[1.206s] -- Up-to-date: /home/krawus/Studies/MAPR/lab3/ros2_ws/install/pcl_ros/include/pcl_ros/io
[1.206s] -- Up-to-date: /home/krawus/Studies/MAPR/lab3/ros2_ws/install/pcl_ros/include/pcl_ros/io/pcd_io.hpp
[1.207s] -- Up-to-date: /home/krawus/Studies/MAPR/lab3/ros2_ws/install/pcl_ros/include/pcl_ros/io/concatenate_fields.hpp
[1.207s] -- Up-to-date: /home/krawus/Studies/MAPR/lab3/ros2_ws/install/pcl_ros/include/pcl_ros/io/concatenate_data.hpp
[1.207s] -- Up-to-date: /home/krawus/Studies/MAPR/lab3/ros2_ws/install/pcl_ros/include/pcl_ros/io/bag_io.hpp
[1.208s] -- Up-to-date: /home/krawus/Studies/MAPR/lab3/ros2_ws/install/pcl_ros/include/pcl_ros/filters
[1.210s] -- Up-to-date: /home/krawus/Studies/MAPR/lab3/ros2_ws/install/pcl_ros/include/pcl_ros/filters/project_inliers.hpp
[1.211s] -- Up-to-date: /home/krawus/Studies/MAPR/lab3/ros2_ws/install/pcl_ros/include/pcl_ros/filters/extract_indices.hpp
[1.221s] -- Up-to-date: /home/krawus/Studies/MAPR/lab3/ros2_ws/install/pcl_ros/include/pcl_ros/filters/crop_box.hpp
[1.222s] -- Up-to-date: /home/krawus/Studies/MAPR/lab3/ros2_ws/install/pcl_ros/include/pcl_ros/filters/voxel_grid.hpp
[1.223s] -- Up-to-date: /home/krawus/Studies/MAPR/lab3/ros2_ws/install/pcl_ros/include/pcl_ros/filters/passthrough.hpp
[1.224s] -- Up-to-date: /home/krawus/Studies/MAPR/lab3/ros2_ws/install/pcl_ros/include/pcl_ros/filters/radius_outlier_removal.hpp
[1.226s] -- Up-to-date: /home/krawus/Studies/MAPR/lab3/ros2_ws/install/pcl_ros/include/pcl_ros/filters/filter.hpp
[1.227s] -- Up-to-date: /home/krawus/Studies/MAPR/lab3/ros2_ws/install/pcl_ros/include/pcl_ros/filters/statistical_outlier_removal.hpp
[1.229s] -- Up-to-date: /home/krawus/Studies/MAPR/lab3/ros2_ws/install/pcl_ros/include/pcl_ros/point_cloud.hpp
[1.230s] -- Up-to-date: /home/krawus/Studies/MAPR/lab3/ros2_ws/install/pcl_ros/include/pcl_ros/transforms.hpp
[1.239s] -- Up-to-date: /home/krawus/Studies/MAPR/lab3/ros2_ws/install/pcl_ros/include/pcl_ros/publisher.hpp
[1.239s] -- Up-to-date: /home/krawus/Studies/MAPR/lab3/ros2_ws/install/pcl_ros/lib/libpcl_ros_tf.so
[1.240s] -- Up-to-date: /home/krawus/Studies/MAPR/lab3/ros2_ws/install/pcl_ros/share/pcl_ros/plugins
[1.240s] -- Up-to-date: /home/krawus/Studies/MAPR/lab3/ros2_ws/install/pcl_ros/share/pcl_ros/plugins/nodelet
[1.240s] -- Up-to-date: /home/krawus/Studies/MAPR/lab3/ros2_ws/install/pcl_ros/share/pcl_ros/plugins/nodelet/libpcl_ros_filters.xml
[1.241s] -- Up-to-date: /home/krawus/Studies/MAPR/lab3/ros2_ws/install/pcl_ros/share/pcl_ros/plugins/nodelet/libpcl_ros_io.xml
[1.241s] -- Up-to-date: /home/krawus/Studies/MAPR/lab3/ros2_ws/install/pcl_ros/share/pcl_ros/plugins/nodelet/libpcl_ros_surface.xml
[1.241s] -- Up-to-date: /home/krawus/Studies/MAPR/lab3/ros2_ws/install/pcl_ros/share/pcl_ros/plugins/nodelet/libpcl_ros_features.xml
[1.242s] -- Up-to-date: /home/krawus/Studies/MAPR/lab3/ros2_ws/install/pcl_ros/share/pcl_ros/plugins/nodelet/libpcl_ros_segmentation.xml
[1.242s] -- Up-to-date: /home/krawus/Studies/MAPR/lab3/ros2_ws/install/pcl_ros/share/pcl_ros/samples
[1.242s] -- Up-to-date: /home/krawus/Studies/MAPR/lab3/ros2_ws/install/pcl_ros/share/pcl_ros/samples/data
[1.244s] -- Up-to-date: /home/krawus/Studies/MAPR/lab3/ros2_ws/install/pcl_ros/share/pcl_ros/samples/data/.gitignore
[1.246s] -- Up-to-date: /home/krawus/Studies/MAPR/lab3/ros2_ws/install/pcl_ros/share/pcl_ros/samples/pcl_ros
[1.263s] -- Up-to-date: /home/krawus/Studies/MAPR/lab3/ros2_ws/install/pcl_ros/share/pcl_ros/samples/pcl_ros/features
[1.264s] -- Up-to-date: /home/krawus/Studies/MAPR/lab3/ros2_ws/install/pcl_ros/share/pcl_ros/samples/pcl_ros/features/sample_normal_3d.launch
[1.266s] -- Up-to-date: /home/krawus/Studies/MAPR/lab3/ros2_ws/install/pcl_ros/share/pcl_ros/samples/pcl_ros/surface
[1.267s] -- Up-to-date: /home/krawus/Studies/MAPR/lab3/ros2_ws/install/pcl_ros/share/pcl_ros/samples/pcl_ros/surface/sample_convex_hull.launch
[1.269s] -- Up-to-date: /home/krawus/Studies/MAPR/lab3/ros2_ws/install/pcl_ros/share/pcl_ros/samples/pcl_ros/segmentation
[1.272s] -- Up-to-date: /home/krawus/Studies/MAPR/lab3/ros2_ws/install/pcl_ros/share/pcl_ros/samples/pcl_ros/segmentation/sample_extract_clusters.launch
[1.273s] -- Up-to-date: /home/krawus/Studies/MAPR/lab3/ros2_ws/install/pcl_ros/share/pcl_ros/samples/pcl_ros/io
[1.274s] -- Up-to-date: /home/krawus/Studies/MAPR/lab3/ros2_ws/install/pcl_ros/share/pcl_ros/samples/pcl_ros/io/sample_concatenate_data.launch
[1.298s] -- Up-to-date: /home/krawus/Studies/MAPR/lab3/ros2_ws/install/pcl_ros/share/pcl_ros/samples/pcl_ros/filters
[1.299s] -- Up-to-date: /home/krawus/Studies/MAPR/lab3/ros2_ws/install/pcl_ros/share/pcl_ros/samples/pcl_ros/filters/sample_voxel_grid.launch
[1.300s] -- Up-to-date: /home/krawus/Studies/MAPR/lab3/ros2_ws/install/pcl_ros/share/pcl_ros/samples/pcl_ros/filters/sample_statistical_outlier_removal.launch
[1.300s] -- Up-to-date: /home/krawus/Studies/MAPR/lab3/ros2_ws/install/pcl_ros/share/pcl_ros/samples/pcl_ros/filters/config
[1.300s] -- Up-to-date: /home/krawus/Studies/MAPR/lab3/ros2_ws/install/pcl_ros/share/pcl_ros/samples/pcl_ros/filters/config/voxel_grid.rviz
[1.301s] -- Up-to-date: /home/krawus/Studies/MAPR/lab3/ros2_ws/install/pcl_ros/share/pcl_ros/samples/pcl_ros/filters/config/statistical_outlier_removal.rviz
[1.301s] -- Up-to-date: /home/krawus/Studies/MAPR/lab3/ros2_ws/install/pcl_ros/share/pcl_ros/environment/library_path.sh
[1.301s] -- Up-to-date: /home/krawus/Studies/MAPR/lab3/ros2_ws/install/pcl_ros/share/pcl_ros/environment/library_path.dsv
[1.302s] -- Up-to-date: /home/krawus/Studies/MAPR/lab3/ros2_ws/install/pcl_ros/share/ament_index/resource_index/package_run_dependencies/pcl_ros
[1.302s] -- Up-to-date: /home/krawus/Studies/MAPR/lab3/ros2_ws/install/pcl_ros/share/ament_index/resource_index/parent_prefix_path/pcl_ros
[1.302s] -- Up-to-date: /home/krawus/Studies/MAPR/lab3/ros2_ws/install/pcl_ros/share/pcl_ros/environment/ament_prefix_path.sh
[1.303s] -- Up-to-date: /home/krawus/Studies/MAPR/lab3/ros2_ws/install/pcl_ros/share/pcl_ros/environment/ament_prefix_path.dsv
[1.303s] -- Up-to-date: /home/krawus/Studies/MAPR/lab3/ros2_ws/install/pcl_ros/share/pcl_ros/environment/path.sh
[1.304s] -- Up-to-date: /home/krawus/Studies/MAPR/lab3/ros2_ws/install/pcl_ros/share/pcl_ros/environment/path.dsv
[1.304s] -- Up-to-date: /home/krawus/Studies/MAPR/lab3/ros2_ws/install/pcl_ros/share/pcl_ros/local_setup.bash
[1.304s] -- Up-to-date: /home/krawus/Studies/MAPR/lab3/ros2_ws/install/pcl_ros/share/pcl_ros/local_setup.sh
[1.305s] -- Up-to-date: /home/krawus/Studies/MAPR/lab3/ros2_ws/install/pcl_ros/share/pcl_ros/local_setup.zsh
[1.305s] -- Up-to-date: /home/krawus/Studies/MAPR/lab3/ros2_ws/install/pcl_ros/share/pcl_ros/local_setup.dsv
[1.307s] -- Installing: /home/krawus/Studies/MAPR/lab3/ros2_ws/install/pcl_ros/share/pcl_ros/package.dsv
[1.310s] -- Up-to-date: /home/krawus/Studies/MAPR/lab3/ros2_ws/install/pcl_ros/share/ament_index/resource_index/packages/pcl_ros
[1.312s] -- Up-to-date: /home/krawus/Studies/MAPR/lab3/ros2_ws/install/pcl_ros/share/pcl_ros/cmake/export_pcl_rosExport.cmake
[1.312s] -- Up-to-date: /home/krawus/Studies/MAPR/lab3/ros2_ws/install/pcl_ros/share/pcl_ros/cmake/export_pcl_rosExport-noconfig.cmake
[1.314s] -- Up-to-date: /home/krawus/Studies/MAPR/lab3/ros2_ws/install/pcl_ros/share/pcl_ros/cmake/ament_cmake_export_include_directories-extras.cmake
[1.317s] -- Up-to-date: /home/krawus/Studies/MAPR/lab3/ros2_ws/install/pcl_ros/share/pcl_ros/cmake/ament_cmake_export_libraries-extras.cmake
[1.318s] -- Up-to-date: /home/krawus/Studies/MAPR/lab3/ros2_ws/install/pcl_ros/share/pcl_ros/cmake/ament_cmake_export_dependencies-extras.cmake
[1.318s] -- Up-to-date: /home/krawus/Studies/MAPR/lab3/ros2_ws/install/pcl_ros/share/pcl_ros/cmake/ament_cmake_export_targets-extras.cmake
[1.319s] -- Up-to-date: /home/krawus/Studies/MAPR/lab3/ros2_ws/install/pcl_ros/share/pcl_ros/cmake/pcl_rosConfig.cmake
[1.319s] -- Up-to-date: /home/krawus/Studies/MAPR/lab3/ros2_ws/install/pcl_ros/share/pcl_ros/cmake/pcl_rosConfig-version.cmake
[1.319s] -- Up-to-date: /home/krawus/Studies/MAPR/lab3/ros2_ws/install/pcl_ros/share/pcl_ros/package.xml
[1.320s] Invoked command in '/home/krawus/Studies/MAPR/lab3/ros2_ws/build/pcl_ros' returned '0': CMAKE_PREFIX_PATH=/home/krawus/Studies/MAPR/lab3/ros2_ws/install/pcl_conversions:/home/krawus/Studies/MAPR/lab3/ros2_ws/install/pcl_msgs:/home/krawus/Studies/MAPR/lab3/ros2_ws/install/perception_pcl:/home/krawus/Studies/MAPR/lab3/ros2_ws/install/pcl_ros:/home/krawus/Studies/MAPR/lab3/ros2_ws/install/octomap_server2:/home/krawus/Studies/MAPR/lab3/ros2_ws/install/octomap_msgs:/home/krawus/Studies/MAPR/lab3/ros2_ws/install/example_maps:/home/krawus/Studies/MAPR/lab3/ros2_ws/install/path_drawing:/home/krawus/Studies/MAPR/lab3/ros2_ws/install/octomap_manipulation:/opt/ros/humble LD_LIBRARY_PATH=/home/krawus/Studies/MAPR/lab3/ros2_ws/install/pcl_msgs/lib:/home/krawus/Studies/MAPR/lab3/ros2_ws/install/pcl_ros/lib:/home/krawus/Studies/MAPR/lab3/ros2_ws/install/octomap_server2/lib:/home/krawus/Studies/MAPR/lab3/ros2_ws/install/octomap_msgs/lib:/usr/lib/x86_64-linux-gnu/gazebo-11/plugins:/opt/ros/humble/opt/rviz_ogre_vendor/lib:/opt/ros/humble/lib/x86_64-linux-gnu:/opt/ros/humble/lib /usr/bin/cmake --install /home/krawus/Studies/MAPR/lab3/ros2_ws/build/pcl_ros
