[0.201s] Invoking command in '/home/krawus/Studies/MAPR/lab3/ros2_ws/build/octomap_server2': CMAKE_PREFIX_PATH=/home/krawus/Studies/MAPR/lab3/ros2_ws/install/pcl_conversions:/home/krawus/Studies/MAPR/lab3/ros2_ws/install/pcl_msgs:/home/krawus/Studies/MAPR/lab3/ros2_ws/install/octomap_msgs:/home/krawus/Studies/MAPR/lab3/ros2_ws/install/perception_pcl:/home/krawus/Studies/MAPR/lab3/ros2_ws/install/pcl_ros:/home/krawus/Studies/MAPR/lab3/ros2_ws/install/octomap_server2:/home/krawus/Studies/MAPR/lab3/ros2_ws/install/example_maps:/home/krawus/Studies/MAPR/lab3/ros2_ws/install/octomap_manipulation:/opt/ros/humble LD_LIBRARY_PATH=/home/krawus/Studies/MAPR/lab3/ros2_ws/install/pcl_msgs/lib:/home/krawus/Studies/MAPR/lab3/ros2_ws/install/octomap_msgs/lib:/home/krawus/Studies/MAPR/lab3/ros2_ws/install/pcl_ros/lib:/home/krawus/Studies/MAPR/lab3/ros2_ws/install/octomap_server2/lib:/usr/lib/x86_64-linux-gnu/gazebo-11/plugins:/opt/ros/humble/opt/rviz_ogre_vendor/lib:/opt/ros/humble/lib/x86_64-linux-gnu:/opt/ros/humble/lib /usr/bin/cmake --build /home/krawus/Studies/MAPR/lab3/ros2_ws/build/octomap_server2 -- -j8 -l8
[0.808s] [ 66%] Built target octomap_server2
[0.982s] [100%] Built target octomap_server
[1.160s] Invoked command in '/home/krawus/Studies/MAPR/lab3/ros2_ws/build/octomap_server2' returned '0': CMAKE_PREFIX_PATH=/home/krawus/Studies/MAPR/lab3/ros2_ws/install/pcl_conversions:/home/krawus/Studies/MAPR/lab3/ros2_ws/install/pcl_msgs:/home/krawus/Studies/MAPR/lab3/ros2_ws/install/octomap_msgs:/home/krawus/Studies/MAPR/lab3/ros2_ws/install/perception_pcl:/home/krawus/Studies/MAPR/lab3/ros2_ws/install/pcl_ros:/home/krawus/Studies/MAPR/lab3/ros2_ws/install/octomap_server2:/home/krawus/Studies/MAPR/lab3/ros2_ws/install/example_maps:/home/krawus/Studies/MAPR/lab3/ros2_ws/install/octomap_manipulation:/opt/ros/humble LD_LIBRARY_PATH=/home/krawus/Studies/MAPR/lab3/ros2_ws/install/pcl_msgs/lib:/home/krawus/Studies/MAPR/lab3/ros2_ws/install/octomap_msgs/lib:/home/krawus/Studies/MAPR/lab3/ros2_ws/install/pcl_ros/lib:/home/krawus/Studies/MAPR/lab3/ros2_ws/install/octomap_server2/lib:/usr/lib/x86_64-linux-gnu/gazebo-11/plugins:/opt/ros/humble/opt/rviz_ogre_vendor/lib:/opt/ros/humble/lib/x86_64-linux-gnu:/opt/ros/humble/lib /usr/bin/cmake --build /home/krawus/Studies/MAPR/lab3/ros2_ws/build/octomap_server2 -- -j8 -l8
[1.488s] Invoking command in '/home/krawus/Studies/MAPR/lab3/ros2_ws/build/octomap_server2': CMAKE_PREFIX_PATH=/home/krawus/Studies/MAPR/lab3/ros2_ws/install/pcl_conversions:/home/krawus/Studies/MAPR/lab3/ros2_ws/install/pcl_msgs:/home/krawus/Studies/MAPR/lab3/ros2_ws/install/octomap_msgs:/home/krawus/Studies/MAPR/lab3/ros2_ws/install/perception_pcl:/home/krawus/Studies/MAPR/lab3/ros2_ws/install/pcl_ros:/home/krawus/Studies/MAPR/lab3/ros2_ws/install/octomap_server2:/home/krawus/Studies/MAPR/lab3/ros2_ws/install/example_maps:/home/krawus/Studies/MAPR/lab3/ros2_ws/install/octomap_manipulation:/opt/ros/humble LD_LIBRARY_PATH=/home/krawus/Studies/MAPR/lab3/ros2_ws/install/pcl_msgs/lib:/home/krawus/Studies/MAPR/lab3/ros2_ws/install/octomap_msgs/lib:/home/krawus/Studies/MAPR/lab3/ros2_ws/install/pcl_ros/lib:/home/krawus/Studies/MAPR/lab3/ros2_ws/install/octomap_server2/lib:/usr/lib/x86_64-linux-gnu/gazebo-11/plugins:/opt/ros/humble/opt/rviz_ogre_vendor/lib:/opt/ros/humble/lib/x86_64-linux-gnu:/opt/ros/humble/lib /usr/bin/cmake --install /home/krawus/Studies/MAPR/lab3/ros2_ws/build/octomap_server2
[1.555s] -- Install configuration: ""
[1.559s] -- Up-to-date: /home/krawus/Studies/MAPR/lab3/ros2_ws/install/octomap_server2/lib/octomap_server2/octomap_server
[1.562s] -- Up-to-date: /home/krawus/Studies/MAPR/lab3/ros2_ws/install/octomap_server2/lib/liboctomap_server2.so
[1.563s] -- Up-to-date: /home/krawus/Studies/MAPR/lab3/ros2_ws/install/octomap_server2/share/octomap_server2//launch
[1.564s] -- Up-to-date: /home/krawus/Studies/MAPR/lab3/ros2_ws/install/octomap_server2/share/octomap_server2//launch/octomap_server_launch.py
[1.564s] -- Up-to-date: /home/krawus/Studies/MAPR/lab3/ros2_ws/install/octomap_server2/share/ament_index/resource_index/package_run_dependencies/octomap_server2
[1.568s] -- Up-to-date: /home/krawus/Studies/MAPR/lab3/ros2_ws/install/octomap_server2/share/ament_index/resource_index/parent_prefix_path/octomap_server2
[1.569s] -- Up-to-date: /home/krawus/Studies/MAPR/lab3/ros2_ws/install/octomap_server2/share/octomap_server2/environment/ament_prefix_path.sh
[1.569s] -- Up-to-date: /home/krawus/Studies/MAPR/lab3/ros2_ws/install/octomap_server2/share/octomap_server2/environment/ament_prefix_path.dsv
[1.570s] -- Up-to-date: /home/krawus/Studies/MAPR/lab3/ros2_ws/install/octomap_server2/share/octomap_server2/environment/path.sh
[1.570s] -- Up-to-date: /home/krawus/Studies/MAPR/lab3/ros2_ws/install/octomap_server2/share/octomap_server2/environment/path.dsv
[1.570s] -- Up-to-date: /home/krawus/Studies/MAPR/lab3/ros2_ws/install/octomap_server2/share/octomap_server2/local_setup.bash
[1.571s] -- Up-to-date: /home/krawus/Studies/MAPR/lab3/ros2_ws/install/octomap_server2/share/octomap_server2/local_setup.sh
[1.571s] -- Up-to-date: /home/krawus/Studies/MAPR/lab3/ros2_ws/install/octomap_server2/share/octomap_server2/local_setup.zsh
[1.572s] -- Up-to-date: /home/krawus/Studies/MAPR/lab3/ros2_ws/install/octomap_server2/share/octomap_server2/local_setup.dsv
[1.572s] -- Installing: /home/krawus/Studies/MAPR/lab3/ros2_ws/install/octomap_server2/share/octomap_server2/package.dsv
[1.572s] -- Up-to-date: /home/krawus/Studies/MAPR/lab3/ros2_ws/install/octomap_server2/share/ament_index/resource_index/packages/octomap_server2
[1.573s] -- Up-to-date: /home/krawus/Studies/MAPR/lab3/ros2_ws/install/octomap_server2/share/ament_index/resource_index/rclcpp_components/octomap_server2
[1.573s] -- Up-to-date: /home/krawus/Studies/MAPR/lab3/ros2_ws/install/octomap_server2/share/octomap_server2/cmake/octomap_server2Config.cmake
[1.574s] -- Up-to-date: /home/krawus/Studies/MAPR/lab3/ros2_ws/install/octomap_server2/share/octomap_server2/cmake/octomap_server2Config-version.cmake
[1.574s] -- Up-to-date: /home/krawus/Studies/MAPR/lab3/ros2_ws/install/octomap_server2/share/octomap_server2/package.xml
[1.586s] Invoked command in '/home/krawus/Studies/MAPR/lab3/ros2_ws/build/octomap_server2' returned '0': CMAKE_PREFIX_PATH=/home/krawus/Studies/MAPR/lab3/ros2_ws/install/pcl_conversions:/home/krawus/Studies/MAPR/lab3/ros2_ws/install/pcl_msgs:/home/krawus/Studies/MAPR/lab3/ros2_ws/install/octomap_msgs:/home/krawus/Studies/MAPR/lab3/ros2_ws/install/perception_pcl:/home/krawus/Studies/MAPR/lab3/ros2_ws/install/pcl_ros:/home/krawus/Studies/MAPR/lab3/ros2_ws/install/octomap_server2:/home/krawus/Studies/MAPR/lab3/ros2_ws/install/example_maps:/home/krawus/Studies/MAPR/lab3/ros2_ws/install/octomap_manipulation:/opt/ros/humble LD_LIBRARY_PATH=/home/krawus/Studies/MAPR/lab3/ros2_ws/install/pcl_msgs/lib:/home/krawus/Studies/MAPR/lab3/ros2_ws/install/octomap_msgs/lib:/home/krawus/Studies/MAPR/lab3/ros2_ws/install/pcl_ros/lib:/home/krawus/Studies/MAPR/lab3/ros2_ws/install/octomap_server2/lib:/usr/lib/x86_64-linux-gnu/gazebo-11/plugins:/opt/ros/humble/opt/rviz_ogre_vendor/lib:/opt/ros/humble/lib/x86_64-linux-gnu:/opt/ros/humble/lib /usr/bin/cmake --install /home/krawus/Studies/MAPR/lab3/ros2_ws/build/octomap_server2
