[1.507s] Invoking command in '/home/krawus/Studies/MAPR/lab3/ros2_ws/src/path_drawing': PYTHONPATH=/home/krawus/Studies/MAPR/lab3/ros2_ws/build/path_drawing/prefix_override:/home/krawus/Studies/MAPR/lab3/ros2_ws/install/path_drawing/lib/python3.10/site-packages:${PYTHONPATH} /usr/bin/python3 setup.py egg_info --egg-base ../../build/path_drawing build --build-base /home/krawus/Studies/MAPR/lab3/ros2_ws/build/path_drawing/build install --record /home/krawus/Studies/MAPR/lab3/ros2_ws/build/path_drawing/install.log --single-version-externally-managed
[1.930s] running egg_info
[1.931s] writing ../../build/path_drawing/path_drawing.egg-info/PKG-INFO
[1.932s] writing dependency_links to ../../build/path_drawing/path_drawing.egg-info/dependency_links.txt
[1.933s] writing entry points to ../../build/path_drawing/path_drawing.egg-info/entry_points.txt
[1.933s] writing requirements to ../../build/path_drawing/path_drawing.egg-info/requires.txt
[1.933s] writing top-level names to ../../build/path_drawing/path_drawing.egg-info/top_level.txt
[1.938s] reading manifest file '../../build/path_drawing/path_drawing.egg-info/SOURCES.txt'
[1.943s] writing manifest file '../../build/path_drawing/path_drawing.egg-info/SOURCES.txt'
[1.943s] running build
[1.943s] running build_py
[1.944s] running install
[1.944s] /usr/lib/python3/dist-packages/setuptools/command/install.py:34: SetuptoolsDeprecationWarning: setup.py install is deprecated. Use build and pip and other standards-based tools.
[1.945s]   warnings.warn(
[1.946s] running install_lib
[1.949s] running install_data
[1.951s] running install_egg_info
[1.955s] removing '/home/krawus/Studies/MAPR/lab3/ros2_ws/install/path_drawing/lib/python3.10/site-packages/path_drawing-0.0.0-py3.10.egg-info' (and everything under it)
[1.955s] Copying ../../build/path_drawing/path_drawing.egg-info to /home/krawus/Studies/MAPR/lab3/ros2_ws/install/path_drawing/lib/python3.10/site-packages/path_drawing-0.0.0-py3.10.egg-info
[1.957s] running install_scripts
[2.000s] Installing draw_path script to /home/krawus/Studies/MAPR/lab3/ros2_ws/install/path_drawing/lib/path_drawing
[2.000s] writing list of installed files to '/home/krawus/Studies/MAPR/lab3/ros2_ws/build/path_drawing/install.log'
[2.067s] Invoked command in '/home/krawus/Studies/MAPR/lab3/ros2_ws/src/path_drawing' returned '0': PYTHONPATH=/home/krawus/Studies/MAPR/lab3/ros2_ws/build/path_drawing/prefix_override:/home/krawus/Studies/MAPR/lab3/ros2_ws/install/path_drawing/lib/python3.10/site-packages:${PYTHONPATH} /usr/bin/python3 setup.py egg_info --egg-base ../../build/path_drawing build --build-base /home/krawus/Studies/MAPR/lab3/ros2_ws/build/path_drawing/build install --record /home/krawus/Studies/MAPR/lab3/ros2_ws/build/path_drawing/install.log --single-version-externally-managed
