[7.443s] Invoking command in '/home/krawus/Studies/MAPR/lab3/ros2_ws/src/path_drawing': PYTHONPATH=/home/krawus/Studies/MAPR/lab3/ros2_ws/build/path_drawing/prefix_override:/home/krawus/Studies/MAPR/lab3/ros2_ws/install/path_drawing/lib/python3.10/site-packages:${PYTHONPATH} /usr/bin/python3 setup.py egg_info --egg-base ../../build/path_drawing build --build-base /home/krawus/Studies/MAPR/lab3/ros2_ws/build/path_drawing/build install --record /home/krawus/Studies/MAPR/lab3/ros2_ws/build/path_drawing/install.log --single-version-externally-managed
[9.483s] running egg_info
[9.485s] writing ../../build/path_drawing/path_drawing.egg-info/PKG-INFO
[9.486s] writing dependency_links to ../../build/path_drawing/path_drawing.egg-info/dependency_links.txt
[9.487s] writing entry points to ../../build/path_drawing/path_drawing.egg-info/entry_points.txt
[9.491s] writing requirements to ../../build/path_drawing/path_drawing.egg-info/requires.txt
[9.498s] writing top-level names to ../../build/path_drawing/path_drawing.egg-info/top_level.txt
[9.511s] /usr/lib/python3/dist-packages/setuptools/command/install.py:34: SetuptoolsDeprecationWarning: setup.py install is deprecated. Use build and pip and other standards-based tools.
[9.512s]   warnings.warn(
[9.512s] reading manifest file '../../build/path_drawing/path_drawing.egg-info/SOURCES.txt'
[9.512s] writing manifest file '../../build/path_drawing/path_drawing.egg-info/SOURCES.txt'
[9.513s] running build
[9.513s] running build_py
[9.513s] running install
[9.513s] running install_lib
[9.517s] running install_data
[9.522s] running install_egg_info
[9.533s] removing '/home/krawus/Studies/MAPR/lab3/ros2_ws/install/path_drawing/lib/python3.10/site-packages/path_drawing-0.0.0-py3.10.egg-info' (and everything under it)
[9.533s] Copying ../../build/path_drawing/path_drawing.egg-info to /home/krawus/Studies/MAPR/lab3/ros2_ws/install/path_drawing/lib/python3.10/site-packages/path_drawing-0.0.0-py3.10.egg-info
[9.544s] running install_scripts
[9.701s] Installing draw_path script to /home/krawus/Studies/MAPR/lab3/ros2_ws/install/path_drawing/lib/path_drawing
[9.704s] writing list of installed files to '/home/krawus/Studies/MAPR/lab3/ros2_ws/build/path_drawing/install.log'
[9.919s] Invoked command in '/home/krawus/Studies/MAPR/lab3/ros2_ws/src/path_drawing' returned '0': PYTHONPATH=/home/krawus/Studies/MAPR/lab3/ros2_ws/build/path_drawing/prefix_override:/home/krawus/Studies/MAPR/lab3/ros2_ws/install/path_drawing/lib/python3.10/site-packages:${PYTHONPATH} /usr/bin/python3 setup.py egg_info --egg-base ../../build/path_drawing build --build-base /home/krawus/Studies/MAPR/lab3/ros2_ws/build/path_drawing/build install --record /home/krawus/Studies/MAPR/lab3/ros2_ws/build/path_drawing/install.log --single-version-externally-managed
