[0.011s] Invoking command in '/home/krawus/Studies/MAPR/lab3/ros2_ws/build/pcl_msgs': /usr/bin/cmake /home/krawus/Studies/MAPR/lab3/ros2_ws/src/pcl_msgs -DCMAKE_INSTALL_PREFIX=/home/krawus/Studies/MAPR/lab3/ros2_ws/install/pcl_msgs
[0.039s] [31mCMake Error at CMakeLists.txt:13 (find_package):
[0.039s]   By not providing "Findament_cmake.cmake" in CMAKE_MODULE_PATH this project
[0.039s]   has asked CMake to find a package configuration file provided by
[0.039s]   "ament_cmake", but CMake did not find one.
[0.039s] 
[0.039s]   Could not find a package configuration file provided by "ament_cmake" with
[0.039s]   any of the following names:
[0.039s] 
[0.039s]     ament_cmakeConfig.cmake
[0.039s]     ament_cmake-config.cmake
[0.040s] 
[0.040s]   Add the installation prefix of "ament_cmake" to CMAKE_PREFIX_PATH or set
[0.040s]   "ament_cmake_DIR" to a directory containing one of the above files.  If
[0.040s]   "ament_cmake" provides a separate development package or SDK, be sure it
[0.040s]   has been installed.
[0.040s] 
[0.040s] [0m
[0.040s] -- Configuring incomplete, errors occurred!
[0.040s] See also "/home/krawus/Studies/MAPR/lab3/ros2_ws/build/pcl_msgs/CMakeFiles/CMakeOutput.log".
[0.042s] Invoked command in '/home/krawus/Studies/MAPR/lab3/ros2_ws/build/pcl_msgs' returned '1': /usr/bin/cmake /home/krawus/Studies/MAPR/lab3/ros2_ws/src/pcl_msgs -DCMAKE_INSTALL_PREFIX=/home/krawus/Studies/MAPR/lab3/ros2_ws/install/pcl_msgs
