[0.748s] Invoking command in '/home/krawus/Studies/MAPR/lab5/build/mapr_5_student': PYTHONPATH=/home/krawus/Studies/MAPR/lab5/build/mapr_5_student/prefix_override:/home/krawus/Studies/MAPR/lab5/install/mapr_5_student/lib/python3.10/site-packages:${PYTHONPATH} /usr/bin/python3 setup.py develop --uninstall --editable --build-directory /home/krawus/Studies/MAPR/lab5/build/mapr_5_student/build
[1.047s] running develop
[1.047s] /home/krawus/.local/lib/python3.10/site-packages/setuptools/command/easy_install.py:144: EasyInstallDeprecationWarning: easy_install command is deprecated. Use build and pip and other standards-based tools.
[1.047s]   warnings.warn(
[1.071s] /home/krawus/.local/lib/python3.10/site-packages/setuptools/command/install.py:34: SetuptoolsDeprecationWarning: setup.py install is deprecated. Use build and pip and other standards-based tools.
[1.072s]   warnings.warn(
[1.280s] Invoked command in '/home/krawus/Studies/MAPR/lab5/build/mapr_5_student' returned '0': PYTHONPATH=/home/krawus/Studies/MAPR/lab5/build/mapr_5_student/prefix_override:/home/krawus/Studies/MAPR/lab5/install/mapr_5_student/lib/python3.10/site-packages:${PYTHONPATH} /usr/bin/python3 setup.py develop --uninstall --editable --build-directory /home/krawus/Studies/MAPR/lab5/build/mapr_5_student/build
[1.282s] Invoking command in '/home/krawus/Studies/MAPR/lab5/src/mapr_5_student': PYTHONPATH=/home/krawus/Studies/MAPR/lab5/build/mapr_5_student/prefix_override:/home/krawus/Studies/MAPR/lab5/install/mapr_5_student/lib/python3.10/site-packages:${PYTHONPATH} /usr/bin/python3 setup.py egg_info --egg-base ../../build/mapr_5_student build --build-base /home/krawus/Studies/MAPR/lab5/build/mapr_5_student/build install --record /home/krawus/Studies/MAPR/lab5/build/mapr_5_student/install.log --single-version-externally-managed
[1.485s] running egg_info
[1.496s] writing ../../build/mapr_5_student/mapr_5_student.egg-info/PKG-INFO
[1.496s] writing dependency_links to ../../build/mapr_5_student/mapr_5_student.egg-info/dependency_links.txt
[1.497s] writing entry points to ../../build/mapr_5_student/mapr_5_student.egg-info/entry_points.txt
[1.497s] writing requirements to ../../build/mapr_5_student/mapr_5_student.egg-info/requires.txt
[1.497s] writing top-level names to ../../build/mapr_5_student/mapr_5_student.egg-info/top_level.txt
[1.532s] reading manifest file '../../build/mapr_5_student/mapr_5_student.egg-info/SOURCES.txt'
[1.534s] writing manifest file '../../build/mapr_5_student/mapr_5_student.egg-info/SOURCES.txt'
[1.534s] running build
[1.534s] running build_py
[1.534s] copying mapr_5_student/astar.py -> /home/krawus/Studies/MAPR/lab5/build/mapr_5_student/build/lib/mapr_5_student
[1.535s] running install
[1.535s] /home/krawus/.local/lib/python3.10/site-packages/setuptools/command/install.py:34: SetuptoolsDeprecationWarning: setup.py install is deprecated. Use build and pip and other standards-based tools.
[1.535s]   warnings.warn(
[1.541s] running install_lib
[1.553s] copying /home/krawus/Studies/MAPR/lab5/build/mapr_5_student/build/lib/mapr_5_student/astar.py -> /home/krawus/Studies/MAPR/lab5/install/mapr_5_student/lib/python3.10/site-packages/mapr_5_student
[1.553s] byte-compiling /home/krawus/Studies/MAPR/lab5/install/mapr_5_student/lib/python3.10/site-packages/mapr_5_student/astar.py to astar.cpython-310.pyc
[1.554s] running install_data
[1.566s] running install_egg_info
[1.579s] removing '/home/krawus/Studies/MAPR/lab5/install/mapr_5_student/lib/python3.10/site-packages/mapr_5_student-1.0.0-py3.10.egg-info' (and everything under it)
[1.579s] Copying ../../build/mapr_5_student/mapr_5_student.egg-info to /home/krawus/Studies/MAPR/lab5/install/mapr_5_student/lib/python3.10/site-packages/mapr_5_student-1.0.0-py3.10.egg-info
[1.580s] running install_scripts
[1.747s] Installing astar script to /home/krawus/Studies/MAPR/lab5/install/mapr_5_student/lib/mapr_5_student
[1.747s] Installing points script to /home/krawus/Studies/MAPR/lab5/install/mapr_5_student/lib/mapr_5_student
[1.747s] writing list of installed files to '/home/krawus/Studies/MAPR/lab5/build/mapr_5_student/install.log'
[1.769s] Invoked command in '/home/krawus/Studies/MAPR/lab5/src/mapr_5_student' returned '0': PYTHONPATH=/home/krawus/Studies/MAPR/lab5/build/mapr_5_student/prefix_override:/home/krawus/Studies/MAPR/lab5/install/mapr_5_student/lib/python3.10/site-packages:${PYTHONPATH} /usr/bin/python3 setup.py egg_info --egg-base ../../build/mapr_5_student build --build-base /home/krawus/Studies/MAPR/lab5/build/mapr_5_student/build install --record /home/krawus/Studies/MAPR/lab5/build/mapr_5_student/install.log --single-version-externally-managed
