[0.272s] DEBUG:colcon:Command line arguments: ['/usr/bin/colcon', 'build']
[0.272s] DEBUG:colcon:Parsed command line arguments: Namespace(log_base=None, log_level=None, verb_name='build', build_base='build', install_base='install', merge_install=False, symlink_install=False, test_result_base=None, continue_on_error=False, executor='parallel', parallel_workers=8, event_handlers=None, ignore_user_meta=False, metas=['./colcon.meta'], base_paths=['.'], packages_ignore=None, packages_ignore_regex=None, paths=None, packages_up_to=None, packages_up_to_regex=None, packages_above=None, packages_above_and_dependencies=None, packages_above_depth=None, packages_select_by_dep=None, packages_skip_by_dep=None, packages_skip_up_to=None, packages_select_build_failed=False, packages_skip_build_finished=False, packages_select_test_failures=False, packages_skip_test_passed=False, packages_select=None, packages_skip=None, packages_select_regex=None, packages_skip_regex=None, packages_start=None, packages_end=None, allow_overriding=[], cmake_args=None, cmake_target=None, cmake_target_skip_unavailable=False, cmake_clean_cache=False, cmake_clean_first=False, cmake_force_configure=False, ament_cmake_args=None, catkin_cmake_args=None, catkin_skip_building_tests=False, verb_parser=<colcon_defaults.argument_parser.defaults.DefaultArgumentsDecorator object at 0x7ff40b36e680>, verb_extension=<colcon_core.verb.build.BuildVerb object at 0x7ff40bb5fd00>, main=<bound method BuildVerb.main of <colcon_core.verb.build.BuildVerb object at 0x7ff40bb5fd00>>)
[0.301s] Level 1:colcon.colcon_core.package_discovery:discover_packages(colcon_meta) check parameters
[0.301s] Level 1:colcon.colcon_core.package_discovery:discover_packages(recursive) check parameters
[0.301s] Level 1:colcon.colcon_core.package_discovery:discover_packages(ignore) check parameters
[0.301s] Level 1:colcon.colcon_core.package_discovery:discover_packages(path) check parameters
[0.301s] Level 1:colcon.colcon_core.package_discovery:discover_packages(colcon_meta) discover
[0.301s] Level 1:colcon.colcon_core.package_discovery:discover_packages(recursive) discover
[0.301s] INFO:colcon.colcon_core.package_discovery:Crawling recursively for packages in '/home/krawus/Studies/MAPR/lab2/ros2_ws'
[0.301s] Level 1:colcon.colcon_core.package_identification:_identify(.) by extensions ['ignore', 'ignore_ament_install']
[0.301s] Level 1:colcon.colcon_core.package_identification:_identify(.) by extension 'ignore'
[0.301s] Level 1:colcon.colcon_core.package_identification:_identify(.) by extension 'ignore_ament_install'
[0.301s] Level 1:colcon.colcon_core.package_identification:_identify(.) by extensions ['colcon_pkg']
[0.301s] Level 1:colcon.colcon_core.package_identification:_identify(.) by extension 'colcon_pkg'
[0.301s] Level 1:colcon.colcon_core.package_identification:_identify(.) by extensions ['colcon_meta']
[0.301s] Level 1:colcon.colcon_core.package_identification:_identify(.) by extension 'colcon_meta'
[0.301s] Level 1:colcon.colcon_core.package_identification:_identify(.) by extensions ['ros']
[0.301s] Level 1:colcon.colcon_core.package_identification:_identify(.) by extension 'ros'
[0.311s] Level 1:colcon.colcon_core.package_identification:_identify(.) by extensions ['cmake', 'python']
[0.311s] Level 1:colcon.colcon_core.package_identification:_identify(.) by extension 'cmake'
[0.311s] Level 1:colcon.colcon_core.package_identification:_identify(.) by extension 'python'
[0.312s] Level 1:colcon.colcon_core.package_identification:_identify(.) by extensions ['python_setup_py']
[0.312s] Level 1:colcon.colcon_core.package_identification:_identify(.) by extension 'python_setup_py'
[0.312s] Level 1:colcon.colcon_core.package_identification:_identify(build) by extensions ['ignore', 'ignore_ament_install']
[0.312s] Level 1:colcon.colcon_core.package_identification:_identify(build) by extension 'ignore'
[0.312s] Level 1:colcon.colcon_core.package_identification:_identify(build) ignored
[0.312s] Level 1:colcon.colcon_core.package_identification:_identify(install) by extensions ['ignore', 'ignore_ament_install']
[0.312s] Level 1:colcon.colcon_core.package_identification:_identify(install) by extension 'ignore'
[0.312s] Level 1:colcon.colcon_core.package_identification:_identify(install) ignored
[0.312s] Level 1:colcon.colcon_core.package_identification:_identify(log) by extensions ['ignore', 'ignore_ament_install']
[0.312s] Level 1:colcon.colcon_core.package_identification:_identify(log) by extension 'ignore'
[0.312s] Level 1:colcon.colcon_core.package_identification:_identify(log) ignored
[0.312s] Level 1:colcon.colcon_core.package_identification:_identify(src) by extensions ['ignore', 'ignore_ament_install']
[0.312s] Level 1:colcon.colcon_core.package_identification:_identify(src) by extension 'ignore'
[0.312s] Level 1:colcon.colcon_core.package_identification:_identify(src) by extension 'ignore_ament_install'
[0.312s] Level 1:colcon.colcon_core.package_identification:_identify(src) by extensions ['colcon_pkg']
[0.312s] Level 1:colcon.colcon_core.package_identification:_identify(src) by extension 'colcon_pkg'
[0.313s] Level 1:colcon.colcon_core.package_identification:_identify(src) by extensions ['colcon_meta']
[0.313s] Level 1:colcon.colcon_core.package_identification:_identify(src) by extension 'colcon_meta'
[0.313s] Level 1:colcon.colcon_core.package_identification:_identify(src) by extensions ['ros']
[0.313s] Level 1:colcon.colcon_core.package_identification:_identify(src) by extension 'ros'
[0.313s] Level 1:colcon.colcon_core.package_identification:_identify(src) by extensions ['cmake', 'python']
[0.313s] Level 1:colcon.colcon_core.package_identification:_identify(src) by extension 'cmake'
[0.313s] Level 1:colcon.colcon_core.package_identification:_identify(src) by extension 'python'
[0.313s] Level 1:colcon.colcon_core.package_identification:_identify(src) by extensions ['python_setup_py']
[0.313s] Level 1:colcon.colcon_core.package_identification:_identify(src) by extension 'python_setup_py'
[0.313s] Level 1:colcon.colcon_core.package_identification:_identify(src/example_maps) by extensions ['ignore', 'ignore_ament_install']
[0.313s] Level 1:colcon.colcon_core.package_identification:_identify(src/example_maps) by extension 'ignore'
[0.313s] Level 1:colcon.colcon_core.package_identification:_identify(src/example_maps) by extension 'ignore_ament_install'
[0.313s] Level 1:colcon.colcon_core.package_identification:_identify(src/example_maps) by extensions ['colcon_pkg']
[0.313s] Level 1:colcon.colcon_core.package_identification:_identify(src/example_maps) by extension 'colcon_pkg'
[0.313s] Level 1:colcon.colcon_core.package_identification:_identify(src/example_maps) by extensions ['colcon_meta']
[0.313s] Level 1:colcon.colcon_core.package_identification:_identify(src/example_maps) by extension 'colcon_meta'
[0.313s] Level 1:colcon.colcon_core.package_identification:_identify(src/example_maps) by extensions ['ros']
[0.313s] Level 1:colcon.colcon_core.package_identification:_identify(src/example_maps) by extension 'ros'
[0.315s] DEBUG:colcon.colcon_core.package_identification:Package 'src/example_maps' with type 'ros.ament_cmake' and name 'example_maps'
[0.315s] Level 1:colcon.colcon_core.package_identification:_identify(src/map_manipulation) by extensions ['ignore', 'ignore_ament_install']
[0.315s] Level 1:colcon.colcon_core.package_identification:_identify(src/map_manipulation) by extension 'ignore'
[0.315s] Level 1:colcon.colcon_core.package_identification:_identify(src/map_manipulation) by extension 'ignore_ament_install'
[0.315s] Level 1:colcon.colcon_core.package_identification:_identify(src/map_manipulation) by extensions ['colcon_pkg']
[0.316s] Level 1:colcon.colcon_core.package_identification:_identify(src/map_manipulation) by extension 'colcon_pkg'
[0.316s] Level 1:colcon.colcon_core.package_identification:_identify(src/map_manipulation) by extensions ['colcon_meta']
[0.316s] Level 1:colcon.colcon_core.package_identification:_identify(src/map_manipulation) by extension 'colcon_meta'
[0.316s] Level 1:colcon.colcon_core.package_identification:_identify(src/map_manipulation) by extensions ['ros']
[0.316s] Level 1:colcon.colcon_core.package_identification:_identify(src/map_manipulation) by extension 'ros'
[0.316s] DEBUG:colcon.colcon_core.package_identification:Package 'src/map_manipulation' with type 'ros.ament_python' and name 'map_manipulation'
[0.316s] Level 1:colcon.colcon_core.package_discovery:discover_packages(recursive) using defaults
[0.316s] Level 1:colcon.colcon_core.package_discovery:discover_packages(ignore) discover
[0.316s] Level 1:colcon.colcon_core.package_discovery:discover_packages(ignore) using defaults
[0.316s] Level 1:colcon.colcon_core.package_discovery:discover_packages(path) discover
[0.316s] Level 1:colcon.colcon_core.package_discovery:discover_packages(path) using defaults
[0.337s] Level 1:colcon.colcon_core.package_discovery:discover_packages(prefix_path) check parameters
[0.337s] Level 1:colcon.colcon_core.package_discovery:discover_packages(prefix_path) discover
[0.339s] DEBUG:colcon.colcon_installed_package_information.package_discovery:Found 2 installed packages in /home/krawus/Studies/MAPR/lab2/ros2_ws/install
[0.341s] DEBUG:colcon.colcon_installed_package_information.package_discovery:Found 314 installed packages in /opt/ros/humble
[0.343s] Level 1:colcon.colcon_core.package_discovery:discover_packages(prefix_path) using defaults
[0.400s] Level 5:colcon.colcon_core.verb:set package 'example_maps' build argument 'cmake_args' from command line to 'None'
[0.400s] Level 5:colcon.colcon_core.verb:set package 'example_maps' build argument 'cmake_target' from command line to 'None'
[0.400s] Level 5:colcon.colcon_core.verb:set package 'example_maps' build argument 'cmake_target_skip_unavailable' from command line to 'False'
[0.400s] Level 5:colcon.colcon_core.verb:set package 'example_maps' build argument 'cmake_clean_cache' from command line to 'False'
[0.400s] Level 5:colcon.colcon_core.verb:set package 'example_maps' build argument 'cmake_clean_first' from command line to 'False'
[0.400s] Level 5:colcon.colcon_core.verb:set package 'example_maps' build argument 'cmake_force_configure' from command line to 'False'
[0.400s] Level 5:colcon.colcon_core.verb:set package 'example_maps' build argument 'ament_cmake_args' from command line to 'None'
[0.400s] Level 5:colcon.colcon_core.verb:set package 'example_maps' build argument 'catkin_cmake_args' from command line to 'None'
[0.400s] Level 5:colcon.colcon_core.verb:set package 'example_maps' build argument 'catkin_skip_building_tests' from command line to 'False'
[0.400s] DEBUG:colcon.colcon_core.verb:Building package 'example_maps' with the following arguments: {'ament_cmake_args': None, 'build_base': '/home/krawus/Studies/MAPR/lab2/ros2_ws/build/example_maps', 'catkin_cmake_args': None, 'catkin_skip_building_tests': False, 'cmake_args': None, 'cmake_clean_cache': False, 'cmake_clean_first': False, 'cmake_force_configure': False, 'cmake_target': None, 'cmake_target_skip_unavailable': False, 'install_base': '/home/krawus/Studies/MAPR/lab2/ros2_ws/install/example_maps', 'merge_install': False, 'path': '/home/krawus/Studies/MAPR/lab2/ros2_ws/src/example_maps', 'symlink_install': False, 'test_result_base': None}
[0.401s] Level 5:colcon.colcon_core.verb:set package 'map_manipulation' build argument 'cmake_args' from command line to 'None'
[0.401s] Level 5:colcon.colcon_core.verb:set package 'map_manipulation' build argument 'cmake_target' from command line to 'None'
[0.401s] Level 5:colcon.colcon_core.verb:set package 'map_manipulation' build argument 'cmake_target_skip_unavailable' from command line to 'False'
[0.401s] Level 5:colcon.colcon_core.verb:set package 'map_manipulation' build argument 'cmake_clean_cache' from command line to 'False'
[0.401s] Level 5:colcon.colcon_core.verb:set package 'map_manipulation' build argument 'cmake_clean_first' from command line to 'False'
[0.401s] Level 5:colcon.colcon_core.verb:set package 'map_manipulation' build argument 'cmake_force_configure' from command line to 'False'
[0.401s] Level 5:colcon.colcon_core.verb:set package 'map_manipulation' build argument 'ament_cmake_args' from command line to 'None'
[0.401s] Level 5:colcon.colcon_core.verb:set package 'map_manipulation' build argument 'catkin_cmake_args' from command line to 'None'
[0.401s] Level 5:colcon.colcon_core.verb:set package 'map_manipulation' build argument 'catkin_skip_building_tests' from command line to 'False'
[0.401s] DEBUG:colcon.colcon_core.verb:Building package 'map_manipulation' with the following arguments: {'ament_cmake_args': None, 'build_base': '/home/krawus/Studies/MAPR/lab2/ros2_ws/build/map_manipulation', 'catkin_cmake_args': None, 'catkin_skip_building_tests': False, 'cmake_args': None, 'cmake_clean_cache': False, 'cmake_clean_first': False, 'cmake_force_configure': False, 'cmake_target': None, 'cmake_target_skip_unavailable': False, 'install_base': '/home/krawus/Studies/MAPR/lab2/ros2_ws/install/map_manipulation', 'merge_install': False, 'path': '/home/krawus/Studies/MAPR/lab2/ros2_ws/src/map_manipulation', 'symlink_install': False, 'test_result_base': None}
[0.402s] INFO:colcon.colcon_core.executor:Executing jobs using 'parallel' executor
[0.405s] DEBUG:colcon.colcon_parallel_executor.executor.parallel:run_until_complete
[0.405s] INFO:colcon.colcon_ros.task.ament_cmake.build:Building ROS package in '/home/krawus/Studies/MAPR/lab2/ros2_ws/src/example_maps' with build type 'ament_cmake'
[0.405s] INFO:colcon.colcon_cmake.task.cmake.build:Building CMake package in '/home/krawus/Studies/MAPR/lab2/ros2_ws/src/example_maps'
[0.409s] INFO:colcon.colcon_core.plugin_system:Skipping extension 'colcon_core.shell.bat': Not used on non-Windows systems
[0.409s] INFO:colcon.colcon_core.shell:Skip shell extension 'powershell' for command environment: Not usable outside of PowerShell
[0.409s] DEBUG:colcon.colcon_core.shell:Skip shell extension 'dsv' for command environment
[0.413s] INFO:colcon.colcon_ros.task.ament_python.build:Building ROS package in '/home/krawus/Studies/MAPR/lab2/ros2_ws/src/map_manipulation' with build type 'ament_python'
[0.413s] Level 1:colcon.colcon_core.shell:create_environment_hook('map_manipulation', 'ament_prefix_path')
[0.415s] INFO:colcon.colcon_core.shell:Creating environment hook '/home/krawus/Studies/MAPR/lab2/ros2_ws/install/map_manipulation/share/map_manipulation/hook/ament_prefix_path.ps1'
[0.415s] INFO:colcon.colcon_core.shell:Creating environment descriptor '/home/krawus/Studies/MAPR/lab2/ros2_ws/install/map_manipulation/share/map_manipulation/hook/ament_prefix_path.dsv'
[0.416s] INFO:colcon.colcon_core.shell:Creating environment hook '/home/krawus/Studies/MAPR/lab2/ros2_ws/install/map_manipulation/share/map_manipulation/hook/ament_prefix_path.sh'
[0.418s] INFO:colcon.colcon_core.shell:Skip shell extension 'powershell' for command environment: Not usable outside of PowerShell
[0.418s] DEBUG:colcon.colcon_core.shell:Skip shell extension 'dsv' for command environment
[0.428s] DEBUG:colcon.colcon_core.event_handler.log_command:Invoking command in '/home/krawus/Studies/MAPR/lab2/ros2_ws/build/example_maps': CMAKE_PREFIX_PATH=${CMAKE_PREFIX_PATH}:/home/krawus/Studies/MAPR/lab2/ros2_ws/install/map_manipulation:/opt/ros/humble /usr/bin/cmake --build /home/krawus/Studies/MAPR/lab2/ros2_ws/build/example_maps -- -j8 -l8
[0.648s] INFO:colcon.colcon_core.task.python.build:Building Python package in '/home/krawus/Studies/MAPR/lab2/ros2_ws/src/map_manipulation'
[0.649s] INFO:colcon.colcon_core.shell:Skip shell extension 'powershell' for command environment: Not usable outside of PowerShell
[0.649s] DEBUG:colcon.colcon_core.shell:Skip shell extension 'dsv' for command environment
[0.654s] DEBUG:colcon.colcon_core.event_handler.log_command:Invoked command in '/home/krawus/Studies/MAPR/lab2/ros2_ws/build/example_maps' returned '0': CMAKE_PREFIX_PATH=${CMAKE_PREFIX_PATH}:/home/krawus/Studies/MAPR/lab2/ros2_ws/install/map_manipulation:/opt/ros/humble /usr/bin/cmake --build /home/krawus/Studies/MAPR/lab2/ros2_ws/build/example_maps -- -j8 -l8
[0.684s] DEBUG:colcon.colcon_core.event_handler.log_command:Invoking command in '/home/krawus/Studies/MAPR/lab2/ros2_ws/build/example_maps': CMAKE_PREFIX_PATH=${CMAKE_PREFIX_PATH}:/home/krawus/Studies/MAPR/lab2/ros2_ws/install/map_manipulation:/opt/ros/humble /usr/bin/cmake --install /home/krawus/Studies/MAPR/lab2/ros2_ws/build/example_maps
[0.707s] Level 1:colcon.colcon_core.environment:create_environment_scripts_only(example_maps)
[0.708s] DEBUG:colcon.colcon_core.event_handler.log_command:Invoked command in '/home/krawus/Studies/MAPR/lab2/ros2_ws/build/example_maps' returned '0': CMAKE_PREFIX_PATH=${CMAKE_PREFIX_PATH}:/home/krawus/Studies/MAPR/lab2/ros2_ws/install/map_manipulation:/opt/ros/humble /usr/bin/cmake --install /home/krawus/Studies/MAPR/lab2/ros2_ws/build/example_maps
[0.712s] Level 1:colcon.colcon_core.environment:checking '/home/krawus/Studies/MAPR/lab2/ros2_ws/install/example_maps' for CMake module files
[0.712s] Level 1:colcon.colcon_core.environment:checking '/home/krawus/Studies/MAPR/lab2/ros2_ws/install/example_maps' for CMake config files
[0.712s] Level 1:colcon.colcon_core.shell:create_environment_hook('example_maps', 'cmake_prefix_path')
[0.713s] INFO:colcon.colcon_core.shell:Creating environment hook '/home/krawus/Studies/MAPR/lab2/ros2_ws/install/example_maps/share/example_maps/hook/cmake_prefix_path.ps1'
[0.714s] INFO:colcon.colcon_core.shell:Creating environment descriptor '/home/krawus/Studies/MAPR/lab2/ros2_ws/install/example_maps/share/example_maps/hook/cmake_prefix_path.dsv'
[0.714s] INFO:colcon.colcon_core.shell:Creating environment hook '/home/krawus/Studies/MAPR/lab2/ros2_ws/install/example_maps/share/example_maps/hook/cmake_prefix_path.sh'
[0.715s] Level 1:colcon.colcon_core.environment:checking '/home/krawus/Studies/MAPR/lab2/ros2_ws/install/example_maps/bin'
[0.715s] Level 1:colcon.colcon_core.environment:checking '/home/krawus/Studies/MAPR/lab2/ros2_ws/install/example_maps/lib/pkgconfig/example_maps.pc'
[0.715s] Level 1:colcon.colcon_core.environment:checking '/home/krawus/Studies/MAPR/lab2/ros2_ws/install/example_maps/lib/python3.10/site-packages'
[0.715s] Level 1:colcon.colcon_core.environment:checking '/home/krawus/Studies/MAPR/lab2/ros2_ws/install/example_maps/bin'
[0.716s] INFO:colcon.colcon_core.shell:Creating package script '/home/krawus/Studies/MAPR/lab2/ros2_ws/install/example_maps/share/example_maps/package.ps1'
[0.717s] INFO:colcon.colcon_core.shell:Creating package descriptor '/home/krawus/Studies/MAPR/lab2/ros2_ws/install/example_maps/share/example_maps/package.dsv'
[0.717s] INFO:colcon.colcon_core.shell:Creating package script '/home/krawus/Studies/MAPR/lab2/ros2_ws/install/example_maps/share/example_maps/package.sh'
[0.718s] INFO:colcon.colcon_core.shell:Creating package script '/home/krawus/Studies/MAPR/lab2/ros2_ws/install/example_maps/share/example_maps/package.bash'
[0.719s] INFO:colcon.colcon_core.shell:Creating package script '/home/krawus/Studies/MAPR/lab2/ros2_ws/install/example_maps/share/example_maps/package.zsh'
[0.719s] Level 1:colcon.colcon_core.environment:create_file_with_runtime_dependencies(/home/krawus/Studies/MAPR/lab2/ros2_ws/install/example_maps/share/colcon-core/packages/example_maps)
[0.741s] Level 1:colcon.colcon_core.environment:create_environment_scripts_only(example_maps)
[0.743s] Level 1:colcon.colcon_core.environment:checking '/home/krawus/Studies/MAPR/lab2/ros2_ws/install/example_maps' for CMake module files
[0.743s] Level 1:colcon.colcon_core.environment:checking '/home/krawus/Studies/MAPR/lab2/ros2_ws/install/example_maps' for CMake config files
[0.743s] Level 1:colcon.colcon_core.shell:create_environment_hook('example_maps', 'cmake_prefix_path')
[0.745s] INFO:colcon.colcon_core.shell:Creating environment hook '/home/krawus/Studies/MAPR/lab2/ros2_ws/install/example_maps/share/example_maps/hook/cmake_prefix_path.ps1'
[0.745s] INFO:colcon.colcon_core.shell:Creating environment descriptor '/home/krawus/Studies/MAPR/lab2/ros2_ws/install/example_maps/share/example_maps/hook/cmake_prefix_path.dsv'
[0.745s] INFO:colcon.colcon_core.shell:Creating environment hook '/home/krawus/Studies/MAPR/lab2/ros2_ws/install/example_maps/share/example_maps/hook/cmake_prefix_path.sh'
[0.746s] Level 1:colcon.colcon_core.environment:checking '/home/krawus/Studies/MAPR/lab2/ros2_ws/install/example_maps/bin'
[0.746s] Level 1:colcon.colcon_core.environment:checking '/home/krawus/Studies/MAPR/lab2/ros2_ws/install/example_maps/lib/pkgconfig/example_maps.pc'
[0.746s] Level 1:colcon.colcon_core.environment:checking '/home/krawus/Studies/MAPR/lab2/ros2_ws/install/example_maps/lib/python3.10/site-packages'
[0.746s] Level 1:colcon.colcon_core.environment:checking '/home/krawus/Studies/MAPR/lab2/ros2_ws/install/example_maps/bin'
[0.747s] INFO:colcon.colcon_core.shell:Creating package script '/home/krawus/Studies/MAPR/lab2/ros2_ws/install/example_maps/share/example_maps/package.ps1'
[0.748s] INFO:colcon.colcon_core.shell:Creating package descriptor '/home/krawus/Studies/MAPR/lab2/ros2_ws/install/example_maps/share/example_maps/package.dsv'
[0.748s] INFO:colcon.colcon_core.shell:Creating package script '/home/krawus/Studies/MAPR/lab2/ros2_ws/install/example_maps/share/example_maps/package.sh'
[0.749s] INFO:colcon.colcon_core.shell:Creating package script '/home/krawus/Studies/MAPR/lab2/ros2_ws/install/example_maps/share/example_maps/package.bash'
[0.749s] INFO:colcon.colcon_core.shell:Creating package script '/home/krawus/Studies/MAPR/lab2/ros2_ws/install/example_maps/share/example_maps/package.zsh'
[0.749s] Level 1:colcon.colcon_core.environment:create_file_with_runtime_dependencies(/home/krawus/Studies/MAPR/lab2/ros2_ws/install/example_maps/share/colcon-core/packages/example_maps)
[0.958s] DEBUG:colcon.colcon_core.event_handler.log_command:Invoking command in '/home/krawus/Studies/MAPR/lab2/ros2_ws/build/map_manipulation': PYTHONPATH=/home/krawus/Studies/MAPR/lab2/ros2_ws/build/map_manipulation/prefix_override:/home/krawus/Studies/MAPR/lab2/ros2_ws/install/map_manipulation/lib/python3.10/site-packages:${PYTHONPATH} /usr/bin/python3 setup.py develop --uninstall --editable --build-directory /home/krawus/Studies/MAPR/lab2/ros2_ws/build/map_manipulation/build
[1.333s] DEBUG:colcon.colcon_core.event_handler.log_command:Invoked command in '/home/krawus/Studies/MAPR/lab2/ros2_ws/build/map_manipulation' returned '0': PYTHONPATH=/home/krawus/Studies/MAPR/lab2/ros2_ws/build/map_manipulation/prefix_override:/home/krawus/Studies/MAPR/lab2/ros2_ws/install/map_manipulation/lib/python3.10/site-packages:${PYTHONPATH} /usr/bin/python3 setup.py develop --uninstall --editable --build-directory /home/krawus/Studies/MAPR/lab2/ros2_ws/build/map_manipulation/build
[1.335s] DEBUG:colcon.colcon_core.event_handler.log_command:Invoking command in '/home/krawus/Studies/MAPR/lab2/ros2_ws/src/map_manipulation': PYTHONPATH=/home/krawus/Studies/MAPR/lab2/ros2_ws/build/map_manipulation/prefix_override:/home/krawus/Studies/MAPR/lab2/ros2_ws/install/map_manipulation/lib/python3.10/site-packages:${PYTHONPATH} /usr/bin/python3 setup.py egg_info --egg-base ../../build/map_manipulation build --build-base /home/krawus/Studies/MAPR/lab2/ros2_ws/build/map_manipulation/build install --record /home/krawus/Studies/MAPR/lab2/ros2_ws/build/map_manipulation/install.log --single-version-externally-managed
[1.584s] Level 1:colcon.colcon_core.environment:checking '/home/krawus/Studies/MAPR/lab2/ros2_ws/install/map_manipulation' for CMake module files
[1.584s] DEBUG:colcon.colcon_core.event_handler.log_command:Invoked command in '/home/krawus/Studies/MAPR/lab2/ros2_ws/src/map_manipulation' returned '0': PYTHONPATH=/home/krawus/Studies/MAPR/lab2/ros2_ws/build/map_manipulation/prefix_override:/home/krawus/Studies/MAPR/lab2/ros2_ws/install/map_manipulation/lib/python3.10/site-packages:${PYTHONPATH} /usr/bin/python3 setup.py egg_info --egg-base ../../build/map_manipulation build --build-base /home/krawus/Studies/MAPR/lab2/ros2_ws/build/map_manipulation/build install --record /home/krawus/Studies/MAPR/lab2/ros2_ws/build/map_manipulation/install.log --single-version-externally-managed
[1.585s] Level 1:colcon.colcon_core.environment:checking '/home/krawus/Studies/MAPR/lab2/ros2_ws/install/map_manipulation' for CMake config files
[1.585s] Level 1:colcon.colcon_core.environment:checking '/home/krawus/Studies/MAPR/lab2/ros2_ws/install/map_manipulation/lib'
[1.585s] Level 1:colcon.colcon_core.environment:checking '/home/krawus/Studies/MAPR/lab2/ros2_ws/install/map_manipulation/bin'
[1.585s] Level 1:colcon.colcon_core.environment:checking '/home/krawus/Studies/MAPR/lab2/ros2_ws/install/map_manipulation/lib/pkgconfig/map_manipulation.pc'
[1.586s] Level 1:colcon.colcon_core.environment:checking '/home/krawus/Studies/MAPR/lab2/ros2_ws/install/map_manipulation/lib/python3.10/site-packages'
[1.586s] Level 1:colcon.colcon_core.shell:create_environment_hook('map_manipulation', 'pythonpath')
[1.587s] INFO:colcon.colcon_core.shell:Creating environment hook '/home/krawus/Studies/MAPR/lab2/ros2_ws/install/map_manipulation/share/map_manipulation/hook/pythonpath.ps1'
[1.587s] INFO:colcon.colcon_core.shell:Creating environment descriptor '/home/krawus/Studies/MAPR/lab2/ros2_ws/install/map_manipulation/share/map_manipulation/hook/pythonpath.dsv'
[1.587s] INFO:colcon.colcon_core.shell:Creating environment hook '/home/krawus/Studies/MAPR/lab2/ros2_ws/install/map_manipulation/share/map_manipulation/hook/pythonpath.sh'
[1.588s] Level 1:colcon.colcon_core.environment:checking '/home/krawus/Studies/MAPR/lab2/ros2_ws/install/map_manipulation/bin'
[1.588s] Level 1:colcon.colcon_core.environment:create_environment_scripts_only(map_manipulation)
[1.589s] INFO:colcon.colcon_core.shell:Creating package script '/home/krawus/Studies/MAPR/lab2/ros2_ws/install/map_manipulation/share/map_manipulation/package.ps1'
[1.590s] INFO:colcon.colcon_core.shell:Creating package descriptor '/home/krawus/Studies/MAPR/lab2/ros2_ws/install/map_manipulation/share/map_manipulation/package.dsv'
[1.590s] INFO:colcon.colcon_core.shell:Creating package script '/home/krawus/Studies/MAPR/lab2/ros2_ws/install/map_manipulation/share/map_manipulation/package.sh'
[1.590s] INFO:colcon.colcon_core.shell:Creating package script '/home/krawus/Studies/MAPR/lab2/ros2_ws/install/map_manipulation/share/map_manipulation/package.bash'
[1.591s] INFO:colcon.colcon_core.shell:Creating package script '/home/krawus/Studies/MAPR/lab2/ros2_ws/install/map_manipulation/share/map_manipulation/package.zsh'
[1.591s] Level 1:colcon.colcon_core.environment:create_file_with_runtime_dependencies(/home/krawus/Studies/MAPR/lab2/ros2_ws/install/map_manipulation/share/colcon-core/packages/map_manipulation)
[1.591s] DEBUG:colcon.colcon_parallel_executor.executor.parallel:closing loop
[1.591s] DEBUG:colcon.colcon_parallel_executor.executor.parallel:loop closed
[1.591s] DEBUG:colcon.colcon_parallel_executor.executor.parallel:run_until_complete finished with '0'
[1.591s] DEBUG:colcon.colcon_core.event_reactor:joining thread
[1.596s] INFO:colcon.colcon_core.plugin_system:Skipping extension 'colcon_notification.desktop_notification.notify_send': Could not find 'notify-send'
[1.596s] INFO:colcon.colcon_core.plugin_system:Skipping extension 'colcon_notification.desktop_notification.terminal_notifier': Not used on non-Darwin systems
[1.596s] INFO:colcon.colcon_core.plugin_system:Skipping extension 'colcon_notification.desktop_notification.win32': Not used on non-Windows systems
[1.596s] INFO:colcon.colcon_notification.desktop_notification:Sending desktop notification using 'notify2'
[1.604s] DEBUG:colcon.colcon_core.event_reactor:joined thread
[1.607s] INFO:colcon.colcon_core.shell:Creating prefix script '/home/krawus/Studies/MAPR/lab2/ros2_ws/install/local_setup.ps1'
[1.608s] INFO:colcon.colcon_core.shell:Creating prefix util module '/home/krawus/Studies/MAPR/lab2/ros2_ws/install/_local_setup_util_ps1.py'
[1.610s] INFO:colcon.colcon_core.shell:Creating prefix chain script '/home/krawus/Studies/MAPR/lab2/ros2_ws/install/setup.ps1'
[1.611s] INFO:colcon.colcon_core.shell:Creating prefix script '/home/krawus/Studies/MAPR/lab2/ros2_ws/install/local_setup.sh'
[1.612s] INFO:colcon.colcon_core.shell:Creating prefix util module '/home/krawus/Studies/MAPR/lab2/ros2_ws/install/_local_setup_util_sh.py'
[1.612s] INFO:colcon.colcon_core.shell:Creating prefix chain script '/home/krawus/Studies/MAPR/lab2/ros2_ws/install/setup.sh'
[1.614s] INFO:colcon.colcon_core.shell:Creating prefix script '/home/krawus/Studies/MAPR/lab2/ros2_ws/install/local_setup.bash'
[1.615s] INFO:colcon.colcon_core.shell:Creating prefix chain script '/home/krawus/Studies/MAPR/lab2/ros2_ws/install/setup.bash'
[1.616s] INFO:colcon.colcon_core.shell:Creating prefix script '/home/krawus/Studies/MAPR/lab2/ros2_ws/install/local_setup.zsh'
[1.616s] INFO:colcon.colcon_core.shell:Creating prefix chain script '/home/krawus/Studies/MAPR/lab2/ros2_ws/install/setup.zsh'
