[0.146s] Invoking command in '/home/krawus/Studies/MAPR/lab3/ros2_ws/build/pcl_conversions': CMAKE_PREFIX_PATH=/home/krawus/Studies/MAPR/lab3/ros2_ws/install/pcl_msgs:/home/krawus/Studies/MAPR/lab3/ros2_ws/install/perception_pcl:/home/krawus/Studies/MAPR/lab3/ros2_ws/install/pcl_ros:/home/krawus/Studies/MAPR/lab3/ros2_ws/install/octomap_server2:/home/krawus/Studies/MAPR/lab3/ros2_ws/install/pcl_conversions:/home/krawus/Studies/MAPR/lab3/ros2_ws/install/octomap_msgs:/home/krawus/Studies/MAPR/lab3/ros2_ws/install/example_maps:/home/krawus/Studies/MAPR/lab3/ros2_ws/install/path_drawing:/home/krawus/Studies/MAPR/lab3/ros2_ws/install/octomap_manipulation:/opt/ros/humble LD_LIBRARY_PATH=/home/krawus/Studies/MAPR/lab3/ros2_ws/install/pcl_msgs/lib:/home/krawus/Studies/MAPR/lab3/ros2_ws/install/pcl_ros/lib:/home/krawus/Studies/MAPR/lab3/ros2_ws/install/octomap_server2/lib:/home/krawus/Studies/MAPR/lab3/ros2_ws/install/octomap_msgs/lib:/usr/lib/x86_64-linux-gnu/gazebo-11/plugins:/opt/ros/humble/opt/rviz_ogre_vendor/lib:/opt/ros/humble/lib/x86_64-linux-gnu:/opt/ros/humble/lib /usr/bin/cmake --build /home/krawus/Studies/MAPR/lab3/ros2_ws/build/pcl_conversions -- -j8 -l8
[0.941s] [ 33%] Built target gtest_main
[1.473s] [ 66%] Built target gtest
[1.654s] [100%] Built target pcl_conversions-test
[1.768s] Invoked command in '/home/krawus/Studies/MAPR/lab3/ros2_ws/build/pcl_conversions' returned '0': CMAKE_PREFIX_PATH=/home/krawus/Studies/MAPR/lab3/ros2_ws/install/pcl_msgs:/home/krawus/Studies/MAPR/lab3/ros2_ws/install/perception_pcl:/home/krawus/Studies/MAPR/lab3/ros2_ws/install/pcl_ros:/home/krawus/Studies/MAPR/lab3/ros2_ws/install/octomap_server2:/home/krawus/Studies/MAPR/lab3/ros2_ws/install/pcl_conversions:/home/krawus/Studies/MAPR/lab3/ros2_ws/install/octomap_msgs:/home/krawus/Studies/MAPR/lab3/ros2_ws/install/example_maps:/home/krawus/Studies/MAPR/lab3/ros2_ws/install/path_drawing:/home/krawus/Studies/MAPR/lab3/ros2_ws/install/octomap_manipulation:/opt/ros/humble LD_LIBRARY_PATH=/home/krawus/Studies/MAPR/lab3/ros2_ws/install/pcl_msgs/lib:/home/krawus/Studies/MAPR/lab3/ros2_ws/install/pcl_ros/lib:/home/krawus/Studies/MAPR/lab3/ros2_ws/install/octomap_server2/lib:/home/krawus/Studies/MAPR/lab3/ros2_ws/install/octomap_msgs/lib:/usr/lib/x86_64-linux-gnu/gazebo-11/plugins:/opt/ros/humble/opt/rviz_ogre_vendor/lib:/opt/ros/humble/lib/x86_64-linux-gnu:/opt/ros/humble/lib /usr/bin/cmake --build /home/krawus/Studies/MAPR/lab3/ros2_ws/build/pcl_conversions -- -j8 -l8
[2.167s] Invoking command in '/home/krawus/Studies/MAPR/lab3/ros2_ws/build/pcl_conversions': CMAKE_PREFIX_PATH=/home/krawus/Studies/MAPR/lab3/ros2_ws/install/pcl_msgs:/home/krawus/Studies/MAPR/lab3/ros2_ws/install/perception_pcl:/home/krawus/Studies/MAPR/lab3/ros2_ws/install/pcl_ros:/home/krawus/Studies/MAPR/lab3/ros2_ws/install/octomap_server2:/home/krawus/Studies/MAPR/lab3/ros2_ws/install/pcl_conversions:/home/krawus/Studies/MAPR/lab3/ros2_ws/install/octomap_msgs:/home/krawus/Studies/MAPR/lab3/ros2_ws/install/example_maps:/home/krawus/Studies/MAPR/lab3/ros2_ws/install/path_drawing:/home/krawus/Studies/MAPR/lab3/ros2_ws/install/octomap_manipulation:/opt/ros/humble LD_LIBRARY_PATH=/home/krawus/Studies/MAPR/lab3/ros2_ws/install/pcl_msgs/lib:/home/krawus/Studies/MAPR/lab3/ros2_ws/install/pcl_ros/lib:/home/krawus/Studies/MAPR/lab3/ros2_ws/install/octomap_server2/lib:/home/krawus/Studies/MAPR/lab3/ros2_ws/install/octomap_msgs/lib:/usr/lib/x86_64-linux-gnu/gazebo-11/plugins:/opt/ros/humble/opt/rviz_ogre_vendor/lib:/opt/ros/humble/lib/x86_64-linux-gnu:/opt/ros/humble/lib /usr/bin/cmake --install /home/krawus/Studies/MAPR/lab3/ros2_ws/build/pcl_conversions
[2.264s] -- Install configuration: ""
[2.265s] -- Up-to-date: /home/krawus/Studies/MAPR/lab3/ros2_ws/install/pcl_conversions/include/pcl_conversions/
[2.265s] -- Up-to-date: /home/krawus/Studies/MAPR/lab3/ros2_ws/install/pcl_conversions/include/pcl_conversions//pcl_conversions.h
[2.266s] -- Up-to-date: /home/krawus/Studies/MAPR/lab3/ros2_ws/install/pcl_conversions/share/ament_index/resource_index/package_run_dependencies/pcl_conversions
[2.266s] -- Up-to-date: /home/krawus/Studies/MAPR/lab3/ros2_ws/install/pcl_conversions/share/ament_index/resource_index/parent_prefix_path/pcl_conversions
[2.266s] -- Up-to-date: /home/krawus/Studies/MAPR/lab3/ros2_ws/install/pcl_conversions/share/pcl_conversions/environment/ament_prefix_path.sh
[2.266s] -- Up-to-date: /home/krawus/Studies/MAPR/lab3/ros2_ws/install/pcl_conversions/share/pcl_conversions/environment/ament_prefix_path.dsv
[2.267s] -- Up-to-date: /home/krawus/Studies/MAPR/lab3/ros2_ws/install/pcl_conversions/share/pcl_conversions/environment/path.sh
[2.267s] -- Up-to-date: /home/krawus/Studies/MAPR/lab3/ros2_ws/install/pcl_conversions/share/pcl_conversions/environment/path.dsv
[2.267s] -- Up-to-date: /home/krawus/Studies/MAPR/lab3/ros2_ws/install/pcl_conversions/share/pcl_conversions/local_setup.bash
[2.268s] -- Up-to-date: /home/krawus/Studies/MAPR/lab3/ros2_ws/install/pcl_conversions/share/pcl_conversions/local_setup.sh
[2.268s] -- Up-to-date: /home/krawus/Studies/MAPR/lab3/ros2_ws/install/pcl_conversions/share/pcl_conversions/local_setup.zsh
[2.268s] -- Up-to-date: /home/krawus/Studies/MAPR/lab3/ros2_ws/install/pcl_conversions/share/pcl_conversions/local_setup.dsv
[2.268s] -- Installing: /home/krawus/Studies/MAPR/lab3/ros2_ws/install/pcl_conversions/share/pcl_conversions/package.dsv
[2.269s] -- Up-to-date: /home/krawus/Studies/MAPR/lab3/ros2_ws/install/pcl_conversions/share/ament_index/resource_index/packages/pcl_conversions
[2.269s] -- Up-to-date: /home/krawus/Studies/MAPR/lab3/ros2_ws/install/pcl_conversions/share/pcl_conversions/cmake/ament_cmake_export_include_directories-extras.cmake
[2.269s] -- Up-to-date: /home/krawus/Studies/MAPR/lab3/ros2_ws/install/pcl_conversions/share/pcl_conversions/cmake/ament_cmake_export_dependencies-extras.cmake
[2.270s] -- Up-to-date: /home/krawus/Studies/MAPR/lab3/ros2_ws/install/pcl_conversions/share/pcl_conversions/cmake/pcl_conversionsConfig.cmake
[2.282s] -- Up-to-date: /home/krawus/Studies/MAPR/lab3/ros2_ws/install/pcl_conversions/share/pcl_conversions/cmake/pcl_conversionsConfig-version.cmake
[2.282s] -- Up-to-date: /home/krawus/Studies/MAPR/lab3/ros2_ws/install/pcl_conversions/share/pcl_conversions/package.xml
[2.300s] Invoked command in '/home/krawus/Studies/MAPR/lab3/ros2_ws/build/pcl_conversions' returned '0': CMAKE_PREFIX_PATH=/home/krawus/Studies/MAPR/lab3/ros2_ws/install/pcl_msgs:/home/krawus/Studies/MAPR/lab3/ros2_ws/install/perception_pcl:/home/krawus/Studies/MAPR/lab3/ros2_ws/install/pcl_ros:/home/krawus/Studies/MAPR/lab3/ros2_ws/install/octomap_server2:/home/krawus/Studies/MAPR/lab3/ros2_ws/install/pcl_conversions:/home/krawus/Studies/MAPR/lab3/ros2_ws/install/octomap_msgs:/home/krawus/Studies/MAPR/lab3/ros2_ws/install/example_maps:/home/krawus/Studies/MAPR/lab3/ros2_ws/install/path_drawing:/home/krawus/Studies/MAPR/lab3/ros2_ws/install/octomap_manipulation:/opt/ros/humble LD_LIBRARY_PATH=/home/krawus/Studies/MAPR/lab3/ros2_ws/install/pcl_msgs/lib:/home/krawus/Studies/MAPR/lab3/ros2_ws/install/pcl_ros/lib:/home/krawus/Studies/MAPR/lab3/ros2_ws/install/octomap_server2/lib:/home/krawus/Studies/MAPR/lab3/ros2_ws/install/octomap_msgs/lib:/usr/lib/x86_64-linux-gnu/gazebo-11/plugins:/opt/ros/humble/opt/rviz_ogre_vendor/lib:/opt/ros/humble/lib/x86_64-linux-gnu:/opt/ros/humble/lib /usr/bin/cmake --install /home/krawus/Studies/MAPR/lab3/ros2_ws/build/pcl_conversions
