[0.039s] Invoking command in '/home/krawus/Studies/MAPR/lab3/ros2_ws/build/octomap_server2': AMENT_PREFIX_PATH=/home/krawus/Studies/MAPR/lab3/ros2_ws/install/pcl_conversions:/home/krawus/Studies/MAPR/lab3/ros2_ws/install/pcl_msgs:/home/krawus/Studies/MAPR/lab3/ros2_ws/install/octomap_msgs:${AMENT_PREFIX_PATH} CMAKE_PREFIX_PATH=/home/krawus/Studies/MAPR/lab3/ros2_ws/install/pcl_conversions:/home/krawus/Studies/MAPR/lab3/ros2_ws/install/pcl_msgs:/home/krawus/Studies/MAPR/lab3/ros2_ws/install/octomap_msgs:/opt/ros/humble LD_LIBRARY_PATH=/home/krawus/Studies/MAPR/lab3/ros2_ws/install/pcl_msgs/lib:/home/krawus/Studies/MAPR/lab3/ros2_ws/install/octomap_msgs/lib:${LD_LIBRARY_PATH} PYTHONPATH=/home/krawus/Studies/MAPR/lab3/ros2_ws/install/pcl_msgs/local/lib/python3.10/dist-packages:/home/krawus/Studies/MAPR/lab3/ros2_ws/install/octomap_msgs/local/lib/python3.10/dist-packages:${PYTHONPATH} /usr/bin/cmake --build /home/krawus/Studies/MAPR/lab3/ros2_ws/build/octomap_server2 -- -j8 -l8
[0.175s] [ 33%] Built target octomap_server
[0.188s] [100%] Built target octomap_server2
[0.216s] Invoked command in '/home/krawus/Studies/MAPR/lab3/ros2_ws/build/octomap_server2' returned '0': AMENT_PREFIX_PATH=/home/krawus/Studies/MAPR/lab3/ros2_ws/install/pcl_conversions:/home/krawus/Studies/MAPR/lab3/ros2_ws/install/pcl_msgs:/home/krawus/Studies/MAPR/lab3/ros2_ws/install/octomap_msgs:${AMENT_PREFIX_PATH} CMAKE_PREFIX_PATH=/home/krawus/Studies/MAPR/lab3/ros2_ws/install/pcl_conversions:/home/krawus/Studies/MAPR/lab3/ros2_ws/install/pcl_msgs:/home/krawus/Studies/MAPR/lab3/ros2_ws/install/octomap_msgs:/opt/ros/humble LD_LIBRARY_PATH=/home/krawus/Studies/MAPR/lab3/ros2_ws/install/pcl_msgs/lib:/home/krawus/Studies/MAPR/lab3/ros2_ws/install/octomap_msgs/lib:${LD_LIBRARY_PATH} PYTHONPATH=/home/krawus/Studies/MAPR/lab3/ros2_ws/install/pcl_msgs/local/lib/python3.10/dist-packages:/home/krawus/Studies/MAPR/lab3/ros2_ws/install/octomap_msgs/local/lib/python3.10/dist-packages:${PYTHONPATH} /usr/bin/cmake --build /home/krawus/Studies/MAPR/lab3/ros2_ws/build/octomap_server2 -- -j8 -l8
[0.264s] Invoking command in '/home/krawus/Studies/MAPR/lab3/ros2_ws/build/octomap_server2': AMENT_PREFIX_PATH=/home/krawus/Studies/MAPR/lab3/ros2_ws/install/pcl_conversions:/home/krawus/Studies/MAPR/lab3/ros2_ws/install/pcl_msgs:/home/krawus/Studies/MAPR/lab3/ros2_ws/install/octomap_msgs:${AMENT_PREFIX_PATH} CMAKE_PREFIX_PATH=/home/krawus/Studies/MAPR/lab3/ros2_ws/install/pcl_conversions:/home/krawus/Studies/MAPR/lab3/ros2_ws/install/pcl_msgs:/home/krawus/Studies/MAPR/lab3/ros2_ws/install/octomap_msgs:/opt/ros/humble LD_LIBRARY_PATH=/home/krawus/Studies/MAPR/lab3/ros2_ws/install/pcl_msgs/lib:/home/krawus/Studies/MAPR/lab3/ros2_ws/install/octomap_msgs/lib:${LD_LIBRARY_PATH} PYTHONPATH=/home/krawus/Studies/MAPR/lab3/ros2_ws/install/pcl_msgs/local/lib/python3.10/dist-packages:/home/krawus/Studies/MAPR/lab3/ros2_ws/install/octomap_msgs/local/lib/python3.10/dist-packages:${PYTHONPATH} /usr/bin/cmake --install /home/krawus/Studies/MAPR/lab3/ros2_ws/build/octomap_server2
[0.286s] -- Install configuration: ""
[0.288s] -- Up-to-date: /home/krawus/Studies/MAPR/lab3/ros2_ws/install/octomap_server2/lib/octomap_server2/octomap_server
[0.290s] -- Up-to-date: /home/krawus/Studies/MAPR/lab3/ros2_ws/install/octomap_server2/lib/liboctomap_server2.so
[0.291s] -- Up-to-date: /home/krawus/Studies/MAPR/lab3/ros2_ws/install/octomap_server2/share/octomap_server2//launch
[0.291s] -- Up-to-date: /home/krawus/Studies/MAPR/lab3/ros2_ws/install/octomap_server2/share/octomap_server2//launch/octomap_server_launch.py
[0.291s] -- Up-to-date: /home/krawus/Studies/MAPR/lab3/ros2_ws/install/octomap_server2/share/ament_index/resource_index/package_run_dependencies/octomap_server2
[0.291s] -- Up-to-date: /home/krawus/Studies/MAPR/lab3/ros2_ws/install/octomap_server2/share/ament_index/resource_index/parent_prefix_path/octomap_server2
[0.292s] -- Up-to-date: /home/krawus/Studies/MAPR/lab3/ros2_ws/install/octomap_server2/share/octomap_server2/environment/ament_prefix_path.sh
[0.292s] -- Up-to-date: /home/krawus/Studies/MAPR/lab3/ros2_ws/install/octomap_server2/share/octomap_server2/environment/ament_prefix_path.dsv
[0.292s] -- Up-to-date: /home/krawus/Studies/MAPR/lab3/ros2_ws/install/octomap_server2/share/octomap_server2/environment/path.sh
[0.294s] -- Up-to-date: /home/krawus/Studies/MAPR/lab3/ros2_ws/install/octomap_server2/share/octomap_server2/environment/path.dsv
[0.295s] -- Up-to-date: /home/krawus/Studies/MAPR/lab3/ros2_ws/install/octomap_server2/share/octomap_server2/local_setup.bash
[0.295s] -- Up-to-date: /home/krawus/Studies/MAPR/lab3/ros2_ws/install/octomap_server2/share/octomap_server2/local_setup.sh
[0.295s] -- Up-to-date: /home/krawus/Studies/MAPR/lab3/ros2_ws/install/octomap_server2/share/octomap_server2/local_setup.zsh
[0.296s] -- Up-to-date: /home/krawus/Studies/MAPR/lab3/ros2_ws/install/octomap_server2/share/octomap_server2/local_setup.dsv
[0.296s] -- Installing: /home/krawus/Studies/MAPR/lab3/ros2_ws/install/octomap_server2/share/octomap_server2/package.dsv
[0.296s] -- Up-to-date: /home/krawus/Studies/MAPR/lab3/ros2_ws/install/octomap_server2/share/ament_index/resource_index/packages/octomap_server2
[0.296s] -- Up-to-date: /home/krawus/Studies/MAPR/lab3/ros2_ws/install/octomap_server2/share/ament_index/resource_index/rclcpp_components/octomap_server2
[0.296s] -- Up-to-date: /home/krawus/Studies/MAPR/lab3/ros2_ws/install/octomap_server2/share/octomap_server2/cmake/octomap_server2Config.cmake
[0.297s] -- Up-to-date: /home/krawus/Studies/MAPR/lab3/ros2_ws/install/octomap_server2/share/octomap_server2/cmake/octomap_server2Config-version.cmake
[0.297s] -- Up-to-date: /home/krawus/Studies/MAPR/lab3/ros2_ws/install/octomap_server2/share/octomap_server2/package.xml
[0.312s] Invoked command in '/home/krawus/Studies/MAPR/lab3/ros2_ws/build/octomap_server2' returned '0': AMENT_PREFIX_PATH=/home/krawus/Studies/MAPR/lab3/ros2_ws/install/pcl_conversions:/home/krawus/Studies/MAPR/lab3/ros2_ws/install/pcl_msgs:/home/krawus/Studies/MAPR/lab3/ros2_ws/install/octomap_msgs:${AMENT_PREFIX_PATH} CMAKE_PREFIX_PATH=/home/krawus/Studies/MAPR/lab3/ros2_ws/install/pcl_conversions:/home/krawus/Studies/MAPR/lab3/ros2_ws/install/pcl_msgs:/home/krawus/Studies/MAPR/lab3/ros2_ws/install/octomap_msgs:/opt/ros/humble LD_LIBRARY_PATH=/home/krawus/Studies/MAPR/lab3/ros2_ws/install/pcl_msgs/lib:/home/krawus/Studies/MAPR/lab3/ros2_ws/install/octomap_msgs/lib:${LD_LIBRARY_PATH} PYTHONPATH=/home/krawus/Studies/MAPR/lab3/ros2_ws/install/pcl_msgs/local/lib/python3.10/dist-packages:/home/krawus/Studies/MAPR/lab3/ros2_ws/install/octomap_msgs/local/lib/python3.10/dist-packages:${PYTHONPATH} /usr/bin/cmake --install /home/krawus/Studies/MAPR/lab3/ros2_ws/build/octomap_server2
