[0.028s] Invoking command in '/home/krawus/Studies/MAPR/lab3/ros2_ws/build/octomap_msgs': CMAKE_PREFIX_PATH=${CMAKE_PREFIX_PATH}:/home/krawus/Studies/MAPR/lab3/ros2_ws/install/octomap_manipulation /usr/bin/cmake --build /home/krawus/Studies/MAPR/lab3/ros2_ws/build/octomap_msgs -- -j8 -l8
[0.109s] [  1%] Built target octomap_msgs__cpp
[0.111s] [ 12%] Built target octomap_msgs__rosidl_generator_c
[0.125s] [ 12%] Built target ament_cmake_python_symlink_octomap_msgs
[0.183s] [ 23%] Built target octomap_msgs__rosidl_typesupport_cpp
[0.185s] [ 34%] Built target octomap_msgs__rosidl_typesupport_fastrtps_cpp
[0.194s] [ 45%] Built target octomap_msgs__rosidl_typesupport_introspection_cpp
[0.213s] [ 56%] Built target octomap_msgs__rosidl_typesupport_fastrtps_c
[0.215s] [ 67%] Built target octomap_msgs__rosidl_typesupport_introspection_c
[0.221s] [ 78%] Built target octomap_msgs__rosidl_typesupport_c
[0.249s] [ 78%] Built target octomap_msgs
[0.286s] [ 80%] Built target octomap_msgs__py
[0.324s] [ 89%] Built target octomap_msgs__rosidl_generator_py
[0.363s] [ 92%] Built target octomap_msgs__rosidl_typesupport_c__pyext
[0.365s] [ 96%] Built target octomap_msgs__rosidl_typesupport_fastrtps_c__pyext
[0.367s] [100%] Built target octomap_msgs__rosidl_typesupport_introspection_c__pyext
[0.570s] running egg_info
[0.570s] writing octomap_msgs.egg-info/PKG-INFO
[0.571s] writing dependency_links to octomap_msgs.egg-info/dependency_links.txt
[0.571s] writing top-level names to octomap_msgs.egg-info/top_level.txt
[0.575s] reading manifest file 'octomap_msgs.egg-info/SOURCES.txt'
[0.576s] writing manifest file 'octomap_msgs.egg-info/SOURCES.txt'
[0.619s] [100%] Built target ament_cmake_python_build_octomap_msgs_egg
[0.634s] Invoked command in '/home/krawus/Studies/MAPR/lab3/ros2_ws/build/octomap_msgs' returned '0': CMAKE_PREFIX_PATH=${CMAKE_PREFIX_PATH}:/home/krawus/Studies/MAPR/lab3/ros2_ws/install/octomap_manipulation /usr/bin/cmake --build /home/krawus/Studies/MAPR/lab3/ros2_ws/build/octomap_msgs -- -j8 -l8
[0.795s] Invoking command in '/home/krawus/Studies/MAPR/lab3/ros2_ws/build/octomap_msgs': CMAKE_PREFIX_PATH=${CMAKE_PREFIX_PATH}:/home/krawus/Studies/MAPR/lab3/ros2_ws/install/octomap_manipulation /usr/bin/cmake --install /home/krawus/Studies/MAPR/lab3/ros2_ws/build/octomap_msgs
[0.806s] -- Install configuration: ""
[0.807s] -- Execute custom install script
[0.808s] -- Up-to-date symlink: /home/krawus/Studies/MAPR/lab3/ros2_ws/install/octomap_msgs/share/ament_index/resource_index/rosidl_interfaces/octomap_msgs
[0.810s] -- Up-to-date symlink: /home/krawus/Studies/MAPR/lab3/ros2_ws/install/octomap_msgs/include/octomap_msgs/octomap_msgs/msg/detail/octomap__functions.h
[0.811s] -- Up-to-date symlink: /home/krawus/Studies/MAPR/lab3/ros2_ws/install/octomap_msgs/include/octomap_msgs/octomap_msgs/msg/detail/octomap__struct.h
[0.811s] -- Up-to-date symlink: /home/krawus/Studies/MAPR/lab3/ros2_ws/install/octomap_msgs/include/octomap_msgs/octomap_msgs/msg/detail/octomap__type_support.h
[0.812s] -- Up-to-date symlink: /home/krawus/Studies/MAPR/lab3/ros2_ws/install/octomap_msgs/include/octomap_msgs/octomap_msgs/msg/detail/octomap_with_pose__functions.h
[0.812s] -- Up-to-date symlink: /home/krawus/Studies/MAPR/lab3/ros2_ws/install/octomap_msgs/include/octomap_msgs/octomap_msgs/msg/detail/octomap_with_pose__struct.h
[0.813s] -- Up-to-date symlink: /home/krawus/Studies/MAPR/lab3/ros2_ws/install/octomap_msgs/include/octomap_msgs/octomap_msgs/msg/detail/octomap_with_pose__type_support.h
[0.813s] -- Up-to-date symlink: /home/krawus/Studies/MAPR/lab3/ros2_ws/install/octomap_msgs/include/octomap_msgs/octomap_msgs/msg/octomap.h
[0.813s] -- Up-to-date symlink: /home/krawus/Studies/MAPR/lab3/ros2_ws/install/octomap_msgs/include/octomap_msgs/octomap_msgs/msg/octomap_with_pose.h
[0.813s] -- Up-to-date symlink: /home/krawus/Studies/MAPR/lab3/ros2_ws/install/octomap_msgs/include/octomap_msgs/octomap_msgs/msg/rosidl_generator_c__visibility_control.h
[0.814s] -- Up-to-date symlink: /home/krawus/Studies/MAPR/lab3/ros2_ws/install/octomap_msgs/include/octomap_msgs/octomap_msgs/srv/bounding_box_query.h
[0.814s] -- Up-to-date symlink: /home/krawus/Studies/MAPR/lab3/ros2_ws/install/octomap_msgs/include/octomap_msgs/octomap_msgs/srv/detail/bounding_box_query__functions.h
[0.814s] -- Up-to-date symlink: /home/krawus/Studies/MAPR/lab3/ros2_ws/install/octomap_msgs/include/octomap_msgs/octomap_msgs/srv/detail/bounding_box_query__struct.h
[0.815s] -- Up-to-date symlink: /home/krawus/Studies/MAPR/lab3/ros2_ws/install/octomap_msgs/include/octomap_msgs/octomap_msgs/srv/detail/bounding_box_query__type_support.h
[0.815s] -- Up-to-date symlink: /home/krawus/Studies/MAPR/lab3/ros2_ws/install/octomap_msgs/include/octomap_msgs/octomap_msgs/srv/detail/get_octomap__functions.h
[0.816s] -- Up-to-date symlink: /home/krawus/Studies/MAPR/lab3/ros2_ws/install/octomap_msgs/include/octomap_msgs/octomap_msgs/srv/detail/get_octomap__struct.h
[0.816s] -- Up-to-date symlink: /home/krawus/Studies/MAPR/lab3/ros2_ws/install/octomap_msgs/include/octomap_msgs/octomap_msgs/srv/detail/get_octomap__type_support.h
[0.816s] -- Up-to-date symlink: /home/krawus/Studies/MAPR/lab3/ros2_ws/install/octomap_msgs/include/octomap_msgs/octomap_msgs/srv/get_octomap.h
[0.817s] -- Up-to-date symlink: /home/krawus/Studies/MAPR/lab3/ros2_ws/install/octomap_msgs/share/octomap_msgs/environment/library_path.sh
[0.817s] -- Up-to-date symlink: /home/krawus/Studies/MAPR/lab3/ros2_ws/install/octomap_msgs/share/octomap_msgs/environment/library_path.dsv
[0.818s] -- Up-to-date symlink: /home/krawus/Studies/MAPR/lab3/ros2_ws/install/octomap_msgs/include/octomap_msgs/octomap_msgs/msg/detail/octomap__rosidl_typesupport_fastrtps_c.h
[0.818s] -- Up-to-date symlink: /home/krawus/Studies/MAPR/lab3/ros2_ws/install/octomap_msgs/include/octomap_msgs/octomap_msgs/msg/detail/octomap_with_pose__rosidl_typesupport_fastrtps_c.h
[0.819s] -- Up-to-date symlink: /home/krawus/Studies/MAPR/lab3/ros2_ws/install/octomap_msgs/include/octomap_msgs/octomap_msgs/msg/rosidl_typesupport_fastrtps_c__visibility_control.h
[0.819s] -- Up-to-date symlink: /home/krawus/Studies/MAPR/lab3/ros2_ws/install/octomap_msgs/include/octomap_msgs/octomap_msgs/srv/detail/bounding_box_query__rosidl_typesupport_fastrtps_c.h
[0.819s] -- Up-to-date symlink: /home/krawus/Studies/MAPR/lab3/ros2_ws/install/octomap_msgs/include/octomap_msgs/octomap_msgs/srv/detail/get_octomap__rosidl_typesupport_fastrtps_c.h
[0.820s] -- Up-to-date symlink: /home/krawus/Studies/MAPR/lab3/ros2_ws/install/octomap_msgs/include/octomap_msgs/octomap_msgs/msg/detail/octomap__rosidl_typesupport_introspection_c.h
[0.821s] -- Up-to-date symlink: /home/krawus/Studies/MAPR/lab3/ros2_ws/install/octomap_msgs/include/octomap_msgs/octomap_msgs/msg/detail/octomap_with_pose__rosidl_typesupport_introspection_c.h
[0.821s] -- Up-to-date symlink: /home/krawus/Studies/MAPR/lab3/ros2_ws/install/octomap_msgs/include/octomap_msgs/octomap_msgs/msg/rosidl_typesupport_introspection_c__visibility_control.h
[0.821s] -- Up-to-date symlink: /home/krawus/Studies/MAPR/lab3/ros2_ws/install/octomap_msgs/include/octomap_msgs/octomap_msgs/srv/detail/bounding_box_query__rosidl_typesupport_introspection_c.h
[0.821s] -- Up-to-date symlink: /home/krawus/Studies/MAPR/lab3/ros2_ws/install/octomap_msgs/include/octomap_msgs/octomap_msgs/srv/detail/get_octomap__rosidl_typesupport_introspection_c.h
[0.822s] -- Up-to-date symlink: /home/krawus/Studies/MAPR/lab3/ros2_ws/install/octomap_msgs/include/octomap_msgs/octomap_msgs/msg/detail/octomap__builder.hpp
[0.823s] -- Up-to-date symlink: /home/krawus/Studies/MAPR/lab3/ros2_ws/install/octomap_msgs/include/octomap_msgs/octomap_msgs/msg/detail/octomap__struct.hpp
[0.823s] -- Up-to-date symlink: /home/krawus/Studies/MAPR/lab3/ros2_ws/install/octomap_msgs/include/octomap_msgs/octomap_msgs/msg/detail/octomap__traits.hpp
[0.823s] -- Up-to-date symlink: /home/krawus/Studies/MAPR/lab3/ros2_ws/install/octomap_msgs/include/octomap_msgs/octomap_msgs/msg/detail/octomap_with_pose__builder.hpp
[0.824s] -- Up-to-date symlink: /home/krawus/Studies/MAPR/lab3/ros2_ws/install/octomap_msgs/include/octomap_msgs/octomap_msgs/msg/detail/octomap_with_pose__struct.hpp
[0.824s] -- Up-to-date symlink: /home/krawus/Studies/MAPR/lab3/ros2_ws/install/octomap_msgs/include/octomap_msgs/octomap_msgs/msg/detail/octomap_with_pose__traits.hpp
[0.825s] -- Up-to-date symlink: /home/krawus/Studies/MAPR/lab3/ros2_ws/install/octomap_msgs/include/octomap_msgs/octomap_msgs/msg/octomap.hpp
[0.826s] -- Up-to-date symlink: /home/krawus/Studies/MAPR/lab3/ros2_ws/install/octomap_msgs/include/octomap_msgs/octomap_msgs/msg/octomap_with_pose.hpp
[0.826s] -- Up-to-date symlink: /home/krawus/Studies/MAPR/lab3/ros2_ws/install/octomap_msgs/include/octomap_msgs/octomap_msgs/srv/bounding_box_query.hpp
[0.827s] -- Up-to-date symlink: /home/krawus/Studies/MAPR/lab3/ros2_ws/install/octomap_msgs/include/octomap_msgs/octomap_msgs/srv/detail/bounding_box_query__builder.hpp
[0.827s] -- Up-to-date symlink: /home/krawus/Studies/MAPR/lab3/ros2_ws/install/octomap_msgs/include/octomap_msgs/octomap_msgs/srv/detail/bounding_box_query__struct.hpp
[0.827s] -- Up-to-date symlink: /home/krawus/Studies/MAPR/lab3/ros2_ws/install/octomap_msgs/include/octomap_msgs/octomap_msgs/srv/detail/bounding_box_query__traits.hpp
[0.828s] -- Up-to-date symlink: /home/krawus/Studies/MAPR/lab3/ros2_ws/install/octomap_msgs/include/octomap_msgs/octomap_msgs/srv/detail/get_octomap__builder.hpp
[0.828s] -- Up-to-date symlink: /home/krawus/Studies/MAPR/lab3/ros2_ws/install/octomap_msgs/include/octomap_msgs/octomap_msgs/srv/detail/get_octomap__struct.hpp
[0.828s] -- Up-to-date symlink: /home/krawus/Studies/MAPR/lab3/ros2_ws/install/octomap_msgs/include/octomap_msgs/octomap_msgs/srv/detail/get_octomap__traits.hpp
[0.829s] -- Up-to-date symlink: /home/krawus/Studies/MAPR/lab3/ros2_ws/install/octomap_msgs/include/octomap_msgs/octomap_msgs/srv/get_octomap.hpp
[0.830s] -- Up-to-date symlink: /home/krawus/Studies/MAPR/lab3/ros2_ws/install/octomap_msgs/include/octomap_msgs/octomap_msgs/msg/detail/octomap__rosidl_typesupport_fastrtps_cpp.hpp
[0.830s] -- Up-to-date symlink: /home/krawus/Studies/MAPR/lab3/ros2_ws/install/octomap_msgs/include/octomap_msgs/octomap_msgs/msg/detail/octomap_with_pose__rosidl_typesupport_fastrtps_cpp.hpp
[0.830s] -- Up-to-date symlink: /home/krawus/Studies/MAPR/lab3/ros2_ws/install/octomap_msgs/include/octomap_msgs/octomap_msgs/msg/rosidl_typesupport_fastrtps_cpp__visibility_control.h
[0.831s] -- Up-to-date symlink: /home/krawus/Studies/MAPR/lab3/ros2_ws/install/octomap_msgs/include/octomap_msgs/octomap_msgs/srv/detail/bounding_box_query__rosidl_typesupport_fastrtps_cpp.hpp
[0.831s] -- Up-to-date symlink: /home/krawus/Studies/MAPR/lab3/ros2_ws/install/octomap_msgs/include/octomap_msgs/octomap_msgs/srv/detail/get_octomap__rosidl_typesupport_fastrtps_cpp.hpp
[0.832s] -- Up-to-date symlink: /home/krawus/Studies/MAPR/lab3/ros2_ws/install/octomap_msgs/include/octomap_msgs/octomap_msgs/msg/detail/octomap__rosidl_typesupport_introspection_cpp.hpp
[0.832s] -- Up-to-date symlink: /home/krawus/Studies/MAPR/lab3/ros2_ws/install/octomap_msgs/include/octomap_msgs/octomap_msgs/msg/detail/octomap_with_pose__rosidl_typesupport_introspection_cpp.hpp
[0.833s] -- Up-to-date symlink: /home/krawus/Studies/MAPR/lab3/ros2_ws/install/octomap_msgs/include/octomap_msgs/octomap_msgs/srv/detail/bounding_box_query__rosidl_typesupport_introspection_cpp.hpp
[0.833s] -- Up-to-date symlink: /home/krawus/Studies/MAPR/lab3/ros2_ws/install/octomap_msgs/include/octomap_msgs/octomap_msgs/srv/detail/get_octomap__rosidl_typesupport_introspection_cpp.hpp
[0.834s] -- Up-to-date symlink: /home/krawus/Studies/MAPR/lab3/ros2_ws/install/octomap_msgs/share/octomap_msgs/environment/pythonpath.sh
[0.834s] -- Up-to-date symlink: /home/krawus/Studies/MAPR/lab3/ros2_ws/install/octomap_msgs/share/octomap_msgs/environment/pythonpath.dsv
[0.835s] -- Up-to-date symlink: /home/krawus/Studies/MAPR/lab3/ros2_ws/install/octomap_msgs/local/lib/python3.10/dist-packages/octomap_msgs-2.0.0-py3.10.egg-info/PKG-INFO
[0.835s] -- Up-to-date symlink: /home/krawus/Studies/MAPR/lab3/ros2_ws/install/octomap_msgs/local/lib/python3.10/dist-packages/octomap_msgs-2.0.0-py3.10.egg-info/SOURCES.txt
[0.835s] -- Up-to-date symlink: /home/krawus/Studies/MAPR/lab3/ros2_ws/install/octomap_msgs/local/lib/python3.10/dist-packages/octomap_msgs-2.0.0-py3.10.egg-info/dependency_links.txt
[0.836s] -- Up-to-date symlink: /home/krawus/Studies/MAPR/lab3/ros2_ws/install/octomap_msgs/local/lib/python3.10/dist-packages/octomap_msgs-2.0.0-py3.10.egg-info/top_level.txt
[0.836s] -- Up-to-date symlink: /home/krawus/Studies/MAPR/lab3/ros2_ws/install/octomap_msgs/local/lib/python3.10/dist-packages/octomap_msgs/__init__.py
[0.836s] -- Up-to-date symlink: /home/krawus/Studies/MAPR/lab3/ros2_ws/install/octomap_msgs/local/lib/python3.10/dist-packages/octomap_msgs/_octomap_msgs_s.ep.rosidl_typesupport_c.c
[0.836s] -- Up-to-date symlink: /home/krawus/Studies/MAPR/lab3/ros2_ws/install/octomap_msgs/local/lib/python3.10/dist-packages/octomap_msgs/_octomap_msgs_s.ep.rosidl_typesupport_fastrtps_c.c
[0.837s] -- Up-to-date symlink: /home/krawus/Studies/MAPR/lab3/ros2_ws/install/octomap_msgs/local/lib/python3.10/dist-packages/octomap_msgs/_octomap_msgs_s.ep.rosidl_typesupport_introspection_c.c
[0.837s] -- Up-to-date symlink: /home/krawus/Studies/MAPR/lab3/ros2_ws/install/octomap_msgs/local/lib/python3.10/dist-packages/octomap_msgs/liboctomap_msgs__rosidl_generator_py.so
[0.838s] -- Up-to-date symlink: /home/krawus/Studies/MAPR/lab3/ros2_ws/install/octomap_msgs/local/lib/python3.10/dist-packages/octomap_msgs/msg/__init__.py
[0.838s] -- Up-to-date symlink: /home/krawus/Studies/MAPR/lab3/ros2_ws/install/octomap_msgs/local/lib/python3.10/dist-packages/octomap_msgs/msg/_octomap.py
[0.838s] -- Up-to-date symlink: /home/krawus/Studies/MAPR/lab3/ros2_ws/install/octomap_msgs/local/lib/python3.10/dist-packages/octomap_msgs/msg/_octomap_s.c
[0.839s] -- Up-to-date symlink: /home/krawus/Studies/MAPR/lab3/ros2_ws/install/octomap_msgs/local/lib/python3.10/dist-packages/octomap_msgs/msg/_octomap_with_pose.py
[0.839s] -- Up-to-date symlink: /home/krawus/Studies/MAPR/lab3/ros2_ws/install/octomap_msgs/local/lib/python3.10/dist-packages/octomap_msgs/msg/_octomap_with_pose_s.c
[0.840s] -- Up-to-date symlink: /home/krawus/Studies/MAPR/lab3/ros2_ws/install/octomap_msgs/local/lib/python3.10/dist-packages/octomap_msgs/octomap_msgs_s__rosidl_typesupport_c.cpython-310-x86_64-linux-gnu.so
[0.840s] -- Up-to-date symlink: /home/krawus/Studies/MAPR/lab3/ros2_ws/install/octomap_msgs/local/lib/python3.10/dist-packages/octomap_msgs/octomap_msgs_s__rosidl_typesupport_fastrtps_c.cpython-310-x86_64-linux-gnu.so
[0.840s] -- Up-to-date symlink: /home/krawus/Studies/MAPR/lab3/ros2_ws/install/octomap_msgs/local/lib/python3.10/dist-packages/octomap_msgs/octomap_msgs_s__rosidl_typesupport_introspection_c.cpython-310-x86_64-linux-gnu.so
[0.840s] -- Up-to-date symlink: /home/krawus/Studies/MAPR/lab3/ros2_ws/install/octomap_msgs/local/lib/python3.10/dist-packages/octomap_msgs/srv/__init__.py
[0.841s] -- Up-to-date symlink: /home/krawus/Studies/MAPR/lab3/ros2_ws/install/octomap_msgs/local/lib/python3.10/dist-packages/octomap_msgs/srv/_bounding_box_query.py
[0.841s] -- Up-to-date symlink: /home/krawus/Studies/MAPR/lab3/ros2_ws/install/octomap_msgs/local/lib/python3.10/dist-packages/octomap_msgs/srv/_bounding_box_query_s.c
[0.842s] -- Up-to-date symlink: /home/krawus/Studies/MAPR/lab3/ros2_ws/install/octomap_msgs/local/lib/python3.10/dist-packages/octomap_msgs/srv/_get_octomap.py
[0.842s] -- Up-to-date symlink: /home/krawus/Studies/MAPR/lab3/ros2_ws/install/octomap_msgs/local/lib/python3.10/dist-packages/octomap_msgs/srv/_get_octomap_s.c
[0.842s] -- Up-to-date symlink: /home/krawus/Studies/MAPR/lab3/ros2_ws/install/octomap_msgs/local/lib/python3.10/dist-packages/octomap_msgs/octomap_msgs_s__rosidl_typesupport_fastrtps_c.cpython-310-x86_64-linux-gnu.so
[0.843s] -- Up-to-date symlink: /home/krawus/Studies/MAPR/lab3/ros2_ws/install/octomap_msgs/local/lib/python3.10/dist-packages/octomap_msgs/octomap_msgs_s__rosidl_typesupport_introspection_c.cpython-310-x86_64-linux-gnu.so
[0.843s] -- Up-to-date symlink: /home/krawus/Studies/MAPR/lab3/ros2_ws/install/octomap_msgs/local/lib/python3.10/dist-packages/octomap_msgs/octomap_msgs_s__rosidl_typesupport_c.cpython-310-x86_64-linux-gnu.so
[0.844s] -- Up-to-date symlink: /home/krawus/Studies/MAPR/lab3/ros2_ws/install/octomap_msgs/share/octomap_msgs/msg/Octomap.idl
[0.844s] -- Up-to-date symlink: /home/krawus/Studies/MAPR/lab3/ros2_ws/install/octomap_msgs/share/octomap_msgs/msg/OctomapWithPose.idl
[0.844s] -- Up-to-date symlink: /home/krawus/Studies/MAPR/lab3/ros2_ws/install/octomap_msgs/share/octomap_msgs/srv/BoundingBoxQuery.idl
[0.844s] -- Up-to-date symlink: /home/krawus/Studies/MAPR/lab3/ros2_ws/install/octomap_msgs/share/octomap_msgs/srv/GetOctomap.idl
[0.845s] -- Up-to-date symlink: /home/krawus/Studies/MAPR/lab3/ros2_ws/install/octomap_msgs/share/octomap_msgs/msg/Octomap.msg
[0.846s] -- Up-to-date symlink: /home/krawus/Studies/MAPR/lab3/ros2_ws/install/octomap_msgs/share/octomap_msgs/msg/OctomapWithPose.msg
[0.846s] -- Up-to-date symlink: /home/krawus/Studies/MAPR/lab3/ros2_ws/install/octomap_msgs/share/octomap_msgs/srv/BoundingBoxQuery.srv
[0.846s] -- Up-to-date symlink: /home/krawus/Studies/MAPR/lab3/ros2_ws/install/octomap_msgs/share/octomap_msgs/srv/BoundingBoxQuery_Request.msg
[0.846s] -- Up-to-date symlink: /home/krawus/Studies/MAPR/lab3/ros2_ws/install/octomap_msgs/share/octomap_msgs/srv/BoundingBoxQuery_Response.msg
[0.847s] -- Up-to-date symlink: /home/krawus/Studies/MAPR/lab3/ros2_ws/install/octomap_msgs/share/octomap_msgs/srv/GetOctomap.srv
[0.848s] -- Up-to-date symlink: /home/krawus/Studies/MAPR/lab3/ros2_ws/install/octomap_msgs/share/octomap_msgs/srv/GetOctomap_Request.msg
[0.849s] -- Up-to-date symlink: /home/krawus/Studies/MAPR/lab3/ros2_ws/install/octomap_msgs/share/octomap_msgs/srv/GetOctomap_Response.msg
[0.850s] -- Up-to-date symlink: /home/krawus/Studies/MAPR/lab3/ros2_ws/install/octomap_msgs/share/ament_index/resource_index/package_run_dependencies/octomap_msgs
[0.850s] -- Up-to-date symlink: /home/krawus/Studies/MAPR/lab3/ros2_ws/install/octomap_msgs/share/ament_index/resource_index/parent_prefix_path/octomap_msgs
[0.851s] -- Up-to-date symlink: /home/krawus/Studies/MAPR/lab3/ros2_ws/install/octomap_msgs/share/octomap_msgs/environment/ament_prefix_path.sh
[0.852s] -- Up-to-date symlink: /home/krawus/Studies/MAPR/lab3/ros2_ws/install/octomap_msgs/share/octomap_msgs/environment/ament_prefix_path.dsv
[0.853s] -- Up-to-date symlink: /home/krawus/Studies/MAPR/lab3/ros2_ws/install/octomap_msgs/share/octomap_msgs/environment/path.sh
[0.853s] -- Up-to-date symlink: /home/krawus/Studies/MAPR/lab3/ros2_ws/install/octomap_msgs/share/octomap_msgs/environment/path.dsv
[0.854s] -- Up-to-date symlink: /home/krawus/Studies/MAPR/lab3/ros2_ws/install/octomap_msgs/share/octomap_msgs/local_setup.bash
[0.854s] -- Up-to-date symlink: /home/krawus/Studies/MAPR/lab3/ros2_ws/install/octomap_msgs/share/octomap_msgs/local_setup.sh
[0.855s] -- Up-to-date symlink: /home/krawus/Studies/MAPR/lab3/ros2_ws/install/octomap_msgs/share/octomap_msgs/local_setup.zsh
[0.856s] -- Up-to-date symlink: /home/krawus/Studies/MAPR/lab3/ros2_ws/install/octomap_msgs/share/octomap_msgs/local_setup.dsv
[0.857s] -- Symlinking: /home/krawus/Studies/MAPR/lab3/ros2_ws/install/octomap_msgs/share/octomap_msgs/package.dsv
[0.871s] -- Up-to-date symlink: /home/krawus/Studies/MAPR/lab3/ros2_ws/install/octomap_msgs/share/ament_index/resource_index/packages/octomap_msgs
[0.871s] -- Up-to-date symlink: /home/krawus/Studies/MAPR/lab3/ros2_ws/install/octomap_msgs/share/octomap_msgs/cmake/rosidl_cmake-extras.cmake
[0.876s] -- Up-to-date symlink: /home/krawus/Studies/MAPR/lab3/ros2_ws/install/octomap_msgs/share/octomap_msgs/cmake/ament_cmake_export_dependencies-extras.cmake
[0.876s] -- Up-to-date symlink: /home/krawus/Studies/MAPR/lab3/ros2_ws/install/octomap_msgs/share/octomap_msgs/cmake/ament_cmake_export_include_directories-extras.cmake
[0.876s] -- Up-to-date symlink: /home/krawus/Studies/MAPR/lab3/ros2_ws/install/octomap_msgs/share/octomap_msgs/cmake/ament_cmake_export_libraries-extras.cmake
[0.877s] -- Up-to-date symlink: /home/krawus/Studies/MAPR/lab3/ros2_ws/install/octomap_msgs/share/octomap_msgs/cmake/ament_cmake_export_targets-extras.cmake
[0.877s] -- Up-to-date symlink: /home/krawus/Studies/MAPR/lab3/ros2_ws/install/octomap_msgs/share/octomap_msgs/cmake/rosidl_cmake_export_typesupport_targets-extras.cmake
[0.879s] -- Up-to-date symlink: /home/krawus/Studies/MAPR/lab3/ros2_ws/install/octomap_msgs/share/octomap_msgs/cmake/rosidl_cmake_export_typesupport_libraries-extras.cmake
[0.879s] -- Up-to-date symlink: /home/krawus/Studies/MAPR/lab3/ros2_ws/install/octomap_msgs/share/octomap_msgs/cmake/octomap_msgsConfig.cmake
[0.879s] -- Up-to-date symlink: /home/krawus/Studies/MAPR/lab3/ros2_ws/install/octomap_msgs/share/octomap_msgs/cmake/octomap_msgsConfig-version.cmake
[0.879s] -- Up-to-date symlink: /home/krawus/Studies/MAPR/lab3/ros2_ws/install/octomap_msgs/share/octomap_msgs/package.xml
[0.879s] -- Up-to-date: /home/krawus/Studies/MAPR/lab3/ros2_ws/install/octomap_msgs/lib/liboctomap_msgs__rosidl_generator_c.so
[0.880s] -- Up-to-date: /home/krawus/Studies/MAPR/lab3/ros2_ws/install/octomap_msgs/lib/liboctomap_msgs__rosidl_typesupport_fastrtps_c.so
[0.880s] -- Up-to-date: /home/krawus/Studies/MAPR/lab3/ros2_ws/install/octomap_msgs/lib/liboctomap_msgs__rosidl_typesupport_introspection_c.so
[0.880s] -- Up-to-date: /home/krawus/Studies/MAPR/lab3/ros2_ws/install/octomap_msgs/lib/liboctomap_msgs__rosidl_typesupport_c.so
[0.880s] -- Up-to-date: /home/krawus/Studies/MAPR/lab3/ros2_ws/install/octomap_msgs/lib/liboctomap_msgs__rosidl_typesupport_fastrtps_cpp.so
[0.880s] -- Up-to-date: /home/krawus/Studies/MAPR/lab3/ros2_ws/install/octomap_msgs/lib/liboctomap_msgs__rosidl_typesupport_introspection_cpp.so
[0.880s] -- Up-to-date: /home/krawus/Studies/MAPR/lab3/ros2_ws/install/octomap_msgs/lib/liboctomap_msgs__rosidl_typesupport_cpp.so
[0.936s] Listing '/home/krawus/Studies/MAPR/lab3/ros2_ws/install/octomap_msgs/local/lib/python3.10/dist-packages/octomap_msgs'...
[0.936s] Listing '/home/krawus/Studies/MAPR/lab3/ros2_ws/install/octomap_msgs/local/lib/python3.10/dist-packages/octomap_msgs/msg'...
[0.936s] Listing '/home/krawus/Studies/MAPR/lab3/ros2_ws/install/octomap_msgs/local/lib/python3.10/dist-packages/octomap_msgs/srv'...
[0.947s] -- Up-to-date: /home/krawus/Studies/MAPR/lab3/ros2_ws/install/octomap_msgs/lib/liboctomap_msgs__rosidl_generator_py.so
[0.947s] -- Up-to-date: /home/krawus/Studies/MAPR/lab3/ros2_ws/install/octomap_msgs/include/octomap_msgs
[0.948s] -- Up-to-date: /home/krawus/Studies/MAPR/lab3/ros2_ws/install/octomap_msgs/include/octomap_msgs/octomap_msgs
[0.948s] -- Up-to-date: /home/krawus/Studies/MAPR/lab3/ros2_ws/install/octomap_msgs/include/octomap_msgs/octomap_msgs/conversions.h
[0.948s] -- Up-to-date: /home/krawus/Studies/MAPR/lab3/ros2_ws/install/octomap_msgs/share/octomap_msgs/cmake/export_octomap_msgs__rosidl_generator_cExport.cmake
[0.949s] -- Up-to-date: /home/krawus/Studies/MAPR/lab3/ros2_ws/install/octomap_msgs/share/octomap_msgs/cmake/export_octomap_msgs__rosidl_generator_cExport-noconfig.cmake
[0.950s] -- Up-to-date: /home/krawus/Studies/MAPR/lab3/ros2_ws/install/octomap_msgs/share/octomap_msgs/cmake/export_octomap_msgs__rosidl_typesupport_fastrtps_cExport.cmake
[0.950s] -- Up-to-date: /home/krawus/Studies/MAPR/lab3/ros2_ws/install/octomap_msgs/share/octomap_msgs/cmake/export_octomap_msgs__rosidl_typesupport_fastrtps_cExport-noconfig.cmake
[0.950s] -- Up-to-date: /home/krawus/Studies/MAPR/lab3/ros2_ws/install/octomap_msgs/share/octomap_msgs/cmake/octomap_msgs__rosidl_typesupport_introspection_cExport.cmake
[0.951s] -- Up-to-date: /home/krawus/Studies/MAPR/lab3/ros2_ws/install/octomap_msgs/share/octomap_msgs/cmake/octomap_msgs__rosidl_typesupport_introspection_cExport-noconfig.cmake
[0.952s] -- Up-to-date: /home/krawus/Studies/MAPR/lab3/ros2_ws/install/octomap_msgs/share/octomap_msgs/cmake/octomap_msgs__rosidl_typesupport_cExport.cmake
[0.952s] -- Up-to-date: /home/krawus/Studies/MAPR/lab3/ros2_ws/install/octomap_msgs/share/octomap_msgs/cmake/octomap_msgs__rosidl_typesupport_cExport-noconfig.cmake
[0.953s] -- Up-to-date: /home/krawus/Studies/MAPR/lab3/ros2_ws/install/octomap_msgs/share/octomap_msgs/cmake/export_octomap_msgs__rosidl_generator_cppExport.cmake
[0.954s] -- Up-to-date: /home/krawus/Studies/MAPR/lab3/ros2_ws/install/octomap_msgs/share/octomap_msgs/cmake/export_octomap_msgs__rosidl_typesupport_fastrtps_cppExport.cmake
[0.954s] -- Up-to-date: /home/krawus/Studies/MAPR/lab3/ros2_ws/install/octomap_msgs/share/octomap_msgs/cmake/export_octomap_msgs__rosidl_typesupport_fastrtps_cppExport-noconfig.cmake
[0.954s] -- Up-to-date: /home/krawus/Studies/MAPR/lab3/ros2_ws/install/octomap_msgs/share/octomap_msgs/cmake/octomap_msgs__rosidl_typesupport_introspection_cppExport.cmake
[0.963s] -- Up-to-date: /home/krawus/Studies/MAPR/lab3/ros2_ws/install/octomap_msgs/share/octomap_msgs/cmake/octomap_msgs__rosidl_typesupport_introspection_cppExport-noconfig.cmake
[0.966s] -- Up-to-date: /home/krawus/Studies/MAPR/lab3/ros2_ws/install/octomap_msgs/share/octomap_msgs/cmake/octomap_msgs__rosidl_typesupport_cppExport.cmake
[0.967s] -- Up-to-date: /home/krawus/Studies/MAPR/lab3/ros2_ws/install/octomap_msgs/share/octomap_msgs/cmake/octomap_msgs__rosidl_typesupport_cppExport-noconfig.cmake
[0.967s] -- Up-to-date: /home/krawus/Studies/MAPR/lab3/ros2_ws/install/octomap_msgs/share/octomap_msgs/cmake/export_octomap_msgs__rosidl_generator_pyExport.cmake
[0.968s] -- Up-to-date: /home/krawus/Studies/MAPR/lab3/ros2_ws/install/octomap_msgs/share/octomap_msgs/cmake/export_octomap_msgs__rosidl_generator_pyExport-noconfig.cmake
[0.993s] Invoked command in '/home/krawus/Studies/MAPR/lab3/ros2_ws/build/octomap_msgs' returned '0': CMAKE_PREFIX_PATH=${CMAKE_PREFIX_PATH}:/home/krawus/Studies/MAPR/lab3/ros2_ws/install/octomap_manipulation /usr/bin/cmake --install /home/krawus/Studies/MAPR/lab3/ros2_ws/build/octomap_msgs
