[0.549s] Invoking command in '/home/krawus/Studies/MAPR/lab5-A_asterisk/src/mapr_5_student': PYTHONPATH=/home/krawus/Studies/MAPR/lab5-A_asterisk/build/mapr_5_student/prefix_override:/home/krawus/Studies/MAPR/lab5-A_asterisk/install/mapr_5_student/lib/python3.10/site-packages: /usr/bin/python3 setup.py egg_info --egg-base ../../build/mapr_5_student build --build-base /home/krawus/Studies/MAPR/lab5-A_asterisk/build/mapr_5_student/build install --record /home/krawus/Studies/MAPR/lab5-A_asterisk/build/mapr_5_student/install.log --single-version-externally-managed
[0.705s] running egg_info
[0.705s] creating ../../build/mapr_5_student/mapr_5_student.egg-info
[0.714s] writing ../../build/mapr_5_student/mapr_5_student.egg-info/PKG-INFO
[0.714s] writing dependency_links to ../../build/mapr_5_student/mapr_5_student.egg-info/dependency_links.txt
[0.714s] writing entry points to ../../build/mapr_5_student/mapr_5_student.egg-info/entry_points.txt
[0.714s] writing requirements to ../../build/mapr_5_student/mapr_5_student.egg-info/requires.txt
[0.714s] writing top-level names to ../../build/mapr_5_student/mapr_5_student.egg-info/top_level.txt
[0.714s] writing manifest file '../../build/mapr_5_student/mapr_5_student.egg-info/SOURCES.txt'
[0.732s] reading manifest file '../../build/mapr_5_student/mapr_5_student.egg-info/SOURCES.txt'
[0.733s] writing manifest file '../../build/mapr_5_student/mapr_5_student.egg-info/SOURCES.txt'
[0.733s] running build
[0.733s] running build_py
[0.733s] creating /home/krawus/Studies/MAPR/lab5-A_asterisk/build/mapr_5_student/build
[0.733s] creating /home/krawus/Studies/MAPR/lab5-A_asterisk/build/mapr_5_student/build/lib
[0.733s] creating /home/krawus/Studies/MAPR/lab5-A_asterisk/build/mapr_5_student/build/lib/mapr_5_student
[0.733s] copying mapr_5_student/astar.py -> /home/krawus/Studies/MAPR/lab5-A_asterisk/build/mapr_5_student/build/lib/mapr_5_student
[0.734s] copying mapr_5_student/__init__.py -> /home/krawus/Studies/MAPR/lab5-A_asterisk/build/mapr_5_student/build/lib/mapr_5_student
[0.734s] copying mapr_5_student/grid_map.py -> /home/krawus/Studies/MAPR/lab5-A_asterisk/build/mapr_5_student/build/lib/mapr_5_student
[0.734s] copying mapr_5_student/points.py -> /home/krawus/Studies/MAPR/lab5-A_asterisk/build/mapr_5_student/build/lib/mapr_5_student
[0.734s] running install
[0.734s] /home/krawus/.local/lib/python3.10/site-packages/setuptools/command/install.py:34: SetuptoolsDeprecationWarning: setup.py install is deprecated. Use build and pip and other standards-based tools.
[0.735s]   warnings.warn(
[0.739s] running install_lib
[0.749s] running install_data
[0.758s] running install_egg_info
[0.766s] removing '/home/krawus/Studies/MAPR/lab5-A_asterisk/install/mapr_5_student/lib/python3.10/site-packages/mapr_5_student-1.0.0-py3.10.egg-info' (and everything under it)
[0.767s] Copying ../../build/mapr_5_student/mapr_5_student.egg-info to /home/krawus/Studies/MAPR/lab5-A_asterisk/install/mapr_5_student/lib/python3.10/site-packages/mapr_5_student-1.0.0-py3.10.egg-info
[0.768s] running install_scripts
[0.875s] Installing astar script to /home/krawus/Studies/MAPR/lab5-A_asterisk/install/mapr_5_student/lib/mapr_5_student
[0.876s] Installing points script to /home/krawus/Studies/MAPR/lab5-A_asterisk/install/mapr_5_student/lib/mapr_5_student
[0.876s] writing list of installed files to '/home/krawus/Studies/MAPR/lab5-A_asterisk/build/mapr_5_student/install.log'
[0.900s] Invoked command in '/home/krawus/Studies/MAPR/lab5-A_asterisk/src/mapr_5_student' returned '0': PYTHONPATH=/home/krawus/Studies/MAPR/lab5-A_asterisk/build/mapr_5_student/prefix_override:/home/krawus/Studies/MAPR/lab5-A_asterisk/install/mapr_5_student/lib/python3.10/site-packages: /usr/bin/python3 setup.py egg_info --egg-base ../../build/mapr_5_student build --build-base /home/krawus/Studies/MAPR/lab5-A_asterisk/build/mapr_5_student/build install --record /home/krawus/Studies/MAPR/lab5-A_asterisk/build/mapr_5_student/install.log --single-version-externally-managed
