[0.068s] Invoking command in '/home/krawus/Studies/MAPR/lab3/ros2_ws/build/pcl_conversions': AMENT_PREFIX_PATH=/home/krawus/Studies/MAPR/lab3/ros2_ws/install/pcl_msgs CMAKE_PREFIX_PATH=/home/krawus/Studies/MAPR/lab3/ros2_ws/install/pcl_msgs LD_LIBRARY_PATH=/home/krawus/Studies/MAPR/lab3/ros2_ws/install/pcl_msgs/lib PYTHONPATH=/home/krawus/Studies/MAPR/lab3/ros2_ws/install/pcl_msgs/local/lib/python3.10/dist-packages /usr/bin/cmake --build /home/krawus/Studies/MAPR/lab3/ros2_ws/build/pcl_conversions -- -j8 -l8
[0.611s] [ 33%] Built target gtest
[0.657s] [ 66%] Built target gtest_main
[0.847s] [100%] Built target pcl_conversions-test
[0.903s] Invoked command in '/home/krawus/Studies/MAPR/lab3/ros2_ws/build/pcl_conversions' returned '0': AMENT_PREFIX_PATH=/home/krawus/Studies/MAPR/lab3/ros2_ws/install/pcl_msgs CMAKE_PREFIX_PATH=/home/krawus/Studies/MAPR/lab3/ros2_ws/install/pcl_msgs LD_LIBRARY_PATH=/home/krawus/Studies/MAPR/lab3/ros2_ws/install/pcl_msgs/lib PYTHONPATH=/home/krawus/Studies/MAPR/lab3/ros2_ws/install/pcl_msgs/local/lib/python3.10/dist-packages /usr/bin/cmake --build /home/krawus/Studies/MAPR/lab3/ros2_ws/build/pcl_conversions -- -j8 -l8
[1.120s] Invoking command in '/home/krawus/Studies/MAPR/lab3/ros2_ws/build/pcl_conversions': AMENT_PREFIX_PATH=/home/krawus/Studies/MAPR/lab3/ros2_ws/install/pcl_msgs CMAKE_PREFIX_PATH=/home/krawus/Studies/MAPR/lab3/ros2_ws/install/pcl_msgs LD_LIBRARY_PATH=/home/krawus/Studies/MAPR/lab3/ros2_ws/install/pcl_msgs/lib PYTHONPATH=/home/krawus/Studies/MAPR/lab3/ros2_ws/install/pcl_msgs/local/lib/python3.10/dist-packages /usr/bin/cmake --install /home/krawus/Studies/MAPR/lab3/ros2_ws/build/pcl_conversions
[1.148s] -- Install configuration: ""
[1.149s] -- Up-to-date: /home/krawus/Studies/MAPR/lab3/ros2_ws/install/pcl_conversions/include/pcl_conversions/
[1.150s] -- Up-to-date: /home/krawus/Studies/MAPR/lab3/ros2_ws/install/pcl_conversions/include/pcl_conversions//pcl_conversions.h
[1.150s] -- Up-to-date: /home/krawus/Studies/MAPR/lab3/ros2_ws/install/pcl_conversions/share/ament_index/resource_index/package_run_dependencies/pcl_conversions
[1.150s] -- Up-to-date: /home/krawus/Studies/MAPR/lab3/ros2_ws/install/pcl_conversions/share/ament_index/resource_index/parent_prefix_path/pcl_conversions
[1.150s] -- Up-to-date: /home/krawus/Studies/MAPR/lab3/ros2_ws/install/pcl_conversions/share/pcl_conversions/environment/ament_prefix_path.sh
[1.151s] -- Up-to-date: /home/krawus/Studies/MAPR/lab3/ros2_ws/install/pcl_conversions/share/pcl_conversions/environment/ament_prefix_path.dsv
[1.151s] -- Up-to-date: /home/krawus/Studies/MAPR/lab3/ros2_ws/install/pcl_conversions/share/pcl_conversions/environment/path.sh
[1.151s] -- Up-to-date: /home/krawus/Studies/MAPR/lab3/ros2_ws/install/pcl_conversions/share/pcl_conversions/environment/path.dsv
[1.152s] -- Up-to-date: /home/krawus/Studies/MAPR/lab3/ros2_ws/install/pcl_conversions/share/pcl_conversions/local_setup.bash
[1.152s] -- Up-to-date: /home/krawus/Studies/MAPR/lab3/ros2_ws/install/pcl_conversions/share/pcl_conversions/local_setup.sh
[1.153s] -- Up-to-date: /home/krawus/Studies/MAPR/lab3/ros2_ws/install/pcl_conversions/share/pcl_conversions/local_setup.zsh
[1.153s] -- Up-to-date: /home/krawus/Studies/MAPR/lab3/ros2_ws/install/pcl_conversions/share/pcl_conversions/local_setup.dsv
[1.153s] -- Installing: /home/krawus/Studies/MAPR/lab3/ros2_ws/install/pcl_conversions/share/pcl_conversions/package.dsv
[1.153s] -- Up-to-date: /home/krawus/Studies/MAPR/lab3/ros2_ws/install/pcl_conversions/share/ament_index/resource_index/packages/pcl_conversions
[1.153s] -- Up-to-date: /home/krawus/Studies/MAPR/lab3/ros2_ws/install/pcl_conversions/share/pcl_conversions/cmake/ament_cmake_export_include_directories-extras.cmake
[1.153s] -- Up-to-date: /home/krawus/Studies/MAPR/lab3/ros2_ws/install/pcl_conversions/share/pcl_conversions/cmake/ament_cmake_export_dependencies-extras.cmake
[1.154s] -- Up-to-date: /home/krawus/Studies/MAPR/lab3/ros2_ws/install/pcl_conversions/share/pcl_conversions/cmake/pcl_conversionsConfig.cmake
[1.154s] -- Up-to-date: /home/krawus/Studies/MAPR/lab3/ros2_ws/install/pcl_conversions/share/pcl_conversions/cmake/pcl_conversionsConfig-version.cmake
[1.154s] -- Up-to-date: /home/krawus/Studies/MAPR/lab3/ros2_ws/install/pcl_conversions/share/pcl_conversions/package.xml
[1.166s] Invoked command in '/home/krawus/Studies/MAPR/lab3/ros2_ws/build/pcl_conversions' returned '0': AMENT_PREFIX_PATH=/home/krawus/Studies/MAPR/lab3/ros2_ws/install/pcl_msgs CMAKE_PREFIX_PATH=/home/krawus/Studies/MAPR/lab3/ros2_ws/install/pcl_msgs LD_LIBRARY_PATH=/home/krawus/Studies/MAPR/lab3/ros2_ws/install/pcl_msgs/lib PYTHONPATH=/home/krawus/Studies/MAPR/lab3/ros2_ws/install/pcl_msgs/local/lib/python3.10/dist-packages /usr/bin/cmake --install /home/krawus/Studies/MAPR/lab3/ros2_ws/build/pcl_conversions
