[0.010s] Invoking command in '/home/krawus/Studies/MAPR/lab3/ros2_ws/build/octomap_msgs': /usr/bin/cmake /home/krawus/Studies/MAPR/lab3/ros2_ws/src/octomap_msgs -DAMENT_CMAKE_SYMLINK_INSTALL=1 -DCMAKE_INSTALL_PREFIX=/home/krawus/Studies/MAPR/lab3/ros2_ws/install/octomap_msgs
[0.144s] -- The C compiler identification is GNU 11.3.0
[0.253s] -- The CXX compiler identification is GNU 11.3.0
[0.265s] -- Detecting C compiler ABI info
[0.344s] -- Detecting C compiler ABI info - done
[0.355s] -- Check for working C compiler: /usr/bin/cc - skipped
[0.355s] -- Detecting C compile features
[0.356s] -- Detecting C compile features - done
[0.360s] -- Detecting CXX compiler ABI info
[0.454s] -- Detecting CXX compiler ABI info - done
[0.472s] -- Check for working CXX compiler: /usr/bin/c++ - skipped
[0.473s] -- Detecting CXX compile features
[0.473s] -- Detecting CXX compile features - done
[0.492s] [31mCMake Error at CMakeLists.txt:16 (find_package):
[0.493s]   By not providing "Findament_cmake.cmake" in CMAKE_MODULE_PATH this project
[0.493s]   has asked CMake to find a package configuration file provided by
[0.493s]   "ament_cmake", but CMake did not find one.
[0.493s] 
[0.493s]   Could not find a package configuration file provided by "ament_cmake" with
[0.493s]   any of the following names:
[0.493s] 
[0.493s]     ament_cmakeConfig.cmake
[0.493s]     ament_cmake-config.cmake
[0.493s] 
[0.493s]   Add the installation prefix of "ament_cmake" to CMAKE_PREFIX_PATH or set
[0.493s]   "ament_cmake_DIR" to a directory containing one of the above files.  If
[0.494s]   "ament_cmake" provides a separate development package or SDK, be sure it
[0.494s]   has been installed.
[0.494s] 
[0.494s] [0m
[0.494s] -- Configuring incomplete, errors occurred!
[0.494s] See also "/home/krawus/Studies/MAPR/lab3/ros2_ws/build/octomap_msgs/CMakeFiles/CMakeOutput.log".
[0.504s] Invoked command in '/home/krawus/Studies/MAPR/lab3/ros2_ws/build/octomap_msgs' returned '1': /usr/bin/cmake /home/krawus/Studies/MAPR/lab3/ros2_ws/src/octomap_msgs -DAMENT_CMAKE_SYMLINK_INSTALL=1 -DCMAKE_INSTALL_PREFIX=/home/krawus/Studies/MAPR/lab3/ros2_ws/install/octomap_msgs
