[0.028s] Invoking command in '/home/krawus/Studies/MAPR/lab3/ros2_ws/build/pcl_ros': CMAKE_PREFIX_PATH=/home/krawus/Studies/MAPR/lab3/ros2_ws/install/pcl_conversions:/home/krawus/Studies/MAPR/lab3/ros2_ws/install/pcl_msgs:/home/krawus/Studies/MAPR/lab3/ros2_ws/install/perception_pcl:/home/krawus/Studies/MAPR/lab3/ros2_ws/install/pcl_ros:/home/krawus/Studies/MAPR/lab3/ros2_ws/install/octomap_server2:/home/krawus/Studies/MAPR/lab3/ros2_ws/install/octomap_msgs:/home/krawus/Studies/MAPR/lab3/ros2_ws/install/example_maps:/opt/ros/humble:/home/krawus/Studies/MAPR/lab3/ros2_ws/install/octomap_manipulation LD_LIBRARY_PATH=/home/krawus/Studies/MAPR/lab3/ros2_ws/install/pcl_msgs/lib:/usr/lib/x86_64-linux-gnu/gazebo-11/plugins:/opt/ros/humble/opt/rviz_ogre_vendor/lib:/opt/ros/humble/lib/x86_64-linux-gnu:/opt/ros/humble/lib:/home/krawus/Studies/MAPR/lab3/ros2_ws/install/pcl_ros/lib:/home/krawus/Studies/MAPR/lab3/ros2_ws/install/octomap_server2/lib:/home/krawus/Studies/MAPR/lab3/ros2_ws/install/octomap_msgs/lib /usr/bin/cmake --build /home/krawus/Studies/MAPR/lab3/ros2_ws/build/pcl_ros -- -j8 -l8
[0.128s] [100%] Built target pcl_ros_tf
[0.141s] Invoked command in '/home/krawus/Studies/MAPR/lab3/ros2_ws/build/pcl_ros' returned '0': CMAKE_PREFIX_PATH=/home/krawus/Studies/MAPR/lab3/ros2_ws/install/pcl_conversions:/home/krawus/Studies/MAPR/lab3/ros2_ws/install/pcl_msgs:/home/krawus/Studies/MAPR/lab3/ros2_ws/install/perception_pcl:/home/krawus/Studies/MAPR/lab3/ros2_ws/install/pcl_ros:/home/krawus/Studies/MAPR/lab3/ros2_ws/install/octomap_server2:/home/krawus/Studies/MAPR/lab3/ros2_ws/install/octomap_msgs:/home/krawus/Studies/MAPR/lab3/ros2_ws/install/example_maps:/opt/ros/humble:/home/krawus/Studies/MAPR/lab3/ros2_ws/install/octomap_manipulation LD_LIBRARY_PATH=/home/krawus/Studies/MAPR/lab3/ros2_ws/install/pcl_msgs/lib:/usr/lib/x86_64-linux-gnu/gazebo-11/plugins:/opt/ros/humble/opt/rviz_ogre_vendor/lib:/opt/ros/humble/lib/x86_64-linux-gnu:/opt/ros/humble/lib:/home/krawus/Studies/MAPR/lab3/ros2_ws/install/pcl_ros/lib:/home/krawus/Studies/MAPR/lab3/ros2_ws/install/octomap_server2/lib:/home/krawus/Studies/MAPR/lab3/ros2_ws/install/octomap_msgs/lib /usr/bin/cmake --build /home/krawus/Studies/MAPR/lab3/ros2_ws/build/pcl_ros -- -j8 -l8
[0.181s] Invoking command in '/home/krawus/Studies/MAPR/lab3/ros2_ws/build/pcl_ros': CMAKE_PREFIX_PATH=/home/krawus/Studies/MAPR/lab3/ros2_ws/install/pcl_conversions:/home/krawus/Studies/MAPR/lab3/ros2_ws/install/pcl_msgs:/home/krawus/Studies/MAPR/lab3/ros2_ws/install/perception_pcl:/home/krawus/Studies/MAPR/lab3/ros2_ws/install/pcl_ros:/home/krawus/Studies/MAPR/lab3/ros2_ws/install/octomap_server2:/home/krawus/Studies/MAPR/lab3/ros2_ws/install/octomap_msgs:/home/krawus/Studies/MAPR/lab3/ros2_ws/install/example_maps:/opt/ros/humble:/home/krawus/Studies/MAPR/lab3/ros2_ws/install/octomap_manipulation LD_LIBRARY_PATH=/home/krawus/Studies/MAPR/lab3/ros2_ws/install/pcl_msgs/lib:/usr/lib/x86_64-linux-gnu/gazebo-11/plugins:/opt/ros/humble/opt/rviz_ogre_vendor/lib:/opt/ros/humble/lib/x86_64-linux-gnu:/opt/ros/humble/lib:/home/krawus/Studies/MAPR/lab3/ros2_ws/install/pcl_ros/lib:/home/krawus/Studies/MAPR/lab3/ros2_ws/install/octomap_server2/lib:/home/krawus/Studies/MAPR/lab3/ros2_ws/install/octomap_msgs/lib /usr/bin/cmake --install /home/krawus/Studies/MAPR/lab3/ros2_ws/build/pcl_ros
[0.191s] -- Install configuration: ""
[0.192s] -- Up-to-date: /home/krawus/Studies/MAPR/lab3/ros2_ws/install/pcl_ros/include
[0.192s] -- Up-to-date: /home/krawus/Studies/MAPR/lab3/ros2_ws/install/pcl_ros/include/pcl_ros
[0.193s] -- Up-to-date: /home/krawus/Studies/MAPR/lab3/ros2_ws/install/pcl_ros/include/pcl_ros/features
[0.193s] -- Up-to-date: /home/krawus/Studies/MAPR/lab3/ros2_ws/install/pcl_ros/include/pcl_ros/features/normal_3d.hpp
[0.193s] -- Up-to-date: /home/krawus/Studies/MAPR/lab3/ros2_ws/install/pcl_ros/include/pcl_ros/features/boundary.hpp
[0.193s] -- Up-to-date: /home/krawus/Studies/MAPR/lab3/ros2_ws/install/pcl_ros/include/pcl_ros/features/normal_3d_omp.hpp
[0.193s] -- Up-to-date: /home/krawus/Studies/MAPR/lab3/ros2_ws/install/pcl_ros/include/pcl_ros/features/normal_3d_tbb.hpp
[0.193s] -- Up-to-date: /home/krawus/Studies/MAPR/lab3/ros2_ws/install/pcl_ros/include/pcl_ros/features/feature.hpp
[0.194s] -- Up-to-date: /home/krawus/Studies/MAPR/lab3/ros2_ws/install/pcl_ros/include/pcl_ros/features/fpfh.hpp
[0.194s] -- Up-to-date: /home/krawus/Studies/MAPR/lab3/ros2_ws/install/pcl_ros/include/pcl_ros/features/vfh.hpp
[0.195s] -- Up-to-date: /home/krawus/Studies/MAPR/lab3/ros2_ws/install/pcl_ros/include/pcl_ros/features/principal_curvatures.hpp
[0.195s] -- Up-to-date: /home/krawus/Studies/MAPR/lab3/ros2_ws/install/pcl_ros/include/pcl_ros/features/pfh.hpp
[0.195s] -- Up-to-date: /home/krawus/Studies/MAPR/lab3/ros2_ws/install/pcl_ros/include/pcl_ros/features/fpfh_omp.hpp
[0.196s] -- Up-to-date: /home/krawus/Studies/MAPR/lab3/ros2_ws/install/pcl_ros/include/pcl_ros/features/shot.hpp
[0.196s] -- Up-to-date: /home/krawus/Studies/MAPR/lab3/ros2_ws/install/pcl_ros/include/pcl_ros/features/shot_omp.hpp
[0.197s] -- Up-to-date: /home/krawus/Studies/MAPR/lab3/ros2_ws/install/pcl_ros/include/pcl_ros/features/moment_invariants.hpp
[0.197s] -- Up-to-date: /home/krawus/Studies/MAPR/lab3/ros2_ws/install/pcl_ros/include/pcl_ros/impl
[0.197s] -- Up-to-date: /home/krawus/Studies/MAPR/lab3/ros2_ws/install/pcl_ros/include/pcl_ros/impl/transforms.hpp
[0.197s] -- Up-to-date: /home/krawus/Studies/MAPR/lab3/ros2_ws/install/pcl_ros/include/pcl_ros/pcl_nodelet.hpp
[0.197s] -- Up-to-date: /home/krawus/Studies/MAPR/lab3/ros2_ws/install/pcl_ros/include/pcl_ros/surface
[0.197s] -- Up-to-date: /home/krawus/Studies/MAPR/lab3/ros2_ws/install/pcl_ros/include/pcl_ros/surface/convex_hull.hpp
[0.198s] -- Up-to-date: /home/krawus/Studies/MAPR/lab3/ros2_ws/install/pcl_ros/include/pcl_ros/surface/moving_least_squares.hpp
[0.198s] -- Up-to-date: /home/krawus/Studies/MAPR/lab3/ros2_ws/install/pcl_ros/include/pcl_ros/segmentation
[0.198s] -- Up-to-date: /home/krawus/Studies/MAPR/lab3/ros2_ws/install/pcl_ros/include/pcl_ros/segmentation/extract_clusters.hpp
[0.199s] -- Up-to-date: /home/krawus/Studies/MAPR/lab3/ros2_ws/install/pcl_ros/include/pcl_ros/segmentation/segment_differences.hpp
[0.199s] -- Up-to-date: /home/krawus/Studies/MAPR/lab3/ros2_ws/install/pcl_ros/include/pcl_ros/segmentation/sac_segmentation.hpp
[0.199s] -- Up-to-date: /home/krawus/Studies/MAPR/lab3/ros2_ws/install/pcl_ros/include/pcl_ros/segmentation/extract_polygonal_prism_data.hpp
[0.204s] -- Up-to-date: /home/krawus/Studies/MAPR/lab3/ros2_ws/install/pcl_ros/include/pcl_ros/io
[0.205s] -- Up-to-date: /home/krawus/Studies/MAPR/lab3/ros2_ws/install/pcl_ros/include/pcl_ros/io/pcd_io.hpp
[0.206s] -- Up-to-date: /home/krawus/Studies/MAPR/lab3/ros2_ws/install/pcl_ros/include/pcl_ros/io/concatenate_fields.hpp
[0.206s] -- Up-to-date: /home/krawus/Studies/MAPR/lab3/ros2_ws/install/pcl_ros/include/pcl_ros/io/concatenate_data.hpp
[0.206s] -- Up-to-date: /home/krawus/Studies/MAPR/lab3/ros2_ws/install/pcl_ros/include/pcl_ros/io/bag_io.hpp
[0.206s] -- Up-to-date: /home/krawus/Studies/MAPR/lab3/ros2_ws/install/pcl_ros/include/pcl_ros/filters
[0.206s] -- Up-to-date: /home/krawus/Studies/MAPR/lab3/ros2_ws/install/pcl_ros/include/pcl_ros/filters/project_inliers.hpp
[0.207s] -- Up-to-date: /home/krawus/Studies/MAPR/lab3/ros2_ws/install/pcl_ros/include/pcl_ros/filters/extract_indices.hpp
[0.207s] -- Up-to-date: /home/krawus/Studies/MAPR/lab3/ros2_ws/install/pcl_ros/include/pcl_ros/filters/crop_box.hpp
[0.207s] -- Up-to-date: /home/krawus/Studies/MAPR/lab3/ros2_ws/install/pcl_ros/include/pcl_ros/filters/voxel_grid.hpp
[0.208s] -- Up-to-date: /home/krawus/Studies/MAPR/lab3/ros2_ws/install/pcl_ros/include/pcl_ros/filters/passthrough.hpp
[0.208s] -- Up-to-date: /home/krawus/Studies/MAPR/lab3/ros2_ws/install/pcl_ros/include/pcl_ros/filters/radius_outlier_removal.hpp
[0.208s] -- Up-to-date: /home/krawus/Studies/MAPR/lab3/ros2_ws/install/pcl_ros/include/pcl_ros/filters/filter.hpp
[0.208s] -- Up-to-date: /home/krawus/Studies/MAPR/lab3/ros2_ws/install/pcl_ros/include/pcl_ros/filters/statistical_outlier_removal.hpp
[0.208s] -- Up-to-date: /home/krawus/Studies/MAPR/lab3/ros2_ws/install/pcl_ros/include/pcl_ros/point_cloud.hpp
[0.208s] -- Up-to-date: /home/krawus/Studies/MAPR/lab3/ros2_ws/install/pcl_ros/include/pcl_ros/transforms.hpp
[0.209s] -- Up-to-date: /home/krawus/Studies/MAPR/lab3/ros2_ws/install/pcl_ros/include/pcl_ros/publisher.hpp
[0.209s] -- Up-to-date: /home/krawus/Studies/MAPR/lab3/ros2_ws/install/pcl_ros/lib/libpcl_ros_tf.so
[0.209s] -- Up-to-date: /home/krawus/Studies/MAPR/lab3/ros2_ws/install/pcl_ros/share/pcl_ros/plugins
[0.210s] -- Up-to-date: /home/krawus/Studies/MAPR/lab3/ros2_ws/install/pcl_ros/share/pcl_ros/plugins/nodelet
[0.210s] -- Up-to-date: /home/krawus/Studies/MAPR/lab3/ros2_ws/install/pcl_ros/share/pcl_ros/plugins/nodelet/libpcl_ros_filters.xml
[0.210s] -- Up-to-date: /home/krawus/Studies/MAPR/lab3/ros2_ws/install/pcl_ros/share/pcl_ros/plugins/nodelet/libpcl_ros_io.xml
[0.210s] -- Up-to-date: /home/krawus/Studies/MAPR/lab3/ros2_ws/install/pcl_ros/share/pcl_ros/plugins/nodelet/libpcl_ros_surface.xml
[0.210s] -- Up-to-date: /home/krawus/Studies/MAPR/lab3/ros2_ws/install/pcl_ros/share/pcl_ros/plugins/nodelet/libpcl_ros_features.xml
[0.210s] -- Up-to-date: /home/krawus/Studies/MAPR/lab3/ros2_ws/install/pcl_ros/share/pcl_ros/plugins/nodelet/libpcl_ros_segmentation.xml
[0.210s] -- Up-to-date: /home/krawus/Studies/MAPR/lab3/ros2_ws/install/pcl_ros/share/pcl_ros/samples
[0.211s] -- Up-to-date: /home/krawus/Studies/MAPR/lab3/ros2_ws/install/pcl_ros/share/pcl_ros/samples/data
[0.211s] -- Up-to-date: /home/krawus/Studies/MAPR/lab3/ros2_ws/install/pcl_ros/share/pcl_ros/samples/data/.gitignore
[0.211s] -- Up-to-date: /home/krawus/Studies/MAPR/lab3/ros2_ws/install/pcl_ros/share/pcl_ros/samples/pcl_ros
[0.211s] -- Up-to-date: /home/krawus/Studies/MAPR/lab3/ros2_ws/install/pcl_ros/share/pcl_ros/samples/pcl_ros/features
[0.212s] -- Up-to-date: /home/krawus/Studies/MAPR/lab3/ros2_ws/install/pcl_ros/share/pcl_ros/samples/pcl_ros/features/sample_normal_3d.launch
[0.212s] -- Up-to-date: /home/krawus/Studies/MAPR/lab3/ros2_ws/install/pcl_ros/share/pcl_ros/samples/pcl_ros/surface
[0.212s] -- Up-to-date: /home/krawus/Studies/MAPR/lab3/ros2_ws/install/pcl_ros/share/pcl_ros/samples/pcl_ros/surface/sample_convex_hull.launch
[0.212s] -- Up-to-date: /home/krawus/Studies/MAPR/lab3/ros2_ws/install/pcl_ros/share/pcl_ros/samples/pcl_ros/segmentation
[0.212s] -- Up-to-date: /home/krawus/Studies/MAPR/lab3/ros2_ws/install/pcl_ros/share/pcl_ros/samples/pcl_ros/segmentation/sample_extract_clusters.launch
[0.212s] -- Up-to-date: /home/krawus/Studies/MAPR/lab3/ros2_ws/install/pcl_ros/share/pcl_ros/samples/pcl_ros/io
[0.213s] -- Up-to-date: /home/krawus/Studies/MAPR/lab3/ros2_ws/install/pcl_ros/share/pcl_ros/samples/pcl_ros/io/sample_concatenate_data.launch
[0.213s] -- Up-to-date: /home/krawus/Studies/MAPR/lab3/ros2_ws/install/pcl_ros/share/pcl_ros/samples/pcl_ros/filters
[0.215s] -- Up-to-date: /home/krawus/Studies/MAPR/lab3/ros2_ws/install/pcl_ros/share/pcl_ros/samples/pcl_ros/filters/sample_voxel_grid.launch
[0.216s] -- Up-to-date: /home/krawus/Studies/MAPR/lab3/ros2_ws/install/pcl_ros/share/pcl_ros/samples/pcl_ros/filters/sample_statistical_outlier_removal.launch
[0.216s] -- Up-to-date: /home/krawus/Studies/MAPR/lab3/ros2_ws/install/pcl_ros/share/pcl_ros/samples/pcl_ros/filters/config
[0.216s] -- Up-to-date: /home/krawus/Studies/MAPR/lab3/ros2_ws/install/pcl_ros/share/pcl_ros/samples/pcl_ros/filters/config/voxel_grid.rviz
[0.217s] -- Up-to-date: /home/krawus/Studies/MAPR/lab3/ros2_ws/install/pcl_ros/share/pcl_ros/samples/pcl_ros/filters/config/statistical_outlier_removal.rviz
[0.217s] -- Up-to-date: /home/krawus/Studies/MAPR/lab3/ros2_ws/install/pcl_ros/share/pcl_ros/environment/library_path.sh
[0.217s] -- Up-to-date: /home/krawus/Studies/MAPR/lab3/ros2_ws/install/pcl_ros/share/pcl_ros/environment/library_path.dsv
[0.217s] -- Up-to-date: /home/krawus/Studies/MAPR/lab3/ros2_ws/install/pcl_ros/share/ament_index/resource_index/package_run_dependencies/pcl_ros
[0.218s] -- Up-to-date: /home/krawus/Studies/MAPR/lab3/ros2_ws/install/pcl_ros/share/ament_index/resource_index/parent_prefix_path/pcl_ros
[0.218s] -- Up-to-date: /home/krawus/Studies/MAPR/lab3/ros2_ws/install/pcl_ros/share/pcl_ros/environment/ament_prefix_path.sh
[0.218s] -- Up-to-date: /home/krawus/Studies/MAPR/lab3/ros2_ws/install/pcl_ros/share/pcl_ros/environment/ament_prefix_path.dsv
[0.219s] -- Up-to-date: /home/krawus/Studies/MAPR/lab3/ros2_ws/install/pcl_ros/share/pcl_ros/environment/path.sh
[0.221s] -- Up-to-date: /home/krawus/Studies/MAPR/lab3/ros2_ws/install/pcl_ros/share/pcl_ros/environment/path.dsv
[0.221s] -- Up-to-date: /home/krawus/Studies/MAPR/lab3/ros2_ws/install/pcl_ros/share/pcl_ros/local_setup.bash
[0.222s] -- Up-to-date: /home/krawus/Studies/MAPR/lab3/ros2_ws/install/pcl_ros/share/pcl_ros/local_setup.sh
[0.222s] -- Up-to-date: /home/krawus/Studies/MAPR/lab3/ros2_ws/install/pcl_ros/share/pcl_ros/local_setup.zsh
[0.222s] -- Up-to-date: /home/krawus/Studies/MAPR/lab3/ros2_ws/install/pcl_ros/share/pcl_ros/local_setup.dsv
[0.222s] -- Installing: /home/krawus/Studies/MAPR/lab3/ros2_ws/install/pcl_ros/share/pcl_ros/package.dsv
[0.223s] -- Up-to-date: /home/krawus/Studies/MAPR/lab3/ros2_ws/install/pcl_ros/share/ament_index/resource_index/packages/pcl_ros
[0.223s] -- Up-to-date: /home/krawus/Studies/MAPR/lab3/ros2_ws/install/pcl_ros/share/pcl_ros/cmake/export_pcl_rosExport.cmake
[0.223s] -- Up-to-date: /home/krawus/Studies/MAPR/lab3/ros2_ws/install/pcl_ros/share/pcl_ros/cmake/export_pcl_rosExport-noconfig.cmake
[0.223s] -- Up-to-date: /home/krawus/Studies/MAPR/lab3/ros2_ws/install/pcl_ros/share/pcl_ros/cmake/ament_cmake_export_include_directories-extras.cmake
[0.224s] -- Up-to-date: /home/krawus/Studies/MAPR/lab3/ros2_ws/install/pcl_ros/share/pcl_ros/cmake/ament_cmake_export_libraries-extras.cmake
[0.224s] -- Up-to-date: /home/krawus/Studies/MAPR/lab3/ros2_ws/install/pcl_ros/share/pcl_ros/cmake/ament_cmake_export_dependencies-extras.cmake
[0.227s] -- Up-to-date: /home/krawus/Studies/MAPR/lab3/ros2_ws/install/pcl_ros/share/pcl_ros/cmake/ament_cmake_export_targets-extras.cmake
[0.228s] -- Up-to-date: /home/krawus/Studies/MAPR/lab3/ros2_ws/install/pcl_ros/share/pcl_ros/cmake/pcl_rosConfig.cmake
[0.228s] -- Up-to-date: /home/krawus/Studies/MAPR/lab3/ros2_ws/install/pcl_ros/share/pcl_ros/cmake/pcl_rosConfig-version.cmake
[0.228s] -- Up-to-date: /home/krawus/Studies/MAPR/lab3/ros2_ws/install/pcl_ros/share/pcl_ros/package.xml
[0.229s] Invoked command in '/home/krawus/Studies/MAPR/lab3/ros2_ws/build/pcl_ros' returned '0': CMAKE_PREFIX_PATH=/home/krawus/Studies/MAPR/lab3/ros2_ws/install/pcl_conversions:/home/krawus/Studies/MAPR/lab3/ros2_ws/install/pcl_msgs:/home/krawus/Studies/MAPR/lab3/ros2_ws/install/perception_pcl:/home/krawus/Studies/MAPR/lab3/ros2_ws/install/pcl_ros:/home/krawus/Studies/MAPR/lab3/ros2_ws/install/octomap_server2:/home/krawus/Studies/MAPR/lab3/ros2_ws/install/octomap_msgs:/home/krawus/Studies/MAPR/lab3/ros2_ws/install/example_maps:/opt/ros/humble:/home/krawus/Studies/MAPR/lab3/ros2_ws/install/octomap_manipulation LD_LIBRARY_PATH=/home/krawus/Studies/MAPR/lab3/ros2_ws/install/pcl_msgs/lib:/usr/lib/x86_64-linux-gnu/gazebo-11/plugins:/opt/ros/humble/opt/rviz_ogre_vendor/lib:/opt/ros/humble/lib/x86_64-linux-gnu:/opt/ros/humble/lib:/home/krawus/Studies/MAPR/lab3/ros2_ws/install/pcl_ros/lib:/home/krawus/Studies/MAPR/lab3/ros2_ws/install/octomap_server2/lib:/home/krawus/Studies/MAPR/lab3/ros2_ws/install/octomap_msgs/lib /usr/bin/cmake --install /home/krawus/Studies/MAPR/lab3/ros2_ws/build/pcl_ros
