[0.237s] Invoking command in '/home/krawus/Studies/MAPR/lab3/ros2_ws/build/example_maps': CMAKE_PREFIX_PATH=${CMAKE_PREFIX_PATH}:/home/krawus/Studies/MAPR/lab3/ros2_ws/install/octomap_manipulation:/opt/ros/humble /usr/bin/cmake --build /home/krawus/Studies/MAPR/lab3/ros2_ws/build/example_maps -- -j8 -l8
[2.100s] Invoked command in '/home/krawus/Studies/MAPR/lab3/ros2_ws/build/example_maps' returned '0': CMAKE_PREFIX_PATH=${CMAKE_PREFIX_PATH}:/home/krawus/Studies/MAPR/lab3/ros2_ws/install/octomap_manipulation:/opt/ros/humble /usr/bin/cmake --build /home/krawus/Studies/MAPR/lab3/ros2_ws/build/example_maps -- -j8 -l8
[2.460s] Invoking command in '/home/krawus/Studies/MAPR/lab3/ros2_ws/build/example_maps': CMAKE_PREFIX_PATH=${CMAKE_PREFIX_PATH}:/home/krawus/Studies/MAPR/lab3/ros2_ws/install/octomap_manipulation:/opt/ros/humble /usr/bin/cmake --install /home/krawus/Studies/MAPR/lab3/ros2_ws/build/example_maps
[2.511s] -- Install configuration: ""
[2.518s] -- Up-to-date: /home/krawus/Studies/MAPR/lab3/ros2_ws/install/example_maps/share/example_maps/launch
[2.518s] -- Up-to-date: /home/krawus/Studies/MAPR/lab3/ros2_ws/install/example_maps/share/example_maps/launch/turtlesim3_waffle_octomap.launch.py
[2.519s] -- Up-to-date: /home/krawus/Studies/MAPR/lab3/ros2_ws/install/example_maps/share/example_maps/rviz
[2.533s] -- Up-to-date: /home/krawus/Studies/MAPR/lab3/ros2_ws/install/example_maps/share/example_maps/rviz/rviz_cfg.rviz
[2.534s] -- Up-to-date: /home/krawus/Studies/MAPR/lab3/ros2_ws/install/example_maps/share/ament_index/resource_index/package_run_dependencies/example_maps
[2.534s] -- Up-to-date: /home/krawus/Studies/MAPR/lab3/ros2_ws/install/example_maps/share/ament_index/resource_index/parent_prefix_path/example_maps
[2.534s] -- Up-to-date: /home/krawus/Studies/MAPR/lab3/ros2_ws/install/example_maps/share/example_maps/environment/ament_prefix_path.sh
[2.535s] -- Up-to-date: /home/krawus/Studies/MAPR/lab3/ros2_ws/install/example_maps/share/example_maps/environment/ament_prefix_path.dsv
[2.535s] -- Up-to-date: /home/krawus/Studies/MAPR/lab3/ros2_ws/install/example_maps/share/example_maps/environment/path.sh
[2.536s] -- Up-to-date: /home/krawus/Studies/MAPR/lab3/ros2_ws/install/example_maps/share/example_maps/environment/path.dsv
[2.536s] -- Up-to-date: /home/krawus/Studies/MAPR/lab3/ros2_ws/install/example_maps/share/example_maps/local_setup.bash
[2.536s] -- Up-to-date: /home/krawus/Studies/MAPR/lab3/ros2_ws/install/example_maps/share/example_maps/local_setup.sh
[2.537s] -- Up-to-date: /home/krawus/Studies/MAPR/lab3/ros2_ws/install/example_maps/share/example_maps/local_setup.zsh
[2.537s] -- Up-to-date: /home/krawus/Studies/MAPR/lab3/ros2_ws/install/example_maps/share/example_maps/local_setup.dsv
[2.537s] -- Installing: /home/krawus/Studies/MAPR/lab3/ros2_ws/install/example_maps/share/example_maps/package.dsv
[2.538s] -- Up-to-date: /home/krawus/Studies/MAPR/lab3/ros2_ws/install/example_maps/share/ament_index/resource_index/packages/example_maps
[2.538s] -- Up-to-date: /home/krawus/Studies/MAPR/lab3/ros2_ws/install/example_maps/share/example_maps/cmake/example_mapsConfig.cmake
[2.539s] -- Up-to-date: /home/krawus/Studies/MAPR/lab3/ros2_ws/install/example_maps/share/example_maps/cmake/example_mapsConfig-version.cmake
[2.540s] -- Up-to-date: /home/krawus/Studies/MAPR/lab3/ros2_ws/install/example_maps/share/example_maps/package.xml
[2.543s] Invoked command in '/home/krawus/Studies/MAPR/lab3/ros2_ws/build/example_maps' returned '0': CMAKE_PREFIX_PATH=${CMAKE_PREFIX_PATH}:/home/krawus/Studies/MAPR/lab3/ros2_ws/install/octomap_manipulation:/opt/ros/humble /usr/bin/cmake --install /home/krawus/Studies/MAPR/lab3/ros2_ws/build/example_maps
