running egg_info
writing ../../build/path_drawing/path_drawing.egg-info/PKG-INFO
writing dependency_links to ../../build/path_drawing/path_drawing.egg-info/dependency_links.txt
writing entry points to ../../build/path_drawing/path_drawing.egg-info/entry_points.txt
writing requirements to ../../build/path_drawing/path_drawing.egg-info/requires.txt
writing top-level names to ../../build/path_drawing/path_drawing.egg-info/top_level.txt
reading manifest file '../../build/path_drawing/path_drawing.egg-info/SOURCES.txt'
writing manifest file '../../build/path_drawing/path_drawing.egg-info/SOURCES.txt'
running build
running build_py
copying path_drawing/path_publisher_function.py -> /home/krawus/Studies/MAPR/lab3/ros2_ws/build/path_drawing/build/lib/path_drawing
running install
/usr/lib/python3/dist-packages/setuptools/command/install.py:34: SetuptoolsDeprecationWarning: setup.py install is deprecated. Use build and pip and other standards-based tools.
  warnings.warn(
running install_lib
copying /home/krawus/Studies/MAPR/lab3/ros2_ws/build/path_drawing/build/lib/path_drawing/path_publisher_function.py -> /home/krawus/Studies/MAPR/lab3/ros2_ws/install/path_drawing/lib/python3.10/site-packages/path_drawing
byte-compiling /home/krawus/Studies/MAPR/lab3/ros2_ws/install/path_drawing/lib/python3.10/site-packages/path_drawing/path_publisher_function.py to path_publisher_function.cpython-310.pyc
running install_data
running install_egg_info
removing '/home/krawus/Studies/MAPR/lab3/ros2_ws/install/path_drawing/lib/python3.10/site-packages/path_drawing-0.0.0-py3.10.egg-info' (and everything under it)
Copying ../../build/path_drawing/path_drawing.egg-info to /home/krawus/Studies/MAPR/lab3/ros2_ws/install/path_drawing/lib/python3.10/site-packages/path_drawing-0.0.0-py3.10.egg-info
running install_scripts
Installing draw_path script to /home/krawus/Studies/MAPR/lab3/ros2_ws/install/path_drawing/lib/path_drawing
writing list of installed files to '/home/krawus/Studies/MAPR/lab3/ros2_ws/build/path_drawing/install.log'
