[0.769s] Invoking command in '/home/krawus/Studies/MAPR/lab4/ros2_ws/src/mapr_4_student': PYTHONPATH=/home/krawus/Studies/MAPR/lab4/ros2_ws/build/mapr_4_student/prefix_override:/home/krawus/Studies/MAPR/lab4/ros2_ws/install/mapr_4_student/lib/python3.10/site-packages:${PYTHONPATH} /usr/bin/python3 setup.py egg_info --egg-base ../../build/mapr_4_student build --build-base /home/krawus/Studies/MAPR/lab4/ros2_ws/build/mapr_4_student/build install --record /home/krawus/Studies/MAPR/lab4/ros2_ws/build/mapr_4_student/install.log --single-version-externally-managed
[1.053s] running egg_info
[1.053s] writing ../../build/mapr_4_student/mapr_4_student.egg-info/PKG-INFO
[1.053s] writing dependency_links to ../../build/mapr_4_student/mapr_4_student.egg-info/dependency_links.txt
[1.054s] writing entry points to ../../build/mapr_4_student/mapr_4_student.egg-info/entry_points.txt
[1.054s] writing requirements to ../../build/mapr_4_student/mapr_4_student.egg-info/requires.txt
[1.054s] writing top-level names to ../../build/mapr_4_student/mapr_4_student.egg-info/top_level.txt
[1.058s] reading manifest file '../../build/mapr_4_student/mapr_4_student.egg-info/SOURCES.txt'
[1.060s] writing manifest file '../../build/mapr_4_student/mapr_4_student.egg-info/SOURCES.txt'
[1.060s] running build
[1.060s] running build_py
[1.060s] copying mapr_4_student/bfs.py -> /home/krawus/Studies/MAPR/lab4/ros2_ws/build/mapr_4_student/build/lib/mapr_4_student
[1.061s] running install
[1.062s] /usr/lib/python3/dist-packages/setuptools/command/install.py:34: SetuptoolsDeprecationWarning: setup.py install is deprecated. Use build and pip and other standards-based tools.
[1.062s]   warnings.warn(
[1.062s] running install_lib
[1.063s] copying /home/krawus/Studies/MAPR/lab4/ros2_ws/build/mapr_4_student/build/lib/mapr_4_student/bfs.py -> /home/krawus/Studies/MAPR/lab4/ros2_ws/install/mapr_4_student/lib/python3.10/site-packages/mapr_4_student
[1.064s] byte-compiling /home/krawus/Studies/MAPR/lab4/ros2_ws/install/mapr_4_student/lib/python3.10/site-packages/mapr_4_student/bfs.py to bfs.cpython-310.pyc
[1.064s] running install_data
[1.065s] running install_egg_info
[1.067s] removing '/home/krawus/Studies/MAPR/lab4/ros2_ws/install/mapr_4_student/lib/python3.10/site-packages/mapr_4_student-1.0.0-py3.10.egg-info' (and everything under it)
[1.067s] Copying ../../build/mapr_4_student/mapr_4_student.egg-info to /home/krawus/Studies/MAPR/lab4/ros2_ws/install/mapr_4_student/lib/python3.10/site-packages/mapr_4_student-1.0.0-py3.10.egg-info
[1.068s] running install_scripts
[1.089s] Installing bfs script to /home/krawus/Studies/MAPR/lab4/ros2_ws/install/mapr_4_student/lib/mapr_4_student
[1.089s] Installing bfs_backtrace script to /home/krawus/Studies/MAPR/lab4/ros2_ws/install/mapr_4_student/lib/mapr_4_student
[1.089s] Installing dfs script to /home/krawus/Studies/MAPR/lab4/ros2_ws/install/mapr_4_student/lib/mapr_4_student
[1.089s] Installing dfs_backtrace script to /home/krawus/Studies/MAPR/lab4/ros2_ws/install/mapr_4_student/lib/mapr_4_student
[1.089s] Installing points script to /home/krawus/Studies/MAPR/lab4/ros2_ws/install/mapr_4_student/lib/mapr_4_student
[1.090s] writing list of installed files to '/home/krawus/Studies/MAPR/lab4/ros2_ws/build/mapr_4_student/install.log'
[1.125s] Invoked command in '/home/krawus/Studies/MAPR/lab4/ros2_ws/src/mapr_4_student' returned '0': PYTHONPATH=/home/krawus/Studies/MAPR/lab4/ros2_ws/build/mapr_4_student/prefix_override:/home/krawus/Studies/MAPR/lab4/ros2_ws/install/mapr_4_student/lib/python3.10/site-packages:${PYTHONPATH} /usr/bin/python3 setup.py egg_info --egg-base ../../build/mapr_4_student build --build-base /home/krawus/Studies/MAPR/lab4/ros2_ws/build/mapr_4_student/build install --record /home/krawus/Studies/MAPR/lab4/ros2_ws/build/mapr_4_student/install.log --single-version-externally-managed
