[1.047s] Invoking command in '/home/krawus/Studies/MAPR/lab3/ros2_ws/src/octomap_manipulation': PYTHONPATH=/home/krawus/Studies/MAPR/lab3/ros2_ws/build/octomap_manipulation/prefix_override:/home/krawus/Studies/MAPR/lab3/ros2_ws/install/octomap_manipulation/lib/python3.10/site-packages:${PYTHONPATH} /usr/bin/python3 setup.py egg_info --egg-base ../../build/octomap_manipulation build --build-base /home/krawus/Studies/MAPR/lab3/ros2_ws/build/octomap_manipulation/build install --record /home/krawus/Studies/MAPR/lab3/ros2_ws/build/octomap_manipulation/install.log --single-version-externally-managed
[1.383s] running egg_info
[1.384s] writing ../../build/octomap_manipulation/octomap_manipulation.egg-info/PKG-INFO
[1.384s] writing dependency_links to ../../build/octomap_manipulation/octomap_manipulation.egg-info/dependency_links.txt
[1.384s] writing entry points to ../../build/octomap_manipulation/octomap_manipulation.egg-info/entry_points.txt
[1.384s] writing requirements to ../../build/octomap_manipulation/octomap_manipulation.egg-info/requires.txt
[1.384s] writing top-level names to ../../build/octomap_manipulation/octomap_manipulation.egg-info/top_level.txt
[1.387s] reading manifest file '../../build/octomap_manipulation/octomap_manipulation.egg-info/SOURCES.txt'
[1.389s] writing manifest file '../../build/octomap_manipulation/octomap_manipulation.egg-info/SOURCES.txt'
[1.389s] running build
[1.389s] running build_py
[1.390s] running install
[1.390s] /usr/lib/python3/dist-packages/setuptools/command/install.py:34: SetuptoolsDeprecationWarning: setup.py install is deprecated. Use build and pip and other standards-based tools.
[1.390s]   warnings.warn(
[1.390s] running install_lib
[1.392s] running install_data
[1.393s] running install_egg_info
[1.396s] removing '/home/krawus/Studies/MAPR/lab3/ros2_ws/install/octomap_manipulation/lib/python3.10/site-packages/octomap_manipulation-0.0.0-py3.10.egg-info' (and everything under it)
[1.396s] Copying ../../build/octomap_manipulation/octomap_manipulation.egg-info to /home/krawus/Studies/MAPR/lab3/ros2_ws/install/octomap_manipulation/lib/python3.10/site-packages/octomap_manipulation-0.0.0-py3.10.egg-info
[1.398s] running install_scripts
[1.434s] Installing octomap_print script to /home/krawus/Studies/MAPR/lab3/ros2_ws/install/octomap_manipulation/lib/octomap_manipulation
[1.434s] writing list of installed files to '/home/krawus/Studies/MAPR/lab3/ros2_ws/build/octomap_manipulation/install.log'
[1.475s] Invoked command in '/home/krawus/Studies/MAPR/lab3/ros2_ws/src/octomap_manipulation' returned '0': PYTHONPATH=/home/krawus/Studies/MAPR/lab3/ros2_ws/build/octomap_manipulation/prefix_override:/home/krawus/Studies/MAPR/lab3/ros2_ws/install/octomap_manipulation/lib/python3.10/site-packages:${PYTHONPATH} /usr/bin/python3 setup.py egg_info --egg-base ../../build/octomap_manipulation build --build-base /home/krawus/Studies/MAPR/lab3/ros2_ws/build/octomap_manipulation/build install --record /home/krawus/Studies/MAPR/lab3/ros2_ws/build/octomap_manipulation/install.log --single-version-externally-managed
