[0.031s] Invoking command in '/home/krawus/Studies/MAPR/lab3/ros2_ws/build/pcl_msgs': CMAKE_PREFIX_PATH=${CMAKE_PREFIX_PATH}:/home/krawus/Studies/MAPR/lab3/ros2_ws/install/octomap_manipulation /usr/bin/cmake --build /home/krawus/Studies/MAPR/lab3/ros2_ws/build/pcl_msgs -- -j8 -l8
[0.116s] [ 11%] Built target pcl_msgs__rosidl_generator_c
[0.121s] [ 12%] Built target pcl_msgs__cpp
[0.129s] [ 12%] Built target ament_cmake_python_symlink_pcl_msgs
[0.182s] [ 23%] Built target pcl_msgs__rosidl_typesupport_introspection_c
[0.195s] [ 34%] Built target pcl_msgs__rosidl_typesupport_c
[0.200s] [ 46%] Built target pcl_msgs__rosidl_typesupport_fastrtps_c
[0.212s] [ 57%] Built target pcl_msgs__rosidl_typesupport_fastrtps_cpp
[0.216s] [ 68%] Built target pcl_msgs__rosidl_typesupport_introspection_cpp
[0.243s] [ 79%] Built target pcl_msgs__rosidl_typesupport_cpp
[0.278s] [ 79%] Built target pcl_msgs
[0.313s] [ 80%] Built target pcl_msgs__py
[0.354s] [ 90%] Built target pcl_msgs__rosidl_generator_py
[0.397s] [ 93%] Built target pcl_msgs__rosidl_typesupport_c__pyext
[0.405s] [ 96%] Built target pcl_msgs__rosidl_typesupport_introspection_c__pyext
[0.408s] [100%] Built target pcl_msgs__rosidl_typesupport_fastrtps_c__pyext
[0.532s] running egg_info
[0.533s] writing pcl_msgs.egg-info/PKG-INFO
[0.533s] writing dependency_links to pcl_msgs.egg-info/dependency_links.txt
[0.533s] writing top-level names to pcl_msgs.egg-info/top_level.txt
[0.539s] reading manifest file 'pcl_msgs.egg-info/SOURCES.txt'
[0.542s] writing manifest file 'pcl_msgs.egg-info/SOURCES.txt'
[0.598s] [100%] Built target ament_cmake_python_build_pcl_msgs_egg
[0.619s] Invoked command in '/home/krawus/Studies/MAPR/lab3/ros2_ws/build/pcl_msgs' returned '0': CMAKE_PREFIX_PATH=${CMAKE_PREFIX_PATH}:/home/krawus/Studies/MAPR/lab3/ros2_ws/install/octomap_manipulation /usr/bin/cmake --build /home/krawus/Studies/MAPR/lab3/ros2_ws/build/pcl_msgs -- -j8 -l8
[0.805s] Invoking command in '/home/krawus/Studies/MAPR/lab3/ros2_ws/build/pcl_msgs': CMAKE_PREFIX_PATH=${CMAKE_PREFIX_PATH}:/home/krawus/Studies/MAPR/lab3/ros2_ws/install/octomap_manipulation /usr/bin/cmake --install /home/krawus/Studies/MAPR/lab3/ros2_ws/build/pcl_msgs
[0.817s] -- Install configuration: ""
[0.818s] -- Execute custom install script
[0.818s] -- Up-to-date symlink: /home/krawus/Studies/MAPR/lab3/ros2_ws/install/pcl_msgs/share/ament_index/resource_index/rosidl_interfaces/pcl_msgs
[0.820s] -- Up-to-date symlink: /home/krawus/Studies/MAPR/lab3/ros2_ws/install/pcl_msgs/include/pcl_msgs/pcl_msgs/msg/detail/model_coefficients__functions.h
[0.820s] -- Up-to-date symlink: /home/krawus/Studies/MAPR/lab3/ros2_ws/install/pcl_msgs/include/pcl_msgs/pcl_msgs/msg/detail/model_coefficients__struct.h
[0.821s] -- Up-to-date symlink: /home/krawus/Studies/MAPR/lab3/ros2_ws/install/pcl_msgs/include/pcl_msgs/pcl_msgs/msg/detail/model_coefficients__type_support.h
[0.821s] -- Up-to-date symlink: /home/krawus/Studies/MAPR/lab3/ros2_ws/install/pcl_msgs/include/pcl_msgs/pcl_msgs/msg/detail/point_indices__functions.h
[0.821s] -- Up-to-date symlink: /home/krawus/Studies/MAPR/lab3/ros2_ws/install/pcl_msgs/include/pcl_msgs/pcl_msgs/msg/detail/point_indices__struct.h
[0.822s] -- Up-to-date symlink: /home/krawus/Studies/MAPR/lab3/ros2_ws/install/pcl_msgs/include/pcl_msgs/pcl_msgs/msg/detail/point_indices__type_support.h
[0.822s] -- Up-to-date symlink: /home/krawus/Studies/MAPR/lab3/ros2_ws/install/pcl_msgs/include/pcl_msgs/pcl_msgs/msg/detail/polygon_mesh__functions.h
[0.822s] -- Up-to-date symlink: /home/krawus/Studies/MAPR/lab3/ros2_ws/install/pcl_msgs/include/pcl_msgs/pcl_msgs/msg/detail/polygon_mesh__struct.h
[0.823s] -- Up-to-date symlink: /home/krawus/Studies/MAPR/lab3/ros2_ws/install/pcl_msgs/include/pcl_msgs/pcl_msgs/msg/detail/polygon_mesh__type_support.h
[0.823s] -- Up-to-date symlink: /home/krawus/Studies/MAPR/lab3/ros2_ws/install/pcl_msgs/include/pcl_msgs/pcl_msgs/msg/detail/vertices__functions.h
[0.823s] -- Up-to-date symlink: /home/krawus/Studies/MAPR/lab3/ros2_ws/install/pcl_msgs/include/pcl_msgs/pcl_msgs/msg/detail/vertices__struct.h
[0.824s] -- Up-to-date symlink: /home/krawus/Studies/MAPR/lab3/ros2_ws/install/pcl_msgs/include/pcl_msgs/pcl_msgs/msg/detail/vertices__type_support.h
[0.824s] -- Up-to-date symlink: /home/krawus/Studies/MAPR/lab3/ros2_ws/install/pcl_msgs/include/pcl_msgs/pcl_msgs/msg/model_coefficients.h
[0.824s] -- Up-to-date symlink: /home/krawus/Studies/MAPR/lab3/ros2_ws/install/pcl_msgs/include/pcl_msgs/pcl_msgs/msg/point_indices.h
[0.824s] -- Up-to-date symlink: /home/krawus/Studies/MAPR/lab3/ros2_ws/install/pcl_msgs/include/pcl_msgs/pcl_msgs/msg/polygon_mesh.h
[0.825s] -- Up-to-date symlink: /home/krawus/Studies/MAPR/lab3/ros2_ws/install/pcl_msgs/include/pcl_msgs/pcl_msgs/msg/rosidl_generator_c__visibility_control.h
[0.825s] -- Up-to-date symlink: /home/krawus/Studies/MAPR/lab3/ros2_ws/install/pcl_msgs/include/pcl_msgs/pcl_msgs/msg/vertices.h
[0.825s] -- Up-to-date symlink: /home/krawus/Studies/MAPR/lab3/ros2_ws/install/pcl_msgs/include/pcl_msgs/pcl_msgs/srv/detail/update_filename__functions.h
[0.825s] -- Up-to-date symlink: /home/krawus/Studies/MAPR/lab3/ros2_ws/install/pcl_msgs/include/pcl_msgs/pcl_msgs/srv/detail/update_filename__struct.h
[0.826s] -- Up-to-date symlink: /home/krawus/Studies/MAPR/lab3/ros2_ws/install/pcl_msgs/include/pcl_msgs/pcl_msgs/srv/detail/update_filename__type_support.h
[0.826s] -- Up-to-date symlink: /home/krawus/Studies/MAPR/lab3/ros2_ws/install/pcl_msgs/include/pcl_msgs/pcl_msgs/srv/update_filename.h
[0.826s] -- Up-to-date symlink: /home/krawus/Studies/MAPR/lab3/ros2_ws/install/pcl_msgs/share/pcl_msgs/environment/library_path.sh
[0.827s] -- Up-to-date symlink: /home/krawus/Studies/MAPR/lab3/ros2_ws/install/pcl_msgs/share/pcl_msgs/environment/library_path.dsv
[0.828s] -- Up-to-date symlink: /home/krawus/Studies/MAPR/lab3/ros2_ws/install/pcl_msgs/include/pcl_msgs/pcl_msgs/msg/detail/model_coefficients__rosidl_typesupport_fastrtps_c.h
[0.828s] -- Up-to-date symlink: /home/krawus/Studies/MAPR/lab3/ros2_ws/install/pcl_msgs/include/pcl_msgs/pcl_msgs/msg/detail/point_indices__rosidl_typesupport_fastrtps_c.h
[0.828s] -- Up-to-date symlink: /home/krawus/Studies/MAPR/lab3/ros2_ws/install/pcl_msgs/include/pcl_msgs/pcl_msgs/msg/detail/polygon_mesh__rosidl_typesupport_fastrtps_c.h
[0.829s] -- Up-to-date symlink: /home/krawus/Studies/MAPR/lab3/ros2_ws/install/pcl_msgs/include/pcl_msgs/pcl_msgs/msg/detail/vertices__rosidl_typesupport_fastrtps_c.h
[0.829s] -- Up-to-date symlink: /home/krawus/Studies/MAPR/lab3/ros2_ws/install/pcl_msgs/include/pcl_msgs/pcl_msgs/msg/rosidl_typesupport_fastrtps_c__visibility_control.h
[0.829s] -- Up-to-date symlink: /home/krawus/Studies/MAPR/lab3/ros2_ws/install/pcl_msgs/include/pcl_msgs/pcl_msgs/srv/detail/update_filename__rosidl_typesupport_fastrtps_c.h
[0.830s] -- Up-to-date symlink: /home/krawus/Studies/MAPR/lab3/ros2_ws/install/pcl_msgs/include/pcl_msgs/pcl_msgs/msg/detail/model_coefficients__rosidl_typesupport_introspection_c.h
[0.831s] -- Up-to-date symlink: /home/krawus/Studies/MAPR/lab3/ros2_ws/install/pcl_msgs/include/pcl_msgs/pcl_msgs/msg/detail/point_indices__rosidl_typesupport_introspection_c.h
[0.831s] -- Up-to-date symlink: /home/krawus/Studies/MAPR/lab3/ros2_ws/install/pcl_msgs/include/pcl_msgs/pcl_msgs/msg/detail/polygon_mesh__rosidl_typesupport_introspection_c.h
[0.832s] -- Up-to-date symlink: /home/krawus/Studies/MAPR/lab3/ros2_ws/install/pcl_msgs/include/pcl_msgs/pcl_msgs/msg/detail/vertices__rosidl_typesupport_introspection_c.h
[0.833s] -- Up-to-date symlink: /home/krawus/Studies/MAPR/lab3/ros2_ws/install/pcl_msgs/include/pcl_msgs/pcl_msgs/msg/rosidl_typesupport_introspection_c__visibility_control.h
[0.833s] -- Up-to-date symlink: /home/krawus/Studies/MAPR/lab3/ros2_ws/install/pcl_msgs/include/pcl_msgs/pcl_msgs/srv/detail/update_filename__rosidl_typesupport_introspection_c.h
[0.835s] -- Up-to-date symlink: /home/krawus/Studies/MAPR/lab3/ros2_ws/install/pcl_msgs/include/pcl_msgs/pcl_msgs/msg/detail/model_coefficients__builder.hpp
[0.835s] -- Up-to-date symlink: /home/krawus/Studies/MAPR/lab3/ros2_ws/install/pcl_msgs/include/pcl_msgs/pcl_msgs/msg/detail/model_coefficients__struct.hpp
[0.836s] -- Up-to-date symlink: /home/krawus/Studies/MAPR/lab3/ros2_ws/install/pcl_msgs/include/pcl_msgs/pcl_msgs/msg/detail/model_coefficients__traits.hpp
[0.836s] -- Up-to-date symlink: /home/krawus/Studies/MAPR/lab3/ros2_ws/install/pcl_msgs/include/pcl_msgs/pcl_msgs/msg/detail/point_indices__builder.hpp
[0.836s] -- Up-to-date symlink: /home/krawus/Studies/MAPR/lab3/ros2_ws/install/pcl_msgs/include/pcl_msgs/pcl_msgs/msg/detail/point_indices__struct.hpp
[0.836s] -- Up-to-date symlink: /home/krawus/Studies/MAPR/lab3/ros2_ws/install/pcl_msgs/include/pcl_msgs/pcl_msgs/msg/detail/point_indices__traits.hpp
[0.837s] -- Up-to-date symlink: /home/krawus/Studies/MAPR/lab3/ros2_ws/install/pcl_msgs/include/pcl_msgs/pcl_msgs/msg/detail/polygon_mesh__builder.hpp
[0.837s] -- Up-to-date symlink: /home/krawus/Studies/MAPR/lab3/ros2_ws/install/pcl_msgs/include/pcl_msgs/pcl_msgs/msg/detail/polygon_mesh__struct.hpp
[0.838s] -- Up-to-date symlink: /home/krawus/Studies/MAPR/lab3/ros2_ws/install/pcl_msgs/include/pcl_msgs/pcl_msgs/msg/detail/polygon_mesh__traits.hpp
[0.838s] -- Up-to-date symlink: /home/krawus/Studies/MAPR/lab3/ros2_ws/install/pcl_msgs/include/pcl_msgs/pcl_msgs/msg/detail/vertices__builder.hpp
[0.838s] -- Up-to-date symlink: /home/krawus/Studies/MAPR/lab3/ros2_ws/install/pcl_msgs/include/pcl_msgs/pcl_msgs/msg/detail/vertices__struct.hpp
[0.839s] -- Up-to-date symlink: /home/krawus/Studies/MAPR/lab3/ros2_ws/install/pcl_msgs/include/pcl_msgs/pcl_msgs/msg/detail/vertices__traits.hpp
[0.839s] -- Up-to-date symlink: /home/krawus/Studies/MAPR/lab3/ros2_ws/install/pcl_msgs/include/pcl_msgs/pcl_msgs/msg/model_coefficients.hpp
[0.839s] -- Up-to-date symlink: /home/krawus/Studies/MAPR/lab3/ros2_ws/install/pcl_msgs/include/pcl_msgs/pcl_msgs/msg/point_indices.hpp
[0.840s] -- Up-to-date symlink: /home/krawus/Studies/MAPR/lab3/ros2_ws/install/pcl_msgs/include/pcl_msgs/pcl_msgs/msg/polygon_mesh.hpp
[0.840s] -- Up-to-date symlink: /home/krawus/Studies/MAPR/lab3/ros2_ws/install/pcl_msgs/include/pcl_msgs/pcl_msgs/msg/vertices.hpp
[0.841s] -- Up-to-date symlink: /home/krawus/Studies/MAPR/lab3/ros2_ws/install/pcl_msgs/include/pcl_msgs/pcl_msgs/srv/detail/update_filename__builder.hpp
[0.841s] -- Up-to-date symlink: /home/krawus/Studies/MAPR/lab3/ros2_ws/install/pcl_msgs/include/pcl_msgs/pcl_msgs/srv/detail/update_filename__struct.hpp
[0.841s] -- Up-to-date symlink: /home/krawus/Studies/MAPR/lab3/ros2_ws/install/pcl_msgs/include/pcl_msgs/pcl_msgs/srv/detail/update_filename__traits.hpp
[0.841s] -- Up-to-date symlink: /home/krawus/Studies/MAPR/lab3/ros2_ws/install/pcl_msgs/include/pcl_msgs/pcl_msgs/srv/update_filename.hpp
[0.842s] -- Up-to-date symlink: /home/krawus/Studies/MAPR/lab3/ros2_ws/install/pcl_msgs/include/pcl_msgs/pcl_msgs/msg/detail/model_coefficients__rosidl_typesupport_fastrtps_cpp.hpp
[0.842s] -- Up-to-date symlink: /home/krawus/Studies/MAPR/lab3/ros2_ws/install/pcl_msgs/include/pcl_msgs/pcl_msgs/msg/detail/point_indices__rosidl_typesupport_fastrtps_cpp.hpp
[0.843s] -- Up-to-date symlink: /home/krawus/Studies/MAPR/lab3/ros2_ws/install/pcl_msgs/include/pcl_msgs/pcl_msgs/msg/detail/polygon_mesh__rosidl_typesupport_fastrtps_cpp.hpp
[0.843s] -- Up-to-date symlink: /home/krawus/Studies/MAPR/lab3/ros2_ws/install/pcl_msgs/include/pcl_msgs/pcl_msgs/msg/detail/vertices__rosidl_typesupport_fastrtps_cpp.hpp
[0.843s] -- Up-to-date symlink: /home/krawus/Studies/MAPR/lab3/ros2_ws/install/pcl_msgs/include/pcl_msgs/pcl_msgs/msg/rosidl_typesupport_fastrtps_cpp__visibility_control.h
[0.844s] -- Up-to-date symlink: /home/krawus/Studies/MAPR/lab3/ros2_ws/install/pcl_msgs/include/pcl_msgs/pcl_msgs/srv/detail/update_filename__rosidl_typesupport_fastrtps_cpp.hpp
[0.844s] -- Up-to-date symlink: /home/krawus/Studies/MAPR/lab3/ros2_ws/install/pcl_msgs/include/pcl_msgs/pcl_msgs/msg/detail/model_coefficients__rosidl_typesupport_introspection_cpp.hpp
[0.845s] -- Up-to-date symlink: /home/krawus/Studies/MAPR/lab3/ros2_ws/install/pcl_msgs/include/pcl_msgs/pcl_msgs/msg/detail/point_indices__rosidl_typesupport_introspection_cpp.hpp
[0.845s] -- Up-to-date symlink: /home/krawus/Studies/MAPR/lab3/ros2_ws/install/pcl_msgs/include/pcl_msgs/pcl_msgs/msg/detail/polygon_mesh__rosidl_typesupport_introspection_cpp.hpp
[0.846s] -- Up-to-date symlink: /home/krawus/Studies/MAPR/lab3/ros2_ws/install/pcl_msgs/include/pcl_msgs/pcl_msgs/msg/detail/vertices__rosidl_typesupport_introspection_cpp.hpp
[0.846s] -- Up-to-date symlink: /home/krawus/Studies/MAPR/lab3/ros2_ws/install/pcl_msgs/include/pcl_msgs/pcl_msgs/srv/detail/update_filename__rosidl_typesupport_introspection_cpp.hpp
[0.846s] -- Up-to-date symlink: /home/krawus/Studies/MAPR/lab3/ros2_ws/install/pcl_msgs/share/pcl_msgs/environment/pythonpath.sh
[0.847s] -- Up-to-date symlink: /home/krawus/Studies/MAPR/lab3/ros2_ws/install/pcl_msgs/share/pcl_msgs/environment/pythonpath.dsv
[0.848s] -- Up-to-date symlink: /home/krawus/Studies/MAPR/lab3/ros2_ws/install/pcl_msgs/local/lib/python3.10/dist-packages/pcl_msgs-1.0.0-py3.10.egg-info/PKG-INFO
[0.848s] -- Up-to-date symlink: /home/krawus/Studies/MAPR/lab3/ros2_ws/install/pcl_msgs/local/lib/python3.10/dist-packages/pcl_msgs-1.0.0-py3.10.egg-info/SOURCES.txt
[0.848s] -- Up-to-date symlink: /home/krawus/Studies/MAPR/lab3/ros2_ws/install/pcl_msgs/local/lib/python3.10/dist-packages/pcl_msgs-1.0.0-py3.10.egg-info/dependency_links.txt
[0.849s] -- Up-to-date symlink: /home/krawus/Studies/MAPR/lab3/ros2_ws/install/pcl_msgs/local/lib/python3.10/dist-packages/pcl_msgs-1.0.0-py3.10.egg-info/top_level.txt
[0.850s] -- Up-to-date symlink: /home/krawus/Studies/MAPR/lab3/ros2_ws/install/pcl_msgs/local/lib/python3.10/dist-packages/pcl_msgs/__init__.py
[0.850s] -- Up-to-date symlink: /home/krawus/Studies/MAPR/lab3/ros2_ws/install/pcl_msgs/local/lib/python3.10/dist-packages/pcl_msgs/_pcl_msgs_s.ep.rosidl_typesupport_c.c
[0.850s] -- Up-to-date symlink: /home/krawus/Studies/MAPR/lab3/ros2_ws/install/pcl_msgs/local/lib/python3.10/dist-packages/pcl_msgs/_pcl_msgs_s.ep.rosidl_typesupport_fastrtps_c.c
[0.851s] -- Up-to-date symlink: /home/krawus/Studies/MAPR/lab3/ros2_ws/install/pcl_msgs/local/lib/python3.10/dist-packages/pcl_msgs/_pcl_msgs_s.ep.rosidl_typesupport_introspection_c.c
[0.851s] -- Up-to-date symlink: /home/krawus/Studies/MAPR/lab3/ros2_ws/install/pcl_msgs/local/lib/python3.10/dist-packages/pcl_msgs/libpcl_msgs__rosidl_generator_py.so
[0.851s] -- Up-to-date symlink: /home/krawus/Studies/MAPR/lab3/ros2_ws/install/pcl_msgs/local/lib/python3.10/dist-packages/pcl_msgs/msg/__init__.py
[0.852s] -- Up-to-date symlink: /home/krawus/Studies/MAPR/lab3/ros2_ws/install/pcl_msgs/local/lib/python3.10/dist-packages/pcl_msgs/msg/_model_coefficients.py
[0.852s] -- Up-to-date symlink: /home/krawus/Studies/MAPR/lab3/ros2_ws/install/pcl_msgs/local/lib/python3.10/dist-packages/pcl_msgs/msg/_model_coefficients_s.c
[0.852s] -- Up-to-date symlink: /home/krawus/Studies/MAPR/lab3/ros2_ws/install/pcl_msgs/local/lib/python3.10/dist-packages/pcl_msgs/msg/_point_indices.py
[0.853s] -- Up-to-date symlink: /home/krawus/Studies/MAPR/lab3/ros2_ws/install/pcl_msgs/local/lib/python3.10/dist-packages/pcl_msgs/msg/_point_indices_s.c
[0.853s] -- Up-to-date symlink: /home/krawus/Studies/MAPR/lab3/ros2_ws/install/pcl_msgs/local/lib/python3.10/dist-packages/pcl_msgs/msg/_polygon_mesh.py
[0.853s] -- Up-to-date symlink: /home/krawus/Studies/MAPR/lab3/ros2_ws/install/pcl_msgs/local/lib/python3.10/dist-packages/pcl_msgs/msg/_polygon_mesh_s.c
[0.854s] -- Up-to-date symlink: /home/krawus/Studies/MAPR/lab3/ros2_ws/install/pcl_msgs/local/lib/python3.10/dist-packages/pcl_msgs/msg/_vertices.py
[0.855s] -- Up-to-date symlink: /home/krawus/Studies/MAPR/lab3/ros2_ws/install/pcl_msgs/local/lib/python3.10/dist-packages/pcl_msgs/msg/_vertices_s.c
[0.855s] -- Up-to-date symlink: /home/krawus/Studies/MAPR/lab3/ros2_ws/install/pcl_msgs/local/lib/python3.10/dist-packages/pcl_msgs/pcl_msgs_s__rosidl_typesupport_c.cpython-310-x86_64-linux-gnu.so
[0.856s] -- Up-to-date symlink: /home/krawus/Studies/MAPR/lab3/ros2_ws/install/pcl_msgs/local/lib/python3.10/dist-packages/pcl_msgs/pcl_msgs_s__rosidl_typesupport_fastrtps_c.cpython-310-x86_64-linux-gnu.so
[0.856s] -- Up-to-date symlink: /home/krawus/Studies/MAPR/lab3/ros2_ws/install/pcl_msgs/local/lib/python3.10/dist-packages/pcl_msgs/pcl_msgs_s__rosidl_typesupport_introspection_c.cpython-310-x86_64-linux-gnu.so
[0.857s] -- Up-to-date symlink: /home/krawus/Studies/MAPR/lab3/ros2_ws/install/pcl_msgs/local/lib/python3.10/dist-packages/pcl_msgs/srv/__init__.py
[0.858s] -- Up-to-date symlink: /home/krawus/Studies/MAPR/lab3/ros2_ws/install/pcl_msgs/local/lib/python3.10/dist-packages/pcl_msgs/srv/_update_filename.py
[0.858s] -- Up-to-date symlink: /home/krawus/Studies/MAPR/lab3/ros2_ws/install/pcl_msgs/local/lib/python3.10/dist-packages/pcl_msgs/srv/_update_filename_s.c
[0.859s] -- Up-to-date symlink: /home/krawus/Studies/MAPR/lab3/ros2_ws/install/pcl_msgs/local/lib/python3.10/dist-packages/pcl_msgs/pcl_msgs_s__rosidl_typesupport_fastrtps_c.cpython-310-x86_64-linux-gnu.so
[0.860s] -- Up-to-date symlink: /home/krawus/Studies/MAPR/lab3/ros2_ws/install/pcl_msgs/local/lib/python3.10/dist-packages/pcl_msgs/pcl_msgs_s__rosidl_typesupport_introspection_c.cpython-310-x86_64-linux-gnu.so
[0.861s] -- Up-to-date symlink: /home/krawus/Studies/MAPR/lab3/ros2_ws/install/pcl_msgs/local/lib/python3.10/dist-packages/pcl_msgs/pcl_msgs_s__rosidl_typesupport_c.cpython-310-x86_64-linux-gnu.so
[0.862s] -- Up-to-date symlink: /home/krawus/Studies/MAPR/lab3/ros2_ws/install/pcl_msgs/share/pcl_msgs/msg/ModelCoefficients.idl
[0.863s] -- Up-to-date symlink: /home/krawus/Studies/MAPR/lab3/ros2_ws/install/pcl_msgs/share/pcl_msgs/msg/PointIndices.idl
[0.864s] -- Up-to-date symlink: /home/krawus/Studies/MAPR/lab3/ros2_ws/install/pcl_msgs/share/pcl_msgs/msg/PolygonMesh.idl
[0.864s] -- Up-to-date symlink: /home/krawus/Studies/MAPR/lab3/ros2_ws/install/pcl_msgs/share/pcl_msgs/msg/Vertices.idl
[0.864s] -- Up-to-date symlink: /home/krawus/Studies/MAPR/lab3/ros2_ws/install/pcl_msgs/share/pcl_msgs/srv/UpdateFilename.idl
[0.865s] -- Up-to-date symlink: /home/krawus/Studies/MAPR/lab3/ros2_ws/install/pcl_msgs/share/pcl_msgs/msg/ModelCoefficients.msg
[0.865s] -- Up-to-date symlink: /home/krawus/Studies/MAPR/lab3/ros2_ws/install/pcl_msgs/share/pcl_msgs/msg/PointIndices.msg
[0.865s] -- Up-to-date symlink: /home/krawus/Studies/MAPR/lab3/ros2_ws/install/pcl_msgs/share/pcl_msgs/msg/PolygonMesh.msg
[0.866s] -- Up-to-date symlink: /home/krawus/Studies/MAPR/lab3/ros2_ws/install/pcl_msgs/share/pcl_msgs/msg/Vertices.msg
[0.866s] -- Up-to-date symlink: /home/krawus/Studies/MAPR/lab3/ros2_ws/install/pcl_msgs/share/pcl_msgs/srv/UpdateFilename.srv
[0.866s] -- Up-to-date symlink: /home/krawus/Studies/MAPR/lab3/ros2_ws/install/pcl_msgs/share/pcl_msgs/srv/UpdateFilename_Request.msg
[0.866s] -- Up-to-date symlink: /home/krawus/Studies/MAPR/lab3/ros2_ws/install/pcl_msgs/share/pcl_msgs/srv/UpdateFilename_Response.msg
[0.867s] -- Up-to-date symlink: /home/krawus/Studies/MAPR/lab3/ros2_ws/install/pcl_msgs/share/ament_index/resource_index/package_run_dependencies/pcl_msgs
[0.867s] -- Up-to-date symlink: /home/krawus/Studies/MAPR/lab3/ros2_ws/install/pcl_msgs/share/ament_index/resource_index/parent_prefix_path/pcl_msgs
[0.867s] -- Up-to-date symlink: /home/krawus/Studies/MAPR/lab3/ros2_ws/install/pcl_msgs/share/pcl_msgs/environment/ament_prefix_path.sh
[0.867s] -- Up-to-date symlink: /home/krawus/Studies/MAPR/lab3/ros2_ws/install/pcl_msgs/share/pcl_msgs/environment/ament_prefix_path.dsv
[0.867s] -- Up-to-date symlink: /home/krawus/Studies/MAPR/lab3/ros2_ws/install/pcl_msgs/share/pcl_msgs/environment/path.sh
[0.868s] -- Up-to-date symlink: /home/krawus/Studies/MAPR/lab3/ros2_ws/install/pcl_msgs/share/pcl_msgs/environment/path.dsv
[0.868s] -- Up-to-date symlink: /home/krawus/Studies/MAPR/lab3/ros2_ws/install/pcl_msgs/share/pcl_msgs/local_setup.bash
[0.868s] -- Up-to-date symlink: /home/krawus/Studies/MAPR/lab3/ros2_ws/install/pcl_msgs/share/pcl_msgs/local_setup.sh
[0.868s] -- Up-to-date symlink: /home/krawus/Studies/MAPR/lab3/ros2_ws/install/pcl_msgs/share/pcl_msgs/local_setup.zsh
[0.869s] -- Up-to-date symlink: /home/krawus/Studies/MAPR/lab3/ros2_ws/install/pcl_msgs/share/pcl_msgs/local_setup.dsv
[0.869s] -- Symlinking: /home/krawus/Studies/MAPR/lab3/ros2_ws/install/pcl_msgs/share/pcl_msgs/package.dsv
[0.887s] -- Up-to-date symlink: /home/krawus/Studies/MAPR/lab3/ros2_ws/install/pcl_msgs/share/ament_index/resource_index/packages/pcl_msgs
[0.888s] -- Up-to-date symlink: /home/krawus/Studies/MAPR/lab3/ros2_ws/install/pcl_msgs/share/pcl_msgs/cmake/rosidl_cmake-extras.cmake
[0.888s] -- Up-to-date symlink: /home/krawus/Studies/MAPR/lab3/ros2_ws/install/pcl_msgs/share/pcl_msgs/cmake/ament_cmake_export_dependencies-extras.cmake
[0.888s] -- Up-to-date symlink: /home/krawus/Studies/MAPR/lab3/ros2_ws/install/pcl_msgs/share/pcl_msgs/cmake/ament_cmake_export_include_directories-extras.cmake
[0.889s] -- Up-to-date symlink: /home/krawus/Studies/MAPR/lab3/ros2_ws/install/pcl_msgs/share/pcl_msgs/cmake/ament_cmake_export_libraries-extras.cmake
[0.889s] -- Up-to-date symlink: /home/krawus/Studies/MAPR/lab3/ros2_ws/install/pcl_msgs/share/pcl_msgs/cmake/ament_cmake_export_targets-extras.cmake
[0.889s] -- Up-to-date symlink: /home/krawus/Studies/MAPR/lab3/ros2_ws/install/pcl_msgs/share/pcl_msgs/cmake/rosidl_cmake_export_typesupport_targets-extras.cmake
[0.889s] -- Up-to-date symlink: /home/krawus/Studies/MAPR/lab3/ros2_ws/install/pcl_msgs/share/pcl_msgs/cmake/rosidl_cmake_export_typesupport_libraries-extras.cmake
[0.889s] -- Up-to-date symlink: /home/krawus/Studies/MAPR/lab3/ros2_ws/install/pcl_msgs/share/pcl_msgs/cmake/pcl_msgsConfig.cmake
[0.890s] -- Up-to-date symlink: /home/krawus/Studies/MAPR/lab3/ros2_ws/install/pcl_msgs/share/pcl_msgs/cmake/pcl_msgsConfig-version.cmake
[0.890s] -- Up-to-date symlink: /home/krawus/Studies/MAPR/lab3/ros2_ws/install/pcl_msgs/share/pcl_msgs/package.xml
[0.890s] -- Up-to-date: /home/krawus/Studies/MAPR/lab3/ros2_ws/install/pcl_msgs/lib/libpcl_msgs__rosidl_generator_c.so
[0.891s] -- Up-to-date: /home/krawus/Studies/MAPR/lab3/ros2_ws/install/pcl_msgs/lib/libpcl_msgs__rosidl_typesupport_fastrtps_c.so
[0.892s] -- Up-to-date: /home/krawus/Studies/MAPR/lab3/ros2_ws/install/pcl_msgs/lib/libpcl_msgs__rosidl_typesupport_introspection_c.so
[0.892s] -- Up-to-date: /home/krawus/Studies/MAPR/lab3/ros2_ws/install/pcl_msgs/lib/libpcl_msgs__rosidl_typesupport_c.so
[0.893s] -- Up-to-date: /home/krawus/Studies/MAPR/lab3/ros2_ws/install/pcl_msgs/lib/libpcl_msgs__rosidl_typesupport_fastrtps_cpp.so
[0.894s] -- Up-to-date: /home/krawus/Studies/MAPR/lab3/ros2_ws/install/pcl_msgs/lib/libpcl_msgs__rosidl_typesupport_introspection_cpp.so
[0.894s] -- Up-to-date: /home/krawus/Studies/MAPR/lab3/ros2_ws/install/pcl_msgs/lib/libpcl_msgs__rosidl_typesupport_cpp.so
[0.945s] Listing '/home/krawus/Studies/MAPR/lab3/ros2_ws/install/pcl_msgs/local/lib/python3.10/dist-packages/pcl_msgs'...
[0.946s] Listing '/home/krawus/Studies/MAPR/lab3/ros2_ws/install/pcl_msgs/local/lib/python3.10/dist-packages/pcl_msgs/msg'...
[0.946s] Listing '/home/krawus/Studies/MAPR/lab3/ros2_ws/install/pcl_msgs/local/lib/python3.10/dist-packages/pcl_msgs/srv'...
[0.956s] -- Up-to-date: /home/krawus/Studies/MAPR/lab3/ros2_ws/install/pcl_msgs/lib/libpcl_msgs__rosidl_generator_py.so
[0.956s] -- Up-to-date: /home/krawus/Studies/MAPR/lab3/ros2_ws/install/pcl_msgs/share/pcl_msgs/cmake/export_pcl_msgs__rosidl_generator_cExport.cmake
[0.956s] -- Up-to-date: /home/krawus/Studies/MAPR/lab3/ros2_ws/install/pcl_msgs/share/pcl_msgs/cmake/export_pcl_msgs__rosidl_generator_cExport-noconfig.cmake
[0.958s] -- Up-to-date: /home/krawus/Studies/MAPR/lab3/ros2_ws/install/pcl_msgs/share/pcl_msgs/cmake/export_pcl_msgs__rosidl_typesupport_fastrtps_cExport.cmake
[0.958s] -- Up-to-date: /home/krawus/Studies/MAPR/lab3/ros2_ws/install/pcl_msgs/share/pcl_msgs/cmake/export_pcl_msgs__rosidl_typesupport_fastrtps_cExport-noconfig.cmake
[0.958s] -- Up-to-date: /home/krawus/Studies/MAPR/lab3/ros2_ws/install/pcl_msgs/share/pcl_msgs/cmake/pcl_msgs__rosidl_typesupport_introspection_cExport.cmake
[0.959s] -- Up-to-date: /home/krawus/Studies/MAPR/lab3/ros2_ws/install/pcl_msgs/share/pcl_msgs/cmake/pcl_msgs__rosidl_typesupport_introspection_cExport-noconfig.cmake
[0.959s] -- Up-to-date: /home/krawus/Studies/MAPR/lab3/ros2_ws/install/pcl_msgs/share/pcl_msgs/cmake/pcl_msgs__rosidl_typesupport_cExport.cmake
[0.959s] -- Up-to-date: /home/krawus/Studies/MAPR/lab3/ros2_ws/install/pcl_msgs/share/pcl_msgs/cmake/pcl_msgs__rosidl_typesupport_cExport-noconfig.cmake
[0.959s] -- Up-to-date: /home/krawus/Studies/MAPR/lab3/ros2_ws/install/pcl_msgs/share/pcl_msgs/cmake/export_pcl_msgs__rosidl_generator_cppExport.cmake
[0.960s] -- Up-to-date: /home/krawus/Studies/MAPR/lab3/ros2_ws/install/pcl_msgs/share/pcl_msgs/cmake/export_pcl_msgs__rosidl_typesupport_fastrtps_cppExport.cmake
[0.960s] -- Up-to-date: /home/krawus/Studies/MAPR/lab3/ros2_ws/install/pcl_msgs/share/pcl_msgs/cmake/export_pcl_msgs__rosidl_typesupport_fastrtps_cppExport-noconfig.cmake
[0.960s] -- Up-to-date: /home/krawus/Studies/MAPR/lab3/ros2_ws/install/pcl_msgs/share/pcl_msgs/cmake/pcl_msgs__rosidl_typesupport_introspection_cppExport.cmake
[0.960s] -- Up-to-date: /home/krawus/Studies/MAPR/lab3/ros2_ws/install/pcl_msgs/share/pcl_msgs/cmake/pcl_msgs__rosidl_typesupport_introspection_cppExport-noconfig.cmake
[0.960s] -- Up-to-date: /home/krawus/Studies/MAPR/lab3/ros2_ws/install/pcl_msgs/share/pcl_msgs/cmake/pcl_msgs__rosidl_typesupport_cppExport.cmake
[0.960s] -- Up-to-date: /home/krawus/Studies/MAPR/lab3/ros2_ws/install/pcl_msgs/share/pcl_msgs/cmake/pcl_msgs__rosidl_typesupport_cppExport-noconfig.cmake
[0.961s] -- Up-to-date: /home/krawus/Studies/MAPR/lab3/ros2_ws/install/pcl_msgs/share/pcl_msgs/cmake/export_pcl_msgs__rosidl_generator_pyExport.cmake
[0.961s] -- Up-to-date: /home/krawus/Studies/MAPR/lab3/ros2_ws/install/pcl_msgs/share/pcl_msgs/cmake/export_pcl_msgs__rosidl_generator_pyExport-noconfig.cmake
[0.975s] Invoked command in '/home/krawus/Studies/MAPR/lab3/ros2_ws/build/pcl_msgs' returned '0': CMAKE_PREFIX_PATH=${CMAKE_PREFIX_PATH}:/home/krawus/Studies/MAPR/lab3/ros2_ws/install/octomap_manipulation /usr/bin/cmake --install /home/krawus/Studies/MAPR/lab3/ros2_ws/build/pcl_msgs
