[0.626s] Invoking command in '/home/krawus/Studies/MAPR/lab5/build/mapr_5_student': PYTHONPATH=/home/krawus/Studies/MAPR/lab5/build/mapr_5_student/prefix_override:/home/krawus/Studies/MAPR/lab5/install/mapr_5_student/lib/python3.10/site-packages:${PYTHONPATH} /usr/bin/python3 setup.py develop --uninstall --editable --build-directory /home/krawus/Studies/MAPR/lab5/build/mapr_5_student/build
[0.850s] running develop
[0.850s] /home/krawus/.local/lib/python3.10/site-packages/setuptools/command/easy_install.py:144: EasyInstallDeprecationWarning: easy_install command is deprecated. Use build and pip and other standards-based tools.
[0.850s]   warnings.warn(
[0.865s] /home/krawus/.local/lib/python3.10/site-packages/setuptools/command/install.py:34: SetuptoolsDeprecationWarning: setup.py install is deprecated. Use build and pip and other standards-based tools.
[0.865s]   warnings.warn(
[1.010s] Invoked command in '/home/krawus/Studies/MAPR/lab5/build/mapr_5_student' returned '0': PYTHONPATH=/home/krawus/Studies/MAPR/lab5/build/mapr_5_student/prefix_override:/home/krawus/Studies/MAPR/lab5/install/mapr_5_student/lib/python3.10/site-packages:${PYTHONPATH} /usr/bin/python3 setup.py develop --uninstall --editable --build-directory /home/krawus/Studies/MAPR/lab5/build/mapr_5_student/build
[1.011s] Invoking command in '/home/krawus/Studies/MAPR/lab5/src/mapr_5_student': PYTHONPATH=/home/krawus/Studies/MAPR/lab5/build/mapr_5_student/prefix_override:/home/krawus/Studies/MAPR/lab5/install/mapr_5_student/lib/python3.10/site-packages:${PYTHONPATH} /usr/bin/python3 setup.py egg_info --egg-base ../../build/mapr_5_student build --build-base /home/krawus/Studies/MAPR/lab5/build/mapr_5_student/build install --record /home/krawus/Studies/MAPR/lab5/build/mapr_5_student/install.log --single-version-externally-managed
[1.166s] running egg_info
[1.172s] writing ../../build/mapr_5_student/mapr_5_student.egg-info/PKG-INFO
[1.173s] writing dependency_links to ../../build/mapr_5_student/mapr_5_student.egg-info/dependency_links.txt
[1.173s] writing entry points to ../../build/mapr_5_student/mapr_5_student.egg-info/entry_points.txt
[1.173s] writing requirements to ../../build/mapr_5_student/mapr_5_student.egg-info/requires.txt
[1.173s] writing top-level names to ../../build/mapr_5_student/mapr_5_student.egg-info/top_level.txt
[1.187s] reading manifest file '../../build/mapr_5_student/mapr_5_student.egg-info/SOURCES.txt'
[1.188s] writing manifest file '../../build/mapr_5_student/mapr_5_student.egg-info/SOURCES.txt'
[1.188s] running build
[1.189s] running build_py
[1.189s] running install
[1.189s] /home/krawus/.local/lib/python3.10/site-packages/setuptools/command/install.py:34: SetuptoolsDeprecationWarning: setup.py install is deprecated. Use build and pip and other standards-based tools.
[1.189s]   warnings.warn(
[1.195s] running install_lib
[1.203s] running install_data
[1.212s] running install_egg_info
[1.227s] removing '/home/krawus/Studies/MAPR/lab5/install/mapr_5_student/lib/python3.10/site-packages/mapr_5_student-1.0.0-py3.10.egg-info' (and everything under it)
[1.227s] Copying ../../build/mapr_5_student/mapr_5_student.egg-info to /home/krawus/Studies/MAPR/lab5/install/mapr_5_student/lib/python3.10/site-packages/mapr_5_student-1.0.0-py3.10.egg-info
[1.228s] running install_scripts
[1.329s] Installing astar script to /home/krawus/Studies/MAPR/lab5/install/mapr_5_student/lib/mapr_5_student
[1.329s] Installing points script to /home/krawus/Studies/MAPR/lab5/install/mapr_5_student/lib/mapr_5_student
[1.329s] writing list of installed files to '/home/krawus/Studies/MAPR/lab5/build/mapr_5_student/install.log'
[1.353s] Invoked command in '/home/krawus/Studies/MAPR/lab5/src/mapr_5_student' returned '0': PYTHONPATH=/home/krawus/Studies/MAPR/lab5/build/mapr_5_student/prefix_override:/home/krawus/Studies/MAPR/lab5/install/mapr_5_student/lib/python3.10/site-packages:${PYTHONPATH} /usr/bin/python3 setup.py egg_info --egg-base ../../build/mapr_5_student build --build-base /home/krawus/Studies/MAPR/lab5/build/mapr_5_student/build install --record /home/krawus/Studies/MAPR/lab5/build/mapr_5_student/install.log --single-version-externally-managed
