[0.541s] Invoking command in '/home/krawus/Studies/MAPR/lab4-bfs_dfs/ros2_ws/src/mapr_4_student': PYTHONPATH=/home/krawus/Studies/MAPR/lab4-bfs_dfs/ros2_ws/build/mapr_4_student/prefix_override:/home/krawus/Studies/MAPR/lab4-bfs_dfs/ros2_ws/install/mapr_4_student/lib/python3.10/site-packages: /usr/bin/python3 setup.py egg_info --egg-base ../../build/mapr_4_student build --build-base /home/krawus/Studies/MAPR/lab4-bfs_dfs/ros2_ws/build/mapr_4_student/build install --record /home/krawus/Studies/MAPR/lab4-bfs_dfs/ros2_ws/build/mapr_4_student/install.log --single-version-externally-managed
[0.691s] running egg_info
[0.699s] writing ../../build/mapr_4_student/mapr_4_student.egg-info/PKG-INFO
[0.699s] writing dependency_links to ../../build/mapr_4_student/mapr_4_student.egg-info/dependency_links.txt
[0.699s] writing entry points to ../../build/mapr_4_student/mapr_4_student.egg-info/entry_points.txt
[0.699s] writing requirements to ../../build/mapr_4_student/mapr_4_student.egg-info/requires.txt
[0.700s] writing top-level names to ../../build/mapr_4_student/mapr_4_student.egg-info/top_level.txt
[0.720s] reading manifest file '../../build/mapr_4_student/mapr_4_student.egg-info/SOURCES.txt'
[0.721s] writing manifest file '../../build/mapr_4_student/mapr_4_student.egg-info/SOURCES.txt'
[0.721s] running build
[0.721s] running build_py
[0.721s] running install
[0.722s] /home/krawus/.local/lib/python3.10/site-packages/setuptools/command/install.py:34: SetuptoolsDeprecationWarning: setup.py install is deprecated. Use build and pip and other standards-based tools.
[0.722s]   warnings.warn(
[0.726s] running install_lib
[0.736s] running install_data
[0.744s] running install_egg_info
[0.752s] removing '/home/krawus/Studies/MAPR/lab4-bfs_dfs/ros2_ws/install/mapr_4_student/lib/python3.10/site-packages/mapr_4_student-1.0.0-py3.10.egg-info' (and everything under it)
[0.753s] Copying ../../build/mapr_4_student/mapr_4_student.egg-info to /home/krawus/Studies/MAPR/lab4-bfs_dfs/ros2_ws/install/mapr_4_student/lib/python3.10/site-packages/mapr_4_student-1.0.0-py3.10.egg-info
[0.753s] running install_scripts
[0.860s] Installing bfs script to /home/krawus/Studies/MAPR/lab4-bfs_dfs/ros2_ws/install/mapr_4_student/lib/mapr_4_student
[0.860s] Installing bfs_backtrace script to /home/krawus/Studies/MAPR/lab4-bfs_dfs/ros2_ws/install/mapr_4_student/lib/mapr_4_student
[0.860s] Installing dfs script to /home/krawus/Studies/MAPR/lab4-bfs_dfs/ros2_ws/install/mapr_4_student/lib/mapr_4_student
[0.860s] Installing dfs_backtrace script to /home/krawus/Studies/MAPR/lab4-bfs_dfs/ros2_ws/install/mapr_4_student/lib/mapr_4_student
[0.860s] Installing points script to /home/krawus/Studies/MAPR/lab4-bfs_dfs/ros2_ws/install/mapr_4_student/lib/mapr_4_student
[0.861s] writing list of installed files to '/home/krawus/Studies/MAPR/lab4-bfs_dfs/ros2_ws/build/mapr_4_student/install.log'
[0.885s] Invoked command in '/home/krawus/Studies/MAPR/lab4-bfs_dfs/ros2_ws/src/mapr_4_student' returned '0': PYTHONPATH=/home/krawus/Studies/MAPR/lab4-bfs_dfs/ros2_ws/build/mapr_4_student/prefix_override:/home/krawus/Studies/MAPR/lab4-bfs_dfs/ros2_ws/install/mapr_4_student/lib/python3.10/site-packages: /usr/bin/python3 setup.py egg_info --egg-base ../../build/mapr_4_student build --build-base /home/krawus/Studies/MAPR/lab4-bfs_dfs/ros2_ws/build/mapr_4_student/build install --record /home/krawus/Studies/MAPR/lab4-bfs_dfs/ros2_ws/build/mapr_4_student/install.log --single-version-externally-managed
