[0.221s] Invoking command in '/home/krawus/Studies/MAPR/lab3/ros2_ws/build/example_maps': CMAKE_PREFIX_PATH=${CMAKE_PREFIX_PATH}:/home/krawus/Studies/MAPR/lab3/ros2_ws/install/octomap_manipulation:/opt/ros/humble /usr/bin/cmake --build /home/krawus/Studies/MAPR/lab3/ros2_ws/build/example_maps -- -j8 -l8
[2.341s] Invoked command in '/home/krawus/Studies/MAPR/lab3/ros2_ws/build/example_maps' returned '0': CMAKE_PREFIX_PATH=${CMAKE_PREFIX_PATH}:/home/krawus/Studies/MAPR/lab3/ros2_ws/install/octomap_manipulation:/opt/ros/humble /usr/bin/cmake --build /home/krawus/Studies/MAPR/lab3/ros2_ws/build/example_maps -- -j8 -l8
[2.784s] Invoking command in '/home/krawus/Studies/MAPR/lab3/ros2_ws/build/example_maps': CMAKE_PREFIX_PATH=${CMAKE_PREFIX_PATH}:/home/krawus/Studies/MAPR/lab3/ros2_ws/install/octomap_manipulation:/opt/ros/humble /usr/bin/cmake --install /home/krawus/Studies/MAPR/lab3/ros2_ws/build/example_maps
[2.821s] -- Install configuration: ""
[2.823s] -- Up-to-date: /home/krawus/Studies/MAPR/lab3/ros2_ws/install/example_maps/share/example_maps/launch
[2.828s] -- Up-to-date: /home/krawus/Studies/MAPR/lab3/ros2_ws/install/example_maps/share/example_maps/launch/turtlesim3_waffle_octomap.launch.py
[2.829s] -- Up-to-date: /home/krawus/Studies/MAPR/lab3/ros2_ws/install/example_maps/share/example_maps/rviz
[2.829s] -- Up-to-date: /home/krawus/Studies/MAPR/lab3/ros2_ws/install/example_maps/share/example_maps/rviz/rviz_cfg.rviz
[2.829s] -- Up-to-date: /home/krawus/Studies/MAPR/lab3/ros2_ws/install/example_maps/share/ament_index/resource_index/package_run_dependencies/example_maps
[2.829s] -- Up-to-date: /home/krawus/Studies/MAPR/lab3/ros2_ws/install/example_maps/share/ament_index/resource_index/parent_prefix_path/example_maps
[2.829s] -- Up-to-date: /home/krawus/Studies/MAPR/lab3/ros2_ws/install/example_maps/share/example_maps/environment/ament_prefix_path.sh
[2.830s] -- Up-to-date: /home/krawus/Studies/MAPR/lab3/ros2_ws/install/example_maps/share/example_maps/environment/ament_prefix_path.dsv
[2.830s] -- Up-to-date: /home/krawus/Studies/MAPR/lab3/ros2_ws/install/example_maps/share/example_maps/environment/path.sh
[2.830s] -- Up-to-date: /home/krawus/Studies/MAPR/lab3/ros2_ws/install/example_maps/share/example_maps/environment/path.dsv
[2.831s] -- Up-to-date: /home/krawus/Studies/MAPR/lab3/ros2_ws/install/example_maps/share/example_maps/local_setup.bash
[2.831s] -- Up-to-date: /home/krawus/Studies/MAPR/lab3/ros2_ws/install/example_maps/share/example_maps/local_setup.sh
[2.831s] -- Up-to-date: /home/krawus/Studies/MAPR/lab3/ros2_ws/install/example_maps/share/example_maps/local_setup.zsh
[2.831s] -- Up-to-date: /home/krawus/Studies/MAPR/lab3/ros2_ws/install/example_maps/share/example_maps/local_setup.dsv
[2.831s] -- Installing: /home/krawus/Studies/MAPR/lab3/ros2_ws/install/example_maps/share/example_maps/package.dsv
[2.832s] -- Up-to-date: /home/krawus/Studies/MAPR/lab3/ros2_ws/install/example_maps/share/ament_index/resource_index/packages/example_maps
[2.832s] -- Up-to-date: /home/krawus/Studies/MAPR/lab3/ros2_ws/install/example_maps/share/example_maps/cmake/example_mapsConfig.cmake
[2.832s] -- Up-to-date: /home/krawus/Studies/MAPR/lab3/ros2_ws/install/example_maps/share/example_maps/cmake/example_mapsConfig-version.cmake
[2.832s] -- Up-to-date: /home/krawus/Studies/MAPR/lab3/ros2_ws/install/example_maps/share/example_maps/package.xml
[2.858s] Invoked command in '/home/krawus/Studies/MAPR/lab3/ros2_ws/build/example_maps' returned '0': CMAKE_PREFIX_PATH=${CMAKE_PREFIX_PATH}:/home/krawus/Studies/MAPR/lab3/ros2_ws/install/octomap_manipulation:/opt/ros/humble /usr/bin/cmake --install /home/krawus/Studies/MAPR/lab3/ros2_ws/build/example_maps
