[0.030s] Invoking command in '/home/krawus/Studies/MAPR/lab3/ros2_ws/build/octomap_server2': CMAKE_PREFIX_PATH=/home/krawus/Studies/MAPR/lab3/ros2_ws/install/pcl_conversions:/home/krawus/Studies/MAPR/lab3/ros2_ws/install/pcl_msgs:/home/krawus/Studies/MAPR/lab3/ros2_ws/install/octomap_msgs:/home/krawus/Studies/MAPR/lab3/ros2_ws/install/perception_pcl:/home/krawus/Studies/MAPR/lab3/ros2_ws/install/pcl_ros:/home/krawus/Studies/MAPR/lab3/ros2_ws/install/octomap_server2:/home/krawus/Studies/MAPR/lab3/ros2_ws/install/example_maps:/home/krawus/Studies/MAPR/lab3/ros2_ws/install/octomap_manipulation LD_LIBRARY_PATH=/home/krawus/Studies/MAPR/lab3/ros2_ws/install/pcl_msgs/lib:/home/krawus/Studies/MAPR/lab3/ros2_ws/install/octomap_msgs/lib:/home/krawus/Studies/MAPR/lab3/ros2_ws/install/pcl_ros/lib:/home/krawus/Studies/MAPR/lab3/ros2_ws/install/octomap_server2/lib /usr/bin/cmake --build /home/krawus/Studies/MAPR/lab3/ros2_ws/build/octomap_server2 -- -j8 -l8
[0.114s] [ 33%] Built target octomap_server
[0.133s] [100%] Built target octomap_server2
[0.148s] Invoked command in '/home/krawus/Studies/MAPR/lab3/ros2_ws/build/octomap_server2' returned '0': CMAKE_PREFIX_PATH=/home/krawus/Studies/MAPR/lab3/ros2_ws/install/pcl_conversions:/home/krawus/Studies/MAPR/lab3/ros2_ws/install/pcl_msgs:/home/krawus/Studies/MAPR/lab3/ros2_ws/install/octomap_msgs:/home/krawus/Studies/MAPR/lab3/ros2_ws/install/perception_pcl:/home/krawus/Studies/MAPR/lab3/ros2_ws/install/pcl_ros:/home/krawus/Studies/MAPR/lab3/ros2_ws/install/octomap_server2:/home/krawus/Studies/MAPR/lab3/ros2_ws/install/example_maps:/home/krawus/Studies/MAPR/lab3/ros2_ws/install/octomap_manipulation LD_LIBRARY_PATH=/home/krawus/Studies/MAPR/lab3/ros2_ws/install/pcl_msgs/lib:/home/krawus/Studies/MAPR/lab3/ros2_ws/install/octomap_msgs/lib:/home/krawus/Studies/MAPR/lab3/ros2_ws/install/pcl_ros/lib:/home/krawus/Studies/MAPR/lab3/ros2_ws/install/octomap_server2/lib /usr/bin/cmake --build /home/krawus/Studies/MAPR/lab3/ros2_ws/build/octomap_server2 -- -j8 -l8
[0.208s] Invoking command in '/home/krawus/Studies/MAPR/lab3/ros2_ws/build/octomap_server2': CMAKE_PREFIX_PATH=/home/krawus/Studies/MAPR/lab3/ros2_ws/install/pcl_conversions:/home/krawus/Studies/MAPR/lab3/ros2_ws/install/pcl_msgs:/home/krawus/Studies/MAPR/lab3/ros2_ws/install/octomap_msgs:/home/krawus/Studies/MAPR/lab3/ros2_ws/install/perception_pcl:/home/krawus/Studies/MAPR/lab3/ros2_ws/install/pcl_ros:/home/krawus/Studies/MAPR/lab3/ros2_ws/install/octomap_server2:/home/krawus/Studies/MAPR/lab3/ros2_ws/install/example_maps:/home/krawus/Studies/MAPR/lab3/ros2_ws/install/octomap_manipulation LD_LIBRARY_PATH=/home/krawus/Studies/MAPR/lab3/ros2_ws/install/pcl_msgs/lib:/home/krawus/Studies/MAPR/lab3/ros2_ws/install/octomap_msgs/lib:/home/krawus/Studies/MAPR/lab3/ros2_ws/install/pcl_ros/lib:/home/krawus/Studies/MAPR/lab3/ros2_ws/install/octomap_server2/lib /usr/bin/cmake --install /home/krawus/Studies/MAPR/lab3/ros2_ws/build/octomap_server2
[0.222s] -- Install configuration: ""
[0.223s] -- Up-to-date: /home/krawus/Studies/MAPR/lab3/ros2_ws/install/octomap_server2/lib/octomap_server2/octomap_server
[0.225s] -- Up-to-date: /home/krawus/Studies/MAPR/lab3/ros2_ws/install/octomap_server2/lib/liboctomap_server2.so
[0.226s] -- Up-to-date: /home/krawus/Studies/MAPR/lab3/ros2_ws/install/octomap_server2/share/octomap_server2//launch
[0.227s] -- Up-to-date: /home/krawus/Studies/MAPR/lab3/ros2_ws/install/octomap_server2/share/octomap_server2//launch/octomap_server_launch.py
[0.227s] -- Up-to-date: /home/krawus/Studies/MAPR/lab3/ros2_ws/install/octomap_server2/share/ament_index/resource_index/package_run_dependencies/octomap_server2
[0.228s] -- Up-to-date: /home/krawus/Studies/MAPR/lab3/ros2_ws/install/octomap_server2/share/ament_index/resource_index/parent_prefix_path/octomap_server2
[0.228s] -- Up-to-date: /home/krawus/Studies/MAPR/lab3/ros2_ws/install/octomap_server2/share/octomap_server2/environment/ament_prefix_path.sh
[0.229s] -- Up-to-date: /home/krawus/Studies/MAPR/lab3/ros2_ws/install/octomap_server2/share/octomap_server2/environment/ament_prefix_path.dsv
[0.229s] -- Up-to-date: /home/krawus/Studies/MAPR/lab3/ros2_ws/install/octomap_server2/share/octomap_server2/environment/path.sh
[0.229s] -- Up-to-date: /home/krawus/Studies/MAPR/lab3/ros2_ws/install/octomap_server2/share/octomap_server2/environment/path.dsv
[0.230s] -- Up-to-date: /home/krawus/Studies/MAPR/lab3/ros2_ws/install/octomap_server2/share/octomap_server2/local_setup.bash
[0.230s] -- Up-to-date: /home/krawus/Studies/MAPR/lab3/ros2_ws/install/octomap_server2/share/octomap_server2/local_setup.sh
[0.230s] -- Up-to-date: /home/krawus/Studies/MAPR/lab3/ros2_ws/install/octomap_server2/share/octomap_server2/local_setup.zsh
[0.230s] -- Up-to-date: /home/krawus/Studies/MAPR/lab3/ros2_ws/install/octomap_server2/share/octomap_server2/local_setup.dsv
[0.230s] -- Installing: /home/krawus/Studies/MAPR/lab3/ros2_ws/install/octomap_server2/share/octomap_server2/package.dsv
[0.231s] -- Up-to-date: /home/krawus/Studies/MAPR/lab3/ros2_ws/install/octomap_server2/share/ament_index/resource_index/packages/octomap_server2
[0.231s] -- Up-to-date: /home/krawus/Studies/MAPR/lab3/ros2_ws/install/octomap_server2/share/ament_index/resource_index/rclcpp_components/octomap_server2
[0.231s] -- Up-to-date: /home/krawus/Studies/MAPR/lab3/ros2_ws/install/octomap_server2/share/octomap_server2/cmake/octomap_server2Config.cmake
[0.231s] -- Up-to-date: /home/krawus/Studies/MAPR/lab3/ros2_ws/install/octomap_server2/share/octomap_server2/cmake/octomap_server2Config-version.cmake
[0.239s] -- Up-to-date: /home/krawus/Studies/MAPR/lab3/ros2_ws/install/octomap_server2/share/octomap_server2/package.xml
[0.239s] Invoked command in '/home/krawus/Studies/MAPR/lab3/ros2_ws/build/octomap_server2' returned '0': CMAKE_PREFIX_PATH=/home/krawus/Studies/MAPR/lab3/ros2_ws/install/pcl_conversions:/home/krawus/Studies/MAPR/lab3/ros2_ws/install/pcl_msgs:/home/krawus/Studies/MAPR/lab3/ros2_ws/install/octomap_msgs:/home/krawus/Studies/MAPR/lab3/ros2_ws/install/perception_pcl:/home/krawus/Studies/MAPR/lab3/ros2_ws/install/pcl_ros:/home/krawus/Studies/MAPR/lab3/ros2_ws/install/octomap_server2:/home/krawus/Studies/MAPR/lab3/ros2_ws/install/example_maps:/home/krawus/Studies/MAPR/lab3/ros2_ws/install/octomap_manipulation LD_LIBRARY_PATH=/home/krawus/Studies/MAPR/lab3/ros2_ws/install/pcl_msgs/lib:/home/krawus/Studies/MAPR/lab3/ros2_ws/install/octomap_msgs/lib:/home/krawus/Studies/MAPR/lab3/ros2_ws/install/pcl_ros/lib:/home/krawus/Studies/MAPR/lab3/ros2_ws/install/octomap_server2/lib /usr/bin/cmake --install /home/krawus/Studies/MAPR/lab3/ros2_ws/build/octomap_server2
