[4.820s] Invoking command in '/home/krawus/Studies/MAPR/lab3/ros2_ws/src/octomap_manipulation': PYTHONPATH=/home/krawus/Studies/MAPR/lab3/ros2_ws/build/octomap_manipulation/prefix_override:/home/krawus/Studies/MAPR/lab3/ros2_ws/install/octomap_manipulation/lib/python3.10/site-packages:${PYTHONPATH} /usr/bin/python3 setup.py egg_info --egg-base ../../build/octomap_manipulation build --build-base /home/krawus/Studies/MAPR/lab3/ros2_ws/build/octomap_manipulation/build install --record /home/krawus/Studies/MAPR/lab3/ros2_ws/build/octomap_manipulation/install.log --single-version-externally-managed
[6.668s] running egg_info
[6.675s] writing ../../build/octomap_manipulation/octomap_manipulation.egg-info/PKG-INFO
[6.678s] writing dependency_links to ../../build/octomap_manipulation/octomap_manipulation.egg-info/dependency_links.txt
[6.680s] writing entry points to ../../build/octomap_manipulation/octomap_manipulation.egg-info/entry_points.txt
[6.682s] writing requirements to ../../build/octomap_manipulation/octomap_manipulation.egg-info/requires.txt
[6.683s] writing top-level names to ../../build/octomap_manipulation/octomap_manipulation.egg-info/top_level.txt
[6.699s] reading manifest file '../../build/octomap_manipulation/octomap_manipulation.egg-info/SOURCES.txt'
[6.714s] writing manifest file '../../build/octomap_manipulation/octomap_manipulation.egg-info/SOURCES.txt'
[6.719s] running build
[6.725s] running build_py
[6.726s] copying octomap_manipulation/octomap_manipulation_function.py -> /home/krawus/Studies/MAPR/lab3/ros2_ws/build/octomap_manipulation/build/lib/octomap_manipulation
[6.728s] running install
[6.728s] /usr/lib/python3/dist-packages/setuptools/command/install.py:34: SetuptoolsDeprecationWarning: setup.py install is deprecated. Use build and pip and other standards-based tools.
[6.732s]   warnings.warn(
[6.734s] running install_lib
[6.739s] copying /home/krawus/Studies/MAPR/lab3/ros2_ws/build/octomap_manipulation/build/lib/octomap_manipulation/octomap_manipulation_function.py -> /home/krawus/Studies/MAPR/lab3/ros2_ws/install/octomap_manipulation/lib/python3.10/site-packages/octomap_manipulation
[6.741s] byte-compiling /home/krawus/Studies/MAPR/lab3/ros2_ws/install/octomap_manipulation/lib/python3.10/site-packages/octomap_manipulation/octomap_manipulation_function.py to octomap_manipulation_function.cpython-310.pyc
[6.743s] running install_data
[6.747s] running install_egg_info
[6.758s] removing '/home/krawus/Studies/MAPR/lab3/ros2_ws/install/octomap_manipulation/lib/python3.10/site-packages/octomap_manipulation-0.0.0-py3.10.egg-info' (and everything under it)
[6.760s] Copying ../../build/octomap_manipulation/octomap_manipulation.egg-info to /home/krawus/Studies/MAPR/lab3/ros2_ws/install/octomap_manipulation/lib/python3.10/site-packages/octomap_manipulation-0.0.0-py3.10.egg-info
[6.766s] running install_scripts
[6.911s] Installing octomap_print script to /home/krawus/Studies/MAPR/lab3/ros2_ws/install/octomap_manipulation/lib/octomap_manipulation
[6.918s] writing list of installed files to '/home/krawus/Studies/MAPR/lab3/ros2_ws/build/octomap_manipulation/install.log'
[7.113s] Invoked command in '/home/krawus/Studies/MAPR/lab3/ros2_ws/src/octomap_manipulation' returned '0': PYTHONPATH=/home/krawus/Studies/MAPR/lab3/ros2_ws/build/octomap_manipulation/prefix_override:/home/krawus/Studies/MAPR/lab3/ros2_ws/install/octomap_manipulation/lib/python3.10/site-packages:${PYTHONPATH} /usr/bin/python3 setup.py egg_info --egg-base ../../build/octomap_manipulation build --build-base /home/krawus/Studies/MAPR/lab3/ros2_ws/build/octomap_manipulation/build install --record /home/krawus/Studies/MAPR/lab3/ros2_ws/build/octomap_manipulation/install.log --single-version-externally-managed
