-- The C compiler identification is GNU 11.3.0
-- The CXX compiler identification is GNU 11.3.0
-- Detecting C compiler ABI info
-- Detecting C compiler ABI info - done
-- Check for working C compiler: /usr/bin/cc - skipped
-- Detecting C compile features
-- Detecting C compile features - done
-- Detecting CXX compiler ABI info
-- Detecting CXX compiler ABI info - done
-- Check for working CXX compiler: /usr/bin/c++ - skipped
-- Detecting CXX compile features
-- Detecting CXX compile features - done
-- Found ament_cmake: 1.3.3 (/opt/ros/humble/share/ament_cmake/cmake)
-- Found Python3: /usr/bin/python3.10 (found version "3.10.6") found components: Interpreter 
-- Override CMake install command with custom implementation using symlinks instead of copying resources
-- Found ament_lint_auto: 0.12.5 (/opt/ros/humble/share/ament_lint_auto/cmake)
-- Added test 'flake8' to check Python code syntax and style conventions
-- Added test 'lint_cmake' to check CMake code style
-- Added test 'pep257' to check Python code against some of the docstring style conventions in PEP 257
-- Added test 'xmllint' to check XML markup files
-- Configuring done
-- Generating done
-- Build files have been written to: /home/krawus/Studies/MAPR/lab2/ros2_ws/build/example_maps
-- Install configuration: ""
-- Execute custom install script
-- Symlinking: /home/krawus/Studies/MAPR/lab2/ros2_ws/install/example_maps/share/example_maps/launch/turtlesim3_waffle_octomap.launch.py
-- Symlinking: /home/krawus/Studies/MAPR/lab2/ros2_ws/install/example_maps/share/example_maps/rviz/rviz_cfg.rviz
-- Symlinking: /home/krawus/Studies/MAPR/lab2/ros2_ws/install/example_maps/share/ament_index/resource_index/package_run_dependencies/example_maps
-- Symlinking: /home/krawus/Studies/MAPR/lab2/ros2_ws/install/example_maps/share/ament_index/resource_index/parent_prefix_path/example_maps
-- Symlinking: /home/krawus/Studies/MAPR/lab2/ros2_ws/install/example_maps/share/example_maps/environment/ament_prefix_path.sh
-- Symlinking: /home/krawus/Studies/MAPR/lab2/ros2_ws/install/example_maps/share/example_maps/environment/ament_prefix_path.dsv
-- Symlinking: /home/krawus/Studies/MAPR/lab2/ros2_ws/install/example_maps/share/example_maps/environment/path.sh
-- Symlinking: /home/krawus/Studies/MAPR/lab2/ros2_ws/install/example_maps/share/example_maps/environment/path.dsv
-- Symlinking: /home/krawus/Studies/MAPR/lab2/ros2_ws/install/example_maps/share/example_maps/local_setup.bash
-- Symlinking: /home/krawus/Studies/MAPR/lab2/ros2_ws/install/example_maps/share/example_maps/local_setup.sh
-- Symlinking: /home/krawus/Studies/MAPR/lab2/ros2_ws/install/example_maps/share/example_maps/local_setup.zsh
-- Symlinking: /home/krawus/Studies/MAPR/lab2/ros2_ws/install/example_maps/share/example_maps/local_setup.dsv
-- Symlinking: /home/krawus/Studies/MAPR/lab2/ros2_ws/install/example_maps/share/example_maps/package.dsv
-- Symlinking: /home/krawus/Studies/MAPR/lab2/ros2_ws/install/example_maps/share/ament_index/resource_index/packages/example_maps
-- Symlinking: /home/krawus/Studies/MAPR/lab2/ros2_ws/install/example_maps/share/example_maps/cmake/example_mapsConfig.cmake
-- Symlinking: /home/krawus/Studies/MAPR/lab2/ros2_ws/install/example_maps/share/example_maps/cmake/example_mapsConfig-version.cmake
-- Symlinking: /home/krawus/Studies/MAPR/lab2/ros2_ws/install/example_maps/share/example_maps/package.xml
