running egg_info
creating ../../build/path_drawing/path_drawing.egg-info
writing ../../build/path_drawing/path_drawing.egg-info/PKG-INFO
writing dependency_links to ../../build/path_drawing/path_drawing.egg-info/dependency_links.txt
writing entry points to ../../build/path_drawing/path_drawing.egg-info/entry_points.txt
writing requirements to ../../build/path_drawing/path_drawing.egg-info/requires.txt
writing top-level names to ../../build/path_drawing/path_drawing.egg-info/top_level.txt
writing manifest file '../../build/path_drawing/path_drawing.egg-info/SOURCES.txt'
reading manifest file '../../build/path_drawing/path_drawing.egg-info/SOURCES.txt'
writing manifest file '../../build/path_drawing/path_drawing.egg-info/SOURCES.txt'
running build
running build_py
creating /home/krawus/Studies/MAPR/lab3/ros2_ws/build/path_drawing/build
creating /home/krawus/Studies/MAPR/lab3/ros2_ws/build/path_drawing/build/lib
creating /home/krawus/Studies/MAPR/lab3/ros2_ws/build/path_drawing/build/lib/path_drawing
copying path_drawing/__init__.py -> /home/krawus/Studies/MAPR/lab3/ros2_ws/build/path_drawing/build/lib/path_drawing
running install
running install_lib
creating /home/krawus/Studies/MAPR/lab3/ros2_ws/install/path_drawing/lib/python3.10/site-packages/path_drawing
copying /home/krawus/Studies/MAPR/lab3/ros2_ws/build/path_drawing/build/lib/path_drawing/__init__.py -> /home/krawus/Studies/MAPR/lab3/ros2_ws/install/path_drawing/lib/python3.10/site-packages/path_drawing
byte-compiling /home/krawus/Studies/MAPR/lab3/ros2_ws/install/path_drawing/lib/python3.10/site-packages/path_drawing/__init__.py to __init__.cpython-310.pyc
running install_data
creating /home/krawus/Studies/MAPR/lab3/ros2_ws/install/path_drawing/share/ament_index
creating /home/krawus/Studies/MAPR/lab3/ros2_ws/install/path_drawing/share/ament_index/resource_index
creating /home/krawus/Studies/MAPR/lab3/ros2_ws/install/path_drawing/share/ament_index/resource_index/packages
copying resource/path_drawing -> /home/krawus/Studies/MAPR/lab3/ros2_ws/install/path_drawing/share/ament_index/resource_index/packages
copying package.xml -> /home/krawus/Studies/MAPR/lab3/ros2_ws/install/path_drawing/share/path_drawing
running install_egg_info
Copying ../../build/path_drawing/path_drawing.egg-info to /home/krawus/Studies/MAPR/lab3/ros2_ws/install/path_drawing/lib/python3.10/site-packages/path_drawing-0.0.0-py3.10.egg-info
running install_scripts
Installing draw_path script to /home/krawus/Studies/MAPR/lab3/ros2_ws/install/path_drawing/lib/path_drawing
writing list of installed files to '/home/krawus/Studies/MAPR/lab3/ros2_ws/build/path_drawing/install.log'
