/home/krawus/Studies/MAPR/lab4-bfs_dfs/ros2_ws/install/mapr_4_student/lib/python3.10/site-packages/mapr_4_student/bfs.py
/home/krawus/Studies/MAPR/lab4-bfs_dfs/ros2_ws/install/mapr_4_student/lib/python3.10/site-packages/mapr_4_student/bfs_backtrace.py
/home/krawus/Studies/MAPR/lab4-bfs_dfs/ros2_ws/install/mapr_4_student/lib/python3.10/site-packages/mapr_4_student/__init__.py
/home/krawus/Studies/MAPR/lab4-bfs_dfs/ros2_ws/install/mapr_4_student/lib/python3.10/site-packages/mapr_4_student/dfs_backtrace.py
/home/krawus/Studies/MAPR/lab4-bfs_dfs/ros2_ws/install/mapr_4_student/lib/python3.10/site-packages/mapr_4_student/grid_map.py
/home/krawus/Studies/MAPR/lab4-bfs_dfs/ros2_ws/install/mapr_4_student/lib/python3.10/site-packages/mapr_4_student/dfs.py
/home/krawus/Studies/MAPR/lab4-bfs_dfs/ros2_ws/install/mapr_4_student/lib/python3.10/site-packages/mapr_4_student/points.py
/home/krawus/Studies/MAPR/lab4-bfs_dfs/ros2_ws/install/mapr_4_student/lib/python3.10/site-packages/mapr_4_student/__pycache__/bfs.cpython-310.pyc
/home/krawus/Studies/MAPR/lab4-bfs_dfs/ros2_ws/install/mapr_4_student/lib/python3.10/site-packages/mapr_4_student/__pycache__/bfs_backtrace.cpython-310.pyc
/home/krawus/Studies/MAPR/lab4-bfs_dfs/ros2_ws/install/mapr_4_student/lib/python3.10/site-packages/mapr_4_student/__pycache__/__init__.cpython-310.pyc
/home/krawus/Studies/MAPR/lab4-bfs_dfs/ros2_ws/install/mapr_4_student/lib/python3.10/site-packages/mapr_4_student/__pycache__/dfs_backtrace.cpython-310.pyc
/home/krawus/Studies/MAPR/lab4-bfs_dfs/ros2_ws/install/mapr_4_student/lib/python3.10/site-packages/mapr_4_student/__pycache__/grid_map.cpython-310.pyc
/home/krawus/Studies/MAPR/lab4-bfs_dfs/ros2_ws/install/mapr_4_student/lib/python3.10/site-packages/mapr_4_student/__pycache__/dfs.cpython-310.pyc
/home/krawus/Studies/MAPR/lab4-bfs_dfs/ros2_ws/install/mapr_4_student/lib/python3.10/site-packages/mapr_4_student/__pycache__/points.cpython-310.pyc
/home/krawus/Studies/MAPR/lab4-bfs_dfs/ros2_ws/install/mapr_4_student/share/mapr_4_student/launch/bfs_launch.py
/home/krawus/Studies/MAPR/lab4-bfs_dfs/ros2_ws/install/mapr_4_student/share/mapr_4_student/launch/dfs_launch.py
/home/krawus/Studies/MAPR/lab4-bfs_dfs/ros2_ws/install/mapr_4_student/share/mapr_4_student/launch/map_launch.py
/home/krawus/Studies/MAPR/lab4-bfs_dfs/ros2_ws/install/mapr_4_student/share/mapr_4_student/maps/map.pgm
/home/krawus/Studies/MAPR/lab4-bfs_dfs/ros2_ws/install/mapr_4_student/share/mapr_4_student/maps/map.yaml
/home/krawus/Studies/MAPR/lab4-bfs_dfs/ros2_ws/install/mapr_4_student/share/mapr_4_student/maps/map_small.pgm
/home/krawus/Studies/MAPR/lab4-bfs_dfs/ros2_ws/install/mapr_4_student/share/mapr_4_student/maps/map_small.yaml
/home/krawus/Studies/MAPR/lab4-bfs_dfs/ros2_ws/install/mapr_4_student/share/mapr_4_student/rviz/rviz_cfg.rviz
/home/krawus/Studies/MAPR/lab4-bfs_dfs/ros2_ws/install/mapr_4_student/share/ament_index/resource_index/packages/mapr_4_student
/home/krawus/Studies/MAPR/lab4-bfs_dfs/ros2_ws/install/mapr_4_student/share/mapr_4_student/package.xml
/home/krawus/Studies/MAPR/lab4-bfs_dfs/ros2_ws/install/mapr_4_student/lib/python3.10/site-packages/mapr_4_student-1.0.0-py3.10.egg-info/zip-safe
/home/krawus/Studies/MAPR/lab4-bfs_dfs/ros2_ws/install/mapr_4_student/lib/python3.10/site-packages/mapr_4_student-1.0.0-py3.10.egg-info/top_level.txt
/home/krawus/Studies/MAPR/lab4-bfs_dfs/ros2_ws/install/mapr_4_student/lib/python3.10/site-packages/mapr_4_student-1.0.0-py3.10.egg-info/PKG-INFO
/home/krawus/Studies/MAPR/lab4-bfs_dfs/ros2_ws/install/mapr_4_student/lib/python3.10/site-packages/mapr_4_student-1.0.0-py3.10.egg-info/dependency_links.txt
/home/krawus/Studies/MAPR/lab4-bfs_dfs/ros2_ws/install/mapr_4_student/lib/python3.10/site-packages/mapr_4_student-1.0.0-py3.10.egg-info/entry_points.txt
/home/krawus/Studies/MAPR/lab4-bfs_dfs/ros2_ws/install/mapr_4_student/lib/python3.10/site-packages/mapr_4_student-1.0.0-py3.10.egg-info/SOURCES.txt
/home/krawus/Studies/MAPR/lab4-bfs_dfs/ros2_ws/install/mapr_4_student/lib/python3.10/site-packages/mapr_4_student-1.0.0-py3.10.egg-info/requires.txt
/home/krawus/Studies/MAPR/lab4-bfs_dfs/ros2_ws/install/mapr_4_student/lib/mapr_4_student/bfs
/home/krawus/Studies/MAPR/lab4-bfs_dfs/ros2_ws/install/mapr_4_student/lib/mapr_4_student/bfs_backtrace
/home/krawus/Studies/MAPR/lab4-bfs_dfs/ros2_ws/install/mapr_4_student/lib/mapr_4_student/dfs
/home/krawus/Studies/MAPR/lab4-bfs_dfs/ros2_ws/install/mapr_4_student/lib/mapr_4_student/dfs_backtrace
/home/krawus/Studies/MAPR/lab4-bfs_dfs/ros2_ws/install/mapr_4_student/lib/mapr_4_student/points
