[0.527s] DEBUG:colcon:Command line arguments: ['/usr/bin/colcon', 'list', '-p', '--base-paths', '/home/krawus/Studies/MAPR/lab3/ros2_ws']
[0.527s] DEBUG:colcon:Parsed command line arguments: Namespace(log_base=None, log_level=None, verb_name='list', build_base='build', ignore_user_meta=False, metas=['./colcon.meta'], base_paths=['/home/krawus/Studies/MAPR/lab3/ros2_ws'], packages_ignore=None, packages_ignore_regex=None, paths=None, packages_up_to=None, packages_up_to_regex=None, packages_above=None, packages_above_and_dependencies=None, packages_above_depth=None, packages_select_by_dep=None, packages_skip_by_dep=None, packages_skip_up_to=None, packages_select_build_failed=False, packages_skip_build_finished=False, packages_select_test_failures=False, packages_skip_test_passed=False, packages_select=None, packages_skip=None, packages_select_regex=None, packages_skip_regex=None, packages_start=None, packages_end=None, allow_overriding=[], topological_order=False, names_only=False, paths_only=True, topological_graph=False, topological_graph_dot=False, topological_graph_density=False, topological_graph_legend=False, topological_graph_dot_cluster=False, topological_graph_dot_include_skipped=False, verb_parser=<colcon_defaults.argument_parser.defaults.DefaultArgumentsDecorator object at 0x7fd5b5b9ba60>, verb_extension=<colcon_package_information.verb.list.ListVerb object at 0x7fd5b5b48cd0>, main=<bound method ListVerb.main of <colcon_package_information.verb.list.ListVerb object at 0x7fd5b5b48cd0>>)
[0.580s] Level 1:colcon.colcon_core.package_discovery:discover_packages(colcon_meta) check parameters
[0.581s] Level 1:colcon.colcon_core.package_discovery:discover_packages(recursive) check parameters
[0.581s] Level 1:colcon.colcon_core.package_discovery:discover_packages(ignore) check parameters
[0.581s] Level 1:colcon.colcon_core.package_discovery:discover_packages(path) check parameters
[0.581s] Level 1:colcon.colcon_core.package_discovery:discover_packages(recursive) discover
[0.581s] INFO:colcon.colcon_core.package_discovery:Crawling recursively for packages in '/home/krawus/Studies/MAPR/lab3/ros2_ws'
[0.581s] Level 1:colcon.colcon_core.package_identification:_identify(/home/krawus/Studies/MAPR/lab3/ros2_ws) by extensions ['ignore', 'ignore_ament_install']
[0.581s] Level 1:colcon.colcon_core.package_identification:_identify(/home/krawus/Studies/MAPR/lab3/ros2_ws) by extension 'ignore'
[0.582s] Level 1:colcon.colcon_core.package_identification:_identify(/home/krawus/Studies/MAPR/lab3/ros2_ws) by extension 'ignore_ament_install'
[0.582s] Level 1:colcon.colcon_core.package_identification:_identify(/home/krawus/Studies/MAPR/lab3/ros2_ws) by extensions ['colcon_pkg']
[0.582s] Level 1:colcon.colcon_core.package_identification:_identify(/home/krawus/Studies/MAPR/lab3/ros2_ws) by extension 'colcon_pkg'
[0.582s] Level 1:colcon.colcon_core.package_identification:_identify(/home/krawus/Studies/MAPR/lab3/ros2_ws) by extensions ['colcon_meta']
[0.582s] Level 1:colcon.colcon_core.package_identification:_identify(/home/krawus/Studies/MAPR/lab3/ros2_ws) by extension 'colcon_meta'
[0.582s] Level 1:colcon.colcon_core.package_identification:_identify(/home/krawus/Studies/MAPR/lab3/ros2_ws) by extensions ['ros']
[0.582s] Level 1:colcon.colcon_core.package_identification:_identify(/home/krawus/Studies/MAPR/lab3/ros2_ws) by extension 'ros'
[0.629s] Level 1:colcon.colcon_core.package_identification:_identify(/home/krawus/Studies/MAPR/lab3/ros2_ws) by extensions ['cmake', 'python']
[0.629s] Level 1:colcon.colcon_core.package_identification:_identify(/home/krawus/Studies/MAPR/lab3/ros2_ws) by extension 'cmake'
[0.629s] Level 1:colcon.colcon_core.package_identification:_identify(/home/krawus/Studies/MAPR/lab3/ros2_ws) by extension 'python'
[0.630s] Level 1:colcon.colcon_core.package_identification:_identify(/home/krawus/Studies/MAPR/lab3/ros2_ws) by extensions ['python_setup_py']
[0.630s] Level 1:colcon.colcon_core.package_identification:_identify(/home/krawus/Studies/MAPR/lab3/ros2_ws) by extension 'python_setup_py'
[0.630s] Level 1:colcon.colcon_core.package_identification:_identify(/home/krawus/Studies/MAPR/lab3/ros2_ws/build) by extensions ['ignore', 'ignore_ament_install']
[0.630s] Level 1:colcon.colcon_core.package_identification:_identify(/home/krawus/Studies/MAPR/lab3/ros2_ws/build) by extension 'ignore'
[0.631s] Level 1:colcon.colcon_core.package_identification:_identify(/home/krawus/Studies/MAPR/lab3/ros2_ws/build) ignored
[0.631s] Level 1:colcon.colcon_core.package_identification:_identify(/home/krawus/Studies/MAPR/lab3/ros2_ws/install) by extensions ['ignore', 'ignore_ament_install']
[0.632s] Level 1:colcon.colcon_core.package_identification:_identify(/home/krawus/Studies/MAPR/lab3/ros2_ws/install) by extension 'ignore'
[0.632s] Level 1:colcon.colcon_core.package_identification:_identify(/home/krawus/Studies/MAPR/lab3/ros2_ws/install) ignored
[0.633s] Level 1:colcon.colcon_core.package_identification:_identify(/home/krawus/Studies/MAPR/lab3/ros2_ws/log) by extensions ['ignore', 'ignore_ament_install']
[0.633s] Level 1:colcon.colcon_core.package_identification:_identify(/home/krawus/Studies/MAPR/lab3/ros2_ws/log) by extension 'ignore'
[0.633s] Level 1:colcon.colcon_core.package_identification:_identify(/home/krawus/Studies/MAPR/lab3/ros2_ws/log) ignored
[0.633s] Level 1:colcon.colcon_core.package_identification:_identify(/home/krawus/Studies/MAPR/lab3/ros2_ws/src) by extensions ['ignore', 'ignore_ament_install']
[0.633s] Level 1:colcon.colcon_core.package_identification:_identify(/home/krawus/Studies/MAPR/lab3/ros2_ws/src) by extension 'ignore'
[0.634s] Level 1:colcon.colcon_core.package_identification:_identify(/home/krawus/Studies/MAPR/lab3/ros2_ws/src) by extension 'ignore_ament_install'
[0.634s] Level 1:colcon.colcon_core.package_identification:_identify(/home/krawus/Studies/MAPR/lab3/ros2_ws/src) by extensions ['colcon_pkg']
[0.634s] Level 1:colcon.colcon_core.package_identification:_identify(/home/krawus/Studies/MAPR/lab3/ros2_ws/src) by extension 'colcon_pkg'
[0.634s] Level 1:colcon.colcon_core.package_identification:_identify(/home/krawus/Studies/MAPR/lab3/ros2_ws/src) by extensions ['colcon_meta']
[0.634s] Level 1:colcon.colcon_core.package_identification:_identify(/home/krawus/Studies/MAPR/lab3/ros2_ws/src) by extension 'colcon_meta'
[0.634s] Level 1:colcon.colcon_core.package_identification:_identify(/home/krawus/Studies/MAPR/lab3/ros2_ws/src) by extensions ['ros']
[0.634s] Level 1:colcon.colcon_core.package_identification:_identify(/home/krawus/Studies/MAPR/lab3/ros2_ws/src) by extension 'ros'
[0.634s] Level 1:colcon.colcon_core.package_identification:_identify(/home/krawus/Studies/MAPR/lab3/ros2_ws/src) by extensions ['cmake', 'python']
[0.634s] Level 1:colcon.colcon_core.package_identification:_identify(/home/krawus/Studies/MAPR/lab3/ros2_ws/src) by extension 'cmake'
[0.635s] Level 1:colcon.colcon_core.package_identification:_identify(/home/krawus/Studies/MAPR/lab3/ros2_ws/src) by extension 'python'
[0.635s] Level 1:colcon.colcon_core.package_identification:_identify(/home/krawus/Studies/MAPR/lab3/ros2_ws/src) by extensions ['python_setup_py']
[0.635s] Level 1:colcon.colcon_core.package_identification:_identify(/home/krawus/Studies/MAPR/lab3/ros2_ws/src) by extension 'python_setup_py'
[0.635s] Level 1:colcon.colcon_core.package_identification:_identify(/home/krawus/Studies/MAPR/lab3/ros2_ws/src/example_maps) by extensions ['ignore', 'ignore_ament_install']
[0.635s] Level 1:colcon.colcon_core.package_identification:_identify(/home/krawus/Studies/MAPR/lab3/ros2_ws/src/example_maps) by extension 'ignore'
[0.635s] Level 1:colcon.colcon_core.package_identification:_identify(/home/krawus/Studies/MAPR/lab3/ros2_ws/src/example_maps) by extension 'ignore_ament_install'
[0.635s] Level 1:colcon.colcon_core.package_identification:_identify(/home/krawus/Studies/MAPR/lab3/ros2_ws/src/example_maps) by extensions ['colcon_pkg']
[0.635s] Level 1:colcon.colcon_core.package_identification:_identify(/home/krawus/Studies/MAPR/lab3/ros2_ws/src/example_maps) by extension 'colcon_pkg'
[0.635s] Level 1:colcon.colcon_core.package_identification:_identify(/home/krawus/Studies/MAPR/lab3/ros2_ws/src/example_maps) by extensions ['colcon_meta']
[0.635s] Level 1:colcon.colcon_core.package_identification:_identify(/home/krawus/Studies/MAPR/lab3/ros2_ws/src/example_maps) by extension 'colcon_meta'
[0.635s] Level 1:colcon.colcon_core.package_identification:_identify(/home/krawus/Studies/MAPR/lab3/ros2_ws/src/example_maps) by extensions ['ros']
[0.635s] Level 1:colcon.colcon_core.package_identification:_identify(/home/krawus/Studies/MAPR/lab3/ros2_ws/src/example_maps) by extension 'ros'
[0.638s] DEBUG:colcon.colcon_core.package_identification:Package '/home/krawus/Studies/MAPR/lab3/ros2_ws/src/example_maps' with type 'ros.ament_cmake' and name 'example_maps'
[0.638s] Level 1:colcon.colcon_core.package_identification:_identify(/home/krawus/Studies/MAPR/lab3/ros2_ws/src/octomap_manipulation) by extensions ['ignore', 'ignore_ament_install']
[0.638s] Level 1:colcon.colcon_core.package_identification:_identify(/home/krawus/Studies/MAPR/lab3/ros2_ws/src/octomap_manipulation) by extension 'ignore'
[0.639s] Level 1:colcon.colcon_core.package_identification:_identify(/home/krawus/Studies/MAPR/lab3/ros2_ws/src/octomap_manipulation) by extension 'ignore_ament_install'
[0.639s] Level 1:colcon.colcon_core.package_identification:_identify(/home/krawus/Studies/MAPR/lab3/ros2_ws/src/octomap_manipulation) by extensions ['colcon_pkg']
[0.639s] Level 1:colcon.colcon_core.package_identification:_identify(/home/krawus/Studies/MAPR/lab3/ros2_ws/src/octomap_manipulation) by extension 'colcon_pkg'
[0.639s] Level 1:colcon.colcon_core.package_identification:_identify(/home/krawus/Studies/MAPR/lab3/ros2_ws/src/octomap_manipulation) by extensions ['colcon_meta']
[0.639s] Level 1:colcon.colcon_core.package_identification:_identify(/home/krawus/Studies/MAPR/lab3/ros2_ws/src/octomap_manipulation) by extension 'colcon_meta'
[0.639s] Level 1:colcon.colcon_core.package_identification:_identify(/home/krawus/Studies/MAPR/lab3/ros2_ws/src/octomap_manipulation) by extensions ['ros']
[0.639s] Level 1:colcon.colcon_core.package_identification:_identify(/home/krawus/Studies/MAPR/lab3/ros2_ws/src/octomap_manipulation) by extension 'ros'
[0.640s] DEBUG:colcon.colcon_core.package_identification:Package '/home/krawus/Studies/MAPR/lab3/ros2_ws/src/octomap_manipulation' with type 'ros.ament_python' and name 'octomap_manipulation'
[0.640s] Level 1:colcon.colcon_core.package_identification:_identify(/home/krawus/Studies/MAPR/lab3/ros2_ws/src/octomap_msgs) by extensions ['ignore', 'ignore_ament_install']
[0.640s] Level 1:colcon.colcon_core.package_identification:_identify(/home/krawus/Studies/MAPR/lab3/ros2_ws/src/octomap_msgs) by extension 'ignore'
[0.640s] Level 1:colcon.colcon_core.package_identification:_identify(/home/krawus/Studies/MAPR/lab3/ros2_ws/src/octomap_msgs) by extension 'ignore_ament_install'
[0.640s] Level 1:colcon.colcon_core.package_identification:_identify(/home/krawus/Studies/MAPR/lab3/ros2_ws/src/octomap_msgs) by extensions ['colcon_pkg']
[0.640s] Level 1:colcon.colcon_core.package_identification:_identify(/home/krawus/Studies/MAPR/lab3/ros2_ws/src/octomap_msgs) by extension 'colcon_pkg'
[0.640s] Level 1:colcon.colcon_core.package_identification:_identify(/home/krawus/Studies/MAPR/lab3/ros2_ws/src/octomap_msgs) by extensions ['colcon_meta']
[0.640s] Level 1:colcon.colcon_core.package_identification:_identify(/home/krawus/Studies/MAPR/lab3/ros2_ws/src/octomap_msgs) by extension 'colcon_meta'
[0.640s] Level 1:colcon.colcon_core.package_identification:_identify(/home/krawus/Studies/MAPR/lab3/ros2_ws/src/octomap_msgs) by extensions ['ros']
[0.640s] Level 1:colcon.colcon_core.package_identification:_identify(/home/krawus/Studies/MAPR/lab3/ros2_ws/src/octomap_msgs) by extension 'ros'
[0.641s] DEBUG:colcon.colcon_core.package_identification:Package '/home/krawus/Studies/MAPR/lab3/ros2_ws/src/octomap_msgs' with type 'ros.ament_cmake' and name 'octomap_msgs'
[0.641s] Level 1:colcon.colcon_core.package_identification:_identify(/home/krawus/Studies/MAPR/lab3/ros2_ws/src/octomap_server2) by extensions ['ignore', 'ignore_ament_install']
[0.642s] Level 1:colcon.colcon_core.package_identification:_identify(/home/krawus/Studies/MAPR/lab3/ros2_ws/src/octomap_server2) by extension 'ignore'
[0.642s] Level 1:colcon.colcon_core.package_identification:_identify(/home/krawus/Studies/MAPR/lab3/ros2_ws/src/octomap_server2) by extension 'ignore_ament_install'
[0.642s] Level 1:colcon.colcon_core.package_identification:_identify(/home/krawus/Studies/MAPR/lab3/ros2_ws/src/octomap_server2) by extensions ['colcon_pkg']
[0.642s] Level 1:colcon.colcon_core.package_identification:_identify(/home/krawus/Studies/MAPR/lab3/ros2_ws/src/octomap_server2) by extension 'colcon_pkg'
[0.642s] Level 1:colcon.colcon_core.package_identification:_identify(/home/krawus/Studies/MAPR/lab3/ros2_ws/src/octomap_server2) by extensions ['colcon_meta']
[0.642s] Level 1:colcon.colcon_core.package_identification:_identify(/home/krawus/Studies/MAPR/lab3/ros2_ws/src/octomap_server2) by extension 'colcon_meta'
[0.642s] Level 1:colcon.colcon_core.package_identification:_identify(/home/krawus/Studies/MAPR/lab3/ros2_ws/src/octomap_server2) by extensions ['ros']
[0.642s] Level 1:colcon.colcon_core.package_identification:_identify(/home/krawus/Studies/MAPR/lab3/ros2_ws/src/octomap_server2) by extension 'ros'
[0.643s] DEBUG:colcon.colcon_core.package_identification:Package '/home/krawus/Studies/MAPR/lab3/ros2_ws/src/octomap_server2' with type 'ros.ament_cmake' and name 'octomap_server2'
[0.644s] Level 1:colcon.colcon_core.package_identification:_identify(/home/krawus/Studies/MAPR/lab3/ros2_ws/src/pcl_msgs) by extensions ['ignore', 'ignore_ament_install']
[0.644s] Level 1:colcon.colcon_core.package_identification:_identify(/home/krawus/Studies/MAPR/lab3/ros2_ws/src/pcl_msgs) by extension 'ignore'
[0.644s] Level 1:colcon.colcon_core.package_identification:_identify(/home/krawus/Studies/MAPR/lab3/ros2_ws/src/pcl_msgs) by extension 'ignore_ament_install'
[0.644s] Level 1:colcon.colcon_core.package_identification:_identify(/home/krawus/Studies/MAPR/lab3/ros2_ws/src/pcl_msgs) by extensions ['colcon_pkg']
[0.644s] Level 1:colcon.colcon_core.package_identification:_identify(/home/krawus/Studies/MAPR/lab3/ros2_ws/src/pcl_msgs) by extension 'colcon_pkg'
[0.644s] Level 1:colcon.colcon_core.package_identification:_identify(/home/krawus/Studies/MAPR/lab3/ros2_ws/src/pcl_msgs) by extensions ['colcon_meta']
[0.644s] Level 1:colcon.colcon_core.package_identification:_identify(/home/krawus/Studies/MAPR/lab3/ros2_ws/src/pcl_msgs) by extension 'colcon_meta'
[0.644s] Level 1:colcon.colcon_core.package_identification:_identify(/home/krawus/Studies/MAPR/lab3/ros2_ws/src/pcl_msgs) by extensions ['ros']
[0.644s] Level 1:colcon.colcon_core.package_identification:_identify(/home/krawus/Studies/MAPR/lab3/ros2_ws/src/pcl_msgs) by extension 'ros'
[0.646s] DEBUG:colcon.colcon_core.package_identification:Package '/home/krawus/Studies/MAPR/lab3/ros2_ws/src/pcl_msgs' with type 'ros.ament_cmake' and name 'pcl_msgs'
[0.647s] Level 1:colcon.colcon_core.package_identification:_identify(/home/krawus/Studies/MAPR/lab3/ros2_ws/src/perception_pcl) by extensions ['ignore', 'ignore_ament_install']
[0.648s] Level 1:colcon.colcon_core.package_identification:_identify(/home/krawus/Studies/MAPR/lab3/ros2_ws/src/perception_pcl) by extension 'ignore'
[0.648s] Level 1:colcon.colcon_core.package_identification:_identify(/home/krawus/Studies/MAPR/lab3/ros2_ws/src/perception_pcl) by extension 'ignore_ament_install'
[0.648s] Level 1:colcon.colcon_core.package_identification:_identify(/home/krawus/Studies/MAPR/lab3/ros2_ws/src/perception_pcl) by extensions ['colcon_pkg']
[0.648s] Level 1:colcon.colcon_core.package_identification:_identify(/home/krawus/Studies/MAPR/lab3/ros2_ws/src/perception_pcl) by extension 'colcon_pkg'
[0.648s] Level 1:colcon.colcon_core.package_identification:_identify(/home/krawus/Studies/MAPR/lab3/ros2_ws/src/perception_pcl) by extensions ['colcon_meta']
[0.649s] Level 1:colcon.colcon_core.package_identification:_identify(/home/krawus/Studies/MAPR/lab3/ros2_ws/src/perception_pcl) by extension 'colcon_meta'
[0.649s] Level 1:colcon.colcon_core.package_identification:_identify(/home/krawus/Studies/MAPR/lab3/ros2_ws/src/perception_pcl) by extensions ['ros']
[0.649s] Level 1:colcon.colcon_core.package_identification:_identify(/home/krawus/Studies/MAPR/lab3/ros2_ws/src/perception_pcl) by extension 'ros'
[0.649s] Level 1:colcon.colcon_core.package_identification:_identify(/home/krawus/Studies/MAPR/lab3/ros2_ws/src/perception_pcl) by extensions ['cmake', 'python']
[0.649s] Level 1:colcon.colcon_core.package_identification:_identify(/home/krawus/Studies/MAPR/lab3/ros2_ws/src/perception_pcl) by extension 'cmake'
[0.649s] Level 1:colcon.colcon_core.package_identification:_identify(/home/krawus/Studies/MAPR/lab3/ros2_ws/src/perception_pcl) by extension 'python'
[0.649s] Level 1:colcon.colcon_core.package_identification:_identify(/home/krawus/Studies/MAPR/lab3/ros2_ws/src/perception_pcl) by extensions ['python_setup_py']
[0.649s] Level 1:colcon.colcon_core.package_identification:_identify(/home/krawus/Studies/MAPR/lab3/ros2_ws/src/perception_pcl) by extension 'python_setup_py'
[0.650s] Level 1:colcon.colcon_core.package_identification:_identify(/home/krawus/Studies/MAPR/lab3/ros2_ws/src/perception_pcl/pcl_conversions) by extensions ['ignore', 'ignore_ament_install']
[0.650s] Level 1:colcon.colcon_core.package_identification:_identify(/home/krawus/Studies/MAPR/lab3/ros2_ws/src/perception_pcl/pcl_conversions) by extension 'ignore'
[0.650s] Level 1:colcon.colcon_core.package_identification:_identify(/home/krawus/Studies/MAPR/lab3/ros2_ws/src/perception_pcl/pcl_conversions) by extension 'ignore_ament_install'
[0.650s] Level 1:colcon.colcon_core.package_identification:_identify(/home/krawus/Studies/MAPR/lab3/ros2_ws/src/perception_pcl/pcl_conversions) by extensions ['colcon_pkg']
[0.650s] Level 1:colcon.colcon_core.package_identification:_identify(/home/krawus/Studies/MAPR/lab3/ros2_ws/src/perception_pcl/pcl_conversions) by extension 'colcon_pkg'
[0.650s] Level 1:colcon.colcon_core.package_identification:_identify(/home/krawus/Studies/MAPR/lab3/ros2_ws/src/perception_pcl/pcl_conversions) by extensions ['colcon_meta']
[0.650s] Level 1:colcon.colcon_core.package_identification:_identify(/home/krawus/Studies/MAPR/lab3/ros2_ws/src/perception_pcl/pcl_conversions) by extension 'colcon_meta'
[0.651s] Level 1:colcon.colcon_core.package_identification:_identify(/home/krawus/Studies/MAPR/lab3/ros2_ws/src/perception_pcl/pcl_conversions) by extensions ['ros']
[0.651s] Level 1:colcon.colcon_core.package_identification:_identify(/home/krawus/Studies/MAPR/lab3/ros2_ws/src/perception_pcl/pcl_conversions) by extension 'ros'
[0.653s] DEBUG:colcon.colcon_core.package_identification:Package '/home/krawus/Studies/MAPR/lab3/ros2_ws/src/perception_pcl/pcl_conversions' with type 'ros.ament_cmake' and name 'pcl_conversions'
[0.654s] Level 1:colcon.colcon_core.package_identification:_identify(/home/krawus/Studies/MAPR/lab3/ros2_ws/src/perception_pcl/pcl_ros) by extensions ['ignore', 'ignore_ament_install']
[0.654s] Level 1:colcon.colcon_core.package_identification:_identify(/home/krawus/Studies/MAPR/lab3/ros2_ws/src/perception_pcl/pcl_ros) by extension 'ignore'
[0.654s] Level 1:colcon.colcon_core.package_identification:_identify(/home/krawus/Studies/MAPR/lab3/ros2_ws/src/perception_pcl/pcl_ros) by extension 'ignore_ament_install'
[0.654s] Level 1:colcon.colcon_core.package_identification:_identify(/home/krawus/Studies/MAPR/lab3/ros2_ws/src/perception_pcl/pcl_ros) by extensions ['colcon_pkg']
[0.654s] Level 1:colcon.colcon_core.package_identification:_identify(/home/krawus/Studies/MAPR/lab3/ros2_ws/src/perception_pcl/pcl_ros) by extension 'colcon_pkg'
[0.654s] Level 1:colcon.colcon_core.package_identification:_identify(/home/krawus/Studies/MAPR/lab3/ros2_ws/src/perception_pcl/pcl_ros) by extensions ['colcon_meta']
[0.654s] Level 1:colcon.colcon_core.package_identification:_identify(/home/krawus/Studies/MAPR/lab3/ros2_ws/src/perception_pcl/pcl_ros) by extension 'colcon_meta'
[0.654s] Level 1:colcon.colcon_core.package_identification:_identify(/home/krawus/Studies/MAPR/lab3/ros2_ws/src/perception_pcl/pcl_ros) by extensions ['ros']
[0.655s] Level 1:colcon.colcon_core.package_identification:_identify(/home/krawus/Studies/MAPR/lab3/ros2_ws/src/perception_pcl/pcl_ros) by extension 'ros'
[0.657s] DEBUG:colcon.colcon_core.package_identification:Package '/home/krawus/Studies/MAPR/lab3/ros2_ws/src/perception_pcl/pcl_ros' with type 'ros.ament_cmake' and name 'pcl_ros'
[0.658s] Level 1:colcon.colcon_core.package_identification:_identify(/home/krawus/Studies/MAPR/lab3/ros2_ws/src/perception_pcl/perception_pcl) by extensions ['ignore', 'ignore_ament_install']
[0.658s] Level 1:colcon.colcon_core.package_identification:_identify(/home/krawus/Studies/MAPR/lab3/ros2_ws/src/perception_pcl/perception_pcl) by extension 'ignore'
[0.658s] Level 1:colcon.colcon_core.package_identification:_identify(/home/krawus/Studies/MAPR/lab3/ros2_ws/src/perception_pcl/perception_pcl) by extension 'ignore_ament_install'
[0.658s] Level 1:colcon.colcon_core.package_identification:_identify(/home/krawus/Studies/MAPR/lab3/ros2_ws/src/perception_pcl/perception_pcl) by extensions ['colcon_pkg']
[0.659s] Level 1:colcon.colcon_core.package_identification:_identify(/home/krawus/Studies/MAPR/lab3/ros2_ws/src/perception_pcl/perception_pcl) by extension 'colcon_pkg'
[0.659s] Level 1:colcon.colcon_core.package_identification:_identify(/home/krawus/Studies/MAPR/lab3/ros2_ws/src/perception_pcl/perception_pcl) by extensions ['colcon_meta']
[0.659s] Level 1:colcon.colcon_core.package_identification:_identify(/home/krawus/Studies/MAPR/lab3/ros2_ws/src/perception_pcl/perception_pcl) by extension 'colcon_meta'
[0.659s] Level 1:colcon.colcon_core.package_identification:_identify(/home/krawus/Studies/MAPR/lab3/ros2_ws/src/perception_pcl/perception_pcl) by extensions ['ros']
[0.659s] Level 1:colcon.colcon_core.package_identification:_identify(/home/krawus/Studies/MAPR/lab3/ros2_ws/src/perception_pcl/perception_pcl) by extension 'ros'
[0.660s] DEBUG:colcon.colcon_core.package_identification:Package '/home/krawus/Studies/MAPR/lab3/ros2_ws/src/perception_pcl/perception_pcl' with type 'ros.ament_cmake' and name 'perception_pcl'
[0.661s] Level 1:colcon.colcon_core.package_discovery:discover_packages(recursive) using defaults
