/home/krawus/Studies/MAPR/lab6-RRT/install/mapr_6_student/lib/python3.10/site-packages/mapr_6_student/rrt_vertices.py
/home/krawus/Studies/MAPR/lab6-RRT/install/mapr_6_student/lib/python3.10/site-packages/mapr_6_student/__init__.py
/home/krawus/Studies/MAPR/lab6-RRT/install/mapr_6_student/lib/python3.10/site-packages/mapr_6_student/grid_map.py
/home/krawus/Studies/MAPR/lab6-RRT/install/mapr_6_student/lib/python3.10/site-packages/mapr_6_student/points.py
/home/krawus/Studies/MAPR/lab6-RRT/install/mapr_6_student/lib/python3.10/site-packages/mapr_6_student/rrt.py
/home/krawus/Studies/MAPR/lab6-RRT/install/mapr_6_student/lib/python3.10/site-packages/mapr_6_student/__pycache__/rrt_vertices.cpython-310.pyc
/home/krawus/Studies/MAPR/lab6-RRT/install/mapr_6_student/lib/python3.10/site-packages/mapr_6_student/__pycache__/__init__.cpython-310.pyc
/home/krawus/Studies/MAPR/lab6-RRT/install/mapr_6_student/lib/python3.10/site-packages/mapr_6_student/__pycache__/grid_map.cpython-310.pyc
/home/krawus/Studies/MAPR/lab6-RRT/install/mapr_6_student/lib/python3.10/site-packages/mapr_6_student/__pycache__/points.cpython-310.pyc
/home/krawus/Studies/MAPR/lab6-RRT/install/mapr_6_student/lib/python3.10/site-packages/mapr_6_student/__pycache__/rrt.cpython-310.pyc
/home/krawus/Studies/MAPR/lab6-RRT/install/mapr_6_student/share/mapr_6_student/launch/rrt_launch.py
/home/krawus/Studies/MAPR/lab6-RRT/install/mapr_6_student/share/mapr_6_student/launch/map_launch.py
/home/krawus/Studies/MAPR/lab6-RRT/install/mapr_6_student/share/mapr_6_student/maps/map_medium.pgm
/home/krawus/Studies/MAPR/lab6-RRT/install/mapr_6_student/share/mapr_6_student/maps/map.pgm
/home/krawus/Studies/MAPR/lab6-RRT/install/mapr_6_student/share/mapr_6_student/maps/map.yaml
/home/krawus/Studies/MAPR/lab6-RRT/install/mapr_6_student/share/mapr_6_student/maps/map_small.pgm
/home/krawus/Studies/MAPR/lab6-RRT/install/mapr_6_student/share/mapr_6_student/maps/map_small.yaml
/home/krawus/Studies/MAPR/lab6-RRT/install/mapr_6_student/share/mapr_6_student/maps/map_medium.yaml
/home/krawus/Studies/MAPR/lab6-RRT/install/mapr_6_student/share/mapr_6_student/rviz/rviz_cfg.rviz
/home/krawus/Studies/MAPR/lab6-RRT/install/mapr_6_student/share/ament_index/resource_index/packages/mapr_6_student
/home/krawus/Studies/MAPR/lab6-RRT/install/mapr_6_student/share/mapr_6_student/package.xml
/home/krawus/Studies/MAPR/lab6-RRT/install/mapr_6_student/lib/python3.10/site-packages/mapr_6_student-1.0.0-py3.10.egg-info/zip-safe
/home/krawus/Studies/MAPR/lab6-RRT/install/mapr_6_student/lib/python3.10/site-packages/mapr_6_student-1.0.0-py3.10.egg-info/top_level.txt
/home/krawus/Studies/MAPR/lab6-RRT/install/mapr_6_student/lib/python3.10/site-packages/mapr_6_student-1.0.0-py3.10.egg-info/PKG-INFO
/home/krawus/Studies/MAPR/lab6-RRT/install/mapr_6_student/lib/python3.10/site-packages/mapr_6_student-1.0.0-py3.10.egg-info/dependency_links.txt
/home/krawus/Studies/MAPR/lab6-RRT/install/mapr_6_student/lib/python3.10/site-packages/mapr_6_student-1.0.0-py3.10.egg-info/entry_points.txt
/home/krawus/Studies/MAPR/lab6-RRT/install/mapr_6_student/lib/python3.10/site-packages/mapr_6_student-1.0.0-py3.10.egg-info/SOURCES.txt
/home/krawus/Studies/MAPR/lab6-RRT/install/mapr_6_student/lib/python3.10/site-packages/mapr_6_student-1.0.0-py3.10.egg-info/requires.txt
/home/krawus/Studies/MAPR/lab6-RRT/install/mapr_6_student/lib/mapr_6_student/points
/home/krawus/Studies/MAPR/lab6-RRT/install/mapr_6_student/lib/mapr_6_student/rrt
/home/krawus/Studies/MAPR/lab6-RRT/install/mapr_6_student/lib/mapr_6_student/rrt_vertices
