[1.526s] Invoking command in '/home/krawus/Studies/MAPR/lab3/ros2_ws/src/octomap_manipulation': PYTHONPATH=/home/krawus/Studies/MAPR/lab3/ros2_ws/build/octomap_manipulation/prefix_override:/home/krawus/Studies/MAPR/lab3/ros2_ws/install/octomap_manipulation/lib/python3.10/site-packages:${PYTHONPATH} /usr/bin/python3 setup.py egg_info --egg-base ../../build/octomap_manipulation build --build-base /home/krawus/Studies/MAPR/lab3/ros2_ws/build/octomap_manipulation/build install --record /home/krawus/Studies/MAPR/lab3/ros2_ws/build/octomap_manipulation/install.log --single-version-externally-managed
[1.976s] running egg_info
[1.978s] writing ../../build/octomap_manipulation/octomap_manipulation.egg-info/PKG-INFO
[1.978s] writing dependency_links to ../../build/octomap_manipulation/octomap_manipulation.egg-info/dependency_links.txt
[1.978s] writing entry points to ../../build/octomap_manipulation/octomap_manipulation.egg-info/entry_points.txt
[1.979s] writing requirements to ../../build/octomap_manipulation/octomap_manipulation.egg-info/requires.txt
[1.979s] writing top-level names to ../../build/octomap_manipulation/octomap_manipulation.egg-info/top_level.txt
[1.982s] reading manifest file '../../build/octomap_manipulation/octomap_manipulation.egg-info/SOURCES.txt'
[1.983s] writing manifest file '../../build/octomap_manipulation/octomap_manipulation.egg-info/SOURCES.txt'
[1.983s] running build
[1.983s] running build_py
[1.983s] copying octomap_manipulation/octomap_manipulation_function.py -> /home/krawus/Studies/MAPR/lab3/ros2_ws/build/octomap_manipulation/build/lib/octomap_manipulation
[1.984s] running install
[1.984s] /usr/lib/python3/dist-packages/setuptools/command/install.py:34: SetuptoolsDeprecationWarning: setup.py install is deprecated. Use build and pip and other standards-based tools.
[1.984s]   warnings.warn(
[1.984s] running install_lib
[1.985s] copying /home/krawus/Studies/MAPR/lab3/ros2_ws/build/octomap_manipulation/build/lib/octomap_manipulation/octomap_manipulation_function.py -> /home/krawus/Studies/MAPR/lab3/ros2_ws/install/octomap_manipulation/lib/python3.10/site-packages/octomap_manipulation
[1.986s] byte-compiling /home/krawus/Studies/MAPR/lab3/ros2_ws/install/octomap_manipulation/lib/python3.10/site-packages/octomap_manipulation/octomap_manipulation_function.py to octomap_manipulation_function.cpython-310.pyc
[1.987s] running install_data
[1.987s] running install_egg_info
[1.990s] removing '/home/krawus/Studies/MAPR/lab3/ros2_ws/install/octomap_manipulation/lib/python3.10/site-packages/octomap_manipulation-0.0.0-py3.10.egg-info' (and everything under it)
[1.991s] Copying ../../build/octomap_manipulation/octomap_manipulation.egg-info to /home/krawus/Studies/MAPR/lab3/ros2_ws/install/octomap_manipulation/lib/python3.10/site-packages/octomap_manipulation-0.0.0-py3.10.egg-info
[1.992s] running install_scripts
[2.032s] Installing octomap_print script to /home/krawus/Studies/MAPR/lab3/ros2_ws/install/octomap_manipulation/lib/octomap_manipulation
[2.033s] writing list of installed files to '/home/krawus/Studies/MAPR/lab3/ros2_ws/build/octomap_manipulation/install.log'
[2.091s] Invoked command in '/home/krawus/Studies/MAPR/lab3/ros2_ws/src/octomap_manipulation' returned '0': PYTHONPATH=/home/krawus/Studies/MAPR/lab3/ros2_ws/build/octomap_manipulation/prefix_override:/home/krawus/Studies/MAPR/lab3/ros2_ws/install/octomap_manipulation/lib/python3.10/site-packages:${PYTHONPATH} /usr/bin/python3 setup.py egg_info --egg-base ../../build/octomap_manipulation build --build-base /home/krawus/Studies/MAPR/lab3/ros2_ws/build/octomap_manipulation/build install --record /home/krawus/Studies/MAPR/lab3/ros2_ws/build/octomap_manipulation/install.log --single-version-externally-managed
