running egg_info
creating ../../build/mapr_4_student/mapr_4_student.egg-info
writing ../../build/mapr_4_student/mapr_4_student.egg-info/PKG-INFO
writing dependency_links to ../../build/mapr_4_student/mapr_4_student.egg-info/dependency_links.txt
writing entry points to ../../build/mapr_4_student/mapr_4_student.egg-info/entry_points.txt
writing requirements to ../../build/mapr_4_student/mapr_4_student.egg-info/requires.txt
writing top-level names to ../../build/mapr_4_student/mapr_4_student.egg-info/top_level.txt
writing manifest file '../../build/mapr_4_student/mapr_4_student.egg-info/SOURCES.txt'
reading manifest file '../../build/mapr_4_student/mapr_4_student.egg-info/SOURCES.txt'
writing manifest file '../../build/mapr_4_student/mapr_4_student.egg-info/SOURCES.txt'
running build
running build_py
creating /home/krawus/Studies/MAPR/lab4/ros2_ws/build/mapr_4_student/build
creating /home/krawus/Studies/MAPR/lab4/ros2_ws/build/mapr_4_student/build/lib
creating /home/krawus/Studies/MAPR/lab4/ros2_ws/build/mapr_4_student/build/lib/mapr_4_student
copying mapr_4_student/bfs.py -> /home/krawus/Studies/MAPR/lab4/ros2_ws/build/mapr_4_student/build/lib/mapr_4_student
copying mapr_4_student/bfs_backtrace.py -> /home/krawus/Studies/MAPR/lab4/ros2_ws/build/mapr_4_student/build/lib/mapr_4_student
copying mapr_4_student/__init__.py -> /home/krawus/Studies/MAPR/lab4/ros2_ws/build/mapr_4_student/build/lib/mapr_4_student
copying mapr_4_student/dfs_backtrace.py -> /home/krawus/Studies/MAPR/lab4/ros2_ws/build/mapr_4_student/build/lib/mapr_4_student
copying mapr_4_student/grid_map.py -> /home/krawus/Studies/MAPR/lab4/ros2_ws/build/mapr_4_student/build/lib/mapr_4_student
copying mapr_4_student/dfs.py -> /home/krawus/Studies/MAPR/lab4/ros2_ws/build/mapr_4_student/build/lib/mapr_4_student
copying mapr_4_student/points.py -> /home/krawus/Studies/MAPR/lab4/ros2_ws/build/mapr_4_student/build/lib/mapr_4_student
running install
/usr/lib/python3/dist-packages/setuptools/command/install.py:34: SetuptoolsDeprecationWarning: setup.py install is deprecated. Use build and pip and other standards-based tools.
  warnings.warn(
running install_lib
creating /home/krawus/Studies/MAPR/lab4/ros2_ws/install/mapr_4_student/lib/python3.10/site-packages/mapr_4_student
copying /home/krawus/Studies/MAPR/lab4/ros2_ws/build/mapr_4_student/build/lib/mapr_4_student/bfs.py -> /home/krawus/Studies/MAPR/lab4/ros2_ws/install/mapr_4_student/lib/python3.10/site-packages/mapr_4_student
copying /home/krawus/Studies/MAPR/lab4/ros2_ws/build/mapr_4_student/build/lib/mapr_4_student/bfs_backtrace.py -> /home/krawus/Studies/MAPR/lab4/ros2_ws/install/mapr_4_student/lib/python3.10/site-packages/mapr_4_student
copying /home/krawus/Studies/MAPR/lab4/ros2_ws/build/mapr_4_student/build/lib/mapr_4_student/__init__.py -> /home/krawus/Studies/MAPR/lab4/ros2_ws/install/mapr_4_student/lib/python3.10/site-packages/mapr_4_student
copying /home/krawus/Studies/MAPR/lab4/ros2_ws/build/mapr_4_student/build/lib/mapr_4_student/dfs_backtrace.py -> /home/krawus/Studies/MAPR/lab4/ros2_ws/install/mapr_4_student/lib/python3.10/site-packages/mapr_4_student
copying /home/krawus/Studies/MAPR/lab4/ros2_ws/build/mapr_4_student/build/lib/mapr_4_student/grid_map.py -> /home/krawus/Studies/MAPR/lab4/ros2_ws/install/mapr_4_student/lib/python3.10/site-packages/mapr_4_student
copying /home/krawus/Studies/MAPR/lab4/ros2_ws/build/mapr_4_student/build/lib/mapr_4_student/dfs.py -> /home/krawus/Studies/MAPR/lab4/ros2_ws/install/mapr_4_student/lib/python3.10/site-packages/mapr_4_student
copying /home/krawus/Studies/MAPR/lab4/ros2_ws/build/mapr_4_student/build/lib/mapr_4_student/points.py -> /home/krawus/Studies/MAPR/lab4/ros2_ws/install/mapr_4_student/lib/python3.10/site-packages/mapr_4_student
byte-compiling /home/krawus/Studies/MAPR/lab4/ros2_ws/install/mapr_4_student/lib/python3.10/site-packages/mapr_4_student/bfs.py to bfs.cpython-310.pyc
byte-compiling /home/krawus/Studies/MAPR/lab4/ros2_ws/install/mapr_4_student/lib/python3.10/site-packages/mapr_4_student/bfs_backtrace.py to bfs_backtrace.cpython-310.pyc
byte-compiling /home/krawus/Studies/MAPR/lab4/ros2_ws/install/mapr_4_student/lib/python3.10/site-packages/mapr_4_student/__init__.py to __init__.cpython-310.pyc
byte-compiling /home/krawus/Studies/MAPR/lab4/ros2_ws/install/mapr_4_student/lib/python3.10/site-packages/mapr_4_student/dfs_backtrace.py to dfs_backtrace.cpython-310.pyc
byte-compiling /home/krawus/Studies/MAPR/lab4/ros2_ws/install/mapr_4_student/lib/python3.10/site-packages/mapr_4_student/grid_map.py to grid_map.cpython-310.pyc
byte-compiling /home/krawus/Studies/MAPR/lab4/ros2_ws/install/mapr_4_student/lib/python3.10/site-packages/mapr_4_student/dfs.py to dfs.cpython-310.pyc
byte-compiling /home/krawus/Studies/MAPR/lab4/ros2_ws/install/mapr_4_student/lib/python3.10/site-packages/mapr_4_student/points.py to points.cpython-310.pyc
running install_data
creating /home/krawus/Studies/MAPR/lab4/ros2_ws/install/mapr_4_student/share/mapr_4_student/launch
copying launch/bfs_launch.py -> /home/krawus/Studies/MAPR/lab4/ros2_ws/install/mapr_4_student/share/mapr_4_student/launch
copying launch/dfs_launch.py -> /home/krawus/Studies/MAPR/lab4/ros2_ws/install/mapr_4_student/share/mapr_4_student/launch
copying launch/map_launch.py -> /home/krawus/Studies/MAPR/lab4/ros2_ws/install/mapr_4_student/share/mapr_4_student/launch
creating /home/krawus/Studies/MAPR/lab4/ros2_ws/install/mapr_4_student/share/mapr_4_student/maps
copying maps/map.pgm -> /home/krawus/Studies/MAPR/lab4/ros2_ws/install/mapr_4_student/share/mapr_4_student/maps
copying maps/map.yaml -> /home/krawus/Studies/MAPR/lab4/ros2_ws/install/mapr_4_student/share/mapr_4_student/maps
copying maps/map_small.pgm -> /home/krawus/Studies/MAPR/lab4/ros2_ws/install/mapr_4_student/share/mapr_4_student/maps
copying maps/map_small.yaml -> /home/krawus/Studies/MAPR/lab4/ros2_ws/install/mapr_4_student/share/mapr_4_student/maps
creating /home/krawus/Studies/MAPR/lab4/ros2_ws/install/mapr_4_student/share/mapr_4_student/rviz
copying rviz/rviz_cfg.rviz -> /home/krawus/Studies/MAPR/lab4/ros2_ws/install/mapr_4_student/share/mapr_4_student/rviz
creating /home/krawus/Studies/MAPR/lab4/ros2_ws/install/mapr_4_student/share/ament_index
creating /home/krawus/Studies/MAPR/lab4/ros2_ws/install/mapr_4_student/share/ament_index/resource_index
creating /home/krawus/Studies/MAPR/lab4/ros2_ws/install/mapr_4_student/share/ament_index/resource_index/packages
copying resource/mapr_4_student -> /home/krawus/Studies/MAPR/lab4/ros2_ws/install/mapr_4_student/share/ament_index/resource_index/packages
copying package.xml -> /home/krawus/Studies/MAPR/lab4/ros2_ws/install/mapr_4_student/share/mapr_4_student
running install_egg_info
Copying ../../build/mapr_4_student/mapr_4_student.egg-info to /home/krawus/Studies/MAPR/lab4/ros2_ws/install/mapr_4_student/lib/python3.10/site-packages/mapr_4_student-1.0.0-py3.10.egg-info
running install_scripts
Installing bfs script to /home/krawus/Studies/MAPR/lab4/ros2_ws/install/mapr_4_student/lib/mapr_4_student
Installing bfs_backtrace script to /home/krawus/Studies/MAPR/lab4/ros2_ws/install/mapr_4_student/lib/mapr_4_student
Installing dfs script to /home/krawus/Studies/MAPR/lab4/ros2_ws/install/mapr_4_student/lib/mapr_4_student
Installing dfs_backtrace script to /home/krawus/Studies/MAPR/lab4/ros2_ws/install/mapr_4_student/lib/mapr_4_student
Installing points script to /home/krawus/Studies/MAPR/lab4/ros2_ws/install/mapr_4_student/lib/mapr_4_student
writing list of installed files to '/home/krawus/Studies/MAPR/lab4/ros2_ws/build/mapr_4_student/install.log'
