[0.024s] Invoking command in '/home/krawus/Studies/MAPR/lab2/ros2_ws/build/example_maps': CMAKE_PREFIX_PATH=${CMAKE_PREFIX_PATH}:/home/krawus/Studies/MAPR/lab2/ros2_ws/install/map_manipulation:/opt/ros/humble /usr/bin/cmake --build /home/krawus/Studies/MAPR/lab2/ros2_ws/build/example_maps -- -j8 -l8
[0.253s] Invoked command in '/home/krawus/Studies/MAPR/lab2/ros2_ws/build/example_maps' returned '0': CMAKE_PREFIX_PATH=${CMAKE_PREFIX_PATH}:/home/krawus/Studies/MAPR/lab2/ros2_ws/install/map_manipulation:/opt/ros/humble /usr/bin/cmake --build /home/krawus/Studies/MAPR/lab2/ros2_ws/build/example_maps -- -j8 -l8
[0.285s] Invoking command in '/home/krawus/Studies/MAPR/lab2/ros2_ws/build/example_maps': CMAKE_PREFIX_PATH=${CMAKE_PREFIX_PATH}:/home/krawus/Studies/MAPR/lab2/ros2_ws/install/map_manipulation:/opt/ros/humble /usr/bin/cmake --install /home/krawus/Studies/MAPR/lab2/ros2_ws/build/example_maps
[0.292s] -- Install configuration: ""
[0.293s] -- Execute custom install script
[0.293s] -- Up-to-date symlink: /home/krawus/Studies/MAPR/lab2/ros2_ws/install/example_maps/share/example_maps/launch/turtlesim3_waffle_octomap.launch.py
[0.294s] -- Up-to-date symlink: /home/krawus/Studies/MAPR/lab2/ros2_ws/install/example_maps/share/example_maps/rviz/rviz_cfg.rviz
[0.294s] -- Up-to-date symlink: /home/krawus/Studies/MAPR/lab2/ros2_ws/install/example_maps/share/ament_index/resource_index/package_run_dependencies/example_maps
[0.294s] -- Up-to-date symlink: /home/krawus/Studies/MAPR/lab2/ros2_ws/install/example_maps/share/ament_index/resource_index/parent_prefix_path/example_maps
[0.295s] -- Up-to-date symlink: /home/krawus/Studies/MAPR/lab2/ros2_ws/install/example_maps/share/example_maps/environment/ament_prefix_path.sh
[0.295s] -- Up-to-date symlink: /home/krawus/Studies/MAPR/lab2/ros2_ws/install/example_maps/share/example_maps/environment/ament_prefix_path.dsv
[0.295s] -- Up-to-date symlink: /home/krawus/Studies/MAPR/lab2/ros2_ws/install/example_maps/share/example_maps/environment/path.sh
[0.295s] -- Up-to-date symlink: /home/krawus/Studies/MAPR/lab2/ros2_ws/install/example_maps/share/example_maps/environment/path.dsv
[0.296s] -- Up-to-date symlink: /home/krawus/Studies/MAPR/lab2/ros2_ws/install/example_maps/share/example_maps/local_setup.bash
[0.296s] -- Up-to-date symlink: /home/krawus/Studies/MAPR/lab2/ros2_ws/install/example_maps/share/example_maps/local_setup.sh
[0.296s] -- Up-to-date symlink: /home/krawus/Studies/MAPR/lab2/ros2_ws/install/example_maps/share/example_maps/local_setup.zsh
[0.296s] -- Up-to-date symlink: /home/krawus/Studies/MAPR/lab2/ros2_ws/install/example_maps/share/example_maps/local_setup.dsv
[0.297s] -- Symlinking: /home/krawus/Studies/MAPR/lab2/ros2_ws/install/example_maps/share/example_maps/package.dsv
[0.306s] -- Up-to-date symlink: /home/krawus/Studies/MAPR/lab2/ros2_ws/install/example_maps/share/ament_index/resource_index/packages/example_maps
[0.306s] -- Up-to-date symlink: /home/krawus/Studies/MAPR/lab2/ros2_ws/install/example_maps/share/example_maps/cmake/example_mapsConfig.cmake
[0.306s] -- Up-to-date symlink: /home/krawus/Studies/MAPR/lab2/ros2_ws/install/example_maps/share/example_maps/cmake/example_mapsConfig-version.cmake
[0.307s] -- Up-to-date symlink: /home/krawus/Studies/MAPR/lab2/ros2_ws/install/example_maps/share/example_maps/package.xml
[0.310s] Invoked command in '/home/krawus/Studies/MAPR/lab2/ros2_ws/build/example_maps' returned '0': CMAKE_PREFIX_PATH=${CMAKE_PREFIX_PATH}:/home/krawus/Studies/MAPR/lab2/ros2_ws/install/map_manipulation:/opt/ros/humble /usr/bin/cmake --install /home/krawus/Studies/MAPR/lab2/ros2_ws/build/example_maps
