running develop
/usr/lib/python3/dist-packages/setuptools/command/easy_install.py:158: EasyInstallDeprecationWarning: easy_install command is deprecated. Use build and pip and other standards-based tools.
  warnings.warn(
/usr/lib/python3/dist-packages/setuptools/command/install.py:34: SetuptoolsDeprecationWarning: setup.py install is deprecated. Use build and pip and other standards-based tools.
  warnings.warn(
/usr/lib/python3/dist-packages/pkg_resources/__init__.py:116: PkgResourcesDeprecationWarning: 0.1.43ubuntu1 is an invalid version and will not be supported in a future release
  warnings.warn(
/usr/lib/python3/dist-packages/pkg_resources/__init__.py:116: PkgResourcesDeprecationWarning: 1.1build1 is an invalid version and will not be supported in a future release
  warnings.warn(
running egg_info
writing map_manipulation.egg-info/PKG-INFO
writing dependency_links to map_manipulation.egg-info/dependency_links.txt
writing entry points to map_manipulation.egg-info/entry_points.txt
writing requirements to map_manipulation.egg-info/requires.txt
writing top-level names to map_manipulation.egg-info/top_level.txt
reading manifest file 'map_manipulation.egg-info/SOURCES.txt'
writing manifest file 'map_manipulation.egg-info/SOURCES.txt'
running build_ext
Creating /home/krawus/Studies/MAPR/lab2/ros2_ws/install/map_manipulation/lib/python3.10/site-packages/map-manipulation.egg-link (link to .)
Installing map_manipulator script to /home/krawus/Studies/MAPR/lab2/ros2_ws/install/map_manipulation/lib/map_manipulation

Installed /home/krawus/Studies/MAPR/lab2/ros2_ws/build/map_manipulation
running install_data
