[0.690s] Invoking command in '/home/krawus/Studies/MAPR/lab2/ros2_ws/build/map_manipulation': PYTHONPATH=/home/krawus/Studies/MAPR/lab2/ros2_ws/build/map_manipulation/prefix_override:/home/krawus/Studies/MAPR/lab2/ros2_ws/install/map_manipulation/lib/python3.10/site-packages:${PYTHONPATH} /usr/bin/python3 setup.py develop --editable --build-directory /home/krawus/Studies/MAPR/lab2/ros2_ws/build/map_manipulation/build --no-deps install_data
[0.939s] running develop
[0.941s] /usr/lib/python3/dist-packages/setuptools/command/easy_install.py:158: EasyInstallDeprecationWarning: easy_install command is deprecated. Use build and pip and other standards-based tools.
[0.941s]   warnings.warn(
[0.942s] /usr/lib/python3/dist-packages/setuptools/command/install.py:34: SetuptoolsDeprecationWarning: setup.py install is deprecated. Use build and pip and other standards-based tools.
[0.942s]   warnings.warn(
[0.997s] /usr/lib/python3/dist-packages/pkg_resources/__init__.py:116: PkgResourcesDeprecationWarning: 0.1.43ubuntu1 is an invalid version and will not be supported in a future release
[0.997s]   warnings.warn(
[0.997s] /usr/lib/python3/dist-packages/pkg_resources/__init__.py:116: PkgResourcesDeprecationWarning: 1.1build1 is an invalid version and will not be supported in a future release
[0.997s]   warnings.warn(
[1.099s] running egg_info
[1.099s] writing map_manipulation.egg-info/PKG-INFO
[1.099s] writing dependency_links to map_manipulation.egg-info/dependency_links.txt
[1.099s] writing entry points to map_manipulation.egg-info/entry_points.txt
[1.100s] writing requirements to map_manipulation.egg-info/requires.txt
[1.100s] writing top-level names to map_manipulation.egg-info/top_level.txt
[1.101s] reading manifest file 'map_manipulation.egg-info/SOURCES.txt'
[1.102s] writing manifest file 'map_manipulation.egg-info/SOURCES.txt'
[1.104s] running build_ext
[1.104s] Creating /home/krawus/Studies/MAPR/lab2/ros2_ws/install/map_manipulation/lib/python3.10/site-packages/map-manipulation.egg-link (link to .)
[1.105s] Installing map_manipulator script to /home/krawus/Studies/MAPR/lab2/ros2_ws/install/map_manipulation/lib/map_manipulation
[1.105s] 
[1.105s] Installed /home/krawus/Studies/MAPR/lab2/ros2_ws/build/map_manipulation
[1.105s] running install_data
[1.132s] Invoked command in '/home/krawus/Studies/MAPR/lab2/ros2_ws/build/map_manipulation' returned '0': PYTHONPATH=/home/krawus/Studies/MAPR/lab2/ros2_ws/build/map_manipulation/prefix_override:/home/krawus/Studies/MAPR/lab2/ros2_ws/install/map_manipulation/lib/python3.10/site-packages:${PYTHONPATH} /usr/bin/python3 setup.py develop --editable --build-directory /home/krawus/Studies/MAPR/lab2/ros2_ws/build/map_manipulation/build --no-deps install_data
