running develop
running egg_info
writing ../../build/mapr_6_student/mapr_6_student.egg-info/PKG-INFO
writing dependency_links to ../../build/mapr_6_student/mapr_6_student.egg-info/dependency_links.txt
writing entry points to ../../build/mapr_6_student/mapr_6_student.egg-info/entry_points.txt
writing requirements to ../../build/mapr_6_student/mapr_6_student.egg-info/requires.txt
writing top-level names to ../../build/mapr_6_student/mapr_6_student.egg-info/top_level.txt
reading manifest file '../../build/mapr_6_student/mapr_6_student.egg-info/SOURCES.txt'
writing manifest file '../../build/mapr_6_student/mapr_6_student.egg-info/SOURCES.txt'
running build
running build_py
running install
running install_lib
running install_data
running install_egg_info
removing '/home/krawus/Studies/MAPR/lab6-RRT/install/mapr_6_student/lib/python3.10/site-packages/mapr_6_student-1.0.0-py3.10.egg-info' (and everything under it)
Copying ../../build/mapr_6_student/mapr_6_student.egg-info to /home/krawus/Studies/MAPR/lab6-RRT/install/mapr_6_student/lib/python3.10/site-packages/mapr_6_student-1.0.0-py3.10.egg-info
running install_scripts
Installing points script to /home/krawus/Studies/MAPR/lab6-RRT/install/mapr_6_student/lib/mapr_6_student
Installing rrt script to /home/krawus/Studies/MAPR/lab6-RRT/install/mapr_6_student/lib/mapr_6_student
Installing rrt_vertices script to /home/krawus/Studies/MAPR/lab6-RRT/install/mapr_6_student/lib/mapr_6_student
writing list of installed files to '/home/krawus/Studies/MAPR/lab6-RRT/build/mapr_6_student/install.log'
