[0.022s] Invoking command in '/home/krawus/Studies/MAPR/lab3/ros2_ws/build/pcl_msgs': CMAKE_PREFIX_PATH=${CMAKE_PREFIX_PATH}:/opt/ros/humble /usr/bin/cmake --build /home/krawus/Studies/MAPR/lab3/ros2_ws/build/pcl_msgs -- -j8 -l8
[0.083s] [35m[1mConsolidate compiler generated dependencies of target pcl_msgs__rosidl_generator_c[0m
[0.111s] [ 11%] Built target pcl_msgs__rosidl_generator_c
[0.112s] [ 12%] Built target pcl_msgs__cpp
[0.136s] [ 12%] Built target ament_cmake_python_symlink_pcl_msgs
[0.148s] [35m[1mConsolidate compiler generated dependencies of target pcl_msgs__rosidl_typesupport_fastrtps_c[0m
[0.150s] [35m[1mConsolidate compiler generated dependencies of target pcl_msgs__rosidl_typesupport_c[0m
[0.157s] [35m[1mConsolidate compiler generated dependencies of target pcl_msgs__rosidl_typesupport_introspection_c[0m
[0.162s] [35m[1mConsolidate compiler generated dependencies of target pcl_msgs__rosidl_typesupport_introspection_cpp[0m
[0.186s] [ 23%] Built target pcl_msgs__rosidl_typesupport_c
[0.200s] [ 34%] Built target pcl_msgs__rosidl_typesupport_introspection_c
[0.202s] [35m[1mConsolidate compiler generated dependencies of target pcl_msgs__rosidl_typesupport_fastrtps_cpp[0m
[0.214s] [35m[1mConsolidate compiler generated dependencies of target pcl_msgs__rosidl_typesupport_cpp[0m
[0.234s] [ 46%] Built target pcl_msgs__rosidl_typesupport_fastrtps_c
[0.242s] [ 57%] Built target pcl_msgs__rosidl_typesupport_introspection_cpp
[0.259s] [ 68%] Built target pcl_msgs__rosidl_typesupport_fastrtps_cpp
[0.273s] [ 79%] Built target pcl_msgs__rosidl_typesupport_cpp
[0.321s] [ 79%] Built target pcl_msgs
[0.373s] [ 80%] Built target pcl_msgs__py
[0.400s] [35m[1mConsolidate compiler generated dependencies of target pcl_msgs__rosidl_generator_py[0m
[0.446s] [ 90%] Built target pcl_msgs__rosidl_generator_py
[0.475s] [35m[1mConsolidate compiler generated dependencies of target pcl_msgs__rosidl_typesupport_introspection_c__pyext[0m
[0.476s] [35m[1mConsolidate compiler generated dependencies of target pcl_msgs__rosidl_typesupport_fastrtps_c__pyext[0m
[0.497s] [35m[1mConsolidate compiler generated dependencies of target pcl_msgs__rosidl_typesupport_c__pyext[0m
[0.518s] [ 93%] Built target pcl_msgs__rosidl_typesupport_introspection_c__pyext
[0.523s] [ 96%] Built target pcl_msgs__rosidl_typesupport_fastrtps_c__pyext
[0.531s] [100%] Built target pcl_msgs__rosidl_typesupport_c__pyext
[0.651s] running egg_info
[0.652s] writing pcl_msgs.egg-info/PKG-INFO
[0.653s] writing dependency_links to pcl_msgs.egg-info/dependency_links.txt
[0.653s] writing top-level names to pcl_msgs.egg-info/top_level.txt
[0.657s] reading manifest file 'pcl_msgs.egg-info/SOURCES.txt'
[0.658s] writing manifest file 'pcl_msgs.egg-info/SOURCES.txt'
[0.696s] [100%] Built target ament_cmake_python_build_pcl_msgs_egg
[0.713s] Invoked command in '/home/krawus/Studies/MAPR/lab3/ros2_ws/build/pcl_msgs' returned '0': CMAKE_PREFIX_PATH=${CMAKE_PREFIX_PATH}:/opt/ros/humble /usr/bin/cmake --build /home/krawus/Studies/MAPR/lab3/ros2_ws/build/pcl_msgs -- -j8 -l8
[0.953s] Invoking command in '/home/krawus/Studies/MAPR/lab3/ros2_ws/build/pcl_msgs': CMAKE_PREFIX_PATH=${CMAKE_PREFIX_PATH}:/opt/ros/humble /usr/bin/cmake --install /home/krawus/Studies/MAPR/lab3/ros2_ws/build/pcl_msgs
[0.964s] -- Install configuration: ""
[0.965s] -- Execute custom install script
[0.965s] -- Up-to-date symlink: /home/krawus/Studies/MAPR/lab3/ros2_ws/install/pcl_msgs/share/ament_index/resource_index/rosidl_interfaces/pcl_msgs
[0.966s] -- Up-to-date symlink: /home/krawus/Studies/MAPR/lab3/ros2_ws/install/pcl_msgs/include/pcl_msgs/pcl_msgs/msg/detail/model_coefficients__functions.h
[0.967s] -- Up-to-date symlink: /home/krawus/Studies/MAPR/lab3/ros2_ws/install/pcl_msgs/include/pcl_msgs/pcl_msgs/msg/detail/model_coefficients__struct.h
[0.967s] -- Up-to-date symlink: /home/krawus/Studies/MAPR/lab3/ros2_ws/install/pcl_msgs/include/pcl_msgs/pcl_msgs/msg/detail/model_coefficients__type_support.h
[0.967s] -- Up-to-date symlink: /home/krawus/Studies/MAPR/lab3/ros2_ws/install/pcl_msgs/include/pcl_msgs/pcl_msgs/msg/detail/point_indices__functions.h
[0.967s] -- Up-to-date symlink: /home/krawus/Studies/MAPR/lab3/ros2_ws/install/pcl_msgs/include/pcl_msgs/pcl_msgs/msg/detail/point_indices__struct.h
[0.968s] -- Up-to-date symlink: /home/krawus/Studies/MAPR/lab3/ros2_ws/install/pcl_msgs/include/pcl_msgs/pcl_msgs/msg/detail/point_indices__type_support.h
[0.968s] -- Up-to-date symlink: /home/krawus/Studies/MAPR/lab3/ros2_ws/install/pcl_msgs/include/pcl_msgs/pcl_msgs/msg/detail/polygon_mesh__functions.h
[0.968s] -- Up-to-date symlink: /home/krawus/Studies/MAPR/lab3/ros2_ws/install/pcl_msgs/include/pcl_msgs/pcl_msgs/msg/detail/polygon_mesh__struct.h
[0.968s] -- Up-to-date symlink: /home/krawus/Studies/MAPR/lab3/ros2_ws/install/pcl_msgs/include/pcl_msgs/pcl_msgs/msg/detail/polygon_mesh__type_support.h
[0.969s] -- Up-to-date symlink: /home/krawus/Studies/MAPR/lab3/ros2_ws/install/pcl_msgs/include/pcl_msgs/pcl_msgs/msg/detail/vertices__functions.h
[0.969s] -- Up-to-date symlink: /home/krawus/Studies/MAPR/lab3/ros2_ws/install/pcl_msgs/include/pcl_msgs/pcl_msgs/msg/detail/vertices__struct.h
[0.969s] -- Up-to-date symlink: /home/krawus/Studies/MAPR/lab3/ros2_ws/install/pcl_msgs/include/pcl_msgs/pcl_msgs/msg/detail/vertices__type_support.h
[0.969s] -- Up-to-date symlink: /home/krawus/Studies/MAPR/lab3/ros2_ws/install/pcl_msgs/include/pcl_msgs/pcl_msgs/msg/model_coefficients.h
[0.970s] -- Up-to-date symlink: /home/krawus/Studies/MAPR/lab3/ros2_ws/install/pcl_msgs/include/pcl_msgs/pcl_msgs/msg/point_indices.h
[0.970s] -- Up-to-date symlink: /home/krawus/Studies/MAPR/lab3/ros2_ws/install/pcl_msgs/include/pcl_msgs/pcl_msgs/msg/polygon_mesh.h
[0.970s] -- Up-to-date symlink: /home/krawus/Studies/MAPR/lab3/ros2_ws/install/pcl_msgs/include/pcl_msgs/pcl_msgs/msg/rosidl_generator_c__visibility_control.h
[0.971s] -- Up-to-date symlink: /home/krawus/Studies/MAPR/lab3/ros2_ws/install/pcl_msgs/include/pcl_msgs/pcl_msgs/msg/vertices.h
[0.971s] -- Up-to-date symlink: /home/krawus/Studies/MAPR/lab3/ros2_ws/install/pcl_msgs/include/pcl_msgs/pcl_msgs/srv/detail/update_filename__functions.h
[0.971s] -- Up-to-date symlink: /home/krawus/Studies/MAPR/lab3/ros2_ws/install/pcl_msgs/include/pcl_msgs/pcl_msgs/srv/detail/update_filename__struct.h
[0.971s] -- Up-to-date symlink: /home/krawus/Studies/MAPR/lab3/ros2_ws/install/pcl_msgs/include/pcl_msgs/pcl_msgs/srv/detail/update_filename__type_support.h
[0.971s] -- Up-to-date symlink: /home/krawus/Studies/MAPR/lab3/ros2_ws/install/pcl_msgs/include/pcl_msgs/pcl_msgs/srv/update_filename.h
[0.972s] -- Up-to-date symlink: /home/krawus/Studies/MAPR/lab3/ros2_ws/install/pcl_msgs/share/pcl_msgs/environment/library_path.sh
[0.972s] -- Up-to-date symlink: /home/krawus/Studies/MAPR/lab3/ros2_ws/install/pcl_msgs/share/pcl_msgs/environment/library_path.dsv
[0.973s] -- Up-to-date symlink: /home/krawus/Studies/MAPR/lab3/ros2_ws/install/pcl_msgs/include/pcl_msgs/pcl_msgs/msg/detail/model_coefficients__rosidl_typesupport_fastrtps_c.h
[0.974s] -- Up-to-date symlink: /home/krawus/Studies/MAPR/lab3/ros2_ws/install/pcl_msgs/include/pcl_msgs/pcl_msgs/msg/detail/point_indices__rosidl_typesupport_fastrtps_c.h
[0.974s] -- Up-to-date symlink: /home/krawus/Studies/MAPR/lab3/ros2_ws/install/pcl_msgs/include/pcl_msgs/pcl_msgs/msg/detail/polygon_mesh__rosidl_typesupport_fastrtps_c.h
[0.974s] -- Up-to-date symlink: /home/krawus/Studies/MAPR/lab3/ros2_ws/install/pcl_msgs/include/pcl_msgs/pcl_msgs/msg/detail/vertices__rosidl_typesupport_fastrtps_c.h
[0.975s] -- Up-to-date symlink: /home/krawus/Studies/MAPR/lab3/ros2_ws/install/pcl_msgs/include/pcl_msgs/pcl_msgs/msg/rosidl_typesupport_fastrtps_c__visibility_control.h
[0.975s] -- Up-to-date symlink: /home/krawus/Studies/MAPR/lab3/ros2_ws/install/pcl_msgs/include/pcl_msgs/pcl_msgs/srv/detail/update_filename__rosidl_typesupport_fastrtps_c.h
[0.976s] -- Up-to-date symlink: /home/krawus/Studies/MAPR/lab3/ros2_ws/install/pcl_msgs/include/pcl_msgs/pcl_msgs/msg/detail/model_coefficients__rosidl_typesupport_introspection_c.h
[0.976s] -- Up-to-date symlink: /home/krawus/Studies/MAPR/lab3/ros2_ws/install/pcl_msgs/include/pcl_msgs/pcl_msgs/msg/detail/point_indices__rosidl_typesupport_introspection_c.h
[0.976s] -- Up-to-date symlink: /home/krawus/Studies/MAPR/lab3/ros2_ws/install/pcl_msgs/include/pcl_msgs/pcl_msgs/msg/detail/polygon_mesh__rosidl_typesupport_introspection_c.h
[0.977s] -- Up-to-date symlink: /home/krawus/Studies/MAPR/lab3/ros2_ws/install/pcl_msgs/include/pcl_msgs/pcl_msgs/msg/detail/vertices__rosidl_typesupport_introspection_c.h
[0.977s] -- Up-to-date symlink: /home/krawus/Studies/MAPR/lab3/ros2_ws/install/pcl_msgs/include/pcl_msgs/pcl_msgs/msg/rosidl_typesupport_introspection_c__visibility_control.h
[0.978s] -- Up-to-date symlink: /home/krawus/Studies/MAPR/lab3/ros2_ws/install/pcl_msgs/include/pcl_msgs/pcl_msgs/srv/detail/update_filename__rosidl_typesupport_introspection_c.h
[0.981s] -- Up-to-date symlink: /home/krawus/Studies/MAPR/lab3/ros2_ws/install/pcl_msgs/include/pcl_msgs/pcl_msgs/msg/detail/model_coefficients__builder.hpp
[0.982s] -- Up-to-date symlink: /home/krawus/Studies/MAPR/lab3/ros2_ws/install/pcl_msgs/include/pcl_msgs/pcl_msgs/msg/detail/model_coefficients__struct.hpp
[0.982s] -- Up-to-date symlink: /home/krawus/Studies/MAPR/lab3/ros2_ws/install/pcl_msgs/include/pcl_msgs/pcl_msgs/msg/detail/model_coefficients__traits.hpp
[0.982s] -- Up-to-date symlink: /home/krawus/Studies/MAPR/lab3/ros2_ws/install/pcl_msgs/include/pcl_msgs/pcl_msgs/msg/detail/point_indices__builder.hpp
[0.983s] -- Up-to-date symlink: /home/krawus/Studies/MAPR/lab3/ros2_ws/install/pcl_msgs/include/pcl_msgs/pcl_msgs/msg/detail/point_indices__struct.hpp
[0.983s] -- Up-to-date symlink: /home/krawus/Studies/MAPR/lab3/ros2_ws/install/pcl_msgs/include/pcl_msgs/pcl_msgs/msg/detail/point_indices__traits.hpp
[0.983s] -- Up-to-date symlink: /home/krawus/Studies/MAPR/lab3/ros2_ws/install/pcl_msgs/include/pcl_msgs/pcl_msgs/msg/detail/polygon_mesh__builder.hpp
[0.983s] -- Up-to-date symlink: /home/krawus/Studies/MAPR/lab3/ros2_ws/install/pcl_msgs/include/pcl_msgs/pcl_msgs/msg/detail/polygon_mesh__struct.hpp
[0.984s] -- Up-to-date symlink: /home/krawus/Studies/MAPR/lab3/ros2_ws/install/pcl_msgs/include/pcl_msgs/pcl_msgs/msg/detail/polygon_mesh__traits.hpp
[0.984s] -- Up-to-date symlink: /home/krawus/Studies/MAPR/lab3/ros2_ws/install/pcl_msgs/include/pcl_msgs/pcl_msgs/msg/detail/vertices__builder.hpp
[0.984s] -- Up-to-date symlink: /home/krawus/Studies/MAPR/lab3/ros2_ws/install/pcl_msgs/include/pcl_msgs/pcl_msgs/msg/detail/vertices__struct.hpp
[0.984s] -- Up-to-date symlink: /home/krawus/Studies/MAPR/lab3/ros2_ws/install/pcl_msgs/include/pcl_msgs/pcl_msgs/msg/detail/vertices__traits.hpp
[0.984s] -- Up-to-date symlink: /home/krawus/Studies/MAPR/lab3/ros2_ws/install/pcl_msgs/include/pcl_msgs/pcl_msgs/msg/model_coefficients.hpp
[0.985s] -- Up-to-date symlink: /home/krawus/Studies/MAPR/lab3/ros2_ws/install/pcl_msgs/include/pcl_msgs/pcl_msgs/msg/point_indices.hpp
[0.985s] -- Up-to-date symlink: /home/krawus/Studies/MAPR/lab3/ros2_ws/install/pcl_msgs/include/pcl_msgs/pcl_msgs/msg/polygon_mesh.hpp
[0.985s] -- Up-to-date symlink: /home/krawus/Studies/MAPR/lab3/ros2_ws/install/pcl_msgs/include/pcl_msgs/pcl_msgs/msg/vertices.hpp
[0.985s] -- Up-to-date symlink: /home/krawus/Studies/MAPR/lab3/ros2_ws/install/pcl_msgs/include/pcl_msgs/pcl_msgs/srv/detail/update_filename__builder.hpp
[0.985s] -- Up-to-date symlink: /home/krawus/Studies/MAPR/lab3/ros2_ws/install/pcl_msgs/include/pcl_msgs/pcl_msgs/srv/detail/update_filename__struct.hpp
[0.986s] -- Up-to-date symlink: /home/krawus/Studies/MAPR/lab3/ros2_ws/install/pcl_msgs/include/pcl_msgs/pcl_msgs/srv/detail/update_filename__traits.hpp
[0.986s] -- Up-to-date symlink: /home/krawus/Studies/MAPR/lab3/ros2_ws/install/pcl_msgs/include/pcl_msgs/pcl_msgs/srv/update_filename.hpp
[0.986s] -- Up-to-date symlink: /home/krawus/Studies/MAPR/lab3/ros2_ws/install/pcl_msgs/include/pcl_msgs/pcl_msgs/msg/detail/model_coefficients__rosidl_typesupport_fastrtps_cpp.hpp
[0.986s] -- Up-to-date symlink: /home/krawus/Studies/MAPR/lab3/ros2_ws/install/pcl_msgs/include/pcl_msgs/pcl_msgs/msg/detail/point_indices__rosidl_typesupport_fastrtps_cpp.hpp
[0.987s] -- Up-to-date symlink: /home/krawus/Studies/MAPR/lab3/ros2_ws/install/pcl_msgs/include/pcl_msgs/pcl_msgs/msg/detail/polygon_mesh__rosidl_typesupport_fastrtps_cpp.hpp
[0.987s] -- Up-to-date symlink: /home/krawus/Studies/MAPR/lab3/ros2_ws/install/pcl_msgs/include/pcl_msgs/pcl_msgs/msg/detail/vertices__rosidl_typesupport_fastrtps_cpp.hpp
[0.987s] -- Up-to-date symlink: /home/krawus/Studies/MAPR/lab3/ros2_ws/install/pcl_msgs/include/pcl_msgs/pcl_msgs/msg/rosidl_typesupport_fastrtps_cpp__visibility_control.h
[0.987s] -- Up-to-date symlink: /home/krawus/Studies/MAPR/lab3/ros2_ws/install/pcl_msgs/include/pcl_msgs/pcl_msgs/srv/detail/update_filename__rosidl_typesupport_fastrtps_cpp.hpp
[0.988s] -- Up-to-date symlink: /home/krawus/Studies/MAPR/lab3/ros2_ws/install/pcl_msgs/include/pcl_msgs/pcl_msgs/msg/detail/model_coefficients__rosidl_typesupport_introspection_cpp.hpp
[0.989s] -- Up-to-date symlink: /home/krawus/Studies/MAPR/lab3/ros2_ws/install/pcl_msgs/include/pcl_msgs/pcl_msgs/msg/detail/point_indices__rosidl_typesupport_introspection_cpp.hpp
[0.989s] -- Up-to-date symlink: /home/krawus/Studies/MAPR/lab3/ros2_ws/install/pcl_msgs/include/pcl_msgs/pcl_msgs/msg/detail/polygon_mesh__rosidl_typesupport_introspection_cpp.hpp
[0.989s] -- Up-to-date symlink: /home/krawus/Studies/MAPR/lab3/ros2_ws/install/pcl_msgs/include/pcl_msgs/pcl_msgs/msg/detail/vertices__rosidl_typesupport_introspection_cpp.hpp
[0.990s] -- Up-to-date symlink: /home/krawus/Studies/MAPR/lab3/ros2_ws/install/pcl_msgs/include/pcl_msgs/pcl_msgs/srv/detail/update_filename__rosidl_typesupport_introspection_cpp.hpp
[0.990s] -- Up-to-date symlink: /home/krawus/Studies/MAPR/lab3/ros2_ws/install/pcl_msgs/share/pcl_msgs/environment/pythonpath.sh
[0.990s] -- Up-to-date symlink: /home/krawus/Studies/MAPR/lab3/ros2_ws/install/pcl_msgs/share/pcl_msgs/environment/pythonpath.dsv
[0.991s] -- Up-to-date symlink: /home/krawus/Studies/MAPR/lab3/ros2_ws/install/pcl_msgs/local/lib/python3.10/dist-packages/pcl_msgs-1.0.0-py3.10.egg-info/PKG-INFO
[0.992s] -- Up-to-date symlink: /home/krawus/Studies/MAPR/lab3/ros2_ws/install/pcl_msgs/local/lib/python3.10/dist-packages/pcl_msgs-1.0.0-py3.10.egg-info/SOURCES.txt
[0.992s] -- Up-to-date symlink: /home/krawus/Studies/MAPR/lab3/ros2_ws/install/pcl_msgs/local/lib/python3.10/dist-packages/pcl_msgs-1.0.0-py3.10.egg-info/dependency_links.txt
[0.992s] -- Up-to-date symlink: /home/krawus/Studies/MAPR/lab3/ros2_ws/install/pcl_msgs/local/lib/python3.10/dist-packages/pcl_msgs-1.0.0-py3.10.egg-info/top_level.txt
[0.994s] -- Up-to-date symlink: /home/krawus/Studies/MAPR/lab3/ros2_ws/install/pcl_msgs/local/lib/python3.10/dist-packages/pcl_msgs/__init__.py
[0.995s] -- Up-to-date symlink: /home/krawus/Studies/MAPR/lab3/ros2_ws/install/pcl_msgs/local/lib/python3.10/dist-packages/pcl_msgs/_pcl_msgs_s.ep.rosidl_typesupport_c.c
[0.995s] -- Up-to-date symlink: /home/krawus/Studies/MAPR/lab3/ros2_ws/install/pcl_msgs/local/lib/python3.10/dist-packages/pcl_msgs/_pcl_msgs_s.ep.rosidl_typesupport_fastrtps_c.c
[0.996s] -- Up-to-date symlink: /home/krawus/Studies/MAPR/lab3/ros2_ws/install/pcl_msgs/local/lib/python3.10/dist-packages/pcl_msgs/_pcl_msgs_s.ep.rosidl_typesupport_introspection_c.c
[0.997s] -- Up-to-date symlink: /home/krawus/Studies/MAPR/lab3/ros2_ws/install/pcl_msgs/local/lib/python3.10/dist-packages/pcl_msgs/libpcl_msgs__rosidl_generator_py.so
[0.997s] -- Up-to-date symlink: /home/krawus/Studies/MAPR/lab3/ros2_ws/install/pcl_msgs/local/lib/python3.10/dist-packages/pcl_msgs/msg/__init__.py
[0.998s] -- Up-to-date symlink: /home/krawus/Studies/MAPR/lab3/ros2_ws/install/pcl_msgs/local/lib/python3.10/dist-packages/pcl_msgs/msg/_model_coefficients.py
[0.998s] -- Up-to-date symlink: /home/krawus/Studies/MAPR/lab3/ros2_ws/install/pcl_msgs/local/lib/python3.10/dist-packages/pcl_msgs/msg/_model_coefficients_s.c
[0.999s] -- Up-to-date symlink: /home/krawus/Studies/MAPR/lab3/ros2_ws/install/pcl_msgs/local/lib/python3.10/dist-packages/pcl_msgs/msg/_point_indices.py
[1.000s] -- Up-to-date symlink: /home/krawus/Studies/MAPR/lab3/ros2_ws/install/pcl_msgs/local/lib/python3.10/dist-packages/pcl_msgs/msg/_point_indices_s.c
[1.000s] -- Up-to-date symlink: /home/krawus/Studies/MAPR/lab3/ros2_ws/install/pcl_msgs/local/lib/python3.10/dist-packages/pcl_msgs/msg/_polygon_mesh.py
[1.001s] -- Up-to-date symlink: /home/krawus/Studies/MAPR/lab3/ros2_ws/install/pcl_msgs/local/lib/python3.10/dist-packages/pcl_msgs/msg/_polygon_mesh_s.c
[1.001s] -- Up-to-date symlink: /home/krawus/Studies/MAPR/lab3/ros2_ws/install/pcl_msgs/local/lib/python3.10/dist-packages/pcl_msgs/msg/_vertices.py
[1.002s] -- Up-to-date symlink: /home/krawus/Studies/MAPR/lab3/ros2_ws/install/pcl_msgs/local/lib/python3.10/dist-packages/pcl_msgs/msg/_vertices_s.c
[1.002s] -- Up-to-date symlink: /home/krawus/Studies/MAPR/lab3/ros2_ws/install/pcl_msgs/local/lib/python3.10/dist-packages/pcl_msgs/pcl_msgs_s__rosidl_typesupport_c.cpython-310-x86_64-linux-gnu.so
[1.002s] -- Up-to-date symlink: /home/krawus/Studies/MAPR/lab3/ros2_ws/install/pcl_msgs/local/lib/python3.10/dist-packages/pcl_msgs/pcl_msgs_s__rosidl_typesupport_fastrtps_c.cpython-310-x86_64-linux-gnu.so
[1.003s] -- Up-to-date symlink: /home/krawus/Studies/MAPR/lab3/ros2_ws/install/pcl_msgs/local/lib/python3.10/dist-packages/pcl_msgs/pcl_msgs_s__rosidl_typesupport_introspection_c.cpython-310-x86_64-linux-gnu.so
[1.003s] -- Up-to-date symlink: /home/krawus/Studies/MAPR/lab3/ros2_ws/install/pcl_msgs/local/lib/python3.10/dist-packages/pcl_msgs/srv/__init__.py
[1.004s] -- Up-to-date symlink: /home/krawus/Studies/MAPR/lab3/ros2_ws/install/pcl_msgs/local/lib/python3.10/dist-packages/pcl_msgs/srv/_update_filename.py
[1.004s] -- Up-to-date symlink: /home/krawus/Studies/MAPR/lab3/ros2_ws/install/pcl_msgs/local/lib/python3.10/dist-packages/pcl_msgs/srv/_update_filename_s.c
[1.004s] -- Up-to-date symlink: /home/krawus/Studies/MAPR/lab3/ros2_ws/install/pcl_msgs/local/lib/python3.10/dist-packages/pcl_msgs/pcl_msgs_s__rosidl_typesupport_fastrtps_c.cpython-310-x86_64-linux-gnu.so
[1.006s] -- Up-to-date symlink: /home/krawus/Studies/MAPR/lab3/ros2_ws/install/pcl_msgs/local/lib/python3.10/dist-packages/pcl_msgs/pcl_msgs_s__rosidl_typesupport_introspection_c.cpython-310-x86_64-linux-gnu.so
[1.006s] -- Up-to-date symlink: /home/krawus/Studies/MAPR/lab3/ros2_ws/install/pcl_msgs/local/lib/python3.10/dist-packages/pcl_msgs/pcl_msgs_s__rosidl_typesupport_c.cpython-310-x86_64-linux-gnu.so
[1.006s] -- Up-to-date symlink: /home/krawus/Studies/MAPR/lab3/ros2_ws/install/pcl_msgs/share/pcl_msgs/msg/ModelCoefficients.idl
[1.007s] -- Up-to-date symlink: /home/krawus/Studies/MAPR/lab3/ros2_ws/install/pcl_msgs/share/pcl_msgs/msg/PointIndices.idl
[1.008s] -- Up-to-date symlink: /home/krawus/Studies/MAPR/lab3/ros2_ws/install/pcl_msgs/share/pcl_msgs/msg/PolygonMesh.idl
[1.008s] -- Up-to-date symlink: /home/krawus/Studies/MAPR/lab3/ros2_ws/install/pcl_msgs/share/pcl_msgs/msg/Vertices.idl
[1.009s] -- Up-to-date symlink: /home/krawus/Studies/MAPR/lab3/ros2_ws/install/pcl_msgs/share/pcl_msgs/srv/UpdateFilename.idl
[1.009s] -- Up-to-date symlink: /home/krawus/Studies/MAPR/lab3/ros2_ws/install/pcl_msgs/share/pcl_msgs/msg/ModelCoefficients.msg
[1.010s] -- Up-to-date symlink: /home/krawus/Studies/MAPR/lab3/ros2_ws/install/pcl_msgs/share/pcl_msgs/msg/PointIndices.msg
[1.010s] -- Up-to-date symlink: /home/krawus/Studies/MAPR/lab3/ros2_ws/install/pcl_msgs/share/pcl_msgs/msg/PolygonMesh.msg
[1.010s] -- Up-to-date symlink: /home/krawus/Studies/MAPR/lab3/ros2_ws/install/pcl_msgs/share/pcl_msgs/msg/Vertices.msg
[1.011s] -- Up-to-date symlink: /home/krawus/Studies/MAPR/lab3/ros2_ws/install/pcl_msgs/share/pcl_msgs/srv/UpdateFilename.srv
[1.011s] -- Up-to-date symlink: /home/krawus/Studies/MAPR/lab3/ros2_ws/install/pcl_msgs/share/pcl_msgs/srv/UpdateFilename_Request.msg
[1.011s] -- Up-to-date symlink: /home/krawus/Studies/MAPR/lab3/ros2_ws/install/pcl_msgs/share/pcl_msgs/srv/UpdateFilename_Response.msg
[1.012s] -- Up-to-date symlink: /home/krawus/Studies/MAPR/lab3/ros2_ws/install/pcl_msgs/share/ament_index/resource_index/package_run_dependencies/pcl_msgs
[1.012s] -- Up-to-date symlink: /home/krawus/Studies/MAPR/lab3/ros2_ws/install/pcl_msgs/share/ament_index/resource_index/parent_prefix_path/pcl_msgs
[1.013s] -- Up-to-date symlink: /home/krawus/Studies/MAPR/lab3/ros2_ws/install/pcl_msgs/share/pcl_msgs/environment/ament_prefix_path.sh
[1.013s] -- Up-to-date symlink: /home/krawus/Studies/MAPR/lab3/ros2_ws/install/pcl_msgs/share/pcl_msgs/environment/ament_prefix_path.dsv
[1.013s] -- Up-to-date symlink: /home/krawus/Studies/MAPR/lab3/ros2_ws/install/pcl_msgs/share/pcl_msgs/environment/path.sh
[1.014s] -- Up-to-date symlink: /home/krawus/Studies/MAPR/lab3/ros2_ws/install/pcl_msgs/share/pcl_msgs/environment/path.dsv
[1.014s] -- Up-to-date symlink: /home/krawus/Studies/MAPR/lab3/ros2_ws/install/pcl_msgs/share/pcl_msgs/local_setup.bash
[1.015s] -- Up-to-date symlink: /home/krawus/Studies/MAPR/lab3/ros2_ws/install/pcl_msgs/share/pcl_msgs/local_setup.sh
[1.015s] -- Up-to-date symlink: /home/krawus/Studies/MAPR/lab3/ros2_ws/install/pcl_msgs/share/pcl_msgs/local_setup.zsh
[1.016s] -- Up-to-date symlink: /home/krawus/Studies/MAPR/lab3/ros2_ws/install/pcl_msgs/share/pcl_msgs/local_setup.dsv
[1.016s] -- Symlinking: /home/krawus/Studies/MAPR/lab3/ros2_ws/install/pcl_msgs/share/pcl_msgs/package.dsv
[1.026s] -- Up-to-date symlink: /home/krawus/Studies/MAPR/lab3/ros2_ws/install/pcl_msgs/share/ament_index/resource_index/packages/pcl_msgs
[1.026s] -- Up-to-date symlink: /home/krawus/Studies/MAPR/lab3/ros2_ws/install/pcl_msgs/share/pcl_msgs/cmake/rosidl_cmake-extras.cmake
[1.027s] -- Up-to-date symlink: /home/krawus/Studies/MAPR/lab3/ros2_ws/install/pcl_msgs/share/pcl_msgs/cmake/ament_cmake_export_dependencies-extras.cmake
[1.027s] -- Up-to-date symlink: /home/krawus/Studies/MAPR/lab3/ros2_ws/install/pcl_msgs/share/pcl_msgs/cmake/ament_cmake_export_include_directories-extras.cmake
[1.028s] -- Up-to-date symlink: /home/krawus/Studies/MAPR/lab3/ros2_ws/install/pcl_msgs/share/pcl_msgs/cmake/ament_cmake_export_libraries-extras.cmake
[1.028s] -- Up-to-date symlink: /home/krawus/Studies/MAPR/lab3/ros2_ws/install/pcl_msgs/share/pcl_msgs/cmake/ament_cmake_export_targets-extras.cmake
[1.029s] -- Up-to-date symlink: /home/krawus/Studies/MAPR/lab3/ros2_ws/install/pcl_msgs/share/pcl_msgs/cmake/rosidl_cmake_export_typesupport_targets-extras.cmake
[1.029s] -- Up-to-date symlink: /home/krawus/Studies/MAPR/lab3/ros2_ws/install/pcl_msgs/share/pcl_msgs/cmake/rosidl_cmake_export_typesupport_libraries-extras.cmake
[1.029s] -- Up-to-date symlink: /home/krawus/Studies/MAPR/lab3/ros2_ws/install/pcl_msgs/share/pcl_msgs/cmake/pcl_msgsConfig.cmake
[1.030s] -- Up-to-date symlink: /home/krawus/Studies/MAPR/lab3/ros2_ws/install/pcl_msgs/share/pcl_msgs/cmake/pcl_msgsConfig-version.cmake
[1.030s] -- Up-to-date symlink: /home/krawus/Studies/MAPR/lab3/ros2_ws/install/pcl_msgs/share/pcl_msgs/package.xml
[1.031s] -- Up-to-date: /home/krawus/Studies/MAPR/lab3/ros2_ws/install/pcl_msgs/lib/libpcl_msgs__rosidl_generator_c.so
[1.031s] -- Up-to-date: /home/krawus/Studies/MAPR/lab3/ros2_ws/install/pcl_msgs/lib/libpcl_msgs__rosidl_typesupport_fastrtps_c.so
[1.032s] -- Up-to-date: /home/krawus/Studies/MAPR/lab3/ros2_ws/install/pcl_msgs/lib/libpcl_msgs__rosidl_typesupport_introspection_c.so
[1.033s] -- Up-to-date: /home/krawus/Studies/MAPR/lab3/ros2_ws/install/pcl_msgs/lib/libpcl_msgs__rosidl_typesupport_c.so
[1.033s] -- Up-to-date: /home/krawus/Studies/MAPR/lab3/ros2_ws/install/pcl_msgs/lib/libpcl_msgs__rosidl_typesupport_fastrtps_cpp.so
[1.034s] -- Up-to-date: /home/krawus/Studies/MAPR/lab3/ros2_ws/install/pcl_msgs/lib/libpcl_msgs__rosidl_typesupport_introspection_cpp.so
[1.035s] -- Up-to-date: /home/krawus/Studies/MAPR/lab3/ros2_ws/install/pcl_msgs/lib/libpcl_msgs__rosidl_typesupport_cpp.so
[1.077s] Listing '/home/krawus/Studies/MAPR/lab3/ros2_ws/install/pcl_msgs/local/lib/python3.10/dist-packages/pcl_msgs'...
[1.077s] Listing '/home/krawus/Studies/MAPR/lab3/ros2_ws/install/pcl_msgs/local/lib/python3.10/dist-packages/pcl_msgs/msg'...
[1.077s] Listing '/home/krawus/Studies/MAPR/lab3/ros2_ws/install/pcl_msgs/local/lib/python3.10/dist-packages/pcl_msgs/srv'...
[1.083s] -- Up-to-date: /home/krawus/Studies/MAPR/lab3/ros2_ws/install/pcl_msgs/lib/libpcl_msgs__rosidl_generator_py.so
[1.083s] -- Up-to-date: /home/krawus/Studies/MAPR/lab3/ros2_ws/install/pcl_msgs/share/pcl_msgs/cmake/export_pcl_msgs__rosidl_generator_cExport.cmake
[1.084s] -- Up-to-date: /home/krawus/Studies/MAPR/lab3/ros2_ws/install/pcl_msgs/share/pcl_msgs/cmake/export_pcl_msgs__rosidl_generator_cExport-noconfig.cmake
[1.084s] -- Up-to-date: /home/krawus/Studies/MAPR/lab3/ros2_ws/install/pcl_msgs/share/pcl_msgs/cmake/export_pcl_msgs__rosidl_typesupport_fastrtps_cExport.cmake
[1.084s] -- Up-to-date: /home/krawus/Studies/MAPR/lab3/ros2_ws/install/pcl_msgs/share/pcl_msgs/cmake/export_pcl_msgs__rosidl_typesupport_fastrtps_cExport-noconfig.cmake
[1.084s] -- Up-to-date: /home/krawus/Studies/MAPR/lab3/ros2_ws/install/pcl_msgs/share/pcl_msgs/cmake/pcl_msgs__rosidl_typesupport_introspection_cExport.cmake
[1.085s] -- Up-to-date: /home/krawus/Studies/MAPR/lab3/ros2_ws/install/pcl_msgs/share/pcl_msgs/cmake/pcl_msgs__rosidl_typesupport_introspection_cExport-noconfig.cmake
[1.085s] -- Up-to-date: /home/krawus/Studies/MAPR/lab3/ros2_ws/install/pcl_msgs/share/pcl_msgs/cmake/pcl_msgs__rosidl_typesupport_cExport.cmake
[1.085s] -- Up-to-date: /home/krawus/Studies/MAPR/lab3/ros2_ws/install/pcl_msgs/share/pcl_msgs/cmake/pcl_msgs__rosidl_typesupport_cExport-noconfig.cmake
[1.085s] -- Up-to-date: /home/krawus/Studies/MAPR/lab3/ros2_ws/install/pcl_msgs/share/pcl_msgs/cmake/export_pcl_msgs__rosidl_generator_cppExport.cmake
[1.086s] -- Up-to-date: /home/krawus/Studies/MAPR/lab3/ros2_ws/install/pcl_msgs/share/pcl_msgs/cmake/export_pcl_msgs__rosidl_typesupport_fastrtps_cppExport.cmake
[1.086s] -- Up-to-date: /home/krawus/Studies/MAPR/lab3/ros2_ws/install/pcl_msgs/share/pcl_msgs/cmake/export_pcl_msgs__rosidl_typesupport_fastrtps_cppExport-noconfig.cmake
[1.086s] -- Up-to-date: /home/krawus/Studies/MAPR/lab3/ros2_ws/install/pcl_msgs/share/pcl_msgs/cmake/pcl_msgs__rosidl_typesupport_introspection_cppExport.cmake
[1.086s] -- Up-to-date: /home/krawus/Studies/MAPR/lab3/ros2_ws/install/pcl_msgs/share/pcl_msgs/cmake/pcl_msgs__rosidl_typesupport_introspection_cppExport-noconfig.cmake
[1.086s] -- Up-to-date: /home/krawus/Studies/MAPR/lab3/ros2_ws/install/pcl_msgs/share/pcl_msgs/cmake/pcl_msgs__rosidl_typesupport_cppExport.cmake
[1.087s] -- Up-to-date: /home/krawus/Studies/MAPR/lab3/ros2_ws/install/pcl_msgs/share/pcl_msgs/cmake/pcl_msgs__rosidl_typesupport_cppExport-noconfig.cmake
[1.087s] -- Up-to-date: /home/krawus/Studies/MAPR/lab3/ros2_ws/install/pcl_msgs/share/pcl_msgs/cmake/export_pcl_msgs__rosidl_generator_pyExport.cmake
[1.087s] -- Up-to-date: /home/krawus/Studies/MAPR/lab3/ros2_ws/install/pcl_msgs/share/pcl_msgs/cmake/export_pcl_msgs__rosidl_generator_pyExport-noconfig.cmake
[1.091s] Invoked command in '/home/krawus/Studies/MAPR/lab3/ros2_ws/build/pcl_msgs' returned '0': CMAKE_PREFIX_PATH=${CMAKE_PREFIX_PATH}:/opt/ros/humble /usr/bin/cmake --install /home/krawus/Studies/MAPR/lab3/ros2_ws/build/pcl_msgs
