[0.130s] Invoking command in '/home/krawus/Studies/MAPR/lab3/ros2_ws/build/octomap_msgs': CMAKE_PREFIX_PATH=${CMAKE_PREFIX_PATH}:/home/krawus/Studies/MAPR/lab3/ros2_ws/install/octomap_manipulation:/home/krawus/Studies/MAPR/lab2/ros2_ws/install/map_manipulation:/opt/ros/humble /usr/bin/cmake --build /home/krawus/Studies/MAPR/lab3/ros2_ws/build/octomap_msgs -- -j8 -l8
[0.401s] [ 10%] Built target octomap_msgs__rosidl_generator_c
[0.417s] [ 12%] Built target octomap_msgs__cpp
[0.571s] [ 12%] Built target ament_cmake_python_symlink_octomap_msgs
[0.602s] [ 30%] Built target octomap_msgs__rosidl_typesupport_cpp
[0.602s] [ 34%] Built target octomap_msgs__rosidl_typesupport_introspection_c
[0.633s] [ 45%] Built target octomap_msgs__rosidl_typesupport_introspection_cpp
[0.682s] [ 56%] Built target octomap_msgs__rosidl_typesupport_c
[0.713s] [ 67%] Built target octomap_msgs__rosidl_typesupport_fastrtps_c
[0.736s] [ 78%] Built target octomap_msgs__rosidl_typesupport_fastrtps_cpp
[0.819s] [ 78%] Built target octomap_msgs
[0.930s] [ 80%] Built target octomap_msgs__py
[1.252s] [ 89%] Built target octomap_msgs__rosidl_generator_py
[1.609s] [ 92%] Built target octomap_msgs__rosidl_typesupport_fastrtps_c__pyext
[1.665s] [ 96%] Built target octomap_msgs__rosidl_typesupport_introspection_c__pyext
[1.697s] [100%] Built target octomap_msgs__rosidl_typesupport_c__pyext
[1.706s] running egg_info
[1.712s] writing octomap_msgs.egg-info/PKG-INFO
[1.714s] writing dependency_links to octomap_msgs.egg-info/dependency_links.txt
[1.717s] writing top-level names to octomap_msgs.egg-info/top_level.txt
[1.729s] reading manifest file 'octomap_msgs.egg-info/SOURCES.txt'
[1.733s] writing manifest file 'octomap_msgs.egg-info/SOURCES.txt'
[1.833s] [100%] Built target ament_cmake_python_build_octomap_msgs_egg
[1.915s] Invoked command in '/home/krawus/Studies/MAPR/lab3/ros2_ws/build/octomap_msgs' returned '0': CMAKE_PREFIX_PATH=${CMAKE_PREFIX_PATH}:/home/krawus/Studies/MAPR/lab3/ros2_ws/install/octomap_manipulation:/home/krawus/Studies/MAPR/lab2/ros2_ws/install/map_manipulation:/opt/ros/humble /usr/bin/cmake --build /home/krawus/Studies/MAPR/lab3/ros2_ws/build/octomap_msgs -- -j8 -l8
[2.773s] Invoking command in '/home/krawus/Studies/MAPR/lab3/ros2_ws/build/octomap_msgs': CMAKE_PREFIX_PATH=${CMAKE_PREFIX_PATH}:/home/krawus/Studies/MAPR/lab3/ros2_ws/install/octomap_manipulation:/home/krawus/Studies/MAPR/lab2/ros2_ws/install/map_manipulation:/opt/ros/humble /usr/bin/cmake --install /home/krawus/Studies/MAPR/lab3/ros2_ws/build/octomap_msgs
[2.803s] -- Install configuration: ""
[2.805s] -- Execute custom install script
[2.808s] -- Up-to-date symlink: /home/krawus/Studies/MAPR/lab3/ros2_ws/install/octomap_msgs/share/ament_index/resource_index/rosidl_interfaces/octomap_msgs
[2.809s] -- Up-to-date symlink: /home/krawus/Studies/MAPR/lab3/ros2_ws/install/octomap_msgs/include/octomap_msgs/octomap_msgs/msg/detail/octomap__functions.h
[2.810s] -- Up-to-date symlink: /home/krawus/Studies/MAPR/lab3/ros2_ws/install/octomap_msgs/include/octomap_msgs/octomap_msgs/msg/detail/octomap__struct.h
[2.810s] -- Up-to-date symlink: /home/krawus/Studies/MAPR/lab3/ros2_ws/install/octomap_msgs/include/octomap_msgs/octomap_msgs/msg/detail/octomap__type_support.h
[2.812s] -- Up-to-date symlink: /home/krawus/Studies/MAPR/lab3/ros2_ws/install/octomap_msgs/include/octomap_msgs/octomap_msgs/msg/detail/octomap_with_pose__functions.h
[2.812s] -- Up-to-date symlink: /home/krawus/Studies/MAPR/lab3/ros2_ws/install/octomap_msgs/include/octomap_msgs/octomap_msgs/msg/detail/octomap_with_pose__struct.h
[2.812s] -- Up-to-date symlink: /home/krawus/Studies/MAPR/lab3/ros2_ws/install/octomap_msgs/include/octomap_msgs/octomap_msgs/msg/detail/octomap_with_pose__type_support.h
[2.813s] -- Up-to-date symlink: /home/krawus/Studies/MAPR/lab3/ros2_ws/install/octomap_msgs/include/octomap_msgs/octomap_msgs/msg/octomap.h
[2.813s] -- Up-to-date symlink: /home/krawus/Studies/MAPR/lab3/ros2_ws/install/octomap_msgs/include/octomap_msgs/octomap_msgs/msg/octomap_with_pose.h
[2.813s] -- Up-to-date symlink: /home/krawus/Studies/MAPR/lab3/ros2_ws/install/octomap_msgs/include/octomap_msgs/octomap_msgs/msg/rosidl_generator_c__visibility_control.h
[2.814s] -- Up-to-date symlink: /home/krawus/Studies/MAPR/lab3/ros2_ws/install/octomap_msgs/include/octomap_msgs/octomap_msgs/srv/bounding_box_query.h
[2.814s] -- Up-to-date symlink: /home/krawus/Studies/MAPR/lab3/ros2_ws/install/octomap_msgs/include/octomap_msgs/octomap_msgs/srv/detail/bounding_box_query__functions.h
[2.814s] -- Up-to-date symlink: /home/krawus/Studies/MAPR/lab3/ros2_ws/install/octomap_msgs/include/octomap_msgs/octomap_msgs/srv/detail/bounding_box_query__struct.h
[2.814s] -- Up-to-date symlink: /home/krawus/Studies/MAPR/lab3/ros2_ws/install/octomap_msgs/include/octomap_msgs/octomap_msgs/srv/detail/bounding_box_query__type_support.h
[2.815s] -- Up-to-date symlink: /home/krawus/Studies/MAPR/lab3/ros2_ws/install/octomap_msgs/include/octomap_msgs/octomap_msgs/srv/detail/get_octomap__functions.h
[2.815s] -- Up-to-date symlink: /home/krawus/Studies/MAPR/lab3/ros2_ws/install/octomap_msgs/include/octomap_msgs/octomap_msgs/srv/detail/get_octomap__struct.h
[2.816s] -- Up-to-date symlink: /home/krawus/Studies/MAPR/lab3/ros2_ws/install/octomap_msgs/include/octomap_msgs/octomap_msgs/srv/detail/get_octomap__type_support.h
[2.817s] -- Up-to-date symlink: /home/krawus/Studies/MAPR/lab3/ros2_ws/install/octomap_msgs/include/octomap_msgs/octomap_msgs/srv/get_octomap.h
[2.820s] -- Up-to-date symlink: /home/krawus/Studies/MAPR/lab3/ros2_ws/install/octomap_msgs/share/octomap_msgs/environment/library_path.sh
[2.820s] -- Up-to-date symlink: /home/krawus/Studies/MAPR/lab3/ros2_ws/install/octomap_msgs/share/octomap_msgs/environment/library_path.dsv
[2.821s] -- Up-to-date symlink: /home/krawus/Studies/MAPR/lab3/ros2_ws/install/octomap_msgs/include/octomap_msgs/octomap_msgs/msg/detail/octomap__rosidl_typesupport_fastrtps_c.h
[2.825s] -- Up-to-date symlink: /home/krawus/Studies/MAPR/lab3/ros2_ws/install/octomap_msgs/include/octomap_msgs/octomap_msgs/msg/detail/octomap_with_pose__rosidl_typesupport_fastrtps_c.h
[2.825s] -- Up-to-date symlink: /home/krawus/Studies/MAPR/lab3/ros2_ws/install/octomap_msgs/include/octomap_msgs/octomap_msgs/msg/rosidl_typesupport_fastrtps_c__visibility_control.h
[2.825s] -- Up-to-date symlink: /home/krawus/Studies/MAPR/lab3/ros2_ws/install/octomap_msgs/include/octomap_msgs/octomap_msgs/srv/detail/bounding_box_query__rosidl_typesupport_fastrtps_c.h
[2.826s] -- Up-to-date symlink: /home/krawus/Studies/MAPR/lab3/ros2_ws/install/octomap_msgs/include/octomap_msgs/octomap_msgs/srv/detail/get_octomap__rosidl_typesupport_fastrtps_c.h
[2.827s] -- Up-to-date symlink: /home/krawus/Studies/MAPR/lab3/ros2_ws/install/octomap_msgs/include/octomap_msgs/octomap_msgs/msg/detail/octomap__rosidl_typesupport_introspection_c.h
[2.827s] -- Up-to-date symlink: /home/krawus/Studies/MAPR/lab3/ros2_ws/install/octomap_msgs/include/octomap_msgs/octomap_msgs/msg/detail/octomap_with_pose__rosidl_typesupport_introspection_c.h
[2.827s] -- Up-to-date symlink: /home/krawus/Studies/MAPR/lab3/ros2_ws/install/octomap_msgs/include/octomap_msgs/octomap_msgs/msg/rosidl_typesupport_introspection_c__visibility_control.h
[2.827s] -- Up-to-date symlink: /home/krawus/Studies/MAPR/lab3/ros2_ws/install/octomap_msgs/include/octomap_msgs/octomap_msgs/srv/detail/bounding_box_query__rosidl_typesupport_introspection_c.h
[2.829s] -- Up-to-date symlink: /home/krawus/Studies/MAPR/lab3/ros2_ws/install/octomap_msgs/include/octomap_msgs/octomap_msgs/srv/detail/get_octomap__rosidl_typesupport_introspection_c.h
[2.830s] -- Up-to-date symlink: /home/krawus/Studies/MAPR/lab3/ros2_ws/install/octomap_msgs/include/octomap_msgs/octomap_msgs/msg/detail/octomap__builder.hpp
[2.830s] -- Up-to-date symlink: /home/krawus/Studies/MAPR/lab3/ros2_ws/install/octomap_msgs/include/octomap_msgs/octomap_msgs/msg/detail/octomap__struct.hpp
[2.830s] -- Up-to-date symlink: /home/krawus/Studies/MAPR/lab3/ros2_ws/install/octomap_msgs/include/octomap_msgs/octomap_msgs/msg/detail/octomap__traits.hpp
[2.830s] -- Up-to-date symlink: /home/krawus/Studies/MAPR/lab3/ros2_ws/install/octomap_msgs/include/octomap_msgs/octomap_msgs/msg/detail/octomap_with_pose__builder.hpp
[2.831s] -- Up-to-date symlink: /home/krawus/Studies/MAPR/lab3/ros2_ws/install/octomap_msgs/include/octomap_msgs/octomap_msgs/msg/detail/octomap_with_pose__struct.hpp
[2.831s] -- Up-to-date symlink: /home/krawus/Studies/MAPR/lab3/ros2_ws/install/octomap_msgs/include/octomap_msgs/octomap_msgs/msg/detail/octomap_with_pose__traits.hpp
[2.831s] -- Up-to-date symlink: /home/krawus/Studies/MAPR/lab3/ros2_ws/install/octomap_msgs/include/octomap_msgs/octomap_msgs/msg/octomap.hpp
[2.831s] -- Up-to-date symlink: /home/krawus/Studies/MAPR/lab3/ros2_ws/install/octomap_msgs/include/octomap_msgs/octomap_msgs/msg/octomap_with_pose.hpp
[2.831s] -- Up-to-date symlink: /home/krawus/Studies/MAPR/lab3/ros2_ws/install/octomap_msgs/include/octomap_msgs/octomap_msgs/srv/bounding_box_query.hpp
[2.832s] -- Up-to-date symlink: /home/krawus/Studies/MAPR/lab3/ros2_ws/install/octomap_msgs/include/octomap_msgs/octomap_msgs/srv/detail/bounding_box_query__builder.hpp
[2.832s] -- Up-to-date symlink: /home/krawus/Studies/MAPR/lab3/ros2_ws/install/octomap_msgs/include/octomap_msgs/octomap_msgs/srv/detail/bounding_box_query__struct.hpp
[2.833s] -- Up-to-date symlink: /home/krawus/Studies/MAPR/lab3/ros2_ws/install/octomap_msgs/include/octomap_msgs/octomap_msgs/srv/detail/bounding_box_query__traits.hpp
[2.833s] -- Up-to-date symlink: /home/krawus/Studies/MAPR/lab3/ros2_ws/install/octomap_msgs/include/octomap_msgs/octomap_msgs/srv/detail/get_octomap__builder.hpp
[2.834s] -- Up-to-date symlink: /home/krawus/Studies/MAPR/lab3/ros2_ws/install/octomap_msgs/include/octomap_msgs/octomap_msgs/srv/detail/get_octomap__struct.hpp
[2.834s] -- Up-to-date symlink: /home/krawus/Studies/MAPR/lab3/ros2_ws/install/octomap_msgs/include/octomap_msgs/octomap_msgs/srv/detail/get_octomap__traits.hpp
[2.835s] -- Up-to-date symlink: /home/krawus/Studies/MAPR/lab3/ros2_ws/install/octomap_msgs/include/octomap_msgs/octomap_msgs/srv/get_octomap.hpp
[2.837s] -- Up-to-date symlink: /home/krawus/Studies/MAPR/lab3/ros2_ws/install/octomap_msgs/include/octomap_msgs/octomap_msgs/msg/detail/octomap__rosidl_typesupport_fastrtps_cpp.hpp
[2.838s] -- Up-to-date symlink: /home/krawus/Studies/MAPR/lab3/ros2_ws/install/octomap_msgs/include/octomap_msgs/octomap_msgs/msg/detail/octomap_with_pose__rosidl_typesupport_fastrtps_cpp.hpp
[2.838s] -- Up-to-date symlink: /home/krawus/Studies/MAPR/lab3/ros2_ws/install/octomap_msgs/include/octomap_msgs/octomap_msgs/msg/rosidl_typesupport_fastrtps_cpp__visibility_control.h
[2.839s] -- Up-to-date symlink: /home/krawus/Studies/MAPR/lab3/ros2_ws/install/octomap_msgs/include/octomap_msgs/octomap_msgs/srv/detail/bounding_box_query__rosidl_typesupport_fastrtps_cpp.hpp
[2.840s] -- Up-to-date symlink: /home/krawus/Studies/MAPR/lab3/ros2_ws/install/octomap_msgs/include/octomap_msgs/octomap_msgs/srv/detail/get_octomap__rosidl_typesupport_fastrtps_cpp.hpp
[2.841s] -- Up-to-date symlink: /home/krawus/Studies/MAPR/lab3/ros2_ws/install/octomap_msgs/include/octomap_msgs/octomap_msgs/msg/detail/octomap__rosidl_typesupport_introspection_cpp.hpp
[2.842s] -- Up-to-date symlink: /home/krawus/Studies/MAPR/lab3/ros2_ws/install/octomap_msgs/include/octomap_msgs/octomap_msgs/msg/detail/octomap_with_pose__rosidl_typesupport_introspection_cpp.hpp
[2.843s] -- Up-to-date symlink: /home/krawus/Studies/MAPR/lab3/ros2_ws/install/octomap_msgs/include/octomap_msgs/octomap_msgs/srv/detail/bounding_box_query__rosidl_typesupport_introspection_cpp.hpp
[2.844s] -- Up-to-date symlink: /home/krawus/Studies/MAPR/lab3/ros2_ws/install/octomap_msgs/include/octomap_msgs/octomap_msgs/srv/detail/get_octomap__rosidl_typesupport_introspection_cpp.hpp
[2.845s] -- Up-to-date symlink: /home/krawus/Studies/MAPR/lab3/ros2_ws/install/octomap_msgs/share/octomap_msgs/environment/pythonpath.sh
[2.846s] -- Up-to-date symlink: /home/krawus/Studies/MAPR/lab3/ros2_ws/install/octomap_msgs/share/octomap_msgs/environment/pythonpath.dsv
[2.847s] -- Up-to-date symlink: /home/krawus/Studies/MAPR/lab3/ros2_ws/install/octomap_msgs/local/lib/python3.10/dist-packages/octomap_msgs-2.0.0-py3.10.egg-info/PKG-INFO
[2.848s] -- Up-to-date symlink: /home/krawus/Studies/MAPR/lab3/ros2_ws/install/octomap_msgs/local/lib/python3.10/dist-packages/octomap_msgs-2.0.0-py3.10.egg-info/SOURCES.txt
[2.849s] -- Up-to-date symlink: /home/krawus/Studies/MAPR/lab3/ros2_ws/install/octomap_msgs/local/lib/python3.10/dist-packages/octomap_msgs-2.0.0-py3.10.egg-info/dependency_links.txt
[2.850s] -- Up-to-date symlink: /home/krawus/Studies/MAPR/lab3/ros2_ws/install/octomap_msgs/local/lib/python3.10/dist-packages/octomap_msgs-2.0.0-py3.10.egg-info/top_level.txt
[2.854s] -- Up-to-date symlink: /home/krawus/Studies/MAPR/lab3/ros2_ws/install/octomap_msgs/local/lib/python3.10/dist-packages/octomap_msgs/__init__.py
[2.854s] -- Up-to-date symlink: /home/krawus/Studies/MAPR/lab3/ros2_ws/install/octomap_msgs/local/lib/python3.10/dist-packages/octomap_msgs/_octomap_msgs_s.ep.rosidl_typesupport_c.c
[2.855s] -- Up-to-date symlink: /home/krawus/Studies/MAPR/lab3/ros2_ws/install/octomap_msgs/local/lib/python3.10/dist-packages/octomap_msgs/_octomap_msgs_s.ep.rosidl_typesupport_fastrtps_c.c
[2.857s] -- Up-to-date symlink: /home/krawus/Studies/MAPR/lab3/ros2_ws/install/octomap_msgs/local/lib/python3.10/dist-packages/octomap_msgs/_octomap_msgs_s.ep.rosidl_typesupport_introspection_c.c
[2.857s] -- Up-to-date symlink: /home/krawus/Studies/MAPR/lab3/ros2_ws/install/octomap_msgs/local/lib/python3.10/dist-packages/octomap_msgs/liboctomap_msgs__rosidl_generator_py.so
[2.858s] -- Up-to-date symlink: /home/krawus/Studies/MAPR/lab3/ros2_ws/install/octomap_msgs/local/lib/python3.10/dist-packages/octomap_msgs/msg/__init__.py
[2.859s] -- Up-to-date symlink: /home/krawus/Studies/MAPR/lab3/ros2_ws/install/octomap_msgs/local/lib/python3.10/dist-packages/octomap_msgs/msg/_octomap.py
[2.859s] -- Up-to-date symlink: /home/krawus/Studies/MAPR/lab3/ros2_ws/install/octomap_msgs/local/lib/python3.10/dist-packages/octomap_msgs/msg/_octomap_s.c
[2.859s] -- Up-to-date symlink: /home/krawus/Studies/MAPR/lab3/ros2_ws/install/octomap_msgs/local/lib/python3.10/dist-packages/octomap_msgs/msg/_octomap_with_pose.py
[2.860s] -- Up-to-date symlink: /home/krawus/Studies/MAPR/lab3/ros2_ws/install/octomap_msgs/local/lib/python3.10/dist-packages/octomap_msgs/msg/_octomap_with_pose_s.c
[2.860s] -- Up-to-date symlink: /home/krawus/Studies/MAPR/lab3/ros2_ws/install/octomap_msgs/local/lib/python3.10/dist-packages/octomap_msgs/octomap_msgs_s__rosidl_typesupport_c.cpython-310-x86_64-linux-gnu.so
[2.861s] -- Up-to-date symlink: /home/krawus/Studies/MAPR/lab3/ros2_ws/install/octomap_msgs/local/lib/python3.10/dist-packages/octomap_msgs/octomap_msgs_s__rosidl_typesupport_fastrtps_c.cpython-310-x86_64-linux-gnu.so
[2.861s] -- Up-to-date symlink: /home/krawus/Studies/MAPR/lab3/ros2_ws/install/octomap_msgs/local/lib/python3.10/dist-packages/octomap_msgs/octomap_msgs_s__rosidl_typesupport_introspection_c.cpython-310-x86_64-linux-gnu.so
[2.862s] -- Up-to-date symlink: /home/krawus/Studies/MAPR/lab3/ros2_ws/install/octomap_msgs/local/lib/python3.10/dist-packages/octomap_msgs/srv/__init__.py
[2.862s] -- Up-to-date symlink: /home/krawus/Studies/MAPR/lab3/ros2_ws/install/octomap_msgs/local/lib/python3.10/dist-packages/octomap_msgs/srv/_bounding_box_query.py
[2.863s] -- Up-to-date symlink: /home/krawus/Studies/MAPR/lab3/ros2_ws/install/octomap_msgs/local/lib/python3.10/dist-packages/octomap_msgs/srv/_bounding_box_query_s.c
[2.863s] -- Up-to-date symlink: /home/krawus/Studies/MAPR/lab3/ros2_ws/install/octomap_msgs/local/lib/python3.10/dist-packages/octomap_msgs/srv/_get_octomap.py
[2.864s] -- Up-to-date symlink: /home/krawus/Studies/MAPR/lab3/ros2_ws/install/octomap_msgs/local/lib/python3.10/dist-packages/octomap_msgs/srv/_get_octomap_s.c
[2.865s] -- Up-to-date symlink: /home/krawus/Studies/MAPR/lab3/ros2_ws/install/octomap_msgs/local/lib/python3.10/dist-packages/octomap_msgs/octomap_msgs_s__rosidl_typesupport_fastrtps_c.cpython-310-x86_64-linux-gnu.so
[2.866s] -- Up-to-date symlink: /home/krawus/Studies/MAPR/lab3/ros2_ws/install/octomap_msgs/local/lib/python3.10/dist-packages/octomap_msgs/octomap_msgs_s__rosidl_typesupport_introspection_c.cpython-310-x86_64-linux-gnu.so
[2.868s] -- Up-to-date symlink: /home/krawus/Studies/MAPR/lab3/ros2_ws/install/octomap_msgs/local/lib/python3.10/dist-packages/octomap_msgs/octomap_msgs_s__rosidl_typesupport_c.cpython-310-x86_64-linux-gnu.so
[2.869s] -- Up-to-date symlink: /home/krawus/Studies/MAPR/lab3/ros2_ws/install/octomap_msgs/share/octomap_msgs/msg/Octomap.idl
[2.870s] -- Up-to-date symlink: /home/krawus/Studies/MAPR/lab3/ros2_ws/install/octomap_msgs/share/octomap_msgs/msg/OctomapWithPose.idl
[2.871s] -- Up-to-date symlink: /home/krawus/Studies/MAPR/lab3/ros2_ws/install/octomap_msgs/share/octomap_msgs/srv/BoundingBoxQuery.idl
[2.872s] -- Up-to-date symlink: /home/krawus/Studies/MAPR/lab3/ros2_ws/install/octomap_msgs/share/octomap_msgs/srv/GetOctomap.idl
[2.873s] -- Up-to-date symlink: /home/krawus/Studies/MAPR/lab3/ros2_ws/install/octomap_msgs/share/octomap_msgs/msg/Octomap.msg
[2.873s] -- Up-to-date symlink: /home/krawus/Studies/MAPR/lab3/ros2_ws/install/octomap_msgs/share/octomap_msgs/msg/OctomapWithPose.msg
[2.874s] -- Up-to-date symlink: /home/krawus/Studies/MAPR/lab3/ros2_ws/install/octomap_msgs/share/octomap_msgs/srv/BoundingBoxQuery.srv
[2.875s] -- Up-to-date symlink: /home/krawus/Studies/MAPR/lab3/ros2_ws/install/octomap_msgs/share/octomap_msgs/srv/BoundingBoxQuery_Request.msg
[2.876s] -- Up-to-date symlink: /home/krawus/Studies/MAPR/lab3/ros2_ws/install/octomap_msgs/share/octomap_msgs/srv/BoundingBoxQuery_Response.msg
[2.876s] -- Up-to-date symlink: /home/krawus/Studies/MAPR/lab3/ros2_ws/install/octomap_msgs/share/octomap_msgs/srv/GetOctomap.srv
[2.877s] -- Up-to-date symlink: /home/krawus/Studies/MAPR/lab3/ros2_ws/install/octomap_msgs/share/octomap_msgs/srv/GetOctomap_Request.msg
[2.883s] -- Up-to-date symlink: /home/krawus/Studies/MAPR/lab3/ros2_ws/install/octomap_msgs/share/octomap_msgs/srv/GetOctomap_Response.msg
[2.883s] -- Up-to-date symlink: /home/krawus/Studies/MAPR/lab3/ros2_ws/install/octomap_msgs/share/ament_index/resource_index/package_run_dependencies/octomap_msgs
[2.883s] -- Up-to-date symlink: /home/krawus/Studies/MAPR/lab3/ros2_ws/install/octomap_msgs/share/ament_index/resource_index/parent_prefix_path/octomap_msgs
[2.884s] -- Up-to-date symlink: /home/krawus/Studies/MAPR/lab3/ros2_ws/install/octomap_msgs/share/octomap_msgs/environment/ament_prefix_path.sh
[2.884s] -- Up-to-date symlink: /home/krawus/Studies/MAPR/lab3/ros2_ws/install/octomap_msgs/share/octomap_msgs/environment/ament_prefix_path.dsv
[2.884s] -- Up-to-date symlink: /home/krawus/Studies/MAPR/lab3/ros2_ws/install/octomap_msgs/share/octomap_msgs/environment/path.sh
[2.884s] -- Up-to-date symlink: /home/krawus/Studies/MAPR/lab3/ros2_ws/install/octomap_msgs/share/octomap_msgs/environment/path.dsv
[2.884s] -- Up-to-date symlink: /home/krawus/Studies/MAPR/lab3/ros2_ws/install/octomap_msgs/share/octomap_msgs/local_setup.bash
[2.885s] -- Up-to-date symlink: /home/krawus/Studies/MAPR/lab3/ros2_ws/install/octomap_msgs/share/octomap_msgs/local_setup.sh
[2.885s] -- Up-to-date symlink: /home/krawus/Studies/MAPR/lab3/ros2_ws/install/octomap_msgs/share/octomap_msgs/local_setup.zsh
[2.885s] -- Up-to-date symlink: /home/krawus/Studies/MAPR/lab3/ros2_ws/install/octomap_msgs/share/octomap_msgs/local_setup.dsv
[2.885s] -- Symlinking: /home/krawus/Studies/MAPR/lab3/ros2_ws/install/octomap_msgs/share/octomap_msgs/package.dsv
[2.922s] -- Up-to-date symlink: /home/krawus/Studies/MAPR/lab3/ros2_ws/install/octomap_msgs/share/ament_index/resource_index/packages/octomap_msgs
[2.923s] -- Up-to-date symlink: /home/krawus/Studies/MAPR/lab3/ros2_ws/install/octomap_msgs/share/octomap_msgs/cmake/rosidl_cmake-extras.cmake
[2.923s] -- Up-to-date symlink: /home/krawus/Studies/MAPR/lab3/ros2_ws/install/octomap_msgs/share/octomap_msgs/cmake/ament_cmake_export_dependencies-extras.cmake
[2.924s] -- Up-to-date symlink: /home/krawus/Studies/MAPR/lab3/ros2_ws/install/octomap_msgs/share/octomap_msgs/cmake/ament_cmake_export_include_directories-extras.cmake
[2.925s] -- Up-to-date symlink: /home/krawus/Studies/MAPR/lab3/ros2_ws/install/octomap_msgs/share/octomap_msgs/cmake/ament_cmake_export_libraries-extras.cmake
[2.925s] -- Up-to-date symlink: /home/krawus/Studies/MAPR/lab3/ros2_ws/install/octomap_msgs/share/octomap_msgs/cmake/ament_cmake_export_targets-extras.cmake
[2.926s] -- Up-to-date symlink: /home/krawus/Studies/MAPR/lab3/ros2_ws/install/octomap_msgs/share/octomap_msgs/cmake/rosidl_cmake_export_typesupport_targets-extras.cmake
[2.927s] -- Up-to-date symlink: /home/krawus/Studies/MAPR/lab3/ros2_ws/install/octomap_msgs/share/octomap_msgs/cmake/rosidl_cmake_export_typesupport_libraries-extras.cmake
[2.928s] -- Up-to-date symlink: /home/krawus/Studies/MAPR/lab3/ros2_ws/install/octomap_msgs/share/octomap_msgs/cmake/octomap_msgsConfig.cmake
[2.929s] -- Up-to-date symlink: /home/krawus/Studies/MAPR/lab3/ros2_ws/install/octomap_msgs/share/octomap_msgs/cmake/octomap_msgsConfig-version.cmake
[2.931s] -- Up-to-date symlink: /home/krawus/Studies/MAPR/lab3/ros2_ws/install/octomap_msgs/share/octomap_msgs/package.xml
[2.931s] -- Up-to-date: /home/krawus/Studies/MAPR/lab3/ros2_ws/install/octomap_msgs/lib/liboctomap_msgs__rosidl_generator_c.so
[2.932s] -- Up-to-date: /home/krawus/Studies/MAPR/lab3/ros2_ws/install/octomap_msgs/lib/liboctomap_msgs__rosidl_typesupport_fastrtps_c.so
[2.934s] -- Up-to-date: /home/krawus/Studies/MAPR/lab3/ros2_ws/install/octomap_msgs/lib/liboctomap_msgs__rosidl_typesupport_introspection_c.so
[2.936s] -- Up-to-date: /home/krawus/Studies/MAPR/lab3/ros2_ws/install/octomap_msgs/lib/liboctomap_msgs__rosidl_typesupport_c.so
[2.937s] -- Up-to-date: /home/krawus/Studies/MAPR/lab3/ros2_ws/install/octomap_msgs/lib/liboctomap_msgs__rosidl_typesupport_fastrtps_cpp.so
[2.941s] -- Up-to-date: /home/krawus/Studies/MAPR/lab3/ros2_ws/install/octomap_msgs/lib/liboctomap_msgs__rosidl_typesupport_introspection_cpp.so
[2.942s] -- Up-to-date: /home/krawus/Studies/MAPR/lab3/ros2_ws/install/octomap_msgs/lib/liboctomap_msgs__rosidl_typesupport_cpp.so
[3.078s] Listing '/home/krawus/Studies/MAPR/lab3/ros2_ws/install/octomap_msgs/local/lib/python3.10/dist-packages/octomap_msgs'...
[3.078s] Listing '/home/krawus/Studies/MAPR/lab3/ros2_ws/install/octomap_msgs/local/lib/python3.10/dist-packages/octomap_msgs/msg'...
[3.079s] Listing '/home/krawus/Studies/MAPR/lab3/ros2_ws/install/octomap_msgs/local/lib/python3.10/dist-packages/octomap_msgs/srv'...
[3.091s] -- Up-to-date: /home/krawus/Studies/MAPR/lab3/ros2_ws/install/octomap_msgs/lib/liboctomap_msgs__rosidl_generator_py.so
[3.092s] -- Up-to-date: /home/krawus/Studies/MAPR/lab3/ros2_ws/install/octomap_msgs/include/octomap_msgs
[3.095s] -- Up-to-date: /home/krawus/Studies/MAPR/lab3/ros2_ws/install/octomap_msgs/include/octomap_msgs/octomap_msgs
[3.095s] -- Up-to-date: /home/krawus/Studies/MAPR/lab3/ros2_ws/install/octomap_msgs/include/octomap_msgs/octomap_msgs/conversions.h
[3.096s] -- Up-to-date: /home/krawus/Studies/MAPR/lab3/ros2_ws/install/octomap_msgs/share/octomap_msgs/cmake/export_octomap_msgs__rosidl_generator_cExport.cmake
[3.096s] -- Up-to-date: /home/krawus/Studies/MAPR/lab3/ros2_ws/install/octomap_msgs/share/octomap_msgs/cmake/export_octomap_msgs__rosidl_generator_cExport-noconfig.cmake
[3.096s] -- Up-to-date: /home/krawus/Studies/MAPR/lab3/ros2_ws/install/octomap_msgs/share/octomap_msgs/cmake/export_octomap_msgs__rosidl_typesupport_fastrtps_cExport.cmake
[3.096s] -- Up-to-date: /home/krawus/Studies/MAPR/lab3/ros2_ws/install/octomap_msgs/share/octomap_msgs/cmake/export_octomap_msgs__rosidl_typesupport_fastrtps_cExport-noconfig.cmake
[3.096s] -- Up-to-date: /home/krawus/Studies/MAPR/lab3/ros2_ws/install/octomap_msgs/share/octomap_msgs/cmake/octomap_msgs__rosidl_typesupport_introspection_cExport.cmake
[3.096s] -- Up-to-date: /home/krawus/Studies/MAPR/lab3/ros2_ws/install/octomap_msgs/share/octomap_msgs/cmake/octomap_msgs__rosidl_typesupport_introspection_cExport-noconfig.cmake
[3.097s] -- Up-to-date: /home/krawus/Studies/MAPR/lab3/ros2_ws/install/octomap_msgs/share/octomap_msgs/cmake/octomap_msgs__rosidl_typesupport_cExport.cmake
[3.097s] -- Up-to-date: /home/krawus/Studies/MAPR/lab3/ros2_ws/install/octomap_msgs/share/octomap_msgs/cmake/octomap_msgs__rosidl_typesupport_cExport-noconfig.cmake
[3.097s] -- Up-to-date: /home/krawus/Studies/MAPR/lab3/ros2_ws/install/octomap_msgs/share/octomap_msgs/cmake/export_octomap_msgs__rosidl_generator_cppExport.cmake
[3.097s] -- Up-to-date: /home/krawus/Studies/MAPR/lab3/ros2_ws/install/octomap_msgs/share/octomap_msgs/cmake/export_octomap_msgs__rosidl_typesupport_fastrtps_cppExport.cmake
[3.098s] -- Up-to-date: /home/krawus/Studies/MAPR/lab3/ros2_ws/install/octomap_msgs/share/octomap_msgs/cmake/export_octomap_msgs__rosidl_typesupport_fastrtps_cppExport-noconfig.cmake
[3.098s] -- Up-to-date: /home/krawus/Studies/MAPR/lab3/ros2_ws/install/octomap_msgs/share/octomap_msgs/cmake/octomap_msgs__rosidl_typesupport_introspection_cppExport.cmake
[3.098s] -- Up-to-date: /home/krawus/Studies/MAPR/lab3/ros2_ws/install/octomap_msgs/share/octomap_msgs/cmake/octomap_msgs__rosidl_typesupport_introspection_cppExport-noconfig.cmake
[3.098s] -- Up-to-date: /home/krawus/Studies/MAPR/lab3/ros2_ws/install/octomap_msgs/share/octomap_msgs/cmake/octomap_msgs__rosidl_typesupport_cppExport.cmake
[3.098s] -- Up-to-date: /home/krawus/Studies/MAPR/lab3/ros2_ws/install/octomap_msgs/share/octomap_msgs/cmake/octomap_msgs__rosidl_typesupport_cppExport-noconfig.cmake
[3.099s] -- Up-to-date: /home/krawus/Studies/MAPR/lab3/ros2_ws/install/octomap_msgs/share/octomap_msgs/cmake/export_octomap_msgs__rosidl_generator_pyExport.cmake
[3.099s] -- Up-to-date: /home/krawus/Studies/MAPR/lab3/ros2_ws/install/octomap_msgs/share/octomap_msgs/cmake/export_octomap_msgs__rosidl_generator_pyExport-noconfig.cmake
[3.107s] Invoked command in '/home/krawus/Studies/MAPR/lab3/ros2_ws/build/octomap_msgs' returned '0': CMAKE_PREFIX_PATH=${CMAKE_PREFIX_PATH}:/home/krawus/Studies/MAPR/lab3/ros2_ws/install/octomap_manipulation:/home/krawus/Studies/MAPR/lab2/ros2_ws/install/map_manipulation:/opt/ros/humble /usr/bin/cmake --install /home/krawus/Studies/MAPR/lab3/ros2_ws/build/octomap_msgs
