[0.017s] Invoking command in '/home/krawus/Studies/MAPR/lab3/ros2_ws/build/perception_pcl': CMAKE_PREFIX_PATH=/home/krawus/Studies/MAPR/lab3/ros2_ws/install/pcl_ros:/home/krawus/Studies/MAPR/lab3/ros2_ws/install/pcl_conversions:/home/krawus/Studies/MAPR/lab3/ros2_ws/install/pcl_msgs:/home/krawus/Studies/MAPR/lab3/ros2_ws/install/perception_pcl:/home/krawus/Studies/MAPR/lab3/ros2_ws/install/octomap_server2:/home/krawus/Studies/MAPR/lab3/ros2_ws/install/octomap_msgs:/home/krawus/Studies/MAPR/lab3/ros2_ws/install/example_maps:/home/krawus/Studies/MAPR/lab3/ros2_ws/install/octomap_manipulation LD_LIBRARY_PATH=/home/krawus/Studies/MAPR/lab3/ros2_ws/install/pcl_ros/lib:/home/krawus/Studies/MAPR/lab3/ros2_ws/install/pcl_msgs/lib:/home/krawus/Studies/MAPR/lab3/ros2_ws/install/octomap_server2/lib:/home/krawus/Studies/MAPR/lab3/ros2_ws/install/octomap_msgs/lib /usr/bin/cmake --build /home/krawus/Studies/MAPR/lab3/ros2_ws/build/perception_pcl -- -j8 -l8
[0.063s] Invoked command in '/home/krawus/Studies/MAPR/lab3/ros2_ws/build/perception_pcl' returned '0': CMAKE_PREFIX_PATH=/home/krawus/Studies/MAPR/lab3/ros2_ws/install/pcl_ros:/home/krawus/Studies/MAPR/lab3/ros2_ws/install/pcl_conversions:/home/krawus/Studies/MAPR/lab3/ros2_ws/install/pcl_msgs:/home/krawus/Studies/MAPR/lab3/ros2_ws/install/perception_pcl:/home/krawus/Studies/MAPR/lab3/ros2_ws/install/octomap_server2:/home/krawus/Studies/MAPR/lab3/ros2_ws/install/octomap_msgs:/home/krawus/Studies/MAPR/lab3/ros2_ws/install/example_maps:/home/krawus/Studies/MAPR/lab3/ros2_ws/install/octomap_manipulation LD_LIBRARY_PATH=/home/krawus/Studies/MAPR/lab3/ros2_ws/install/pcl_ros/lib:/home/krawus/Studies/MAPR/lab3/ros2_ws/install/pcl_msgs/lib:/home/krawus/Studies/MAPR/lab3/ros2_ws/install/octomap_server2/lib:/home/krawus/Studies/MAPR/lab3/ros2_ws/install/octomap_msgs/lib /usr/bin/cmake --build /home/krawus/Studies/MAPR/lab3/ros2_ws/build/perception_pcl -- -j8 -l8
[0.086s] Invoking command in '/home/krawus/Studies/MAPR/lab3/ros2_ws/build/perception_pcl': CMAKE_PREFIX_PATH=/home/krawus/Studies/MAPR/lab3/ros2_ws/install/pcl_ros:/home/krawus/Studies/MAPR/lab3/ros2_ws/install/pcl_conversions:/home/krawus/Studies/MAPR/lab3/ros2_ws/install/pcl_msgs:/home/krawus/Studies/MAPR/lab3/ros2_ws/install/perception_pcl:/home/krawus/Studies/MAPR/lab3/ros2_ws/install/octomap_server2:/home/krawus/Studies/MAPR/lab3/ros2_ws/install/octomap_msgs:/home/krawus/Studies/MAPR/lab3/ros2_ws/install/example_maps:/home/krawus/Studies/MAPR/lab3/ros2_ws/install/octomap_manipulation LD_LIBRARY_PATH=/home/krawus/Studies/MAPR/lab3/ros2_ws/install/pcl_ros/lib:/home/krawus/Studies/MAPR/lab3/ros2_ws/install/pcl_msgs/lib:/home/krawus/Studies/MAPR/lab3/ros2_ws/install/octomap_server2/lib:/home/krawus/Studies/MAPR/lab3/ros2_ws/install/octomap_msgs/lib /usr/bin/cmake --install /home/krawus/Studies/MAPR/lab3/ros2_ws/build/perception_pcl
[0.094s] -- Install configuration: ""
[0.094s] -- Up-to-date: /home/krawus/Studies/MAPR/lab3/ros2_ws/install/perception_pcl/share/ament_index/resource_index/package_run_dependencies/perception_pcl
[0.095s] -- Up-to-date: /home/krawus/Studies/MAPR/lab3/ros2_ws/install/perception_pcl/share/ament_index/resource_index/parent_prefix_path/perception_pcl
[0.095s] -- Up-to-date: /home/krawus/Studies/MAPR/lab3/ros2_ws/install/perception_pcl/share/perception_pcl/environment/ament_prefix_path.sh
[0.095s] -- Up-to-date: /home/krawus/Studies/MAPR/lab3/ros2_ws/install/perception_pcl/share/perception_pcl/environment/ament_prefix_path.dsv
[0.095s] -- Up-to-date: /home/krawus/Studies/MAPR/lab3/ros2_ws/install/perception_pcl/share/perception_pcl/environment/path.sh
[0.095s] -- Up-to-date: /home/krawus/Studies/MAPR/lab3/ros2_ws/install/perception_pcl/share/perception_pcl/environment/path.dsv
[0.095s] -- Up-to-date: /home/krawus/Studies/MAPR/lab3/ros2_ws/install/perception_pcl/share/perception_pcl/local_setup.bash
[0.095s] -- Up-to-date: /home/krawus/Studies/MAPR/lab3/ros2_ws/install/perception_pcl/share/perception_pcl/local_setup.sh
[0.095s] -- Up-to-date: /home/krawus/Studies/MAPR/lab3/ros2_ws/install/perception_pcl/share/perception_pcl/local_setup.zsh
[0.095s] -- Up-to-date: /home/krawus/Studies/MAPR/lab3/ros2_ws/install/perception_pcl/share/perception_pcl/local_setup.dsv
[0.096s] -- Installing: /home/krawus/Studies/MAPR/lab3/ros2_ws/install/perception_pcl/share/perception_pcl/package.dsv
[0.096s] -- Up-to-date: /home/krawus/Studies/MAPR/lab3/ros2_ws/install/perception_pcl/share/ament_index/resource_index/packages/perception_pcl
[0.096s] -- Up-to-date: /home/krawus/Studies/MAPR/lab3/ros2_ws/install/perception_pcl/share/perception_pcl/cmake/perception_pclConfig.cmake
[0.096s] -- Up-to-date: /home/krawus/Studies/MAPR/lab3/ros2_ws/install/perception_pcl/share/perception_pcl/cmake/perception_pclConfig-version.cmake
[0.096s] -- Up-to-date: /home/krawus/Studies/MAPR/lab3/ros2_ws/install/perception_pcl/share/perception_pcl/package.xml
[0.100s] Invoked command in '/home/krawus/Studies/MAPR/lab3/ros2_ws/build/perception_pcl' returned '0': CMAKE_PREFIX_PATH=/home/krawus/Studies/MAPR/lab3/ros2_ws/install/pcl_ros:/home/krawus/Studies/MAPR/lab3/ros2_ws/install/pcl_conversions:/home/krawus/Studies/MAPR/lab3/ros2_ws/install/pcl_msgs:/home/krawus/Studies/MAPR/lab3/ros2_ws/install/perception_pcl:/home/krawus/Studies/MAPR/lab3/ros2_ws/install/octomap_server2:/home/krawus/Studies/MAPR/lab3/ros2_ws/install/octomap_msgs:/home/krawus/Studies/MAPR/lab3/ros2_ws/install/example_maps:/home/krawus/Studies/MAPR/lab3/ros2_ws/install/octomap_manipulation LD_LIBRARY_PATH=/home/krawus/Studies/MAPR/lab3/ros2_ws/install/pcl_ros/lib:/home/krawus/Studies/MAPR/lab3/ros2_ws/install/pcl_msgs/lib:/home/krawus/Studies/MAPR/lab3/ros2_ws/install/octomap_server2/lib:/home/krawus/Studies/MAPR/lab3/ros2_ws/install/octomap_msgs/lib /usr/bin/cmake --install /home/krawus/Studies/MAPR/lab3/ros2_ws/build/perception_pcl
