running develop
Removing /home/krawus/Studies/MAPR/lab2/ros2_ws/install/map_manipulation/lib/python3.10/site-packages/map-manipulation.egg-link (link to .)
running egg_info
writing ../../build/map_manipulation/map_manipulation.egg-info/PKG-INFO
writing dependency_links to ../../build/map_manipulation/map_manipulation.egg-info/dependency_links.txt
writing entry points to ../../build/map_manipulation/map_manipulation.egg-info/entry_points.txt
writing requirements to ../../build/map_manipulation/map_manipulation.egg-info/requires.txt
writing top-level names to ../../build/map_manipulation/map_manipulation.egg-info/top_level.txt
reading manifest file '../../build/map_manipulation/map_manipulation.egg-info/SOURCES.txt'
writing manifest file '../../build/map_manipulation/map_manipulation.egg-info/SOURCES.txt'
running build
running build_py
running install
running install_lib
creating /home/krawus/Studies/MAPR/lab2/ros2_ws/install/map_manipulation/lib/python3.10/site-packages/map_manipulation
copying /home/krawus/Studies/MAPR/lab2/ros2_ws/build/map_manipulation/build/lib/map_manipulation/__init__.py -> /home/krawus/Studies/MAPR/lab2/ros2_ws/install/map_manipulation/lib/python3.10/site-packages/map_manipulation
copying /home/krawus/Studies/MAPR/lab2/ros2_ws/build/map_manipulation/build/lib/map_manipulation/publisher_member_function.py -> /home/krawus/Studies/MAPR/lab2/ros2_ws/install/map_manipulation/lib/python3.10/site-packages/map_manipulation
byte-compiling /home/krawus/Studies/MAPR/lab2/ros2_ws/install/map_manipulation/lib/python3.10/site-packages/map_manipulation/__init__.py to __init__.cpython-310.pyc
byte-compiling /home/krawus/Studies/MAPR/lab2/ros2_ws/install/map_manipulation/lib/python3.10/site-packages/map_manipulation/publisher_member_function.py to publisher_member_function.cpython-310.pyc
running install_data
running install_egg_info
Copying ../../build/map_manipulation/map_manipulation.egg-info to /home/krawus/Studies/MAPR/lab2/ros2_ws/install/map_manipulation/lib/python3.10/site-packages/map_manipulation-0.0.0-py3.10.egg-info
running install_scripts
Installing map_manipulator script to /home/krawus/Studies/MAPR/lab2/ros2_ws/install/map_manipulation/lib/map_manipulation
writing list of installed files to '/home/krawus/Studies/MAPR/lab2/ros2_ws/build/map_manipulation/install.log'
