[0.024s] Invoking command in '/home/krawus/Studies/MAPR/lab2/ros2_ws/build/example_maps': CMAKE_PREFIX_PATH=${CMAKE_PREFIX_PATH}:/home/krawus/Studies/MAPR/lab2/ros2_ws/install/map_manipulation:/opt/ros/humble /usr/bin/cmake /home/krawus/Studies/MAPR/lab2/ros2_ws/src/example_maps -DAMENT_CMAKE_SYMLINK_INSTALL=1 -DCMAKE_INSTALL_PREFIX=/home/krawus/Studies/MAPR/lab2/ros2_ws/install/example_maps
[0.041s] -- Found ament_cmake: 1.3.3 (/opt/ros/humble/share/ament_cmake/cmake)
[0.208s] -- Override CMake install command with custom implementation using symlinks instead of copying resources
[0.224s] -- Found ament_lint_auto: 0.12.5 (/opt/ros/humble/share/ament_lint_auto/cmake)
[0.315s] -- Added test 'flake8' to check Python code syntax and style conventions
[0.316s] -- Added test 'lint_cmake' to check CMake code style
[0.317s] -- Added test 'pep257' to check Python code against some of the docstring style conventions in PEP 257
[0.322s] -- Added test 'xmllint' to check XML markup files
[0.324s] -- Configuring done
[0.329s] -- Generating done
[0.330s] -- Build files have been written to: /home/krawus/Studies/MAPR/lab2/ros2_ws/build/example_maps
[0.333s] Invoked command in '/home/krawus/Studies/MAPR/lab2/ros2_ws/build/example_maps' returned '0': CMAKE_PREFIX_PATH=${CMAKE_PREFIX_PATH}:/home/krawus/Studies/MAPR/lab2/ros2_ws/install/map_manipulation:/opt/ros/humble /usr/bin/cmake /home/krawus/Studies/MAPR/lab2/ros2_ws/src/example_maps -DAMENT_CMAKE_SYMLINK_INSTALL=1 -DCMAKE_INSTALL_PREFIX=/home/krawus/Studies/MAPR/lab2/ros2_ws/install/example_maps
[0.336s] Invoking command in '/home/krawus/Studies/MAPR/lab2/ros2_ws/build/example_maps': CMAKE_PREFIX_PATH=${CMAKE_PREFIX_PATH}:/home/krawus/Studies/MAPR/lab2/ros2_ws/install/map_manipulation:/opt/ros/humble /usr/bin/cmake --build /home/krawus/Studies/MAPR/lab2/ros2_ws/build/example_maps -- -j8 -l8
[0.380s] Invoked command in '/home/krawus/Studies/MAPR/lab2/ros2_ws/build/example_maps' returned '0': CMAKE_PREFIX_PATH=${CMAKE_PREFIX_PATH}:/home/krawus/Studies/MAPR/lab2/ros2_ws/install/map_manipulation:/opt/ros/humble /usr/bin/cmake --build /home/krawus/Studies/MAPR/lab2/ros2_ws/build/example_maps -- -j8 -l8
[0.416s] Invoking command in '/home/krawus/Studies/MAPR/lab2/ros2_ws/build/example_maps': CMAKE_PREFIX_PATH=${CMAKE_PREFIX_PATH}:/home/krawus/Studies/MAPR/lab2/ros2_ws/install/map_manipulation:/opt/ros/humble /usr/bin/cmake --install /home/krawus/Studies/MAPR/lab2/ros2_ws/build/example_maps
[0.424s] -- Install configuration: ""
[0.425s] -- Execute custom install script
[0.425s] -- Up-to-date symlink: /home/krawus/Studies/MAPR/lab2/ros2_ws/install/example_maps/share/example_maps/launch/turtlesim3_waffle_octomap.launch.py
[0.426s] -- Up-to-date symlink: /home/krawus/Studies/MAPR/lab2/ros2_ws/install/example_maps/share/example_maps/rviz/rviz_cfg.rviz
[0.426s] -- Up-to-date symlink: /home/krawus/Studies/MAPR/lab2/ros2_ws/install/example_maps/share/ament_index/resource_index/package_run_dependencies/example_maps
[0.426s] -- Up-to-date symlink: /home/krawus/Studies/MAPR/lab2/ros2_ws/install/example_maps/share/ament_index/resource_index/parent_prefix_path/example_maps
[0.427s] -- Up-to-date symlink: /home/krawus/Studies/MAPR/lab2/ros2_ws/install/example_maps/share/example_maps/environment/ament_prefix_path.sh
[0.427s] -- Up-to-date symlink: /home/krawus/Studies/MAPR/lab2/ros2_ws/install/example_maps/share/example_maps/environment/ament_prefix_path.dsv
[0.427s] -- Up-to-date symlink: /home/krawus/Studies/MAPR/lab2/ros2_ws/install/example_maps/share/example_maps/environment/path.sh
[0.428s] -- Up-to-date symlink: /home/krawus/Studies/MAPR/lab2/ros2_ws/install/example_maps/share/example_maps/environment/path.dsv
[0.428s] -- Up-to-date symlink: /home/krawus/Studies/MAPR/lab2/ros2_ws/install/example_maps/share/example_maps/local_setup.bash
[0.428s] -- Up-to-date symlink: /home/krawus/Studies/MAPR/lab2/ros2_ws/install/example_maps/share/example_maps/local_setup.sh
[0.429s] -- Up-to-date symlink: /home/krawus/Studies/MAPR/lab2/ros2_ws/install/example_maps/share/example_maps/local_setup.zsh
[0.429s] -- Up-to-date symlink: /home/krawus/Studies/MAPR/lab2/ros2_ws/install/example_maps/share/example_maps/local_setup.dsv
[0.429s] -- Symlinking: /home/krawus/Studies/MAPR/lab2/ros2_ws/install/example_maps/share/example_maps/package.dsv
[0.445s] -- Up-to-date symlink: /home/krawus/Studies/MAPR/lab2/ros2_ws/install/example_maps/share/ament_index/resource_index/packages/example_maps
[0.446s] -- Up-to-date symlink: /home/krawus/Studies/MAPR/lab2/ros2_ws/install/example_maps/share/example_maps/cmake/example_mapsConfig.cmake
[0.446s] -- Up-to-date symlink: /home/krawus/Studies/MAPR/lab2/ros2_ws/install/example_maps/share/example_maps/cmake/example_mapsConfig-version.cmake
[0.446s] -- Up-to-date symlink: /home/krawus/Studies/MAPR/lab2/ros2_ws/install/example_maps/share/example_maps/package.xml
[0.450s] Invoked command in '/home/krawus/Studies/MAPR/lab2/ros2_ws/build/example_maps' returned '0': CMAKE_PREFIX_PATH=${CMAKE_PREFIX_PATH}:/home/krawus/Studies/MAPR/lab2/ros2_ws/install/map_manipulation:/opt/ros/humble /usr/bin/cmake --install /home/krawus/Studies/MAPR/lab2/ros2_ws/build/example_maps
