[1.238s] Invoking command in '/home/krawus/Studies/MAPR/lab3/ros2_ws/src/path_drawing': PYTHONPATH=/home/krawus/Studies/MAPR/lab3/ros2_ws/build/path_drawing/prefix_override:/home/krawus/Studies/MAPR/lab3/ros2_ws/install/path_drawing/lib/python3.10/site-packages:${PYTHONPATH} /usr/bin/python3 setup.py egg_info --egg-base ../../build/path_drawing build --build-base /home/krawus/Studies/MAPR/lab3/ros2_ws/build/path_drawing/build install --record /home/krawus/Studies/MAPR/lab3/ros2_ws/build/path_drawing/install.log --single-version-externally-managed
[1.546s] running egg_info
[1.547s] writing ../../build/path_drawing/path_drawing.egg-info/PKG-INFO
[1.547s] writing dependency_links to ../../build/path_drawing/path_drawing.egg-info/dependency_links.txt
[1.547s] writing entry points to ../../build/path_drawing/path_drawing.egg-info/entry_points.txt
[1.547s] writing requirements to ../../build/path_drawing/path_drawing.egg-info/requires.txt
[1.548s] writing top-level names to ../../build/path_drawing/path_drawing.egg-info/top_level.txt
[1.551s] reading manifest file '../../build/path_drawing/path_drawing.egg-info/SOURCES.txt'
[1.552s] writing manifest file '../../build/path_drawing/path_drawing.egg-info/SOURCES.txt'
[1.552s] running build
[1.553s] running build_py
[1.553s] copying path_drawing/path_publisher_function.py -> /home/krawus/Studies/MAPR/lab3/ros2_ws/build/path_drawing/build/lib/path_drawing
[1.553s] running install
[1.553s] /usr/lib/python3/dist-packages/setuptools/command/install.py:34: SetuptoolsDeprecationWarning: setup.py install is deprecated. Use build and pip and other standards-based tools.
[1.553s]   warnings.warn(
[1.554s] running install_lib
[1.555s] copying /home/krawus/Studies/MAPR/lab3/ros2_ws/build/path_drawing/build/lib/path_drawing/path_publisher_function.py -> /home/krawus/Studies/MAPR/lab3/ros2_ws/install/path_drawing/lib/python3.10/site-packages/path_drawing
[1.555s] byte-compiling /home/krawus/Studies/MAPR/lab3/ros2_ws/install/path_drawing/lib/python3.10/site-packages/path_drawing/path_publisher_function.py to path_publisher_function.cpython-310.pyc
[1.556s] running install_data
[1.557s] running install_egg_info
[1.559s] removing '/home/krawus/Studies/MAPR/lab3/ros2_ws/install/path_drawing/lib/python3.10/site-packages/path_drawing-0.0.0-py3.10.egg-info' (and everything under it)
[1.559s] Copying ../../build/path_drawing/path_drawing.egg-info to /home/krawus/Studies/MAPR/lab3/ros2_ws/install/path_drawing/lib/python3.10/site-packages/path_drawing-0.0.0-py3.10.egg-info
[1.560s] running install_scripts
[1.586s] Installing draw_path script to /home/krawus/Studies/MAPR/lab3/ros2_ws/install/path_drawing/lib/path_drawing
[1.587s] writing list of installed files to '/home/krawus/Studies/MAPR/lab3/ros2_ws/build/path_drawing/install.log'
[1.650s] Invoked command in '/home/krawus/Studies/MAPR/lab3/ros2_ws/src/path_drawing' returned '0': PYTHONPATH=/home/krawus/Studies/MAPR/lab3/ros2_ws/build/path_drawing/prefix_override:/home/krawus/Studies/MAPR/lab3/ros2_ws/install/path_drawing/lib/python3.10/site-packages:${PYTHONPATH} /usr/bin/python3 setup.py egg_info --egg-base ../../build/path_drawing build --build-base /home/krawus/Studies/MAPR/lab3/ros2_ws/build/path_drawing/build install --record /home/krawus/Studies/MAPR/lab3/ros2_ws/build/path_drawing/install.log --single-version-externally-managed
