[0.304s] DEBUG:colcon:Command line arguments: ['/usr/bin/colcon', 'build']
[0.304s] DEBUG:colcon:Parsed command line arguments: Namespace(log_base=None, log_level=None, verb_name='build', build_base='build', install_base='install', merge_install=False, symlink_install=False, test_result_base=None, continue_on_error=False, executor='parallel', parallel_workers=8, event_handlers=None, ignore_user_meta=False, metas=['./colcon.meta'], base_paths=['.'], packages_ignore=None, packages_ignore_regex=None, paths=None, packages_up_to=None, packages_up_to_regex=None, packages_above=None, packages_above_and_dependencies=None, packages_above_depth=None, packages_select_by_dep=None, packages_skip_by_dep=None, packages_skip_up_to=None, packages_select_build_failed=False, packages_skip_build_finished=False, packages_select_test_failures=False, packages_skip_test_passed=False, packages_select=None, packages_skip=None, packages_select_regex=None, packages_skip_regex=None, packages_start=None, packages_end=None, allow_overriding=[], cmake_args=None, cmake_target=None, cmake_target_skip_unavailable=False, cmake_clean_cache=False, cmake_clean_first=False, cmake_force_configure=False, ament_cmake_args=None, catkin_cmake_args=None, catkin_skip_building_tests=False, verb_parser=<colcon_defaults.argument_parser.defaults.DefaultArgumentsDecorator object at 0x7f646e126380>, verb_extension=<colcon_core.verb.build.BuildVerb object at 0x7f646e93a5c0>, main=<bound method BuildVerb.main of <colcon_core.verb.build.BuildVerb object at 0x7f646e93a5c0>>)
[0.334s] Level 1:colcon.colcon_core.package_discovery:discover_packages(colcon_meta) check parameters
[0.334s] Level 1:colcon.colcon_core.package_discovery:discover_packages(recursive) check parameters
[0.334s] Level 1:colcon.colcon_core.package_discovery:discover_packages(ignore) check parameters
[0.334s] Level 1:colcon.colcon_core.package_discovery:discover_packages(path) check parameters
[0.334s] Level 1:colcon.colcon_core.package_discovery:discover_packages(colcon_meta) discover
[0.334s] Level 1:colcon.colcon_core.package_discovery:discover_packages(recursive) discover
[0.334s] INFO:colcon.colcon_core.package_discovery:Crawling recursively for packages in '/home/krawus/Studies/MAPR/lab2/ros2_ws'
[0.334s] Level 1:colcon.colcon_core.package_identification:_identify(.) by extensions ['ignore', 'ignore_ament_install']
[0.334s] Level 1:colcon.colcon_core.package_identification:_identify(.) by extension 'ignore'
[0.334s] Level 1:colcon.colcon_core.package_identification:_identify(.) by extension 'ignore_ament_install'
[0.334s] Level 1:colcon.colcon_core.package_identification:_identify(.) by extensions ['colcon_pkg']
[0.334s] Level 1:colcon.colcon_core.package_identification:_identify(.) by extension 'colcon_pkg'
[0.335s] Level 1:colcon.colcon_core.package_identification:_identify(.) by extensions ['colcon_meta']
[0.335s] Level 1:colcon.colcon_core.package_identification:_identify(.) by extension 'colcon_meta'
[0.335s] Level 1:colcon.colcon_core.package_identification:_identify(.) by extensions ['ros']
[0.335s] Level 1:colcon.colcon_core.package_identification:_identify(.) by extension 'ros'
[0.346s] Level 1:colcon.colcon_core.package_identification:_identify(.) by extensions ['cmake', 'python']
[0.346s] Level 1:colcon.colcon_core.package_identification:_identify(.) by extension 'cmake'
[0.346s] Level 1:colcon.colcon_core.package_identification:_identify(.) by extension 'python'
[0.346s] Level 1:colcon.colcon_core.package_identification:_identify(.) by extensions ['python_setup_py']
[0.346s] Level 1:colcon.colcon_core.package_identification:_identify(.) by extension 'python_setup_py'
[0.346s] Level 1:colcon.colcon_core.package_identification:_identify(build) by extensions ['ignore', 'ignore_ament_install']
[0.347s] Level 1:colcon.colcon_core.package_identification:_identify(build) by extension 'ignore'
[0.347s] Level 1:colcon.colcon_core.package_identification:_identify(build) ignored
[0.347s] Level 1:colcon.colcon_core.package_identification:_identify(install) by extensions ['ignore', 'ignore_ament_install']
[0.347s] Level 1:colcon.colcon_core.package_identification:_identify(install) by extension 'ignore'
[0.347s] Level 1:colcon.colcon_core.package_identification:_identify(install) ignored
[0.347s] Level 1:colcon.colcon_core.package_identification:_identify(log) by extensions ['ignore', 'ignore_ament_install']
[0.347s] Level 1:colcon.colcon_core.package_identification:_identify(log) by extension 'ignore'
[0.347s] Level 1:colcon.colcon_core.package_identification:_identify(log) ignored
[0.347s] Level 1:colcon.colcon_core.package_identification:_identify(src) by extensions ['ignore', 'ignore_ament_install']
[0.348s] Level 1:colcon.colcon_core.package_identification:_identify(src) by extension 'ignore'
[0.348s] Level 1:colcon.colcon_core.package_identification:_identify(src) by extension 'ignore_ament_install'
[0.348s] Level 1:colcon.colcon_core.package_identification:_identify(src) by extensions ['colcon_pkg']
[0.348s] Level 1:colcon.colcon_core.package_identification:_identify(src) by extension 'colcon_pkg'
[0.348s] Level 1:colcon.colcon_core.package_identification:_identify(src) by extensions ['colcon_meta']
[0.348s] Level 1:colcon.colcon_core.package_identification:_identify(src) by extension 'colcon_meta'
[0.348s] Level 1:colcon.colcon_core.package_identification:_identify(src) by extensions ['ros']
[0.348s] Level 1:colcon.colcon_core.package_identification:_identify(src) by extension 'ros'
[0.348s] Level 1:colcon.colcon_core.package_identification:_identify(src) by extensions ['cmake', 'python']
[0.348s] Level 1:colcon.colcon_core.package_identification:_identify(src) by extension 'cmake'
[0.348s] Level 1:colcon.colcon_core.package_identification:_identify(src) by extension 'python'
[0.348s] Level 1:colcon.colcon_core.package_identification:_identify(src) by extensions ['python_setup_py']
[0.348s] Level 1:colcon.colcon_core.package_identification:_identify(src) by extension 'python_setup_py'
[0.349s] Level 1:colcon.colcon_core.package_identification:_identify(src/example_maps) by extensions ['ignore', 'ignore_ament_install']
[0.349s] Level 1:colcon.colcon_core.package_identification:_identify(src/example_maps) by extension 'ignore'
[0.349s] Level 1:colcon.colcon_core.package_identification:_identify(src/example_maps) by extension 'ignore_ament_install'
[0.349s] Level 1:colcon.colcon_core.package_identification:_identify(src/example_maps) by extensions ['colcon_pkg']
[0.349s] Level 1:colcon.colcon_core.package_identification:_identify(src/example_maps) by extension 'colcon_pkg'
[0.349s] Level 1:colcon.colcon_core.package_identification:_identify(src/example_maps) by extensions ['colcon_meta']
[0.349s] Level 1:colcon.colcon_core.package_identification:_identify(src/example_maps) by extension 'colcon_meta'
[0.349s] Level 1:colcon.colcon_core.package_identification:_identify(src/example_maps) by extensions ['ros']
[0.349s] Level 1:colcon.colcon_core.package_identification:_identify(src/example_maps) by extension 'ros'
[0.351s] DEBUG:colcon.colcon_core.package_identification:Package 'src/example_maps' with type 'ros.ament_cmake' and name 'example_maps'
[0.352s] Level 1:colcon.colcon_core.package_identification:_identify(src/map_manipulation) by extensions ['ignore', 'ignore_ament_install']
[0.352s] Level 1:colcon.colcon_core.package_identification:_identify(src/map_manipulation) by extension 'ignore'
[0.352s] Level 1:colcon.colcon_core.package_identification:_identify(src/map_manipulation) by extension 'ignore_ament_install'
[0.352s] Level 1:colcon.colcon_core.package_identification:_identify(src/map_manipulation) by extensions ['colcon_pkg']
[0.352s] Level 1:colcon.colcon_core.package_identification:_identify(src/map_manipulation) by extension 'colcon_pkg'
[0.352s] Level 1:colcon.colcon_core.package_identification:_identify(src/map_manipulation) by extensions ['colcon_meta']
[0.352s] Level 1:colcon.colcon_core.package_identification:_identify(src/map_manipulation) by extension 'colcon_meta'
[0.352s] Level 1:colcon.colcon_core.package_identification:_identify(src/map_manipulation) by extensions ['ros']
[0.352s] Level 1:colcon.colcon_core.package_identification:_identify(src/map_manipulation) by extension 'ros'
[0.353s] DEBUG:colcon.colcon_core.package_identification:Package 'src/map_manipulation' with type 'ros.ament_python' and name 'map_manipulation'
[0.353s] Level 1:colcon.colcon_core.package_discovery:discover_packages(recursive) using defaults
[0.353s] Level 1:colcon.colcon_core.package_discovery:discover_packages(ignore) discover
[0.353s] Level 1:colcon.colcon_core.package_discovery:discover_packages(ignore) using defaults
[0.353s] Level 1:colcon.colcon_core.package_discovery:discover_packages(path) discover
[0.353s] Level 1:colcon.colcon_core.package_discovery:discover_packages(path) using defaults
[0.376s] Level 1:colcon.colcon_core.package_discovery:discover_packages(prefix_path) check parameters
[0.376s] Level 1:colcon.colcon_core.package_discovery:discover_packages(prefix_path) discover
[0.379s] DEBUG:colcon.colcon_installed_package_information.package_discovery:Found 2 installed packages in /home/krawus/Studies/MAPR/lab2/ros2_ws/install
[0.381s] DEBUG:colcon.colcon_installed_package_information.package_discovery:Found 314 installed packages in /opt/ros/humble
[0.382s] Level 1:colcon.colcon_core.package_discovery:discover_packages(prefix_path) using defaults
[0.447s] Level 5:colcon.colcon_core.verb:set package 'example_maps' build argument 'cmake_args' from command line to 'None'
[0.447s] Level 5:colcon.colcon_core.verb:set package 'example_maps' build argument 'cmake_target' from command line to 'None'
[0.447s] Level 5:colcon.colcon_core.verb:set package 'example_maps' build argument 'cmake_target_skip_unavailable' from command line to 'False'
[0.447s] Level 5:colcon.colcon_core.verb:set package 'example_maps' build argument 'cmake_clean_cache' from command line to 'False'
[0.447s] Level 5:colcon.colcon_core.verb:set package 'example_maps' build argument 'cmake_clean_first' from command line to 'False'
[0.447s] Level 5:colcon.colcon_core.verb:set package 'example_maps' build argument 'cmake_force_configure' from command line to 'False'
[0.447s] Level 5:colcon.colcon_core.verb:set package 'example_maps' build argument 'ament_cmake_args' from command line to 'None'
[0.447s] Level 5:colcon.colcon_core.verb:set package 'example_maps' build argument 'catkin_cmake_args' from command line to 'None'
[0.447s] Level 5:colcon.colcon_core.verb:set package 'example_maps' build argument 'catkin_skip_building_tests' from command line to 'False'
[0.447s] DEBUG:colcon.colcon_core.verb:Building package 'example_maps' with the following arguments: {'ament_cmake_args': None, 'build_base': '/home/krawus/Studies/MAPR/lab2/ros2_ws/build/example_maps', 'catkin_cmake_args': None, 'catkin_skip_building_tests': False, 'cmake_args': None, 'cmake_clean_cache': False, 'cmake_clean_first': False, 'cmake_force_configure': False, 'cmake_target': None, 'cmake_target_skip_unavailable': False, 'install_base': '/home/krawus/Studies/MAPR/lab2/ros2_ws/install/example_maps', 'merge_install': False, 'path': '/home/krawus/Studies/MAPR/lab2/ros2_ws/src/example_maps', 'symlink_install': False, 'test_result_base': None}
[0.448s] Level 5:colcon.colcon_core.verb:set package 'map_manipulation' build argument 'cmake_args' from command line to 'None'
[0.448s] Level 5:colcon.colcon_core.verb:set package 'map_manipulation' build argument 'cmake_target' from command line to 'None'
[0.448s] Level 5:colcon.colcon_core.verb:set package 'map_manipulation' build argument 'cmake_target_skip_unavailable' from command line to 'False'
[0.448s] Level 5:colcon.colcon_core.verb:set package 'map_manipulation' build argument 'cmake_clean_cache' from command line to 'False'
[0.448s] Level 5:colcon.colcon_core.verb:set package 'map_manipulation' build argument 'cmake_clean_first' from command line to 'False'
[0.448s] Level 5:colcon.colcon_core.verb:set package 'map_manipulation' build argument 'cmake_force_configure' from command line to 'False'
[0.448s] Level 5:colcon.colcon_core.verb:set package 'map_manipulation' build argument 'ament_cmake_args' from command line to 'None'
[0.448s] Level 5:colcon.colcon_core.verb:set package 'map_manipulation' build argument 'catkin_cmake_args' from command line to 'None'
[0.448s] Level 5:colcon.colcon_core.verb:set package 'map_manipulation' build argument 'catkin_skip_building_tests' from command line to 'False'
[0.448s] DEBUG:colcon.colcon_core.verb:Building package 'map_manipulation' with the following arguments: {'ament_cmake_args': None, 'build_base': '/home/krawus/Studies/MAPR/lab2/ros2_ws/build/map_manipulation', 'catkin_cmake_args': None, 'catkin_skip_building_tests': False, 'cmake_args': None, 'cmake_clean_cache': False, 'cmake_clean_first': False, 'cmake_force_configure': False, 'cmake_target': None, 'cmake_target_skip_unavailable': False, 'install_base': '/home/krawus/Studies/MAPR/lab2/ros2_ws/install/map_manipulation', 'merge_install': False, 'path': '/home/krawus/Studies/MAPR/lab2/ros2_ws/src/map_manipulation', 'symlink_install': False, 'test_result_base': None}
[0.449s] INFO:colcon.colcon_core.executor:Executing jobs using 'parallel' executor
[0.452s] DEBUG:colcon.colcon_parallel_executor.executor.parallel:run_until_complete
[0.453s] INFO:colcon.colcon_ros.task.ament_cmake.build:Building ROS package in '/home/krawus/Studies/MAPR/lab2/ros2_ws/src/example_maps' with build type 'ament_cmake'
[0.453s] INFO:colcon.colcon_cmake.task.cmake.build:Building CMake package in '/home/krawus/Studies/MAPR/lab2/ros2_ws/src/example_maps'
[0.457s] INFO:colcon.colcon_core.plugin_system:Skipping extension 'colcon_core.shell.bat': Not used on non-Windows systems
[0.457s] INFO:colcon.colcon_core.shell:Skip shell extension 'powershell' for command environment: Not usable outside of PowerShell
[0.457s] DEBUG:colcon.colcon_core.shell:Skip shell extension 'dsv' for command environment
[0.462s] INFO:colcon.colcon_ros.task.ament_python.build:Building ROS package in '/home/krawus/Studies/MAPR/lab2/ros2_ws/src/map_manipulation' with build type 'ament_python'
[0.462s] Level 1:colcon.colcon_core.shell:create_environment_hook('map_manipulation', 'ament_prefix_path')
[0.464s] INFO:colcon.colcon_core.shell:Creating environment hook '/home/krawus/Studies/MAPR/lab2/ros2_ws/install/map_manipulation/share/map_manipulation/hook/ament_prefix_path.ps1'
[0.465s] INFO:colcon.colcon_core.shell:Creating environment descriptor '/home/krawus/Studies/MAPR/lab2/ros2_ws/install/map_manipulation/share/map_manipulation/hook/ament_prefix_path.dsv'
[0.465s] INFO:colcon.colcon_core.shell:Creating environment hook '/home/krawus/Studies/MAPR/lab2/ros2_ws/install/map_manipulation/share/map_manipulation/hook/ament_prefix_path.sh'
[0.467s] INFO:colcon.colcon_core.shell:Skip shell extension 'powershell' for command environment: Not usable outside of PowerShell
[0.467s] DEBUG:colcon.colcon_core.shell:Skip shell extension 'dsv' for command environment
[0.479s] DEBUG:colcon.colcon_core.event_handler.log_command:Invoking command in '/home/krawus/Studies/MAPR/lab2/ros2_ws/build/example_maps': CMAKE_PREFIX_PATH=${CMAKE_PREFIX_PATH}:/home/krawus/Studies/MAPR/lab2/ros2_ws/install/map_manipulation:/opt/ros/humble /usr/bin/cmake --build /home/krawus/Studies/MAPR/lab2/ros2_ws/build/example_maps -- -j8 -l8
[0.735s] INFO:colcon.colcon_core.task.python.build:Building Python package in '/home/krawus/Studies/MAPR/lab2/ros2_ws/src/map_manipulation'
[0.736s] INFO:colcon.colcon_core.shell:Skip shell extension 'powershell' for command environment: Not usable outside of PowerShell
[0.736s] DEBUG:colcon.colcon_core.shell:Skip shell extension 'dsv' for command environment
[0.741s] DEBUG:colcon.colcon_core.event_handler.log_command:Invoked command in '/home/krawus/Studies/MAPR/lab2/ros2_ws/build/example_maps' returned '0': CMAKE_PREFIX_PATH=${CMAKE_PREFIX_PATH}:/home/krawus/Studies/MAPR/lab2/ros2_ws/install/map_manipulation:/opt/ros/humble /usr/bin/cmake --build /home/krawus/Studies/MAPR/lab2/ros2_ws/build/example_maps -- -j8 -l8
[0.777s] DEBUG:colcon.colcon_core.event_handler.log_command:Invoking command in '/home/krawus/Studies/MAPR/lab2/ros2_ws/build/example_maps': CMAKE_PREFIX_PATH=${CMAKE_PREFIX_PATH}:/home/krawus/Studies/MAPR/lab2/ros2_ws/install/map_manipulation:/opt/ros/humble /usr/bin/cmake --install /home/krawus/Studies/MAPR/lab2/ros2_ws/build/example_maps
[0.806s] Level 1:colcon.colcon_core.environment:create_environment_scripts_only(example_maps)
[0.806s] DEBUG:colcon.colcon_core.event_handler.log_command:Invoked command in '/home/krawus/Studies/MAPR/lab2/ros2_ws/build/example_maps' returned '0': CMAKE_PREFIX_PATH=${CMAKE_PREFIX_PATH}:/home/krawus/Studies/MAPR/lab2/ros2_ws/install/map_manipulation:/opt/ros/humble /usr/bin/cmake --install /home/krawus/Studies/MAPR/lab2/ros2_ws/build/example_maps
[0.811s] Level 1:colcon.colcon_core.environment:checking '/home/krawus/Studies/MAPR/lab2/ros2_ws/install/example_maps' for CMake module files
[0.812s] Level 1:colcon.colcon_core.environment:checking '/home/krawus/Studies/MAPR/lab2/ros2_ws/install/example_maps' for CMake config files
[0.812s] Level 1:colcon.colcon_core.shell:create_environment_hook('example_maps', 'cmake_prefix_path')
[0.814s] INFO:colcon.colcon_core.shell:Creating environment hook '/home/krawus/Studies/MAPR/lab2/ros2_ws/install/example_maps/share/example_maps/hook/cmake_prefix_path.ps1'
[0.814s] INFO:colcon.colcon_core.shell:Creating environment descriptor '/home/krawus/Studies/MAPR/lab2/ros2_ws/install/example_maps/share/example_maps/hook/cmake_prefix_path.dsv'
[0.815s] INFO:colcon.colcon_core.shell:Creating environment hook '/home/krawus/Studies/MAPR/lab2/ros2_ws/install/example_maps/share/example_maps/hook/cmake_prefix_path.sh'
[0.815s] Level 1:colcon.colcon_core.environment:checking '/home/krawus/Studies/MAPR/lab2/ros2_ws/install/example_maps/bin'
[0.816s] Level 1:colcon.colcon_core.environment:checking '/home/krawus/Studies/MAPR/lab2/ros2_ws/install/example_maps/lib/pkgconfig/example_maps.pc'
[0.816s] Level 1:colcon.colcon_core.environment:checking '/home/krawus/Studies/MAPR/lab2/ros2_ws/install/example_maps/lib/python3.10/site-packages'
[0.816s] Level 1:colcon.colcon_core.environment:checking '/home/krawus/Studies/MAPR/lab2/ros2_ws/install/example_maps/bin'
[0.818s] INFO:colcon.colcon_core.shell:Creating package script '/home/krawus/Studies/MAPR/lab2/ros2_ws/install/example_maps/share/example_maps/package.ps1'
[0.819s] INFO:colcon.colcon_core.shell:Creating package descriptor '/home/krawus/Studies/MAPR/lab2/ros2_ws/install/example_maps/share/example_maps/package.dsv'
[0.819s] INFO:colcon.colcon_core.shell:Creating package script '/home/krawus/Studies/MAPR/lab2/ros2_ws/install/example_maps/share/example_maps/package.sh'
[0.820s] INFO:colcon.colcon_core.shell:Creating package script '/home/krawus/Studies/MAPR/lab2/ros2_ws/install/example_maps/share/example_maps/package.bash'
[0.821s] INFO:colcon.colcon_core.shell:Creating package script '/home/krawus/Studies/MAPR/lab2/ros2_ws/install/example_maps/share/example_maps/package.zsh'
[0.822s] Level 1:colcon.colcon_core.environment:create_file_with_runtime_dependencies(/home/krawus/Studies/MAPR/lab2/ros2_ws/install/example_maps/share/colcon-core/packages/example_maps)
[0.851s] Level 1:colcon.colcon_core.environment:create_environment_scripts_only(example_maps)
[0.855s] Level 1:colcon.colcon_core.environment:checking '/home/krawus/Studies/MAPR/lab2/ros2_ws/install/example_maps' for CMake module files
[0.856s] Level 1:colcon.colcon_core.environment:checking '/home/krawus/Studies/MAPR/lab2/ros2_ws/install/example_maps' for CMake config files
[0.856s] Level 1:colcon.colcon_core.shell:create_environment_hook('example_maps', 'cmake_prefix_path')
[0.857s] INFO:colcon.colcon_core.shell:Creating environment hook '/home/krawus/Studies/MAPR/lab2/ros2_ws/install/example_maps/share/example_maps/hook/cmake_prefix_path.ps1'
[0.858s] INFO:colcon.colcon_core.shell:Creating environment descriptor '/home/krawus/Studies/MAPR/lab2/ros2_ws/install/example_maps/share/example_maps/hook/cmake_prefix_path.dsv'
[0.858s] INFO:colcon.colcon_core.shell:Creating environment hook '/home/krawus/Studies/MAPR/lab2/ros2_ws/install/example_maps/share/example_maps/hook/cmake_prefix_path.sh'
[0.859s] Level 1:colcon.colcon_core.environment:checking '/home/krawus/Studies/MAPR/lab2/ros2_ws/install/example_maps/bin'
[0.859s] Level 1:colcon.colcon_core.environment:checking '/home/krawus/Studies/MAPR/lab2/ros2_ws/install/example_maps/lib/pkgconfig/example_maps.pc'
[0.859s] Level 1:colcon.colcon_core.environment:checking '/home/krawus/Studies/MAPR/lab2/ros2_ws/install/example_maps/lib/python3.10/site-packages'
[0.860s] Level 1:colcon.colcon_core.environment:checking '/home/krawus/Studies/MAPR/lab2/ros2_ws/install/example_maps/bin'
[0.861s] INFO:colcon.colcon_core.shell:Creating package script '/home/krawus/Studies/MAPR/lab2/ros2_ws/install/example_maps/share/example_maps/package.ps1'
[0.862s] INFO:colcon.colcon_core.shell:Creating package descriptor '/home/krawus/Studies/MAPR/lab2/ros2_ws/install/example_maps/share/example_maps/package.dsv'
[0.862s] INFO:colcon.colcon_core.shell:Creating package script '/home/krawus/Studies/MAPR/lab2/ros2_ws/install/example_maps/share/example_maps/package.sh'
[0.863s] INFO:colcon.colcon_core.shell:Creating package script '/home/krawus/Studies/MAPR/lab2/ros2_ws/install/example_maps/share/example_maps/package.bash'
[0.863s] INFO:colcon.colcon_core.shell:Creating package script '/home/krawus/Studies/MAPR/lab2/ros2_ws/install/example_maps/share/example_maps/package.zsh'
[0.864s] Level 1:colcon.colcon_core.environment:create_file_with_runtime_dependencies(/home/krawus/Studies/MAPR/lab2/ros2_ws/install/example_maps/share/colcon-core/packages/example_maps)
[1.091s] DEBUG:colcon.colcon_core.event_handler.log_command:Invoking command in '/home/krawus/Studies/MAPR/lab2/ros2_ws/src/map_manipulation': PYTHONPATH=/home/krawus/Studies/MAPR/lab2/ros2_ws/build/map_manipulation/prefix_override:/home/krawus/Studies/MAPR/lab2/ros2_ws/install/map_manipulation/lib/python3.10/site-packages:${PYTHONPATH} /usr/bin/python3 setup.py egg_info --egg-base ../../build/map_manipulation build --build-base /home/krawus/Studies/MAPR/lab2/ros2_ws/build/map_manipulation/build install --record /home/krawus/Studies/MAPR/lab2/ros2_ws/build/map_manipulation/install.log --single-version-externally-managed
[1.369s] Level 1:colcon.colcon_core.environment:checking '/home/krawus/Studies/MAPR/lab2/ros2_ws/install/map_manipulation' for CMake module files
[1.370s] DEBUG:colcon.colcon_core.event_handler.log_command:Invoked command in '/home/krawus/Studies/MAPR/lab2/ros2_ws/src/map_manipulation' returned '0': PYTHONPATH=/home/krawus/Studies/MAPR/lab2/ros2_ws/build/map_manipulation/prefix_override:/home/krawus/Studies/MAPR/lab2/ros2_ws/install/map_manipulation/lib/python3.10/site-packages:${PYTHONPATH} /usr/bin/python3 setup.py egg_info --egg-base ../../build/map_manipulation build --build-base /home/krawus/Studies/MAPR/lab2/ros2_ws/build/map_manipulation/build install --record /home/krawus/Studies/MAPR/lab2/ros2_ws/build/map_manipulation/install.log --single-version-externally-managed
[1.370s] Level 1:colcon.colcon_core.environment:checking '/home/krawus/Studies/MAPR/lab2/ros2_ws/install/map_manipulation' for CMake config files
[1.371s] Level 1:colcon.colcon_core.environment:checking '/home/krawus/Studies/MAPR/lab2/ros2_ws/install/map_manipulation/lib'
[1.371s] Level 1:colcon.colcon_core.environment:checking '/home/krawus/Studies/MAPR/lab2/ros2_ws/install/map_manipulation/bin'
[1.371s] Level 1:colcon.colcon_core.environment:checking '/home/krawus/Studies/MAPR/lab2/ros2_ws/install/map_manipulation/lib/pkgconfig/map_manipulation.pc'
[1.371s] Level 1:colcon.colcon_core.environment:checking '/home/krawus/Studies/MAPR/lab2/ros2_ws/install/map_manipulation/lib/python3.10/site-packages'
[1.371s] Level 1:colcon.colcon_core.shell:create_environment_hook('map_manipulation', 'pythonpath')
[1.374s] INFO:colcon.colcon_core.shell:Creating environment hook '/home/krawus/Studies/MAPR/lab2/ros2_ws/install/map_manipulation/share/map_manipulation/hook/pythonpath.ps1'
[1.374s] INFO:colcon.colcon_core.shell:Creating environment descriptor '/home/krawus/Studies/MAPR/lab2/ros2_ws/install/map_manipulation/share/map_manipulation/hook/pythonpath.dsv'
[1.374s] INFO:colcon.colcon_core.shell:Creating environment hook '/home/krawus/Studies/MAPR/lab2/ros2_ws/install/map_manipulation/share/map_manipulation/hook/pythonpath.sh'
[1.375s] Level 1:colcon.colcon_core.environment:checking '/home/krawus/Studies/MAPR/lab2/ros2_ws/install/map_manipulation/bin'
[1.375s] Level 1:colcon.colcon_core.environment:create_environment_scripts_only(map_manipulation)
[1.378s] INFO:colcon.colcon_core.shell:Creating package script '/home/krawus/Studies/MAPR/lab2/ros2_ws/install/map_manipulation/share/map_manipulation/package.ps1'
[1.378s] INFO:colcon.colcon_core.shell:Creating package descriptor '/home/krawus/Studies/MAPR/lab2/ros2_ws/install/map_manipulation/share/map_manipulation/package.dsv'
[1.379s] INFO:colcon.colcon_core.shell:Creating package script '/home/krawus/Studies/MAPR/lab2/ros2_ws/install/map_manipulation/share/map_manipulation/package.sh'
[1.379s] INFO:colcon.colcon_core.shell:Creating package script '/home/krawus/Studies/MAPR/lab2/ros2_ws/install/map_manipulation/share/map_manipulation/package.bash'
[1.379s] INFO:colcon.colcon_core.shell:Creating package script '/home/krawus/Studies/MAPR/lab2/ros2_ws/install/map_manipulation/share/map_manipulation/package.zsh'
[1.380s] Level 1:colcon.colcon_core.environment:create_file_with_runtime_dependencies(/home/krawus/Studies/MAPR/lab2/ros2_ws/install/map_manipulation/share/colcon-core/packages/map_manipulation)
[1.380s] DEBUG:colcon.colcon_parallel_executor.executor.parallel:closing loop
[1.380s] DEBUG:colcon.colcon_parallel_executor.executor.parallel:loop closed
[1.380s] DEBUG:colcon.colcon_parallel_executor.executor.parallel:run_until_complete finished with '0'
[1.380s] DEBUG:colcon.colcon_core.event_reactor:joining thread
[1.389s] INFO:colcon.colcon_core.plugin_system:Skipping extension 'colcon_notification.desktop_notification.notify_send': Could not find 'notify-send'
[1.389s] INFO:colcon.colcon_core.plugin_system:Skipping extension 'colcon_notification.desktop_notification.terminal_notifier': Not used on non-Darwin systems
[1.389s] INFO:colcon.colcon_core.plugin_system:Skipping extension 'colcon_notification.desktop_notification.win32': Not used on non-Windows systems
[1.389s] INFO:colcon.colcon_notification.desktop_notification:Sending desktop notification using 'notify2'
[1.401s] DEBUG:colcon.colcon_core.event_reactor:joined thread
[1.402s] INFO:colcon.colcon_core.shell:Creating prefix script '/home/krawus/Studies/MAPR/lab2/ros2_ws/install/local_setup.ps1'
[1.404s] INFO:colcon.colcon_core.shell:Creating prefix util module '/home/krawus/Studies/MAPR/lab2/ros2_ws/install/_local_setup_util_ps1.py'
[1.406s] INFO:colcon.colcon_core.shell:Creating prefix chain script '/home/krawus/Studies/MAPR/lab2/ros2_ws/install/setup.ps1'
[1.407s] INFO:colcon.colcon_core.shell:Creating prefix script '/home/krawus/Studies/MAPR/lab2/ros2_ws/install/local_setup.sh'
[1.408s] INFO:colcon.colcon_core.shell:Creating prefix util module '/home/krawus/Studies/MAPR/lab2/ros2_ws/install/_local_setup_util_sh.py'
[1.408s] INFO:colcon.colcon_core.shell:Creating prefix chain script '/home/krawus/Studies/MAPR/lab2/ros2_ws/install/setup.sh'
[1.410s] INFO:colcon.colcon_core.shell:Creating prefix script '/home/krawus/Studies/MAPR/lab2/ros2_ws/install/local_setup.bash'
[1.410s] INFO:colcon.colcon_core.shell:Creating prefix chain script '/home/krawus/Studies/MAPR/lab2/ros2_ws/install/setup.bash'
[1.412s] INFO:colcon.colcon_core.shell:Creating prefix script '/home/krawus/Studies/MAPR/lab2/ros2_ws/install/local_setup.zsh'
[1.412s] INFO:colcon.colcon_core.shell:Creating prefix chain script '/home/krawus/Studies/MAPR/lab2/ros2_ws/install/setup.zsh'
