[0.659s] DEBUG:colcon:Command line arguments: ['/usr/bin/colcon', 'list', '-p', '--base-paths', '/home/krawus/Studies/MAPR/lab5-A_asterisk']
[0.659s] DEBUG:colcon:Parsed command line arguments: Namespace(log_base=None, log_level=None, verb_name='list', build_base='build', ignore_user_meta=False, metas=['./colcon.meta'], base_paths=['/home/krawus/Studies/MAPR/lab5-A_asterisk'], packages_ignore=None, packages_ignore_regex=None, paths=None, packages_up_to=None, packages_up_to_regex=None, packages_above=None, packages_above_and_dependencies=None, packages_above_depth=None, packages_select_by_dep=None, packages_skip_by_dep=None, packages_skip_up_to=None, packages_select_build_failed=False, packages_skip_build_finished=False, packages_select_test_failures=False, packages_skip_test_passed=False, packages_select=None, packages_skip=None, packages_select_regex=None, packages_skip_regex=None, packages_start=None, packages_end=None, allow_overriding=[], topological_order=False, names_only=False, paths_only=True, topological_graph=False, topological_graph_dot=False, topological_graph_density=False, topological_graph_legend=False, topological_graph_dot_cluster=False, topological_graph_dot_include_skipped=False, verb_parser=<colcon_defaults.argument_parser.defaults.DefaultArgumentsDecorator object at 0x7f5dad018490>, verb_extension=<colcon_package_information.verb.list.ListVerb object at 0x7f5dacfe7580>, main=<bound method ListVerb.main of <colcon_package_information.verb.list.ListVerb object at 0x7f5dacfe7580>>)
[0.718s] Level 1:colcon.colcon_core.package_discovery:discover_packages(colcon_meta) check parameters
[0.718s] Level 1:colcon.colcon_core.package_discovery:discover_packages(recursive) check parameters
[0.718s] Level 1:colcon.colcon_core.package_discovery:discover_packages(ignore) check parameters
[0.718s] Level 1:colcon.colcon_core.package_discovery:discover_packages(path) check parameters
[0.718s] Level 1:colcon.colcon_core.package_discovery:discover_packages(recursive) discover
[0.718s] INFO:colcon.colcon_core.package_discovery:Crawling recursively for packages in '/home/krawus/Studies/MAPR/lab5-A_asterisk'
[0.718s] Level 1:colcon.colcon_core.package_identification:_identify(/home/krawus/Studies/MAPR/lab5-A_asterisk) by extensions ['ignore', 'ignore_ament_install']
[0.718s] Level 1:colcon.colcon_core.package_identification:_identify(/home/krawus/Studies/MAPR/lab5-A_asterisk) by extension 'ignore'
[0.718s] Level 1:colcon.colcon_core.package_identification:_identify(/home/krawus/Studies/MAPR/lab5-A_asterisk) by extension 'ignore_ament_install'
[0.718s] Level 1:colcon.colcon_core.package_identification:_identify(/home/krawus/Studies/MAPR/lab5-A_asterisk) by extensions ['colcon_pkg']
[0.718s] Level 1:colcon.colcon_core.package_identification:_identify(/home/krawus/Studies/MAPR/lab5-A_asterisk) by extension 'colcon_pkg'
[0.718s] Level 1:colcon.colcon_core.package_identification:_identify(/home/krawus/Studies/MAPR/lab5-A_asterisk) by extensions ['colcon_meta']
[0.718s] Level 1:colcon.colcon_core.package_identification:_identify(/home/krawus/Studies/MAPR/lab5-A_asterisk) by extension 'colcon_meta'
[0.719s] Level 1:colcon.colcon_core.package_identification:_identify(/home/krawus/Studies/MAPR/lab5-A_asterisk) by extensions ['ros']
[0.719s] Level 1:colcon.colcon_core.package_identification:_identify(/home/krawus/Studies/MAPR/lab5-A_asterisk) by extension 'ros'
[0.756s] Level 1:colcon.colcon_core.package_identification:_identify(/home/krawus/Studies/MAPR/lab5-A_asterisk) by extensions ['cmake', 'python']
[0.756s] Level 1:colcon.colcon_core.package_identification:_identify(/home/krawus/Studies/MAPR/lab5-A_asterisk) by extension 'cmake'
[0.757s] Level 1:colcon.colcon_core.package_identification:_identify(/home/krawus/Studies/MAPR/lab5-A_asterisk) by extension 'python'
[0.757s] Level 1:colcon.colcon_core.package_identification:_identify(/home/krawus/Studies/MAPR/lab5-A_asterisk) by extensions ['python_setup_py']
[0.757s] Level 1:colcon.colcon_core.package_identification:_identify(/home/krawus/Studies/MAPR/lab5-A_asterisk) by extension 'python_setup_py'
[0.757s] Level 1:colcon.colcon_core.package_identification:_identify(/home/krawus/Studies/MAPR/lab5-A_asterisk/build) by extensions ['ignore', 'ignore_ament_install']
[0.757s] Level 1:colcon.colcon_core.package_identification:_identify(/home/krawus/Studies/MAPR/lab5-A_asterisk/build) by extension 'ignore'
[0.757s] Level 1:colcon.colcon_core.package_identification:_identify(/home/krawus/Studies/MAPR/lab5-A_asterisk/build) ignored
[0.758s] Level 1:colcon.colcon_core.package_identification:_identify(/home/krawus/Studies/MAPR/lab5-A_asterisk/install) by extensions ['ignore', 'ignore_ament_install']
[0.758s] Level 1:colcon.colcon_core.package_identification:_identify(/home/krawus/Studies/MAPR/lab5-A_asterisk/install) by extension 'ignore'
[0.758s] Level 1:colcon.colcon_core.package_identification:_identify(/home/krawus/Studies/MAPR/lab5-A_asterisk/install) ignored
[0.758s] Level 1:colcon.colcon_core.package_identification:_identify(/home/krawus/Studies/MAPR/lab5-A_asterisk/log) by extensions ['ignore', 'ignore_ament_install']
[0.758s] Level 1:colcon.colcon_core.package_identification:_identify(/home/krawus/Studies/MAPR/lab5-A_asterisk/log) by extension 'ignore'
[0.759s] Level 1:colcon.colcon_core.package_identification:_identify(/home/krawus/Studies/MAPR/lab5-A_asterisk/log) ignored
[0.759s] Level 1:colcon.colcon_core.package_identification:_identify(/home/krawus/Studies/MAPR/lab5-A_asterisk/src) by extensions ['ignore', 'ignore_ament_install']
[0.759s] Level 1:colcon.colcon_core.package_identification:_identify(/home/krawus/Studies/MAPR/lab5-A_asterisk/src) by extension 'ignore'
[0.759s] Level 1:colcon.colcon_core.package_identification:_identify(/home/krawus/Studies/MAPR/lab5-A_asterisk/src) by extension 'ignore_ament_install'
[0.759s] Level 1:colcon.colcon_core.package_identification:_identify(/home/krawus/Studies/MAPR/lab5-A_asterisk/src) by extensions ['colcon_pkg']
[0.759s] Level 1:colcon.colcon_core.package_identification:_identify(/home/krawus/Studies/MAPR/lab5-A_asterisk/src) by extension 'colcon_pkg'
[0.759s] Level 1:colcon.colcon_core.package_identification:_identify(/home/krawus/Studies/MAPR/lab5-A_asterisk/src) by extensions ['colcon_meta']
[0.759s] Level 1:colcon.colcon_core.package_identification:_identify(/home/krawus/Studies/MAPR/lab5-A_asterisk/src) by extension 'colcon_meta'
[0.759s] Level 1:colcon.colcon_core.package_identification:_identify(/home/krawus/Studies/MAPR/lab5-A_asterisk/src) by extensions ['ros']
[0.760s] Level 1:colcon.colcon_core.package_identification:_identify(/home/krawus/Studies/MAPR/lab5-A_asterisk/src) by extension 'ros'
[0.760s] Level 1:colcon.colcon_core.package_identification:_identify(/home/krawus/Studies/MAPR/lab5-A_asterisk/src) by extensions ['cmake', 'python']
[0.760s] Level 1:colcon.colcon_core.package_identification:_identify(/home/krawus/Studies/MAPR/lab5-A_asterisk/src) by extension 'cmake'
[0.760s] Level 1:colcon.colcon_core.package_identification:_identify(/home/krawus/Studies/MAPR/lab5-A_asterisk/src) by extension 'python'
[0.760s] Level 1:colcon.colcon_core.package_identification:_identify(/home/krawus/Studies/MAPR/lab5-A_asterisk/src) by extensions ['python_setup_py']
[0.760s] Level 1:colcon.colcon_core.package_identification:_identify(/home/krawus/Studies/MAPR/lab5-A_asterisk/src) by extension 'python_setup_py'
[0.761s] Level 1:colcon.colcon_core.package_identification:_identify(/home/krawus/Studies/MAPR/lab5-A_asterisk/src/mapr_5_student) by extensions ['ignore', 'ignore_ament_install']
[0.761s] Level 1:colcon.colcon_core.package_identification:_identify(/home/krawus/Studies/MAPR/lab5-A_asterisk/src/mapr_5_student) by extension 'ignore'
[0.761s] Level 1:colcon.colcon_core.package_identification:_identify(/home/krawus/Studies/MAPR/lab5-A_asterisk/src/mapr_5_student) by extension 'ignore_ament_install'
[0.762s] Level 1:colcon.colcon_core.package_identification:_identify(/home/krawus/Studies/MAPR/lab5-A_asterisk/src/mapr_5_student) by extensions ['colcon_pkg']
[0.762s] Level 1:colcon.colcon_core.package_identification:_identify(/home/krawus/Studies/MAPR/lab5-A_asterisk/src/mapr_5_student) by extension 'colcon_pkg'
[0.762s] Level 1:colcon.colcon_core.package_identification:_identify(/home/krawus/Studies/MAPR/lab5-A_asterisk/src/mapr_5_student) by extensions ['colcon_meta']
[0.762s] Level 1:colcon.colcon_core.package_identification:_identify(/home/krawus/Studies/MAPR/lab5-A_asterisk/src/mapr_5_student) by extension 'colcon_meta'
[0.762s] Level 1:colcon.colcon_core.package_identification:_identify(/home/krawus/Studies/MAPR/lab5-A_asterisk/src/mapr_5_student) by extensions ['ros']
[0.762s] Level 1:colcon.colcon_core.package_identification:_identify(/home/krawus/Studies/MAPR/lab5-A_asterisk/src/mapr_5_student) by extension 'ros'
[0.774s] DEBUG:colcon.colcon_core.package_identification:Package '/home/krawus/Studies/MAPR/lab5-A_asterisk/src/mapr_5_student' with type 'ros.ament_python' and name 'mapr_5_student'
[0.774s] Level 1:colcon.colcon_core.package_discovery:discover_packages(recursive) using defaults
