[0.066s] Invoking command in '/home/krawus/Studies/MAPR/lab3/ros2_ws/build/pcl_ros': CMAKE_PREFIX_PATH=/home/krawus/Studies/MAPR/lab3/ros2_ws/install/pcl_conversions:/home/krawus/Studies/MAPR/lab3/ros2_ws/install/pcl_msgs:/home/krawus/Studies/MAPR/lab3/ros2_ws/install/perception_pcl:/home/krawus/Studies/MAPR/lab3/ros2_ws/install/pcl_ros:/home/krawus/Studies/MAPR/lab3/ros2_ws/install/octomap_server2:/home/krawus/Studies/MAPR/lab3/ros2_ws/install/octomap_msgs:/home/krawus/Studies/MAPR/lab3/ros2_ws/install/example_maps:/home/krawus/Studies/MAPR/lab3/ros2_ws/install/path_drawing:/home/krawus/Studies/MAPR/lab3/ros2_ws/install/octomap_manipulation:/opt/ros/humble LD_LIBRARY_PATH=/home/krawus/Studies/MAPR/lab3/ros2_ws/install/pcl_msgs/lib:/home/krawus/Studies/MAPR/lab3/ros2_ws/install/pcl_ros/lib:/home/krawus/Studies/MAPR/lab3/ros2_ws/install/octomap_server2/lib:/home/krawus/Studies/MAPR/lab3/ros2_ws/install/octomap_msgs/lib:/usr/lib/x86_64-linux-gnu/gazebo-11/plugins:/opt/ros/humble/opt/rviz_ogre_vendor/lib:/opt/ros/humble/lib/x86_64-linux-gnu:/opt/ros/humble/lib /usr/bin/cmake --build /home/krawus/Studies/MAPR/lab3/ros2_ws/build/pcl_ros -- -j8 -l8
[0.321s] [100%] Built target pcl_ros_tf
[0.364s] Invoked command in '/home/krawus/Studies/MAPR/lab3/ros2_ws/build/pcl_ros' returned '0': CMAKE_PREFIX_PATH=/home/krawus/Studies/MAPR/lab3/ros2_ws/install/pcl_conversions:/home/krawus/Studies/MAPR/lab3/ros2_ws/install/pcl_msgs:/home/krawus/Studies/MAPR/lab3/ros2_ws/install/perception_pcl:/home/krawus/Studies/MAPR/lab3/ros2_ws/install/pcl_ros:/home/krawus/Studies/MAPR/lab3/ros2_ws/install/octomap_server2:/home/krawus/Studies/MAPR/lab3/ros2_ws/install/octomap_msgs:/home/krawus/Studies/MAPR/lab3/ros2_ws/install/example_maps:/home/krawus/Studies/MAPR/lab3/ros2_ws/install/path_drawing:/home/krawus/Studies/MAPR/lab3/ros2_ws/install/octomap_manipulation:/opt/ros/humble LD_LIBRARY_PATH=/home/krawus/Studies/MAPR/lab3/ros2_ws/install/pcl_msgs/lib:/home/krawus/Studies/MAPR/lab3/ros2_ws/install/pcl_ros/lib:/home/krawus/Studies/MAPR/lab3/ros2_ws/install/octomap_server2/lib:/home/krawus/Studies/MAPR/lab3/ros2_ws/install/octomap_msgs/lib:/usr/lib/x86_64-linux-gnu/gazebo-11/plugins:/opt/ros/humble/opt/rviz_ogre_vendor/lib:/opt/ros/humble/lib/x86_64-linux-gnu:/opt/ros/humble/lib /usr/bin/cmake --build /home/krawus/Studies/MAPR/lab3/ros2_ws/build/pcl_ros -- -j8 -l8
[0.459s] Invoking command in '/home/krawus/Studies/MAPR/lab3/ros2_ws/build/pcl_ros': CMAKE_PREFIX_PATH=/home/krawus/Studies/MAPR/lab3/ros2_ws/install/pcl_conversions:/home/krawus/Studies/MAPR/lab3/ros2_ws/install/pcl_msgs:/home/krawus/Studies/MAPR/lab3/ros2_ws/install/perception_pcl:/home/krawus/Studies/MAPR/lab3/ros2_ws/install/pcl_ros:/home/krawus/Studies/MAPR/lab3/ros2_ws/install/octomap_server2:/home/krawus/Studies/MAPR/lab3/ros2_ws/install/octomap_msgs:/home/krawus/Studies/MAPR/lab3/ros2_ws/install/example_maps:/home/krawus/Studies/MAPR/lab3/ros2_ws/install/path_drawing:/home/krawus/Studies/MAPR/lab3/ros2_ws/install/octomap_manipulation:/opt/ros/humble LD_LIBRARY_PATH=/home/krawus/Studies/MAPR/lab3/ros2_ws/install/pcl_msgs/lib:/home/krawus/Studies/MAPR/lab3/ros2_ws/install/pcl_ros/lib:/home/krawus/Studies/MAPR/lab3/ros2_ws/install/octomap_server2/lib:/home/krawus/Studies/MAPR/lab3/ros2_ws/install/octomap_msgs/lib:/usr/lib/x86_64-linux-gnu/gazebo-11/plugins:/opt/ros/humble/opt/rviz_ogre_vendor/lib:/opt/ros/humble/lib/x86_64-linux-gnu:/opt/ros/humble/lib /usr/bin/cmake --install /home/krawus/Studies/MAPR/lab3/ros2_ws/build/pcl_ros
[0.485s] -- Install configuration: ""
[0.486s] -- Up-to-date: /home/krawus/Studies/MAPR/lab3/ros2_ws/install/pcl_ros/include
[0.488s] -- Up-to-date: /home/krawus/Studies/MAPR/lab3/ros2_ws/install/pcl_ros/include/pcl_ros
[0.489s] -- Up-to-date: /home/krawus/Studies/MAPR/lab3/ros2_ws/install/pcl_ros/include/pcl_ros/features
[0.489s] -- Up-to-date: /home/krawus/Studies/MAPR/lab3/ros2_ws/install/pcl_ros/include/pcl_ros/features/normal_3d.hpp
[0.490s] -- Up-to-date: /home/krawus/Studies/MAPR/lab3/ros2_ws/install/pcl_ros/include/pcl_ros/features/boundary.hpp
[0.490s] -- Up-to-date: /home/krawus/Studies/MAPR/lab3/ros2_ws/install/pcl_ros/include/pcl_ros/features/normal_3d_omp.hpp
[0.490s] -- Up-to-date: /home/krawus/Studies/MAPR/lab3/ros2_ws/install/pcl_ros/include/pcl_ros/features/normal_3d_tbb.hpp
[0.490s] -- Up-to-date: /home/krawus/Studies/MAPR/lab3/ros2_ws/install/pcl_ros/include/pcl_ros/features/feature.hpp
[0.491s] -- Up-to-date: /home/krawus/Studies/MAPR/lab3/ros2_ws/install/pcl_ros/include/pcl_ros/features/fpfh.hpp
[0.491s] -- Up-to-date: /home/krawus/Studies/MAPR/lab3/ros2_ws/install/pcl_ros/include/pcl_ros/features/vfh.hpp
[0.492s] -- Up-to-date: /home/krawus/Studies/MAPR/lab3/ros2_ws/install/pcl_ros/include/pcl_ros/features/principal_curvatures.hpp
[0.493s] -- Up-to-date: /home/krawus/Studies/MAPR/lab3/ros2_ws/install/pcl_ros/include/pcl_ros/features/pfh.hpp
[0.493s] -- Up-to-date: /home/krawus/Studies/MAPR/lab3/ros2_ws/install/pcl_ros/include/pcl_ros/features/fpfh_omp.hpp
[0.494s] -- Up-to-date: /home/krawus/Studies/MAPR/lab3/ros2_ws/install/pcl_ros/include/pcl_ros/features/shot.hpp
[0.494s] -- Up-to-date: /home/krawus/Studies/MAPR/lab3/ros2_ws/install/pcl_ros/include/pcl_ros/features/shot_omp.hpp
[0.495s] -- Up-to-date: /home/krawus/Studies/MAPR/lab3/ros2_ws/install/pcl_ros/include/pcl_ros/features/moment_invariants.hpp
[0.495s] -- Up-to-date: /home/krawus/Studies/MAPR/lab3/ros2_ws/install/pcl_ros/include/pcl_ros/impl
[0.496s] -- Up-to-date: /home/krawus/Studies/MAPR/lab3/ros2_ws/install/pcl_ros/include/pcl_ros/impl/transforms.hpp
[0.496s] -- Up-to-date: /home/krawus/Studies/MAPR/lab3/ros2_ws/install/pcl_ros/include/pcl_ros/pcl_nodelet.hpp
[0.496s] -- Up-to-date: /home/krawus/Studies/MAPR/lab3/ros2_ws/install/pcl_ros/include/pcl_ros/surface
[0.496s] -- Up-to-date: /home/krawus/Studies/MAPR/lab3/ros2_ws/install/pcl_ros/include/pcl_ros/surface/convex_hull.hpp
[0.497s] -- Up-to-date: /home/krawus/Studies/MAPR/lab3/ros2_ws/install/pcl_ros/include/pcl_ros/surface/moving_least_squares.hpp
[0.497s] -- Up-to-date: /home/krawus/Studies/MAPR/lab3/ros2_ws/install/pcl_ros/include/pcl_ros/segmentation
[0.497s] -- Up-to-date: /home/krawus/Studies/MAPR/lab3/ros2_ws/install/pcl_ros/include/pcl_ros/segmentation/extract_clusters.hpp
[0.498s] -- Up-to-date: /home/krawus/Studies/MAPR/lab3/ros2_ws/install/pcl_ros/include/pcl_ros/segmentation/segment_differences.hpp
[0.498s] -- Up-to-date: /home/krawus/Studies/MAPR/lab3/ros2_ws/install/pcl_ros/include/pcl_ros/segmentation/sac_segmentation.hpp
[0.500s] -- Up-to-date: /home/krawus/Studies/MAPR/lab3/ros2_ws/install/pcl_ros/include/pcl_ros/segmentation/extract_polygonal_prism_data.hpp
[0.501s] -- Up-to-date: /home/krawus/Studies/MAPR/lab3/ros2_ws/install/pcl_ros/include/pcl_ros/io
[0.501s] -- Up-to-date: /home/krawus/Studies/MAPR/lab3/ros2_ws/install/pcl_ros/include/pcl_ros/io/pcd_io.hpp
[0.502s] -- Up-to-date: /home/krawus/Studies/MAPR/lab3/ros2_ws/install/pcl_ros/include/pcl_ros/io/concatenate_fields.hpp
[0.502s] -- Up-to-date: /home/krawus/Studies/MAPR/lab3/ros2_ws/install/pcl_ros/include/pcl_ros/io/concatenate_data.hpp
[0.502s] -- Up-to-date: /home/krawus/Studies/MAPR/lab3/ros2_ws/install/pcl_ros/include/pcl_ros/io/bag_io.hpp
[0.504s] -- Up-to-date: /home/krawus/Studies/MAPR/lab3/ros2_ws/install/pcl_ros/include/pcl_ros/filters
[0.512s] -- Up-to-date: /home/krawus/Studies/MAPR/lab3/ros2_ws/install/pcl_ros/include/pcl_ros/filters/project_inliers.hpp
[0.514s] -- Up-to-date: /home/krawus/Studies/MAPR/lab3/ros2_ws/install/pcl_ros/include/pcl_ros/filters/extract_indices.hpp
[0.515s] -- Up-to-date: /home/krawus/Studies/MAPR/lab3/ros2_ws/install/pcl_ros/include/pcl_ros/filters/crop_box.hpp
[0.515s] -- Up-to-date: /home/krawus/Studies/MAPR/lab3/ros2_ws/install/pcl_ros/include/pcl_ros/filters/voxel_grid.hpp
[0.515s] -- Up-to-date: /home/krawus/Studies/MAPR/lab3/ros2_ws/install/pcl_ros/include/pcl_ros/filters/passthrough.hpp
[0.515s] -- Up-to-date: /home/krawus/Studies/MAPR/lab3/ros2_ws/install/pcl_ros/include/pcl_ros/filters/radius_outlier_removal.hpp
[0.515s] -- Up-to-date: /home/krawus/Studies/MAPR/lab3/ros2_ws/install/pcl_ros/include/pcl_ros/filters/filter.hpp
[0.516s] -- Up-to-date: /home/krawus/Studies/MAPR/lab3/ros2_ws/install/pcl_ros/include/pcl_ros/filters/statistical_outlier_removal.hpp
[0.517s] -- Up-to-date: /home/krawus/Studies/MAPR/lab3/ros2_ws/install/pcl_ros/include/pcl_ros/point_cloud.hpp
[0.517s] -- Up-to-date: /home/krawus/Studies/MAPR/lab3/ros2_ws/install/pcl_ros/include/pcl_ros/transforms.hpp
[0.517s] -- Up-to-date: /home/krawus/Studies/MAPR/lab3/ros2_ws/install/pcl_ros/include/pcl_ros/publisher.hpp
[0.518s] -- Up-to-date: /home/krawus/Studies/MAPR/lab3/ros2_ws/install/pcl_ros/lib/libpcl_ros_tf.so
[0.519s] -- Up-to-date: /home/krawus/Studies/MAPR/lab3/ros2_ws/install/pcl_ros/share/pcl_ros/plugins
[0.519s] -- Up-to-date: /home/krawus/Studies/MAPR/lab3/ros2_ws/install/pcl_ros/share/pcl_ros/plugins/nodelet
[0.520s] -- Up-to-date: /home/krawus/Studies/MAPR/lab3/ros2_ws/install/pcl_ros/share/pcl_ros/plugins/nodelet/libpcl_ros_filters.xml
[0.520s] -- Up-to-date: /home/krawus/Studies/MAPR/lab3/ros2_ws/install/pcl_ros/share/pcl_ros/plugins/nodelet/libpcl_ros_io.xml
[0.520s] -- Up-to-date: /home/krawus/Studies/MAPR/lab3/ros2_ws/install/pcl_ros/share/pcl_ros/plugins/nodelet/libpcl_ros_surface.xml
[0.521s] -- Up-to-date: /home/krawus/Studies/MAPR/lab3/ros2_ws/install/pcl_ros/share/pcl_ros/plugins/nodelet/libpcl_ros_features.xml
[0.523s] -- Up-to-date: /home/krawus/Studies/MAPR/lab3/ros2_ws/install/pcl_ros/share/pcl_ros/plugins/nodelet/libpcl_ros_segmentation.xml
[0.523s] -- Up-to-date: /home/krawus/Studies/MAPR/lab3/ros2_ws/install/pcl_ros/share/pcl_ros/samples
[0.524s] -- Up-to-date: /home/krawus/Studies/MAPR/lab3/ros2_ws/install/pcl_ros/share/pcl_ros/samples/data
[0.524s] -- Up-to-date: /home/krawus/Studies/MAPR/lab3/ros2_ws/install/pcl_ros/share/pcl_ros/samples/data/.gitignore
[0.525s] -- Up-to-date: /home/krawus/Studies/MAPR/lab3/ros2_ws/install/pcl_ros/share/pcl_ros/samples/pcl_ros
[0.525s] -- Up-to-date: /home/krawus/Studies/MAPR/lab3/ros2_ws/install/pcl_ros/share/pcl_ros/samples/pcl_ros/features
[0.526s] -- Up-to-date: /home/krawus/Studies/MAPR/lab3/ros2_ws/install/pcl_ros/share/pcl_ros/samples/pcl_ros/features/sample_normal_3d.launch
[0.527s] -- Up-to-date: /home/krawus/Studies/MAPR/lab3/ros2_ws/install/pcl_ros/share/pcl_ros/samples/pcl_ros/surface
[0.528s] -- Up-to-date: /home/krawus/Studies/MAPR/lab3/ros2_ws/install/pcl_ros/share/pcl_ros/samples/pcl_ros/surface/sample_convex_hull.launch
[0.530s] -- Up-to-date: /home/krawus/Studies/MAPR/lab3/ros2_ws/install/pcl_ros/share/pcl_ros/samples/pcl_ros/segmentation
[0.538s] -- Up-to-date: /home/krawus/Studies/MAPR/lab3/ros2_ws/install/pcl_ros/share/pcl_ros/samples/pcl_ros/segmentation/sample_extract_clusters.launch
[0.539s] -- Up-to-date: /home/krawus/Studies/MAPR/lab3/ros2_ws/install/pcl_ros/share/pcl_ros/samples/pcl_ros/io
[0.540s] -- Up-to-date: /home/krawus/Studies/MAPR/lab3/ros2_ws/install/pcl_ros/share/pcl_ros/samples/pcl_ros/io/sample_concatenate_data.launch
[0.540s] -- Up-to-date: /home/krawus/Studies/MAPR/lab3/ros2_ws/install/pcl_ros/share/pcl_ros/samples/pcl_ros/filters
[0.541s] -- Up-to-date: /home/krawus/Studies/MAPR/lab3/ros2_ws/install/pcl_ros/share/pcl_ros/samples/pcl_ros/filters/sample_voxel_grid.launch
[0.541s] -- Up-to-date: /home/krawus/Studies/MAPR/lab3/ros2_ws/install/pcl_ros/share/pcl_ros/samples/pcl_ros/filters/sample_statistical_outlier_removal.launch
[0.541s] -- Up-to-date: /home/krawus/Studies/MAPR/lab3/ros2_ws/install/pcl_ros/share/pcl_ros/samples/pcl_ros/filters/config
[0.542s] -- Up-to-date: /home/krawus/Studies/MAPR/lab3/ros2_ws/install/pcl_ros/share/pcl_ros/samples/pcl_ros/filters/config/voxel_grid.rviz
[0.542s] -- Up-to-date: /home/krawus/Studies/MAPR/lab3/ros2_ws/install/pcl_ros/share/pcl_ros/samples/pcl_ros/filters/config/statistical_outlier_removal.rviz
[0.542s] -- Up-to-date: /home/krawus/Studies/MAPR/lab3/ros2_ws/install/pcl_ros/share/pcl_ros/environment/library_path.sh
[0.543s] -- Up-to-date: /home/krawus/Studies/MAPR/lab3/ros2_ws/install/pcl_ros/share/pcl_ros/environment/library_path.dsv
[0.543s] -- Up-to-date: /home/krawus/Studies/MAPR/lab3/ros2_ws/install/pcl_ros/share/ament_index/resource_index/package_run_dependencies/pcl_ros
[0.544s] -- Up-to-date: /home/krawus/Studies/MAPR/lab3/ros2_ws/install/pcl_ros/share/ament_index/resource_index/parent_prefix_path/pcl_ros
[0.544s] -- Up-to-date: /home/krawus/Studies/MAPR/lab3/ros2_ws/install/pcl_ros/share/pcl_ros/environment/ament_prefix_path.sh
[0.544s] -- Up-to-date: /home/krawus/Studies/MAPR/lab3/ros2_ws/install/pcl_ros/share/pcl_ros/environment/ament_prefix_path.dsv
[0.545s] -- Up-to-date: /home/krawus/Studies/MAPR/lab3/ros2_ws/install/pcl_ros/share/pcl_ros/environment/path.sh
[0.545s] -- Up-to-date: /home/krawus/Studies/MAPR/lab3/ros2_ws/install/pcl_ros/share/pcl_ros/environment/path.dsv
[0.546s] -- Up-to-date: /home/krawus/Studies/MAPR/lab3/ros2_ws/install/pcl_ros/share/pcl_ros/local_setup.bash
[0.546s] -- Up-to-date: /home/krawus/Studies/MAPR/lab3/ros2_ws/install/pcl_ros/share/pcl_ros/local_setup.sh
[0.546s] -- Up-to-date: /home/krawus/Studies/MAPR/lab3/ros2_ws/install/pcl_ros/share/pcl_ros/local_setup.zsh
[0.547s] -- Up-to-date: /home/krawus/Studies/MAPR/lab3/ros2_ws/install/pcl_ros/share/pcl_ros/local_setup.dsv
[0.547s] -- Installing: /home/krawus/Studies/MAPR/lab3/ros2_ws/install/pcl_ros/share/pcl_ros/package.dsv
[0.547s] -- Up-to-date: /home/krawus/Studies/MAPR/lab3/ros2_ws/install/pcl_ros/share/ament_index/resource_index/packages/pcl_ros
[0.547s] -- Up-to-date: /home/krawus/Studies/MAPR/lab3/ros2_ws/install/pcl_ros/share/pcl_ros/cmake/export_pcl_rosExport.cmake
[0.547s] -- Up-to-date: /home/krawus/Studies/MAPR/lab3/ros2_ws/install/pcl_ros/share/pcl_ros/cmake/export_pcl_rosExport-noconfig.cmake
[0.548s] -- Up-to-date: /home/krawus/Studies/MAPR/lab3/ros2_ws/install/pcl_ros/share/pcl_ros/cmake/ament_cmake_export_include_directories-extras.cmake
[0.548s] -- Up-to-date: /home/krawus/Studies/MAPR/lab3/ros2_ws/install/pcl_ros/share/pcl_ros/cmake/ament_cmake_export_libraries-extras.cmake
[0.548s] -- Up-to-date: /home/krawus/Studies/MAPR/lab3/ros2_ws/install/pcl_ros/share/pcl_ros/cmake/ament_cmake_export_dependencies-extras.cmake
[0.548s] -- Up-to-date: /home/krawus/Studies/MAPR/lab3/ros2_ws/install/pcl_ros/share/pcl_ros/cmake/ament_cmake_export_targets-extras.cmake
[0.548s] -- Up-to-date: /home/krawus/Studies/MAPR/lab3/ros2_ws/install/pcl_ros/share/pcl_ros/cmake/pcl_rosConfig.cmake
[0.549s] -- Up-to-date: /home/krawus/Studies/MAPR/lab3/ros2_ws/install/pcl_ros/share/pcl_ros/cmake/pcl_rosConfig-version.cmake
[0.549s] -- Up-to-date: /home/krawus/Studies/MAPR/lab3/ros2_ws/install/pcl_ros/share/pcl_ros/package.xml
[0.549s] Invoked command in '/home/krawus/Studies/MAPR/lab3/ros2_ws/build/pcl_ros' returned '0': CMAKE_PREFIX_PATH=/home/krawus/Studies/MAPR/lab3/ros2_ws/install/pcl_conversions:/home/krawus/Studies/MAPR/lab3/ros2_ws/install/pcl_msgs:/home/krawus/Studies/MAPR/lab3/ros2_ws/install/perception_pcl:/home/krawus/Studies/MAPR/lab3/ros2_ws/install/pcl_ros:/home/krawus/Studies/MAPR/lab3/ros2_ws/install/octomap_server2:/home/krawus/Studies/MAPR/lab3/ros2_ws/install/octomap_msgs:/home/krawus/Studies/MAPR/lab3/ros2_ws/install/example_maps:/home/krawus/Studies/MAPR/lab3/ros2_ws/install/path_drawing:/home/krawus/Studies/MAPR/lab3/ros2_ws/install/octomap_manipulation:/opt/ros/humble LD_LIBRARY_PATH=/home/krawus/Studies/MAPR/lab3/ros2_ws/install/pcl_msgs/lib:/home/krawus/Studies/MAPR/lab3/ros2_ws/install/pcl_ros/lib:/home/krawus/Studies/MAPR/lab3/ros2_ws/install/octomap_server2/lib:/home/krawus/Studies/MAPR/lab3/ros2_ws/install/octomap_msgs/lib:/usr/lib/x86_64-linux-gnu/gazebo-11/plugins:/opt/ros/humble/opt/rviz_ogre_vendor/lib:/opt/ros/humble/lib/x86_64-linux-gnu:/opt/ros/humble/lib /usr/bin/cmake --install /home/krawus/Studies/MAPR/lab3/ros2_ws/build/pcl_ros
