[0.014s] Invoking command in '/home/krawus/Studies/MAPR/lab3/ros2_ws/build/perception_pcl': AMENT_PREFIX_PATH=/home/krawus/Studies/MAPR/lab3/ros2_ws/install/pcl_ros:/home/krawus/Studies/MAPR/lab3/ros2_ws/install/pcl_conversions:/home/krawus/Studies/MAPR/lab3/ros2_ws/install/pcl_msgs:${AMENT_PREFIX_PATH} CMAKE_PREFIX_PATH=/home/krawus/Studies/MAPR/lab3/ros2_ws/install/pcl_ros:/home/krawus/Studies/MAPR/lab3/ros2_ws/install/pcl_conversions:/home/krawus/Studies/MAPR/lab3/ros2_ws/install/pcl_msgs:/opt/ros/humble LD_LIBRARY_PATH=/home/krawus/Studies/MAPR/lab3/ros2_ws/install/pcl_ros/lib:/home/krawus/Studies/MAPR/lab3/ros2_ws/install/pcl_msgs/lib:${LD_LIBRARY_PATH} PYTHONPATH=/home/krawus/Studies/MAPR/lab3/ros2_ws/install/pcl_msgs/local/lib/python3.10/dist-packages:${PYTHONPATH} /usr/bin/cmake /home/krawus/Studies/MAPR/lab3/ros2_ws/src/perception_pcl/perception_pcl -DCMAKE_INSTALL_PREFIX=/home/krawus/Studies/MAPR/lab3/ros2_ws/install/perception_pcl
[0.081s] -- The C compiler identification is GNU 11.3.0
[0.148s] -- The CXX compiler identification is GNU 11.3.0
[0.157s] -- Detecting C compiler ABI info
[0.240s] -- Detecting C compiler ABI info - done
[0.257s] -- Check for working C compiler: /usr/bin/cc - skipped
[0.257s] -- Detecting C compile features
[0.258s] -- Detecting C compile features - done
[0.263s] -- Detecting CXX compiler ABI info
[0.369s] -- Detecting CXX compiler ABI info - done
[0.386s] -- Check for working CXX compiler: /usr/bin/c++ - skipped
[0.387s] -- Detecting CXX compile features
[0.388s] -- Detecting CXX compile features - done
[0.393s] -- Found ament_cmake: 1.3.3 (/opt/ros/humble/share/ament_cmake/cmake)
[0.595s] -- Found Python3: /usr/bin/python3.10 (found version "3.10.6") found components: Interpreter 
[0.787s] -- Configuring done
[0.791s] -- Generating done
[0.792s] -- Build files have been written to: /home/krawus/Studies/MAPR/lab3/ros2_ws/build/perception_pcl
[0.798s] Invoked command in '/home/krawus/Studies/MAPR/lab3/ros2_ws/build/perception_pcl' returned '0': AMENT_PREFIX_PATH=/home/krawus/Studies/MAPR/lab3/ros2_ws/install/pcl_ros:/home/krawus/Studies/MAPR/lab3/ros2_ws/install/pcl_conversions:/home/krawus/Studies/MAPR/lab3/ros2_ws/install/pcl_msgs:${AMENT_PREFIX_PATH} CMAKE_PREFIX_PATH=/home/krawus/Studies/MAPR/lab3/ros2_ws/install/pcl_ros:/home/krawus/Studies/MAPR/lab3/ros2_ws/install/pcl_conversions:/home/krawus/Studies/MAPR/lab3/ros2_ws/install/pcl_msgs:/opt/ros/humble LD_LIBRARY_PATH=/home/krawus/Studies/MAPR/lab3/ros2_ws/install/pcl_ros/lib:/home/krawus/Studies/MAPR/lab3/ros2_ws/install/pcl_msgs/lib:${LD_LIBRARY_PATH} PYTHONPATH=/home/krawus/Studies/MAPR/lab3/ros2_ws/install/pcl_msgs/local/lib/python3.10/dist-packages:${PYTHONPATH} /usr/bin/cmake /home/krawus/Studies/MAPR/lab3/ros2_ws/src/perception_pcl/perception_pcl -DCMAKE_INSTALL_PREFIX=/home/krawus/Studies/MAPR/lab3/ros2_ws/install/perception_pcl
[0.800s] Invoking command in '/home/krawus/Studies/MAPR/lab3/ros2_ws/build/perception_pcl': AMENT_PREFIX_PATH=/home/krawus/Studies/MAPR/lab3/ros2_ws/install/pcl_ros:/home/krawus/Studies/MAPR/lab3/ros2_ws/install/pcl_conversions:/home/krawus/Studies/MAPR/lab3/ros2_ws/install/pcl_msgs:${AMENT_PREFIX_PATH} CMAKE_PREFIX_PATH=/home/krawus/Studies/MAPR/lab3/ros2_ws/install/pcl_ros:/home/krawus/Studies/MAPR/lab3/ros2_ws/install/pcl_conversions:/home/krawus/Studies/MAPR/lab3/ros2_ws/install/pcl_msgs:/opt/ros/humble LD_LIBRARY_PATH=/home/krawus/Studies/MAPR/lab3/ros2_ws/install/pcl_ros/lib:/home/krawus/Studies/MAPR/lab3/ros2_ws/install/pcl_msgs/lib:${LD_LIBRARY_PATH} PYTHONPATH=/home/krawus/Studies/MAPR/lab3/ros2_ws/install/pcl_msgs/local/lib/python3.10/dist-packages:${PYTHONPATH} /usr/bin/cmake --build /home/krawus/Studies/MAPR/lab3/ros2_ws/build/perception_pcl -- -j8 -l8
[0.856s] Invoked command in '/home/krawus/Studies/MAPR/lab3/ros2_ws/build/perception_pcl' returned '0': AMENT_PREFIX_PATH=/home/krawus/Studies/MAPR/lab3/ros2_ws/install/pcl_ros:/home/krawus/Studies/MAPR/lab3/ros2_ws/install/pcl_conversions:/home/krawus/Studies/MAPR/lab3/ros2_ws/install/pcl_msgs:${AMENT_PREFIX_PATH} CMAKE_PREFIX_PATH=/home/krawus/Studies/MAPR/lab3/ros2_ws/install/pcl_ros:/home/krawus/Studies/MAPR/lab3/ros2_ws/install/pcl_conversions:/home/krawus/Studies/MAPR/lab3/ros2_ws/install/pcl_msgs:/opt/ros/humble LD_LIBRARY_PATH=/home/krawus/Studies/MAPR/lab3/ros2_ws/install/pcl_ros/lib:/home/krawus/Studies/MAPR/lab3/ros2_ws/install/pcl_msgs/lib:${LD_LIBRARY_PATH} PYTHONPATH=/home/krawus/Studies/MAPR/lab3/ros2_ws/install/pcl_msgs/local/lib/python3.10/dist-packages:${PYTHONPATH} /usr/bin/cmake --build /home/krawus/Studies/MAPR/lab3/ros2_ws/build/perception_pcl -- -j8 -l8
[0.889s] Invoking command in '/home/krawus/Studies/MAPR/lab3/ros2_ws/build/perception_pcl': AMENT_PREFIX_PATH=/home/krawus/Studies/MAPR/lab3/ros2_ws/install/pcl_ros:/home/krawus/Studies/MAPR/lab3/ros2_ws/install/pcl_conversions:/home/krawus/Studies/MAPR/lab3/ros2_ws/install/pcl_msgs:${AMENT_PREFIX_PATH} CMAKE_PREFIX_PATH=/home/krawus/Studies/MAPR/lab3/ros2_ws/install/pcl_ros:/home/krawus/Studies/MAPR/lab3/ros2_ws/install/pcl_conversions:/home/krawus/Studies/MAPR/lab3/ros2_ws/install/pcl_msgs:/opt/ros/humble LD_LIBRARY_PATH=/home/krawus/Studies/MAPR/lab3/ros2_ws/install/pcl_ros/lib:/home/krawus/Studies/MAPR/lab3/ros2_ws/install/pcl_msgs/lib:${LD_LIBRARY_PATH} PYTHONPATH=/home/krawus/Studies/MAPR/lab3/ros2_ws/install/pcl_msgs/local/lib/python3.10/dist-packages:${PYTHONPATH} /usr/bin/cmake --install /home/krawus/Studies/MAPR/lab3/ros2_ws/build/perception_pcl
[0.900s] -- Install configuration: ""
[0.900s] -- Installing: /home/krawus/Studies/MAPR/lab3/ros2_ws/install/perception_pcl/share/ament_index/resource_index/package_run_dependencies/perception_pcl
[0.900s] -- Installing: /home/krawus/Studies/MAPR/lab3/ros2_ws/install/perception_pcl/share/ament_index/resource_index/parent_prefix_path/perception_pcl
[0.901s] -- Installing: /home/krawus/Studies/MAPR/lab3/ros2_ws/install/perception_pcl/share/perception_pcl/environment/ament_prefix_path.sh
[0.901s] -- Installing: /home/krawus/Studies/MAPR/lab3/ros2_ws/install/perception_pcl/share/perception_pcl/environment/ament_prefix_path.dsv
[0.901s] -- Installing: /home/krawus/Studies/MAPR/lab3/ros2_ws/install/perception_pcl/share/perception_pcl/environment/path.sh
[0.902s] -- Installing: /home/krawus/Studies/MAPR/lab3/ros2_ws/install/perception_pcl/share/perception_pcl/environment/path.dsv
[0.902s] -- Installing: /home/krawus/Studies/MAPR/lab3/ros2_ws/install/perception_pcl/share/perception_pcl/local_setup.bash
[0.902s] -- Installing: /home/krawus/Studies/MAPR/lab3/ros2_ws/install/perception_pcl/share/perception_pcl/local_setup.sh
[0.903s] -- Installing: /home/krawus/Studies/MAPR/lab3/ros2_ws/install/perception_pcl/share/perception_pcl/local_setup.zsh
[0.903s] -- Installing: /home/krawus/Studies/MAPR/lab3/ros2_ws/install/perception_pcl/share/perception_pcl/local_setup.dsv
[0.903s] -- Installing: /home/krawus/Studies/MAPR/lab3/ros2_ws/install/perception_pcl/share/perception_pcl/package.dsv
[0.904s] -- Installing: /home/krawus/Studies/MAPR/lab3/ros2_ws/install/perception_pcl/share/ament_index/resource_index/packages/perception_pcl
[0.904s] -- Installing: /home/krawus/Studies/MAPR/lab3/ros2_ws/install/perception_pcl/share/perception_pcl/cmake/perception_pclConfig.cmake
[0.904s] -- Installing: /home/krawus/Studies/MAPR/lab3/ros2_ws/install/perception_pcl/share/perception_pcl/cmake/perception_pclConfig-version.cmake
[0.905s] -- Installing: /home/krawus/Studies/MAPR/lab3/ros2_ws/install/perception_pcl/share/perception_pcl/package.xml
[0.910s] Invoked command in '/home/krawus/Studies/MAPR/lab3/ros2_ws/build/perception_pcl' returned '0': AMENT_PREFIX_PATH=/home/krawus/Studies/MAPR/lab3/ros2_ws/install/pcl_ros:/home/krawus/Studies/MAPR/lab3/ros2_ws/install/pcl_conversions:/home/krawus/Studies/MAPR/lab3/ros2_ws/install/pcl_msgs:${AMENT_PREFIX_PATH} CMAKE_PREFIX_PATH=/home/krawus/Studies/MAPR/lab3/ros2_ws/install/pcl_ros:/home/krawus/Studies/MAPR/lab3/ros2_ws/install/pcl_conversions:/home/krawus/Studies/MAPR/lab3/ros2_ws/install/pcl_msgs:/opt/ros/humble LD_LIBRARY_PATH=/home/krawus/Studies/MAPR/lab3/ros2_ws/install/pcl_ros/lib:/home/krawus/Studies/MAPR/lab3/ros2_ws/install/pcl_msgs/lib:${LD_LIBRARY_PATH} PYTHONPATH=/home/krawus/Studies/MAPR/lab3/ros2_ws/install/pcl_msgs/local/lib/python3.10/dist-packages:${PYTHONPATH} /usr/bin/cmake --install /home/krawus/Studies/MAPR/lab3/ros2_ws/build/perception_pcl
