[0.016s] Invoking command in '/home/MAPR-project/build/ur_controllers': CMAKE_PREFIX_PATH=/home/MAPR-project/install/ur_dashboard_msgs:/home/MAPR-project/install/ur_moveit_config:/opt/ros/humble /usr/bin/cmake /home/MAPR-project/src/Universal_Robots_ROS2_Driver/ur_controllers -DCMAKE_INSTALL_PREFIX=/home/MAPR-project/install/ur_controllers
[0.039s] -- Found ament_cmake: 1.3.3 (/opt/ros/humble/share/ament_cmake/cmake)
[0.217s] -- Found angles: 1.15.0 (/opt/ros/humble/share/angles/cmake)
[0.240s] [31mCMake Error at CMakeLists.txt:10 (find_package):
[0.240s]   By not providing "Findcontroller_interface.cmake" in CMAKE_MODULE_PATH this
[0.240s]   project has asked CMake to find a package configuration file provided by
[0.240s]   "controller_interface", but CMake did not find one.
[0.241s] 
[0.241s]   Could not find a package configuration file provided by
[0.241s]   "controller_interface" with any of the following names:
[0.241s] 
[0.241s]     controller_interfaceConfig.cmake
[0.241s]     controller_interface-config.cmake
[0.241s] 
[0.241s]   Add the installation prefix of "controller_interface" to CMAKE_PREFIX_PATH
[0.241s]   or set "controller_interface_DIR" to a directory containing one of the
[0.242s]   above files.  If "controller_interface" provides a separate development
[0.242s]   package or SDK, be sure it has been installed.
[0.242s] 
[0.242s] [0m
[0.242s] -- Configuring incomplete, errors occurred!
[0.242s] See also "/home/MAPR-project/build/ur_controllers/CMakeFiles/CMakeOutput.log".
[0.244s] Invoked command in '/home/MAPR-project/build/ur_controllers' returned '1': CMAKE_PREFIX_PATH=/home/MAPR-project/install/ur_dashboard_msgs:/home/MAPR-project/install/ur_moveit_config:/opt/ros/humble /usr/bin/cmake /home/MAPR-project/src/Universal_Robots_ROS2_Driver/ur_controllers -DCMAKE_INSTALL_PREFIX=/home/MAPR-project/install/ur_controllers
