[0.028s] Invoking command in '/home/krawus/Studies/MAPR/lab3/ros2_ws/build/octomap_server2': CMAKE_PREFIX_PATH=/home/krawus/Studies/MAPR/lab3/ros2_ws/install/pcl_conversions:/home/krawus/Studies/MAPR/lab3/ros2_ws/install/pcl_msgs:/home/krawus/Studies/MAPR/lab3/ros2_ws/install/octomap_msgs:/home/krawus/Studies/MAPR/lab3/ros2_ws/install/perception_pcl:/home/krawus/Studies/MAPR/lab3/ros2_ws/install/pcl_ros:/home/krawus/Studies/MAPR/lab3/ros2_ws/install/octomap_server2:/opt/ros/humble LD_LIBRARY_PATH=/home/krawus/Studies/MAPR/lab3/ros2_ws/install/pcl_msgs/lib:/home/krawus/Studies/MAPR/lab3/ros2_ws/install/octomap_msgs/lib:/home/krawus/Studies/MAPR/lab3/ros2_ws/install/pcl_ros/lib:/home/krawus/Studies/MAPR/lab3/ros2_ws/install/octomap_server2/lib:/usr/lib/x86_64-linux-gnu/gazebo-11/plugins:/opt/ros/humble/opt/rviz_ogre_vendor/lib:/opt/ros/humble/lib/x86_64-linux-gnu:/opt/ros/humble/lib /usr/bin/cmake --build /home/krawus/Studies/MAPR/lab3/ros2_ws/build/octomap_server2 -- -j8 -l8
[0.093s] [35m[1mConsolidate compiler generated dependencies of target octomap_server[0m
[0.097s] [35m[1mConsolidate compiler generated dependencies of target octomap_server2[0m
[0.125s] [ 33%] Built target octomap_server
[0.163s] [100%] Built target octomap_server2
[0.179s] Invoked command in '/home/krawus/Studies/MAPR/lab3/ros2_ws/build/octomap_server2' returned '0': CMAKE_PREFIX_PATH=/home/krawus/Studies/MAPR/lab3/ros2_ws/install/pcl_conversions:/home/krawus/Studies/MAPR/lab3/ros2_ws/install/pcl_msgs:/home/krawus/Studies/MAPR/lab3/ros2_ws/install/octomap_msgs:/home/krawus/Studies/MAPR/lab3/ros2_ws/install/perception_pcl:/home/krawus/Studies/MAPR/lab3/ros2_ws/install/pcl_ros:/home/krawus/Studies/MAPR/lab3/ros2_ws/install/octomap_server2:/opt/ros/humble LD_LIBRARY_PATH=/home/krawus/Studies/MAPR/lab3/ros2_ws/install/pcl_msgs/lib:/home/krawus/Studies/MAPR/lab3/ros2_ws/install/octomap_msgs/lib:/home/krawus/Studies/MAPR/lab3/ros2_ws/install/pcl_ros/lib:/home/krawus/Studies/MAPR/lab3/ros2_ws/install/octomap_server2/lib:/usr/lib/x86_64-linux-gnu/gazebo-11/plugins:/opt/ros/humble/opt/rviz_ogre_vendor/lib:/opt/ros/humble/lib/x86_64-linux-gnu:/opt/ros/humble/lib /usr/bin/cmake --build /home/krawus/Studies/MAPR/lab3/ros2_ws/build/octomap_server2 -- -j8 -l8
[0.253s] Invoking command in '/home/krawus/Studies/MAPR/lab3/ros2_ws/build/octomap_server2': CMAKE_PREFIX_PATH=/home/krawus/Studies/MAPR/lab3/ros2_ws/install/pcl_conversions:/home/krawus/Studies/MAPR/lab3/ros2_ws/install/pcl_msgs:/home/krawus/Studies/MAPR/lab3/ros2_ws/install/octomap_msgs:/home/krawus/Studies/MAPR/lab3/ros2_ws/install/perception_pcl:/home/krawus/Studies/MAPR/lab3/ros2_ws/install/pcl_ros:/home/krawus/Studies/MAPR/lab3/ros2_ws/install/octomap_server2:/opt/ros/humble LD_LIBRARY_PATH=/home/krawus/Studies/MAPR/lab3/ros2_ws/install/pcl_msgs/lib:/home/krawus/Studies/MAPR/lab3/ros2_ws/install/octomap_msgs/lib:/home/krawus/Studies/MAPR/lab3/ros2_ws/install/pcl_ros/lib:/home/krawus/Studies/MAPR/lab3/ros2_ws/install/octomap_server2/lib:/usr/lib/x86_64-linux-gnu/gazebo-11/plugins:/opt/ros/humble/opt/rviz_ogre_vendor/lib:/opt/ros/humble/lib/x86_64-linux-gnu:/opt/ros/humble/lib /usr/bin/cmake --install /home/krawus/Studies/MAPR/lab3/ros2_ws/build/octomap_server2
[0.263s] -- Install configuration: ""
[0.263s] -- Up-to-date: /home/krawus/Studies/MAPR/lab3/ros2_ws/install/octomap_server2/lib/octomap_server2/octomap_server
[0.264s] -- Up-to-date: /home/krawus/Studies/MAPR/lab3/ros2_ws/install/octomap_server2/lib/liboctomap_server2.so
[0.264s] -- Up-to-date: /home/krawus/Studies/MAPR/lab3/ros2_ws/install/octomap_server2/share/octomap_server2//launch
[0.265s] -- Up-to-date: /home/krawus/Studies/MAPR/lab3/ros2_ws/install/octomap_server2/share/octomap_server2//launch/octomap_server_launch.py
[0.265s] -- Up-to-date: /home/krawus/Studies/MAPR/lab3/ros2_ws/install/octomap_server2/share/ament_index/resource_index/package_run_dependencies/octomap_server2
[0.265s] -- Up-to-date: /home/krawus/Studies/MAPR/lab3/ros2_ws/install/octomap_server2/share/ament_index/resource_index/parent_prefix_path/octomap_server2
[0.266s] -- Up-to-date: /home/krawus/Studies/MAPR/lab3/ros2_ws/install/octomap_server2/share/octomap_server2/environment/ament_prefix_path.sh
[0.266s] -- Up-to-date: /home/krawus/Studies/MAPR/lab3/ros2_ws/install/octomap_server2/share/octomap_server2/environment/ament_prefix_path.dsv
[0.266s] -- Up-to-date: /home/krawus/Studies/MAPR/lab3/ros2_ws/install/octomap_server2/share/octomap_server2/environment/path.sh
[0.266s] -- Up-to-date: /home/krawus/Studies/MAPR/lab3/ros2_ws/install/octomap_server2/share/octomap_server2/environment/path.dsv
[0.267s] -- Up-to-date: /home/krawus/Studies/MAPR/lab3/ros2_ws/install/octomap_server2/share/octomap_server2/local_setup.bash
[0.267s] -- Up-to-date: /home/krawus/Studies/MAPR/lab3/ros2_ws/install/octomap_server2/share/octomap_server2/local_setup.sh
[0.267s] -- Up-to-date: /home/krawus/Studies/MAPR/lab3/ros2_ws/install/octomap_server2/share/octomap_server2/local_setup.zsh
[0.267s] -- Up-to-date: /home/krawus/Studies/MAPR/lab3/ros2_ws/install/octomap_server2/share/octomap_server2/local_setup.dsv
[0.267s] -- Installing: /home/krawus/Studies/MAPR/lab3/ros2_ws/install/octomap_server2/share/octomap_server2/package.dsv
[0.268s] -- Up-to-date: /home/krawus/Studies/MAPR/lab3/ros2_ws/install/octomap_server2/share/ament_index/resource_index/packages/octomap_server2
[0.268s] -- Up-to-date: /home/krawus/Studies/MAPR/lab3/ros2_ws/install/octomap_server2/share/ament_index/resource_index/rclcpp_components/octomap_server2
[0.268s] -- Up-to-date: /home/krawus/Studies/MAPR/lab3/ros2_ws/install/octomap_server2/share/octomap_server2/cmake/octomap_server2Config.cmake
[0.268s] -- Up-to-date: /home/krawus/Studies/MAPR/lab3/ros2_ws/install/octomap_server2/share/octomap_server2/cmake/octomap_server2Config-version.cmake
[0.268s] -- Up-to-date: /home/krawus/Studies/MAPR/lab3/ros2_ws/install/octomap_server2/share/octomap_server2/package.xml
[0.273s] Invoked command in '/home/krawus/Studies/MAPR/lab3/ros2_ws/build/octomap_server2' returned '0': CMAKE_PREFIX_PATH=/home/krawus/Studies/MAPR/lab3/ros2_ws/install/pcl_conversions:/home/krawus/Studies/MAPR/lab3/ros2_ws/install/pcl_msgs:/home/krawus/Studies/MAPR/lab3/ros2_ws/install/octomap_msgs:/home/krawus/Studies/MAPR/lab3/ros2_ws/install/perception_pcl:/home/krawus/Studies/MAPR/lab3/ros2_ws/install/pcl_ros:/home/krawus/Studies/MAPR/lab3/ros2_ws/install/octomap_server2:/opt/ros/humble LD_LIBRARY_PATH=/home/krawus/Studies/MAPR/lab3/ros2_ws/install/pcl_msgs/lib:/home/krawus/Studies/MAPR/lab3/ros2_ws/install/octomap_msgs/lib:/home/krawus/Studies/MAPR/lab3/ros2_ws/install/pcl_ros/lib:/home/krawus/Studies/MAPR/lab3/ros2_ws/install/octomap_server2/lib:/usr/lib/x86_64-linux-gnu/gazebo-11/plugins:/opt/ros/humble/opt/rviz_ogre_vendor/lib:/opt/ros/humble/lib/x86_64-linux-gnu:/opt/ros/humble/lib /usr/bin/cmake --install /home/krawus/Studies/MAPR/lab3/ros2_ws/build/octomap_server2
